#
# A fatal error has been detected by the Java Runtime Environment:
#
#  EXCEPTION_ACCESS_VIOLATION (0xc0000005) at pc=0x00007fff2e0fa270, pid=3952, tid=12748
#
# JRE version: OpenJDK Runtime Environment Corretto-16.0.2.7.1 (16.0.2+7) (build 16.0.2+7)
# Java VM: OpenJDK 64-Bit Server VM Corretto-16.0.2.7.1 (16.0.2+7, mixed mode, sharing, tiered, compressed oops, compressed class ptrs, g1 gc, windows-amd64)
# Problematic frame:
# C  [ig9icd64.dll+0x9fa270]
#
# No core dump will be written. Minidumps are not enabled by default on client versions of Windows
#
# If you would like to submit a bug report, please visit:
#   https://github.com/corretto/corretto-jdk/issues/
# The crash happened outside the Java Virtual Machine in native code.
# See problematic frame for where to report the bug.
#

---------------  S U M M A R Y ------------

Command Line: -Dfile.encoding=windows-1252 -Duser.country=US -Duser.language=en -Duser.variant com.mygdx.game.DesktopLauncher

Host: Intel(R) Core(TM) i7-10750H CPU @ 2.60GHz, 12 cores, 15G,  Windows 10 , 64 bit Build 19041 (10.0.19041.2364)
Time: Mon Dec 19 20:47:30 2022 India Standard Time elapsed time: 13.999613 seconds (0d 0h 0m 13s)

---------------  T H R E A D  ---------------

Current thread (0x0000021cf0fa2520):  JavaThread "main" [_thread_in_native, id=12748, stack(0x000000b6dd600000,0x000000b6dd700000)]

Stack: [0x000000b6dd600000,0x000000b6dd700000],  sp=0x000000b6dd6fc678,  free space=1009k
Native frames: (J=compiled Java code, j=interpreted, Vv=VM code, C=native code)
C  [ig9icd64.dll+0x9fa270]

Java frames: (J=compiled Java code, j=interpreted, Vv=VM code)
J 1257  org.lwjgl.opengl.GL11C.nglDrawElements(IIIJ)V (0 bytes) @ 0x0000021c87b6d37e [0x0000021c87b6d320+0x000000000000005e]
J 1881 c2 com.badlogic.gdx.graphics.g2d.SpriteBatch.flush()V (193 bytes) @ 0x0000021c87bd5850 [0x0000021c87bd53a0+0x00000000000004b0]
J 1259 c1 com.badlogic.gdx.graphics.g2d.SpriteBatch.end()V (66 bytes) @ 0x0000021c807fa424 [0x0000021c807fa320+0x0000000000000104]
j  com.mygdx.game.Sprites.Tank.setImage(FF)V+89
j  com.mygdx.game.InGameScreen.render(F)V+791
J 1917 c1 com.mygdx.game.TankStar.render()V (5 bytes) @ 0x0000021c80963b34 [0x0000021c809638e0+0x0000000000000254]
J 1249 c1 com.badlogic.gdx.backends.lwjgl3.Lwjgl3Window.update()Z (217 bytes) @ 0x0000021c807f7864 [0x0000021c807f6c60+0x0000000000000c04]
j  com.badlogic.gdx.backends.lwjgl3.Lwjgl3Application.loop()V+111
j  com.badlogic.gdx.backends.lwjgl3.Lwjgl3Application.<init>(Lcom/badlogic/gdx/ApplicationListener;Lcom/badlogic/gdx/backends/lwjgl3/Lwjgl3ApplicationConfiguration;)V+269
j  com.mygdx.game.DesktopLauncher.main([Ljava/lang/String;)V+47
v  ~StubRoutines::call_stub

siginfo: EXCEPTION_ACCESS_VIOLATION (0xc0000005), reading address 0x0000021c96f47008


Register to memory mapping:

RIP=0x00007fff2e0fa270 ig9icd64.dll
RAX=0x000000000000021c is an unknown value
RBX=0x0000021c981f20a0 points into unknown readable memory: 0x0000021cc7820000 | 00 00 82 c7 1c 02 00 00
RCX=0x0000021cc784fa30 points into unknown readable memory: 0x3d0369d03cc00000 | 00 00 c0 3c d0 69 03 3d
RDX=0x0000021c96f47008 is an unknown value
RSP=0x000000b6dd6fc678 is pointing into the stack for thread: 0x0000021cf0fa2520
RBP=0x000000b6dd6fc780 is pointing into the stack for thread: 0x0000021cf0fa2520
RSI=0x0000021c98aee730 points into unknown readable memory: 0x0000021c97fdfda0 | a0 fd fd 97 1c 02 00 00
RDI=0x0000021c97ecb800 points into unknown readable memory: 0x0000021c97f09e80 | 80 9e f0 97 1c 02 00 00
R8 =0x0000000000000185 is an unknown value
R9 =0x0000000000000014 is an unknown value
R10=0x00007fff2d700000 ig9icd64.dll
R11=0x0000000000000246 is an unknown value
R12=0x000000b6dd6fcdd0 is pointing into the stack for thread: 0x0000021cf0fa2520
R13=0x0000021cc7820000 points into unknown readable memory: 0xfefffffffeffffff | ff ff ff fe ff ff ff fe
R14=0x0 is NULL
R15=0x0000000000030044 is an unknown value


Registers:
RAX=0x000000000000021c, RBX=0x0000021c981f20a0, RCX=0x0000021cc784fa30, RDX=0x0000021c96f47008
RSP=0x000000b6dd6fc678, RBP=0x000000b6dd6fc780, RSI=0x0000021c98aee730, RDI=0x0000021c97ecb800
R8 =0x0000000000000185, R9 =0x0000000000000014, R10=0x00007fff2d700000, R11=0x0000000000000246
R12=0x000000b6dd6fcdd0, R13=0x0000021cc7820000, R14=0x0000000000000000, R15=0x0000000000030044
RIP=0x00007fff2e0fa270, EFLAGS=0x0000000000010202

Top of Stack: (sp=0x000000b6dd6fc678)
0x000000b6dd6fc678:   00007fff2df848d6 0000021c981f20a0
0x000000b6dd6fc688:   000000000000000a 0000000000000006
0x000000b6dd6fc698:   0000021c97f03ee0 000000b6dd6ff190
0x000000b6dd6fc6a8:   0000021cf0fa2520 0000000000000003
0x000000b6dd6fc6b8:   0000021c967f28c0 0000000197ef0000
0x000000b6dd6fc6c8:   0000000000000000 0000021c00000000
0x000000b6dd6fc6d8:   0000021c9818c500 0000000300000000
0x000000b6dd6fc6e8:   0000010100000014 0000021c95ca3b70
0x000000b6dd6fc6f8:   00007ffe0000c011 0000021c97ef66f0
0x000000b6dd6fc708:   0000000000000001 00000000967f2800
0x000000b6dd6fc718:   0000021c97ef66be 0000000400000000
0x000000b6dd6fc728:   0000021c97f8b470 0000021c00000000
0x000000b6dd6fc738:   0000021c98a4c640 00000000000001f7
0x000000b6dd6fc748:   0000021c97ecb800 0000000000000000
0x000000b6dd6fc758:   0000021c9ad42238 0000000000000001
0x000000b6dd6fc768:   0000021c97f9d200 00002208dd6fef01 

Instructions: (pc=0x00007fff2e0fa270)
0x00007fff2e0fa170:   40 53 48 83 ec 20 48 8b 51 10 48 8b d9 48 85 d2
0x00007fff2e0fa180:   74 27 48 8b 0d c7 22 50 00 45 33 c0 48 8b 05 0d
0x00007fff2e0fa190:   23 50 00 ff 15 67 24 0d 00 33 c0 48 89 43 10 48
0x00007fff2e0fa1a0:   89 43 18 48 83 c4 20 5b c3 33 c0 48 89 41 10 48
0x00007fff2e0fa1b0:   89 41 18 48 83 c4 20 5b c3 cc cc cc cc cc cc cc
0x00007fff2e0fa1c0:   45 85 c0 74 1d 45 8b c9 45 8b c0 0f 1f 44 00 00
0x00007fff2e0fa1d0:   0f b6 02 49 03 d1 88 01 48 8d 49 01 49 83 e8 01
0x00007fff2e0fa1e0:   75 ee c3 cc cc cc cc cc cc cc cc cc cc cc cc cc
0x00007fff2e0fa1f0:   45 85 c0 74 1e 45 8b c9 45 8b c0 0f 1f 44 00 00
0x00007fff2e0fa200:   0f b7 02 49 03 d1 66 89 01 48 8d 49 02 49 83 e8
0x00007fff2e0fa210:   01 75 ed c3 cc cc cc cc cc cc cc cc cc cc cc cc
0x00007fff2e0fa220:   45 85 c0 74 29 45 8b c9 41 8b c0 0f 1f 44 00 00
0x00007fff2e0fa230:   44 0f b7 02 66 44 89 01 48 8d 49 03 44 0f b6 42
0x00007fff2e0fa240:   02 49 03 d1 44 88 41 ff 48 83 e8 01 75 e2 c3 cc
0x00007fff2e0fa250:   cc cc cc cc cc cc cc cc cc cc cc cc cc cc cc cc
0x00007fff2e0fa260:   45 85 c0 74 1c 45 8b c9 45 8b c0 0f 1f 44 00 00
0x00007fff2e0fa270:   8b 02 49 03 d1 89 01 48 8d 49 04 49 83 e8 01 75
0x00007fff2e0fa280:   ef c3 cc cc cc cc cc cc cc cc cc cc cc cc cc cc
0x00007fff2e0fa290:   45 85 c0 74 28 45 8b c9 41 8b c0 0f 1f 44 00 00
0x00007fff2e0fa2a0:   44 8b 02 44 89 01 48 8d 49 06 44 0f b7 42 04 49
0x00007fff2e0fa2b0:   03 d1 66 44 89 41 fe 48 83 e8 01 75 e3 c3 cc cc
0x00007fff2e0fa2c0:   cc cc cc cc cc cc cc cc cc cc cc cc cc cc cc cc
0x00007fff2e0fa2d0:   45 85 c0 74 1e 45 8b c9 45 8b c0 0f 1f 44 00 00
0x00007fff2e0fa2e0:   48 8b 02 49 03 d1 48 89 01 48 8d 49 08 49 83 e8
0x00007fff2e0fa2f0:   01 75 ed c3 cc cc cc cc cc cc cc cc cc cc cc cc
0x00007fff2e0fa300:   45 85 c0 74 26 45 8b c9 41 8b c0 0f 1f 44 00 00
0x00007fff2e0fa310:   4c 8b 02 4c 89 01 48 8d 49 0c 44 8b 42 08 49 03
0x00007fff2e0fa320:   d1 44 89 41 fc 48 83 e8 01 75 e5 c3 cc cc cc cc
0x00007fff2e0fa330:   cc cc cc cc cc cc cc cc cc cc cc cc cc cc cc cc
0x00007fff2e0fa340:   45 85 c0 74 26 45 8b c9 41 8b c0 0f 1f 44 00 00
0x00007fff2e0fa350:   4c 8b 02 4c 89 01 48 8d 49 10 4c 8b 42 08 49 03
0x00007fff2e0fa360:   d1 4c 89 41 f8 48 83 e8 01 75 e5 c3 cc cc cc cc 


Stack slot to memory mapping:
stack at sp + 0 slots: 0x00007fff2df848d6 ig9icd64.dll
stack at sp + 1 slots: 0x0000021c981f20a0 points into unknown readable memory: 0x0000021cc7820000 | 00 00 82 c7 1c 02 00 00
stack at sp + 2 slots: 0x000000000000000a is an unknown value
stack at sp + 3 slots: 0x0000000000000006 is an unknown value
stack at sp + 4 slots: 0x0000021c97f03ee0 points into unknown readable memory: 0x0000000000000001 | 01 00 00 00 00 00 00 00
stack at sp + 5 slots: 0x000000b6dd6ff190 is pointing into the stack for thread: 0x0000021cf0fa2520
stack at sp + 6 slots: 0x0000021cf0fa2520 is a thread
stack at sp + 7 slots: 0x0000000000000003 is an unknown value


---------------  P R O C E S S  ---------------

Threads class SMR info:
_java_thread_list=0x0000021c98450350, length=13, elements={
0x0000021cf0fa2520, 0x0000021c9523ade0, 0x0000021c9523bca0, 0x0000021c9524e0c0,
0x0000021c9524e9d0, 0x0000021c95c03580, 0x0000021c95c03f80, 0x0000021c95c09cd0,
0x0000021c95c0dcc0, 0x0000021c95c1a730, 0x0000021c95d48730, 0x0000021c95d506e0,
0x0000021c981b6760
}

Java Threads: ( => current thread )
=>0x0000021cf0fa2520 JavaThread "main" [_thread_in_native, id=12748, stack(0x000000b6dd600000,0x000000b6dd700000)]
  0x0000021c9523ade0 JavaThread "Reference Handler" daemon [_thread_blocked, id=24200, stack(0x000000b6ddd00000,0x000000b6dde00000)]
  0x0000021c9523bca0 JavaThread "Finalizer" daemon [_thread_blocked, id=16236, stack(0x000000b6dde00000,0x000000b6ddf00000)]
  0x0000021c9524e0c0 JavaThread "Signal Dispatcher" daemon [_thread_blocked, id=28828, stack(0x000000b6ddf00000,0x000000b6de000000)]
  0x0000021c9524e9d0 JavaThread "Attach Listener" daemon [_thread_blocked, id=28832, stack(0x000000b6de000000,0x000000b6de100000)]
  0x0000021c95c03580 JavaThread "Service Thread" daemon [_thread_blocked, id=22664, stack(0x000000b6de100000,0x000000b6de200000)]
  0x0000021c95c03f80 JavaThread "Monitor Deflation Thread" daemon [_thread_blocked, id=24016, stack(0x000000b6de200000,0x000000b6de300000)]
  0x0000021c95c09cd0 JavaThread "C2 CompilerThread0" daemon [_thread_blocked, id=25864, stack(0x000000b6de300000,0x000000b6de400000)]
  0x0000021c95c0dcc0 JavaThread "C1 CompilerThread0" daemon [_thread_blocked, id=23748, stack(0x000000b6de400000,0x000000b6de500000)]
  0x0000021c95c1a730 JavaThread "Sweeper thread" daemon [_thread_blocked, id=13524, stack(0x000000b6de500000,0x000000b6de600000)]
  0x0000021c95d48730 JavaThread "Notification Thread" daemon [_thread_blocked, id=25992, stack(0x000000b6de600000,0x000000b6de700000)]
  0x0000021c95d506e0 JavaThread "Common-Cleaner" daemon [_thread_blocked, id=28032, stack(0x000000b6de800000,0x000000b6de900000)]
  0x0000021c981b6760 JavaThread "LWJGL3 Timer" daemon [_thread_blocked, id=12856, stack(0x000000b6df900000,0x000000b6dfa00000)]

Other Threads:
  0x0000021c95231160 VMThread "VM Thread" [stack: 0x000000b6ddc00000,0x000000b6ddd00000] [id=856]
  0x0000021c95d48c50 WatcherThread [stack: 0x000000b6de700000,0x000000b6de800000] [id=19132]
  0x0000021cf0ff0e60 GCTaskThread "GC Thread#0" [stack: 0x000000b6dd700000,0x000000b6dd800000] [id=15076]
  0x0000021c9821c0f0 GCTaskThread "GC Thread#1" [stack: 0x000000b6de900000,0x000000b6dea00000] [id=15728]
  0x0000021c982ae180 GCTaskThread "GC Thread#2" [stack: 0x000000b6df300000,0x000000b6df400000] [id=27936]
  0x0000021c981c6740 GCTaskThread "GC Thread#3" [stack: 0x000000b6df400000,0x000000b6df500000] [id=29020]
  0x0000021c981c6a50 GCTaskThread "GC Thread#4" [stack: 0x000000b6df500000,0x000000b6df600000] [id=16988]
  0x0000021c98328730 GCTaskThread "GC Thread#5" [stack: 0x000000b6df600000,0x000000b6df700000] [id=29684]
  0x0000021c984d2810 GCTaskThread "GC Thread#6" [stack: 0x000000b6df700000,0x000000b6df800000] [id=1004]
  0x0000021c98bec8f0 GCTaskThread "GC Thread#7" [stack: 0x000000b6dfa00000,0x000000b6dfb00000] [id=22728]
  0x0000021cf1002d00 ConcurrentGCThread "G1 Main Marker" [stack: 0x000000b6dd800000,0x000000b6dd900000] [id=29532]
  0x0000021cf10042e0 ConcurrentGCThread "G1 Conc#0" [stack: 0x000000b6dd900000,0x000000b6dda00000] [id=8972]
  0x0000021c98beb9a0 ConcurrentGCThread "G1 Conc#1" [stack: 0x000000b6e0400000,0x000000b6e0500000] [id=29012]
  0x0000021c98beb690 ConcurrentGCThread "G1 Conc#2" [stack: 0x000000b6e0500000,0x000000b6e0600000] [id=11408]
  0x0000021cf104e930 ConcurrentGCThread "G1 Refine#0" [stack: 0x000000b6dda00000,0x000000b6ddb00000] [id=18484]
  0x0000021c98690a90 ConcurrentGCThread "G1 Refine#1" [stack: 0x000000b6dfb00000,0x000000b6dfc00000] [id=27380]
  0x0000021c9868f090 ConcurrentGCThread "G1 Refine#2" [stack: 0x000000b6dfc00000,0x000000b6dfd00000] [id=15108]
  0x0000021c9868f3d0 ConcurrentGCThread "G1 Refine#3" [stack: 0x000000b6dfd00000,0x000000b6dfe00000] [id=3456]
  0x0000021c986900d0 ConcurrentGCThread "G1 Refine#4" [stack: 0x000000b6dfe00000,0x000000b6dff00000] [id=14564]
  0x0000021c9868f710 ConcurrentGCThread "G1 Refine#5" [stack: 0x000000b6dff00000,0x000000b6e0000000] [id=14852]
  0x0000021c98690410 ConcurrentGCThread "G1 Refine#6" [stack: 0x000000b6e0000000,0x000000b6e0100000] [id=4264]
  0x0000021c9868fa50 ConcurrentGCThread "G1 Refine#7" [stack: 0x000000b6e0100000,0x000000b6e0200000] [id=2704]
  0x0000021c98690750 ConcurrentGCThread "G1 Refine#8" [stack: 0x000000b6e0200000,0x000000b6e0300000] [id=17176]
  0x0000021c9868fd90 ConcurrentGCThread "G1 Refine#9" [stack: 0x000000b6e0300000,0x000000b6e0400000] [id=13936]
  0x0000021c950e8500 ConcurrentGCThread "G1 Service" [stack: 0x000000b6ddb00000,0x000000b6ddc00000] [id=20048]

Threads with active compile tasks:

VM state: not at safepoint (normal execution)

VM Mutex/Monitor currently owned by a thread: None

Heap address: 0x0000000703000000, size: 4048 MB, Compressed Oops mode: Zero based, Oop shift amount: 3

CDS archive(s) mapped at: [0x0000000800000000-0x0000000800be0000-0x0000000800be0000), size 12451840, SharedBaseAddress: 0x0000000800000000, ArchiveRelocationMode: 0.
Compressed class space mapped at: 0x0000000800c00000-0x0000000840c00000, reserved size: 1073741824
Narrow klass base: 0x0000000800000000, Narrow klass shift: 3, Narrow klass range: 0x100000000

GC Precious Log:
 CPUs: 12 total, 12 available
 Memory: 16185M
 Large Page Support: Disabled
 NUMA Support: Disabled
 Compressed Oops: Enabled (Zero based)
 Heap Region Size: 2M
 Heap Min Capacity: 8M
 Heap Initial Capacity: 254M
 Heap Max Capacity: 4048M
 Pre-touch: Disabled
 Parallel Workers: 10
 Concurrent Workers: 3
 Concurrent Refinement Workers: 10
 Periodic GC: Disabled

Heap:
 garbage-first heap   total 327680K, used 181520K [0x0000000703000000, 0x0000000800000000)
  region size 2048K, 8 young (16384K), 2 survivors (4096K)
 Metaspace       used 8465K, committed 8640K, reserved 1064960K
  class space    used 611K, committed 704K, reserved 1048576K

Heap Regions: E=young(eden), S=young(survivor), O=old, HS=humongous(starts), HC=humongous(continues), CS=collection set, F=free, OA=open archive, CA=closed archive, TAMS=top-at-mark-start (previous, next)
|   0|0x0000000703000000, 0x0000000703200000, 0x0000000703200000|100%| O|  |TAMS 0x0000000703200000, 0x0000000703000000| Untracked 
|   1|0x0000000703200000, 0x0000000703400000, 0x0000000703400000|100%| O|  |TAMS 0x0000000703200000, 0x0000000703200000| Untracked 
|   2|0x0000000703400000, 0x0000000703400000, 0x0000000703600000|  0%| F|  |TAMS 0x0000000703400000, 0x0000000703400000| Untracked 
|   3|0x0000000703600000, 0x0000000703600000, 0x0000000703800000|  0%| F|  |TAMS 0x0000000703600000, 0x0000000703600000| Untracked 
|   4|0x0000000703800000, 0x0000000703800000, 0x0000000703a00000|  0%| F|  |TAMS 0x0000000703800000, 0x0000000703800000| Untracked 
|   5|0x0000000703a00000, 0x0000000703a00000, 0x0000000703c00000|  0%| F|  |TAMS 0x0000000703a00000, 0x0000000703a00000| Untracked 
|   6|0x0000000703c00000, 0x0000000703e00000, 0x0000000703e00000|100%|HS|  |TAMS 0x0000000703e00000, 0x0000000703c00000| Complete 
|   7|0x0000000703e00000, 0x0000000704000000, 0x0000000704000000|100%|HS|  |TAMS 0x0000000704000000, 0x0000000703e00000| Complete 
|   8|0x0000000704000000, 0x0000000704200000, 0x0000000704200000|100%|HC|  |TAMS 0x0000000704200000, 0x0000000704000000| Complete 
|   9|0x0000000704200000, 0x0000000704400000, 0x0000000704400000|100%|HC|  |TAMS 0x0000000704400000, 0x0000000704200000| Complete 
|  10|0x0000000704400000, 0x0000000704600000, 0x0000000704600000|100%|HS|  |TAMS 0x0000000704600000, 0x0000000704400000| Complete 
|  11|0x0000000704600000, 0x0000000704800000, 0x0000000704800000|100%|HC|  |TAMS 0x0000000704800000, 0x0000000704600000| Complete 
|  12|0x0000000704800000, 0x0000000704a00000, 0x0000000704a00000|100%|HC|  |TAMS 0x0000000704a00000, 0x0000000704800000| Complete 
|  13|0x0000000704a00000, 0x0000000704c00000, 0x0000000704c00000|100%|HS|  |TAMS 0x0000000704c00000, 0x0000000704a00000| Complete 
|  14|0x0000000704c00000, 0x0000000704e00000, 0x0000000704e00000|100%|HC|  |TAMS 0x0000000704e00000, 0x0000000704c00000| Complete 
|  15|0x0000000704e00000, 0x0000000705000000, 0x0000000705000000|100%|HC|  |TAMS 0x0000000705000000, 0x0000000704e00000| Complete 
|  16|0x0000000705000000, 0x0000000705200000, 0x0000000705200000|100%|HS|  |TAMS 0x0000000705200000, 0x0000000705000000| Complete 
|  17|0x0000000705200000, 0x0000000705400000, 0x0000000705400000|100%|HC|  |TAMS 0x0000000705400000, 0x0000000705200000| Complete 
|  18|0x0000000705400000, 0x0000000705600000, 0x0000000705600000|100%|HC|  |TAMS 0x0000000705600000, 0x0000000705400000| Complete 
|  19|0x0000000705600000, 0x0000000705800000, 0x0000000705800000|100%|HS|  |TAMS 0x0000000705800000, 0x0000000705600000| Complete 
|  20|0x0000000705800000, 0x0000000705a00000, 0x0000000705a00000|100%| O|  |TAMS 0x0000000705a00000, 0x0000000705800000| Untracked 
|  21|0x0000000705a00000, 0x0000000705a00000, 0x0000000705c00000|  0%| F|  |TAMS 0x0000000705a00000, 0x0000000705a00000| Untracked 
|  22|0x0000000705c00000, 0x0000000705e00000, 0x0000000705e00000|100%|HS|  |TAMS 0x0000000705e00000, 0x0000000705c00000| Complete 
|  23|0x0000000705e00000, 0x0000000706000000, 0x0000000706000000|100%| O|  |TAMS 0x0000000706000000, 0x0000000705e00000| Complete 
|  24|0x0000000706000000, 0x0000000706200000, 0x0000000706200000|100%| O|  |TAMS 0x0000000706200000, 0x0000000706000000| Untracked 
|  25|0x0000000706200000, 0x0000000706200000, 0x0000000706400000|  0%| F|  |TAMS 0x0000000706200000, 0x0000000706200000| Untracked 
|  26|0x0000000706400000, 0x0000000706600000, 0x0000000706600000|100%| O|  |TAMS 0x0000000706600000, 0x0000000706400000| Complete 
|  27|0x0000000706600000, 0x0000000706800000, 0x0000000706800000|100%| O|  |TAMS 0x0000000706800000, 0x0000000706600000| Complete 
|  28|0x0000000706800000, 0x0000000706800000, 0x0000000706a00000|  0%| F|  |TAMS 0x0000000706800000, 0x0000000706800000| Untracked 
|  29|0x0000000706a00000, 0x0000000706c00000, 0x0000000706c00000|100%| O|  |TAMS 0x0000000706c00000, 0x0000000706a00000| Complete 
|  30|0x0000000706c00000, 0x0000000706c00000, 0x0000000706e00000|  0%| F|  |TAMS 0x0000000706c00000, 0x0000000706c00000| Untracked 
|  31|0x0000000706e00000, 0x0000000707000000, 0x0000000707000000|100%| O|  |TAMS 0x0000000707000000, 0x0000000706e00000| Complete 
|  32|0x0000000707000000, 0x0000000707200000, 0x0000000707200000|100%| O|  |TAMS 0x0000000707200000, 0x0000000707000000| Complete 
|  33|0x0000000707200000, 0x0000000707400000, 0x0000000707400000|100%| O|  |TAMS 0x0000000707400000, 0x0000000707200000| Complete 
|  34|0x0000000707400000, 0x0000000707600000, 0x0000000707600000|100%| O|  |TAMS 0x0000000707600000, 0x0000000707400000| Untracked 
|  35|0x0000000707600000, 0x0000000707800000, 0x0000000707800000|100%| O|  |TAMS 0x0000000707800000, 0x0000000707600000| Complete 
|  36|0x0000000707800000, 0x0000000707a00000, 0x0000000707a00000|100%| O|  |TAMS 0x0000000707a00000, 0x0000000707800000| Complete 
|  37|0x0000000707a00000, 0x0000000707c00000, 0x0000000707c00000|100%| O|  |TAMS 0x0000000707c00000, 0x0000000707a00000| Untracked 
|  38|0x0000000707c00000, 0x0000000707e00000, 0x0000000707e00000|100%| O|  |TAMS 0x0000000707e00000, 0x0000000707c00000| Untracked 
|  39|0x0000000707e00000, 0x0000000708000000, 0x0000000708000000|100%| O|  |TAMS 0x0000000708000000, 0x0000000707e00000| Untracked 
|  40|0x0000000708000000, 0x0000000708200000, 0x0000000708200000|100%| O|  |TAMS 0x0000000708200000, 0x0000000708000000| Untracked 
|  41|0x0000000708200000, 0x0000000708400000, 0x0000000708400000|100%| O|  |TAMS 0x0000000708400000, 0x0000000708200000| Untracked 
|  42|0x0000000708400000, 0x0000000708600000, 0x0000000708600000|100%| O|  |TAMS 0x0000000708600000, 0x0000000708400000| Untracked 
|  43|0x0000000708600000, 0x0000000708800000, 0x0000000708800000|100%| O|  |TAMS 0x0000000708800000, 0x0000000708600000| Untracked 
|  44|0x0000000708800000, 0x0000000708a00000, 0x0000000708a00000|100%| O|  |TAMS 0x0000000708a00000, 0x0000000708800000| Untracked 
|  45|0x0000000708a00000, 0x0000000708c00000, 0x0000000708c00000|100%| O|  |TAMS 0x0000000708c00000, 0x0000000708a00000| Untracked 
|  46|0x0000000708c00000, 0x0000000708e00000, 0x0000000708e00000|100%| O|  |TAMS 0x0000000708e00000, 0x0000000708c00000| Untracked 
|  47|0x0000000708e00000, 0x0000000709000000, 0x0000000709000000|100%| O|  |TAMS 0x0000000709000000, 0x0000000708e00000| Untracked 
|  48|0x0000000709000000, 0x0000000709200000, 0x0000000709200000|100%| O|  |TAMS 0x0000000709200000, 0x0000000709000000| Untracked 
|  49|0x0000000709200000, 0x0000000709400000, 0x0000000709400000|100%| O|  |TAMS 0x0000000709400000, 0x0000000709200000| Untracked 
|  50|0x0000000709400000, 0x0000000709600000, 0x0000000709600000|100%| O|  |TAMS 0x0000000709600000, 0x0000000709400000| Untracked 
|  51|0x0000000709600000, 0x0000000709800000, 0x0000000709800000|100%| O|  |TAMS 0x0000000709800000, 0x0000000709600000| Untracked 
|  52|0x0000000709800000, 0x0000000709800000, 0x0000000709a00000|  0%| F|  |TAMS 0x0000000709800000, 0x0000000709800000| Untracked 
|  53|0x0000000709a00000, 0x0000000709a00000, 0x0000000709c00000|  0%| F|  |TAMS 0x0000000709a00000, 0x0000000709a00000| Untracked 
|  54|0x0000000709c00000, 0x0000000709e00000, 0x0000000709e00000|100%| O|  |TAMS 0x0000000709e00000, 0x0000000709c00000| Untracked 
|  55|0x0000000709e00000, 0x000000070a000000, 0x000000070a000000|100%| O|  |TAMS 0x000000070a000000, 0x0000000709e00000| Untracked 
|  56|0x000000070a000000, 0x000000070a200000, 0x000000070a200000|100%| O|  |TAMS 0x000000070a200000, 0x000000070a000000| Untracked 
|  57|0x000000070a200000, 0x000000070a400000, 0x000000070a400000|100%| O|  |TAMS 0x000000070a400000, 0x000000070a200000| Untracked 
|  58|0x000000070a400000, 0x000000070a600000, 0x000000070a600000|100%| O|  |TAMS 0x000000070a600000, 0x000000070a400000| Untracked 
|  59|0x000000070a600000, 0x000000070a800000, 0x000000070a800000|100%| O|  |TAMS 0x000000070a800000, 0x000000070a600000| Untracked 
|  60|0x000000070a800000, 0x000000070aa00000, 0x000000070aa00000|100%| O|  |TAMS 0x000000070aa00000, 0x000000070a800000| Untracked 
|  61|0x000000070aa00000, 0x000000070ac00000, 0x000000070ac00000|100%| O|  |TAMS 0x000000070ac00000, 0x000000070aa00000| Complete 
|  62|0x000000070ac00000, 0x000000070ad8e000, 0x000000070ae00000| 77%| O|  |TAMS 0x000000070ad8e000, 0x000000070ac00000| Complete 
|  63|0x000000070ae00000, 0x000000070b000000, 0x000000070b000000|100%| O|  |TAMS 0x000000070b000000, 0x000000070ae00000| Untracked 
|  64|0x000000070b000000, 0x000000070b200000, 0x000000070b200000|100%| O|  |TAMS 0x000000070b200000, 0x000000070b000000| Untracked 
|  65|0x000000070b200000, 0x000000070b400000, 0x000000070b400000|100%| O|  |TAMS 0x000000070b400000, 0x000000070b200000| Untracked 
|  66|0x000000070b400000, 0x000000070b600000, 0x000000070b600000|100%| O|  |TAMS 0x000000070b600000, 0x000000070b400000| Untracked 
|  67|0x000000070b600000, 0x000000070b800000, 0x000000070b800000|100%| O|  |TAMS 0x000000070b800000, 0x000000070b600000| Untracked 
|  68|0x000000070b800000, 0x000000070ba00000, 0x000000070ba00000|100%| O|  |TAMS 0x000000070ba00000, 0x000000070b800000| Untracked 
|  69|0x000000070ba00000, 0x000000070bc00000, 0x000000070bc00000|100%| O|  |TAMS 0x000000070bc00000, 0x000000070ba00000| Untracked 
|  70|0x000000070bc00000, 0x000000070be00000, 0x000000070be00000|100%| O|  |TAMS 0x000000070be00000, 0x000000070bc00000| Untracked 
|  71|0x000000070be00000, 0x000000070c000000, 0x000000070c000000|100%| O|  |TAMS 0x000000070c000000, 0x000000070be00000| Complete 
|  72|0x000000070c000000, 0x000000070c200000, 0x000000070c200000|100%| O|  |TAMS 0x000000070c200000, 0x000000070c000000| Untracked 
|  73|0x000000070c200000, 0x000000070c400000, 0x000000070c400000|100%| O|  |TAMS 0x000000070c400000, 0x000000070c200000| Untracked 
|  74|0x000000070c400000, 0x000000070c600000, 0x000000070c600000|100%| O|  |TAMS 0x000000070c600000, 0x000000070c400000| Untracked 
|  75|0x000000070c600000, 0x000000070c800000, 0x000000070c800000|100%| O|  |TAMS 0x000000070c800000, 0x000000070c600000| Untracked 
|  76|0x000000070c800000, 0x000000070ca00000, 0x000000070ca00000|100%| O|  |TAMS 0x000000070ca00000, 0x000000070c800000| Untracked 
|  77|0x000000070ca00000, 0x000000070cc00000, 0x000000070cc00000|100%| O|  |TAMS 0x000000070cc00000, 0x000000070ca00000| Untracked 
|  78|0x000000070cc00000, 0x000000070ce00000, 0x000000070ce00000|100%| O|  |TAMS 0x000000070ce00000, 0x000000070cc00000| Untracked 
|  79|0x000000070ce00000, 0x000000070d000000, 0x000000070d000000|100%| O|  |TAMS 0x000000070d000000, 0x000000070ce00000| Untracked 
|  80|0x000000070d000000, 0x000000070d200000, 0x000000070d200000|100%| O|  |TAMS 0x000000070d200000, 0x000000070d000000| Untracked 
|  81|0x000000070d200000, 0x000000070d400000, 0x000000070d400000|100%| O|  |TAMS 0x000000070d400000, 0x000000070d200000| Complete 
|  82|0x000000070d400000, 0x000000070d600000, 0x000000070d600000|100%| O|  |TAMS 0x000000070d600000, 0x000000070d400000| Complete 
|  83|0x000000070d600000, 0x000000070d800000, 0x000000070d800000|100%| O|  |TAMS 0x000000070d800000, 0x000000070d600000| Complete 
|  84|0x000000070d800000, 0x000000070da00000, 0x000000070da00000|100%| O|  |TAMS 0x000000070d9d4e00, 0x000000070d800000| Complete 
|  85|0x000000070da00000, 0x000000070dc00000, 0x000000070dc00000|100%| O|  |TAMS 0x000000070da00000, 0x000000070da00000| Untracked 
|  86|0x000000070dc00000, 0x000000070de00000, 0x000000070de00000|100%| O|  |TAMS 0x000000070dc00000, 0x000000070dc00000| Untracked 
|  87|0x000000070de00000, 0x000000070e000000, 0x000000070e000000|100%| O|  |TAMS 0x000000070de00000, 0x000000070de00000| Untracked 
|  88|0x000000070e000000, 0x000000070e0ad200, 0x000000070e200000| 33%| O|  |TAMS 0x000000070e000000, 0x000000070e000000| Untracked 
|  89|0x000000070e200000, 0x000000070e400000, 0x000000070e400000|100%|HS|  |TAMS 0x000000070e200000, 0x000000070e200000| Complete 
|  90|0x000000070e400000, 0x000000070e600000, 0x000000070e600000|100%|HS|  |TAMS 0x000000070e400000, 0x000000070e400000| Complete 
|  91|0x000000070e600000, 0x000000070e800000, 0x000000070e800000|100%|HC|  |TAMS 0x000000070e600000, 0x000000070e600000| Complete 
|  92|0x000000070e800000, 0x000000070ea00000, 0x000000070ea00000|100%|HS|  |TAMS 0x000000070e800000, 0x000000070e800000| Complete 
|  93|0x000000070ea00000, 0x000000070ea00000, 0x000000070ec00000|  0%| F|  |TAMS 0x000000070ea00000, 0x000000070ea00000| Untracked 
|  94|0x000000070ec00000, 0x000000070ec00000, 0x000000070ee00000|  0%| F|  |TAMS 0x000000070ec00000, 0x000000070ec00000| Untracked 
|  95|0x000000070ee00000, 0x000000070ee00000, 0x000000070f000000|  0%| F|  |TAMS 0x000000070ee00000, 0x000000070ee00000| Untracked 
|  96|0x000000070f000000, 0x000000070f000000, 0x000000070f200000|  0%| F|  |TAMS 0x000000070f000000, 0x000000070f000000| Untracked 
|  97|0x000000070f200000, 0x000000070f200000, 0x000000070f400000|  0%| F|  |TAMS 0x000000070f200000, 0x000000070f200000| Untracked 
|  98|0x000000070f400000, 0x000000070f400000, 0x000000070f600000|  0%| F|  |TAMS 0x000000070f400000, 0x000000070f400000| Untracked 
|  99|0x000000070f600000, 0x000000070f600000, 0x000000070f800000|  0%| F|  |TAMS 0x000000070f600000, 0x000000070f600000| Untracked 
| 100|0x000000070f800000, 0x000000070f800000, 0x000000070fa00000|  0%| F|  |TAMS 0x000000070f800000, 0x000000070f800000| Untracked 
| 101|0x000000070fa00000, 0x000000070fa00000, 0x000000070fc00000|  0%| F|  |TAMS 0x000000070fa00000, 0x000000070fa00000| Untracked 
| 102|0x000000070fc00000, 0x000000070fc00000, 0x000000070fe00000|  0%| F|  |TAMS 0x000000070fc00000, 0x000000070fc00000| Untracked 
| 103|0x000000070fe00000, 0x000000070fe00000, 0x0000000710000000|  0%| F|  |TAMS 0x000000070fe00000, 0x000000070fe00000| Untracked 
| 104|0x0000000710000000, 0x0000000710000000, 0x0000000710200000|  0%| F|  |TAMS 0x0000000710000000, 0x0000000710000000| Untracked 
| 105|0x0000000710200000, 0x0000000710200000, 0x0000000710400000|  0%| F|  |TAMS 0x0000000710200000, 0x0000000710200000| Untracked 
| 106|0x0000000710400000, 0x0000000710400000, 0x0000000710600000|  0%| F|  |TAMS 0x0000000710400000, 0x0000000710400000| Untracked 
| 107|0x0000000710600000, 0x0000000710600000, 0x0000000710800000|  0%| F|  |TAMS 0x0000000710600000, 0x0000000710600000| Untracked 
| 108|0x0000000710800000, 0x0000000710800000, 0x0000000710a00000|  0%| F|  |TAMS 0x0000000710800000, 0x0000000710800000| Untracked 
| 109|0x0000000710a00000, 0x0000000710a00000, 0x0000000710c00000|  0%| F|  |TAMS 0x0000000710a00000, 0x0000000710a00000| Untracked 
| 110|0x0000000710c00000, 0x0000000710c00000, 0x0000000710e00000|  0%| F|  |TAMS 0x0000000710c00000, 0x0000000710c00000| Untracked 
| 111|0x0000000710e00000, 0x0000000710e00000, 0x0000000711000000|  0%| F|  |TAMS 0x0000000710e00000, 0x0000000710e00000| Untracked 
| 112|0x0000000711000000, 0x0000000711000000, 0x0000000711200000|  0%| F|  |TAMS 0x0000000711000000, 0x0000000711000000| Untracked 
| 113|0x0000000711200000, 0x0000000711200000, 0x0000000711400000|  0%| F|  |TAMS 0x0000000711200000, 0x0000000711200000| Untracked 
| 114|0x0000000711400000, 0x0000000711400000, 0x0000000711600000|  0%| F|  |TAMS 0x0000000711400000, 0x0000000711400000| Untracked 
| 115|0x0000000711600000, 0x0000000711600000, 0x0000000711800000|  0%| F|  |TAMS 0x0000000711600000, 0x0000000711600000| Untracked 
| 116|0x0000000711800000, 0x0000000711800000, 0x0000000711a00000|  0%| F|  |TAMS 0x0000000711800000, 0x0000000711800000| Untracked 
| 117|0x0000000711a00000, 0x0000000711a00000, 0x0000000711c00000|  0%| F|  |TAMS 0x0000000711a00000, 0x0000000711a00000| Untracked 
| 118|0x0000000711c00000, 0x0000000711c00000, 0x0000000711e00000|  0%| F|  |TAMS 0x0000000711c00000, 0x0000000711c00000| Untracked 
| 119|0x0000000711e00000, 0x0000000711e00000, 0x0000000712000000|  0%| F|  |TAMS 0x0000000711e00000, 0x0000000711e00000| Untracked 
| 120|0x0000000712000000, 0x0000000712000000, 0x0000000712200000|  0%| F|  |TAMS 0x0000000712000000, 0x0000000712000000| Untracked 
| 121|0x0000000712200000, 0x0000000712200000, 0x0000000712400000|  0%| F|  |TAMS 0x0000000712200000, 0x0000000712200000| Untracked 
| 122|0x0000000712400000, 0x0000000712400000, 0x0000000712600000|  0%| F|  |TAMS 0x0000000712400000, 0x0000000712400000| Untracked 
| 123|0x0000000712600000, 0x0000000712600000, 0x0000000712800000|  0%| F|  |TAMS 0x0000000712600000, 0x0000000712600000| Untracked 
| 124|0x0000000712800000, 0x0000000712800000, 0x0000000712a00000|  0%| F|  |TAMS 0x0000000712800000, 0x0000000712800000| Untracked 
| 125|0x0000000712a00000, 0x0000000712a00000, 0x0000000712c00000|  0%| F|  |TAMS 0x0000000712a00000, 0x0000000712a00000| Untracked 
| 126|0x0000000712c00000, 0x0000000712c00000, 0x0000000712e00000|  0%| F|  |TAMS 0x0000000712c00000, 0x0000000712c00000| Untracked 
| 127|0x0000000712e00000, 0x0000000712e00000, 0x0000000713000000|  0%| F|  |TAMS 0x0000000712e00000, 0x0000000712e00000| Untracked 
| 128|0x0000000713000000, 0x0000000713000000, 0x0000000713200000|  0%| F|  |TAMS 0x0000000713000000, 0x0000000713000000| Untracked 
| 129|0x0000000713200000, 0x0000000713200000, 0x0000000713400000|  0%| F|  |TAMS 0x0000000713200000, 0x0000000713200000| Untracked 
| 130|0x0000000713400000, 0x0000000713400000, 0x0000000713600000|  0%| F|  |TAMS 0x0000000713400000, 0x0000000713400000| Untracked 
| 131|0x0000000713600000, 0x0000000713600000, 0x0000000713800000|  0%| F|  |TAMS 0x0000000713600000, 0x0000000713600000| Untracked 
| 132|0x0000000713800000, 0x0000000713800000, 0x0000000713a00000|  0%| F|  |TAMS 0x0000000713800000, 0x0000000713800000| Untracked 
| 133|0x0000000713a00000, 0x0000000713a00000, 0x0000000713c00000|  0%| F|  |TAMS 0x0000000713a00000, 0x0000000713a00000| Untracked 
| 134|0x0000000713c00000, 0x0000000713c00000, 0x0000000713e00000|  0%| F|  |TAMS 0x0000000713c00000, 0x0000000713c00000| Untracked 
| 135|0x0000000713e00000, 0x0000000713e00000, 0x0000000714000000|  0%| F|  |TAMS 0x0000000713e00000, 0x0000000713e00000| Untracked 
| 136|0x0000000714000000, 0x0000000714000000, 0x0000000714200000|  0%| F|  |TAMS 0x0000000714000000, 0x0000000714000000| Untracked 
| 137|0x0000000714200000, 0x0000000714200000, 0x0000000714400000|  0%| F|  |TAMS 0x0000000714200000, 0x0000000714200000| Untracked 
| 138|0x0000000714400000, 0x0000000714400000, 0x0000000714600000|  0%| F|  |TAMS 0x0000000714400000, 0x0000000714400000| Untracked 
| 139|0x0000000714600000, 0x0000000714600000, 0x0000000714800000|  0%| F|  |TAMS 0x0000000714600000, 0x0000000714600000| Untracked 
| 140|0x0000000714800000, 0x0000000714800000, 0x0000000714a00000|  0%| F|  |TAMS 0x0000000714800000, 0x0000000714800000| Untracked 
| 141|0x0000000714a00000, 0x0000000714a00000, 0x0000000714c00000|  0%| F|  |TAMS 0x0000000714a00000, 0x0000000714a00000| Untracked 
| 142|0x0000000714c00000, 0x0000000714c00000, 0x0000000714e00000|  0%| F|  |TAMS 0x0000000714c00000, 0x0000000714c00000| Untracked 
| 143|0x0000000714e00000, 0x0000000714e00000, 0x0000000715000000|  0%| F|  |TAMS 0x0000000714e00000, 0x0000000714e00000| Untracked 
| 144|0x0000000715000000, 0x0000000715000000, 0x0000000715200000|  0%| F|  |TAMS 0x0000000715000000, 0x0000000715000000| Untracked 
| 145|0x0000000715200000, 0x0000000715200000, 0x0000000715400000|  0%| F|  |TAMS 0x0000000715200000, 0x0000000715200000| Untracked 
| 146|0x0000000715400000, 0x0000000715400000, 0x0000000715600000|  0%| F|  |TAMS 0x0000000715400000, 0x0000000715400000| Untracked 
| 147|0x0000000715600000, 0x0000000715600000, 0x0000000715800000|  0%| F|  |TAMS 0x0000000715600000, 0x0000000715600000| Untracked 
| 148|0x0000000715800000, 0x0000000715800000, 0x0000000715a00000|  0%| F|  |TAMS 0x0000000715800000, 0x0000000715800000| Untracked 
| 149|0x0000000715a00000, 0x0000000715a00000, 0x0000000715c00000|  0%| F|  |TAMS 0x0000000715a00000, 0x0000000715a00000| Untracked 
| 150|0x0000000715c00000, 0x0000000715c00000, 0x0000000715e00000|  0%| F|  |TAMS 0x0000000715c00000, 0x0000000715c00000| Untracked 
| 151|0x0000000715e00000, 0x0000000715e00000, 0x0000000716000000|  0%| F|  |TAMS 0x0000000715e00000, 0x0000000715e00000| Untracked 
| 152|0x0000000716000000, 0x00000007160a3d28, 0x0000000716200000| 31%| E|  |TAMS 0x0000000716000000, 0x0000000716000000| Complete 
| 153|0x0000000716200000, 0x0000000716400000, 0x0000000716400000|100%| E|CS|TAMS 0x0000000716200000, 0x0000000716200000| Complete 
| 154|0x0000000716400000, 0x0000000716600000, 0x0000000716600000|100%| E|CS|TAMS 0x0000000716400000, 0x0000000716400000| Complete 
| 155|0x0000000716600000, 0x0000000716800000, 0x0000000716800000|100%| E|CS|TAMS 0x0000000716600000, 0x0000000716600000| Complete 
| 156|0x0000000716800000, 0x0000000716909158, 0x0000000716a00000| 51%| S|CS|TAMS 0x0000000716800000, 0x0000000716800000| Complete 
| 157|0x0000000716a00000, 0x0000000716c00000, 0x0000000716c00000|100%| S|CS|TAMS 0x0000000716a00000, 0x0000000716a00000| Complete 
| 158|0x0000000716c00000, 0x0000000716e00000, 0x0000000716e00000|100%| E|CS|TAMS 0x0000000716c00000, 0x0000000716c00000| Complete 
| 380|0x0000000732800000, 0x0000000732a00000, 0x0000000732a00000|100%| E|CS|TAMS 0x0000000732800000, 0x0000000732800000| Complete 

Card table byte_map: [0x0000021cfa690000,0x0000021cfae80000] _byte_map_base: 0x0000021cf6e78000

Marking Bits (Prev, Next): (CMBitMap*) 0x0000021cf0ff14d0, (CMBitMap*) 0x0000021cf0ff1510
 Prev Bits: [0x0000021cfb670000, 0x0000021cff5b0000)
 Next Bits: [0x0000021c8f000000, 0x0000021c92f40000)

Polling page: 0x0000021cf0750000

Metaspace:

Usage:
  Non-class:      7.67 MB used.
      Class:    611.23 KB used.
       Both:      8.27 MB used.

Virtual space:
  Non-class space:       16.00 MB reserved,       7.75 MB ( 48%) committed,  2 nodes.
      Class space:        1.00 GB reserved,     704.00 KB ( <1%) committed,  1 nodes.
              Both:        1.02 GB reserved,       8.44 MB ( <1%) committed. 

Chunk freelists:
   Non-Class:  2.39 MB
       Class:  3.26 MB
        Both:  5.66 MB

MaxMetaspaceSize: 17179869184.00 GB
CompressedClassSpaceSize: 1.00 GB
 - commit_granule_bytes: 65536.
 - commit_granule_words: 8192.
 - virtual_space_node_default_size: 1048576.
 - enlarge_chunks_in_place: 1.
 - new_chunks_are_fully_committed: 0.
 - uncommit_free_chunks: 1.
 - use_allocation_guard: 0.
 - handle_deallocations: 1.


Internal statistics:

num_allocs_failed_limit: 0.
num_arena_births: 64.
num_arena_deaths: 0.
num_vsnodes_births: 3.
num_vsnodes_deaths: 0.
num_space_committed: 133.
num_space_uncommitted: 0.
num_chunks_returned_to_freelist: 0.
num_chunks_taken_from_freelist: 301.
num_chunk_merges: 0.
num_chunk_splits: 224.
num_chunks_enlarged: 191.
num_purges: 0.

CodeHeap 'non-profiled nmethods': size=120000Kb used=1215Kb max_used=1215Kb free=118784Kb
 bounds [0x0000021c87ad0000, 0x0000021c87d40000, 0x0000021c8f000000]
CodeHeap 'profiled nmethods': size=120000Kb used=4125Kb max_used=4125Kb free=115874Kb
 bounds [0x0000021c805a0000, 0x0000021c809b0000, 0x0000021c87ad0000]
CodeHeap 'non-nmethods': size=5760Kb used=1646Kb max_used=1678Kb free=4114Kb
 bounds [0x0000021c80000000, 0x0000021c80270000, 0x0000021c805a0000]
 total_blobs=3100 nmethods=2020 adapters=993
 compilation: enabled
              stopped_count=0, restarted_count=0
 full_count=0

Compilation events (20 events):
Event: 13.958 Thread 0x0000021c95c0dcc0 2008       3       com.badlogic.gdx.physics.box2d.Filter::<init> (20 bytes)
Event: 13.958 Thread 0x0000021c95c0dcc0 nmethod 2008 0x0000021c8099f610 code [0x0000021c8099f7c0, 0x0000021c8099f938]
Event: 13.958 Thread 0x0000021c95c0dcc0 2010       3       com.badlogic.gdx.physics.box2d.World::createBody (120 bytes)
Event: 13.958 Thread 0x0000021c95c0dcc0 nmethod 2010 0x0000021c8099fa10 code [0x0000021c8099fc20, 0x0000021c809a02e8]
Event: 13.958 Thread 0x0000021c95c0dcc0 2013       3       com.badlogic.gdx.physics.box2d.World$1::newObject (5 bytes)
Event: 13.958 Thread 0x0000021c95c0dcc0 nmethod 2013 0x0000021c809a0590 code [0x0000021c809a0740, 0x0000021c809a0888]
Event: 13.958 Thread 0x0000021c95c0dcc0 2014       3       com.badlogic.gdx.physics.box2d.World$1::newObject (13 bytes)
Event: 13.958 Thread 0x0000021c95c0dcc0 nmethod 2014 0x0000021c809a0910 code [0x0000021c809a0ac0, 0x0000021c809a0c88]
Event: 13.958 Thread 0x0000021c95c0dcc0 2015       3       com.badlogic.gdx.physics.box2d.Body::<init> (178 bytes)
Event: 13.959 Thread 0x0000021c95c0dcc0 nmethod 2015 0x0000021c809a0d90 code [0x0000021c809a1100, 0x0000021c809a3178]
Event: 13.959 Thread 0x0000021c95c0dcc0 2016       3       com.badlogic.gdx.physics.box2d.Transform::<init> (34 bytes)
Event: 13.959 Thread 0x0000021c95c0dcc0 nmethod 2016 0x0000021c809a3910 code [0x0000021c809a3ae0, 0x0000021c809a4058]
Event: 13.959 Thread 0x0000021c95c0dcc0 2017       3       com.badlogic.gdx.physics.box2d.MassData::<init> (16 bytes)
Event: 13.960 Thread 0x0000021c95c0dcc0 nmethod 2017 0x0000021c809a4210 code [0x0000021c809a43c0, 0x0000021c809a46b8]
Event: 13.960 Thread 0x0000021c95c0dcc0 2018       3       com.badlogic.gdx.physics.box2d.PolygonShape::setAsBox (11 bytes)
Event: 13.960 Thread 0x0000021c95c0dcc0 nmethod 2018 0x0000021c809a4810 code [0x0000021c809a49c0, 0x0000021c809a4b08]
Event: 13.960 Thread 0x0000021c95c0dcc0 2019       3       com.badlogic.gdx.physics.box2d.Body::reset (62 bytes)
Event: 13.960 Thread 0x0000021c95c0dcc0 nmethod 2019 0x0000021c809a4c10 code [0x0000021c809a4e00, 0x0000021c809a5358]
Event: 13.982 Thread 0x0000021c95c0dcc0 2022       3       com.badlogic.gdx.physics.box2d.Box2DDebugRenderer::drawShape (297 bytes)
Event: 13.983 Thread 0x0000021c95c0dcc0 nmethod 2022 0x0000021c809a5510 code [0x0000021c809a58e0, 0x0000021c809a6e28]

GC Heap History (20 events):
Event: 8.337 GC heap before
{Heap before GC invocations=1 (full 0):
 garbage-first heap   total 260096K, used 33481K [0x0000000703000000, 0x0000000800000000)
  region size 2048K, 18 young (36864K), 2 survivors (4096K)
 Metaspace       used 7595K, committed 7808K, reserved 1064960K
  class space    used 538K, committed 640K, reserved 1048576K
}
Event: 8.340 GC heap after
{Heap after GC invocations=2 (full 0):
 garbage-first heap   total 260096K, used 3713K [0x0000000703000000, 0x0000000800000000)
  region size 2048K, 2 young (4096K), 2 survivors (4096K)
 Metaspace       used 7595K, committed 7808K, reserved 1064960K
  class space    used 538K, committed 640K, reserved 1048576K
}
Event: 10.144 GC heap before
{Heap before GC invocations=2 (full 0):
 garbage-first heap   total 260096K, used 124545K [0x0000000703000000, 0x0000000800000000)
  region size 2048K, 37 young (75776K), 2 survivors (4096K)
 Metaspace       used 7906K, committed 8064K, reserved 1064960K
  class space    used 567K, committed 640K, reserved 1048576K
}
Event: 10.217 GC heap after
{Heap after GC invocations=3 (full 0):
 garbage-first heap   total 260096K, used 94552K [0x0000000703000000, 0x0000000800000000)
  region size 2048K, 5 young (10240K), 5 survivors (10240K)
 Metaspace       used 7906K, committed 8064K, reserved 1064960K
  class space    used 567K, committed 640K, reserved 1048576K
}
Event: 10.227 GC heap before
{Heap before GC invocations=3 (full 0):
 garbage-first heap   total 260096K, used 96600K [0x0000000703000000, 0x0000000800000000)
  region size 2048K, 6 young (12288K), 5 survivors (10240K)
 Metaspace       used 7906K, committed 8064K, reserved 1064960K
  class space    used 567K, committed 640K, reserved 1048576K
}
Event: 10.247 GC heap after
{Heap after GC invocations=4 (full 0):
 garbage-first heap   total 260096K, used 99328K [0x0000000703000000, 0x0000000800000000)
  region size 2048K, 1 young (2048K), 1 survivors (2048K)
 Metaspace       used 7906K, committed 8064K, reserved 1064960K
  class space    used 567K, committed 640K, reserved 1048576K
}
Event: 10.254 GC heap before
{Heap before GC invocations=4 (full 0):
 garbage-first heap   total 260096K, used 107520K [0x0000000703000000, 0x0000000800000000)
  region size 2048K, 6 young (12288K), 1 survivors (2048K)
 Metaspace       used 7906K, committed 8064K, reserved 1064960K
  class space    used 567K, committed 640K, reserved 1048576K
}
Event: 10.261 GC heap after
{Heap after GC invocations=5 (full 0):
 garbage-first heap   total 260096K, used 109110K [0x0000000703000000, 0x0000000800000000)
  region size 2048K, 1 young (2048K), 1 survivors (2048K)
 Metaspace       used 7906K, committed 8064K, reserved 1064960K
  class space    used 567K, committed 640K, reserved 1048576K
}
Event: 10.304 GC heap before
{Heap before GC invocations=5 (full 0):
 garbage-first heap   total 260096K, used 127542K [0x0000000703000000, 0x0000000800000000)
  region size 2048K, 6 young (12288K), 1 survivors (2048K)
 Metaspace       used 7909K, committed 8064K, reserved 1064960K
  class space    used 567K, committed 640K, reserved 1048576K
}
Event: 10.316 GC heap after
{Heap after GC invocations=6 (full 0):
 garbage-first heap   total 260096K, used 127674K [0x0000000703000000, 0x0000000800000000)
  region size 2048K, 1 young (2048K), 1 survivors (2048K)
 Metaspace       used 7909K, committed 8064K, reserved 1064960K
  class space    used 567K, committed 640K, reserved 1048576K
}
Event: 11.176 GC heap before
{Heap before GC invocations=6 (full 0):
 garbage-first heap   total 260096K, used 135866K [0x0000000703000000, 0x0000000800000000)
  region size 2048K, 6 young (12288K), 1 survivors (2048K)
 Metaspace       used 8389K, committed 8576K, reserved 1064960K
  class space    used 609K, committed 704K, reserved 1048576K
}
Event: 11.183 GC heap after
{Heap after GC invocations=7 (full 0):
 garbage-first heap   total 780288K, used 128343K [0x0000000703000000, 0x0000000800000000)
  region size 2048K, 1 young (2048K), 1 survivors (2048K)
 Metaspace       used 8389K, committed 8576K, reserved 1064960K
  class space    used 609K, committed 704K, reserved 1048576K
}
Event: 13.757 GC heap before
{Heap before GC invocations=8 (full 0):
 garbage-first heap   total 327680K, used 159063K [0x0000000703000000, 0x0000000800000000)
  region size 2048K, 20 young (40960K), 1 survivors (2048K)
 Metaspace       used 8448K, committed 8640K, reserved 1064960K
  class space    used 611K, committed 704K, reserved 1048576K
}
Event: 13.786 GC heap after
{Heap after GC invocations=9 (full 0):
 garbage-first heap   total 327680K, used 137433K [0x0000000703000000, 0x0000000800000000)
  region size 2048K, 3 young (6144K), 3 survivors (6144K)
 Metaspace       used 8448K, committed 8640K, reserved 1064960K
  class space    used 611K, committed 704K, reserved 1048576K
}
Event: 13.815 GC heap before
{Heap before GC invocations=9 (full 0):
 garbage-first heap   total 327680K, used 159961K [0x0000000703000000, 0x0000000800000000)
  region size 2048K, 8 young (16384K), 3 survivors (6144K)
 Metaspace       used 8448K, committed 8640K, reserved 1064960K
  class space    used 611K, committed 704K, reserved 1048576K
}
Event: 13.840 GC heap after
{Heap after GC invocations=10 (full 0):
 garbage-first heap   total 327680K, used 134270K [0x0000000703000000, 0x0000000800000000)
  region size 2048K, 1 young (2048K), 1 survivors (2048K)
 Metaspace       used 8448K, committed 8640K, reserved 1064960K
  class space    used 611K, committed 704K, reserved 1048576K
}
Event: 13.869 GC heap before
{Heap before GC invocations=10 (full 0):
 garbage-first heap   total 327680K, used 181374K [0x0000000703000000, 0x0000000800000000)
  region size 2048K, 18 young (36864K), 1 survivors (2048K)
 Metaspace       used 8448K, committed 8640K, reserved 1064960K
  class space    used 611K, committed 704K, reserved 1048576K
}
Event: 13.892 GC heap after
{Heap after GC invocations=11 (full 0):
 garbage-first heap   total 327680K, used 177547K [0x0000000703000000, 0x0000000800000000)
  region size 2048K, 3 young (6144K), 3 survivors (6144K)
 Metaspace       used 8448K, committed 8640K, reserved 1064960K
  class space    used 611K, committed 704K, reserved 1048576K
}
Event: 13.894 GC heap before
{Heap before GC invocations=11 (full 0):
 garbage-first heap   total 327680K, used 179595K [0x0000000703000000, 0x0000000800000000)
  region size 2048K, 5 young (10240K), 3 survivors (6144K)
 Metaspace       used 8448K, committed 8640K, reserved 1064960K
  class space    used 611K, committed 704K, reserved 1048576K
}
Event: 13.901 GC heap after
{Heap after GC invocations=12 (full 0):
 garbage-first heap   total 327680K, used 183568K [0x0000000703000000, 0x0000000800000000)
  region size 2048K, 2 young (4096K), 2 survivors (4096K)
 Metaspace       used 8448K, committed 8640K, reserved 1064960K
  class space    used 611K, committed 704K, reserved 1048576K
}

Deoptimization events (20 events):
Event: 11.357 Thread 0x0000021cf0fa2520 DEOPT PACKING pc=0x0000021c87bde990 sp=0x000000b6dd6ff1d0
Event: 11.357 Thread 0x0000021cf0fa2520 DEOPT UNPACKING pc=0x0000021c8004d72e sp=0x000000b6dd6ff130 mode 2
Event: 11.391 Thread 0x0000021cf0fa2520 Uncommon trap: trap_request=0xffffff45 fr.pc=0x0000021c87bda63c relative=0x00000000000000fc
Event: 11.391 Thread 0x0000021cf0fa2520 Uncommon trap: reason=unstable_if action=reinterpret pc=0x0000021c87bda63c method=com.badlogic.gdx.physics.box2d.Box2DDebugRenderer.getColorByBody(Lcom/badlogic/gdx/physics/box2d/Body;)Lcom/badlogic/gdx/graphics/Color; @ 46 c2
Event: 11.391 Thread 0x0000021cf0fa2520 DEOPT PACKING pc=0x0000021c87bda63c sp=0x000000b6dd6ff190
Event: 11.391 Thread 0x0000021cf0fa2520 DEOPT UNPACKING pc=0x0000021c8004d72e sp=0x000000b6dd6ff130 mode 2
Event: 11.724 Thread 0x0000021cf0fa2520 DEOPT PACKING pc=0x0000021c807b4e6a sp=0x000000b6dd6ff1a0
Event: 11.724 Thread 0x0000021cf0fa2520 DEOPT UNPACKING pc=0x0000021c8004dece sp=0x000000b6dd6fe618 mode 0
Event: 11.944 Thread 0x0000021cf0fa2520 DEOPT PACKING pc=0x0000021c8076b900 sp=0x000000b6dd6ff140
Event: 11.944 Thread 0x0000021cf0fa2520 DEOPT UNPACKING pc=0x0000021c8004dece sp=0x000000b6dd6fe5f8 mode 0
Event: 13.462 Thread 0x0000021cf0fa2520 DEOPT PACKING pc=0x0000021c807dae1f sp=0x000000b6dd6fea40
Event: 13.462 Thread 0x0000021cf0fa2520 DEOPT UNPACKING pc=0x0000021c8004dece sp=0x000000b6dd6fdfb8 mode 0
Event: 13.481 Thread 0x0000021cf0fa2520 DEOPT PACKING pc=0x0000021c809070b7 sp=0x000000b6dd6fe8a0
Event: 13.481 Thread 0x0000021cf0fa2520 DEOPT UNPACKING pc=0x0000021c8004dece sp=0x000000b6dd6fde20 mode 0
Event: 13.637 Thread 0x0000021cf0fa2520 DEOPT PACKING pc=0x0000021c808fcc84 sp=0x000000b6dd6fede0
Event: 13.637 Thread 0x0000021cf0fa2520 DEOPT UNPACKING pc=0x0000021c8004dece sp=0x000000b6dd6fe330 mode 0
Event: 13.982 Thread 0x0000021cf0fa2520 Uncommon trap: trap_request=0xffffff45 fr.pc=0x0000021c87bd3128 relative=0x0000000000001088
Event: 13.982 Thread 0x0000021cf0fa2520 Uncommon trap: reason=unstable_if action=reinterpret pc=0x0000021c87bd3128 method=com.badlogic.gdx.physics.box2d.Fixture.getShape()Lcom/badlogic/gdx/physics/box2d/Shape; @ 4 c2
Event: 13.982 Thread 0x0000021cf0fa2520 DEOPT PACKING pc=0x0000021c87bd3128 sp=0x000000b6dd6ff1d0
Event: 13.982 Thread 0x0000021cf0fa2520 DEOPT UNPACKING pc=0x0000021c8004d72e sp=0x000000b6dd6ff0f0 mode 2

Classes unloaded (0 events):
No events

Classes redefined (0 events):
No events

Internal exceptions (20 events):
Event: 0.319 Thread 0x0000021cf0fa2520 Exception <a 'sun/nio/fs/WindowsException'{0x000000071277e610}> (0x000000071277e610) 
thrown [c:\wsjdk\correttojdksrc\installers\windows\zip\corretto-build\buildroot\src\hotspot\share\prims\jni.cpp, line 579]
Event: 0.319 Thread 0x0000021cf0fa2520 Exception <a 'sun/nio/fs/WindowsException'{0x000000071277eb60}> (0x000000071277eb60) 
thrown [c:\wsjdk\correttojdksrc\installers\windows\zip\corretto-build\buildroot\src\hotspot\share\prims\jni.cpp, line 579]
Event: 0.332 Thread 0x0000021cf0fa2520 Exception <a 'java/lang/NoSuchMethodError'{0x00000007127c3de8}: 'int java.lang.invoke.DirectMethodHandle$Holder.invokeStaticInit(java.lang.Object, java.lang.Object, int, long)'> (0x00000007127c3de8) 
thrown [c:\wsjdk\correttojdksrc\installers\windows\zip\corretto-build\buildroot\src\hotspot\share\interpreter\linkResolver.cpp, line 790]
Event: 0.333 Thread 0x0000021cf0fa2520 Exception <a 'java/lang/NoSuchMethodError'{0x00000007127c9a10}: 'java.lang.Object java.lang.invoke.DirectMethodHandle$Holder.newInvokeSpecial(java.lang.Object, java.lang.Object, int)'> (0x00000007127c9a10) 
thrown [c:\wsjdk\correttojdksrc\installers\windows\zip\corretto-build\buildroot\src\hotspot\share\interpreter\linkResolver.cpp, line 790]
Event: 0.336 Thread 0x0000021cf0fa2520 Exception <a 'java/lang/NoSuchMethodError'{0x00000007127dec70}: 'int java.lang.invoke.DirectMethodHandle$Holder.invokeStaticInit(java.lang.Object, java.lang.Object, long, long)'> (0x00000007127dec70) 
thrown [c:\wsjdk\correttojdksrc\installers\windows\zip\corretto-build\buildroot\src\hotspot\share\interpreter\linkResolver.cpp, line 790]
Event: 0.338 Thread 0x0000021cf0fa2520 Exception <a 'java/lang/NoSuchMethodError'{0x00000007127e5018}: 'java.lang.Object java.lang.invoke.DirectMethodHandle$Holder.newInvokeSpecial(java.lang.Object, java.lang.Object, long)'> (0x00000007127e5018) 
thrown [c:\wsjdk\correttojdksrc\installers\windows\zip\corretto-build\buildroot\src\hotspot\share\interpreter\linkResolver.cpp, line 790]
Event: 0.338 Thread 0x0000021cf0fa2520 Exception <a 'java/lang/NoSuchMethodError'{0x00000007127e9170}: 'java.lang.Object java.lang.invoke.Invokers$Holder.linkToTargetMethod(java.lang.Object, long, java.lang.Object)'> (0x00000007127e9170) 
thrown [c:\wsjdk\correttojdksrc\installers\windows\zip\corretto-build\buildroot\src\hotspot\share\interpreter\linkResolver.cpp, line 790]
Event: 0.340 Thread 0x0000021cf0fa2520 Exception <a 'java/lang/NoSuchMethodError'{0x00000007127f0c18}: 'int java.lang.invoke.DirectMethodHandle$Holder.invokeStaticInit(java.lang.Object, java.lang.Object, java.lang.Object, long)'> (0x00000007127f0c18) 
thrown [c:\wsjdk\correttojdksrc\installers\windows\zip\corretto-build\buildroot\src\hotspot\share\interpreter\linkResolver.cpp, line 790]
Event: 0.365 Thread 0x0000021cf0fa2520 Exception <a 'sun/nio/fs/WindowsException'{0x00000007124af130}> (0x00000007124af130) 
thrown [c:\wsjdk\correttojdksrc\installers\windows\zip\corretto-build\buildroot\src\hotspot\share\prims\jni.cpp, line 579]
Event: 0.365 Thread 0x0000021cf0fa2520 Exception <a 'sun/nio/fs/WindowsException'{0x00000007124af4c0}> (0x00000007124af4c0) 
thrown [c:\wsjdk\correttojdksrc\installers\windows\zip\corretto-build\buildroot\src\hotspot\share\prims\jni.cpp, line 579]
Event: 0.398 Thread 0x0000021cf0fa2520 Exception <a 'sun/nio/fs/WindowsException'{0x00000007125784e0}> (0x00000007125784e0) 
thrown [c:\wsjdk\correttojdksrc\installers\windows\zip\corretto-build\buildroot\src\hotspot\share\prims\jni.cpp, line 579]
Event: 0.399 Thread 0x0000021cf0fa2520 Exception <a 'sun/nio/fs/WindowsException'{0x0000000712578840}> (0x0000000712578840) 
thrown [c:\wsjdk\correttojdksrc\installers\windows\zip\corretto-build\buildroot\src\hotspot\share\prims\jni.cpp, line 579]
Event: 0.449 Thread 0x0000021cf0fa2520 Exception <a 'sun/nio/fs/WindowsException'{0x0000000712217d10}> (0x0000000712217d10) 
thrown [c:\wsjdk\correttojdksrc\installers\windows\zip\corretto-build\buildroot\src\hotspot\share\prims\jni.cpp, line 579]
Event: 0.449 Thread 0x0000021cf0fa2520 Exception <a 'sun/nio/fs/WindowsException'{0x0000000712218090}> (0x0000000712218090) 
thrown [c:\wsjdk\correttojdksrc\installers\windows\zip\corretto-build\buildroot\src\hotspot\share\prims\jni.cpp, line 579]
Event: 0.496 Thread 0x0000021cf0fa2520 Exception <a 'java/lang/NoSuchMethodError'{0x0000000712268900}: 'java.lang.Object java.lang.invoke.DirectMethodHandle$Holder.newInvokeSpecial(java.lang.Object, long)'> (0x0000000712268900) 
thrown [c:\wsjdk\correttojdksrc\installers\windows\zip\corretto-build\buildroot\src\hotspot\share\interpreter\linkResolver.cpp, line 790]
Event: 0.630 Thread 0x0000021cf0fa2520 Exception <a 'sun/nio/fs/WindowsException'{0x00000007123a96b0}> (0x00000007123a96b0) 
thrown [c:\wsjdk\correttojdksrc\installers\windows\zip\corretto-build\buildroot\src\hotspot\share\prims\jni.cpp, line 579]
Event: 0.630 Thread 0x0000021cf0fa2520 Exception <a 'sun/nio/fs/WindowsException'{0x00000007123a9a58}> (0x00000007123a9a58) 
thrown [c:\wsjdk\correttojdksrc\installers\windows\zip\corretto-build\buildroot\src\hotspot\share\prims\jni.cpp, line 579]
Event: 0.633 Thread 0x0000021cf0fa2520 Exception <a 'sun/nio/fs/WindowsException'{0x00000007123bf378}> (0x00000007123bf378) 
thrown [c:\wsjdk\correttojdksrc\installers\windows\zip\corretto-build\buildroot\src\hotspot\share\prims\jni.cpp, line 579]
Event: 0.633 Thread 0x0000021cf0fa2520 Exception <a 'sun/nio/fs/WindowsException'{0x00000007123bf658}> (0x00000007123bf658) 
thrown [c:\wsjdk\correttojdksrc\installers\windows\zip\corretto-build\buildroot\src\hotspot\share\prims\jni.cpp, line 579]
Event: 13.982 Thread 0x0000021cf0fa2520 Implicit null exception at 0x0000021c87bd213a to 0x0000021c87bd311c

Events (20 events):
Event: 10.434 loading class jdk/internal/reflect/BootstrapConstructorAccessorImpl done
Event: 11.003 Thread 0x0000021c9868cf10 Thread exited: 0x0000021c9868cf10
Event: 11.176 Executing  VM operation: G1CollectForAllocation
Event: 11.183 Executing  VM operation: G1CollectForAllocation done
Event: 11.221 Executing  VM operation: G1Concurrent
Event: 11.222 Executing  VM operation: G1Concurrent done
Event: 11.243 Executing  VM operation: G1Concurrent
Event: 11.244 Executing  VM operation: G1Concurrent done
Event: 12.244 Executing  VM operation: Cleanup
Event: 12.245 Executing  VM operation: Cleanup done
Event: 13.757 Executing  VM operation: G1CollectForAllocation
Event: 13.786 Executing  VM operation: G1CollectForAllocation done
Event: 13.815 Executing  VM operation: G1CollectForAllocation
Event: 13.840 Executing  VM operation: G1CollectForAllocation done
Event: 13.869 Executing  VM operation: G1CollectForAllocation
Event: 13.892 Executing  VM operation: G1CollectForAllocation done
Event: 13.894 Executing  VM operation: G1TryInitiateConcMark
Event: 13.901 Executing  VM operation: G1TryInitiateConcMark done
Event: 13.973 Executing  VM operation: G1Concurrent
Event: 13.974 Executing  VM operation: G1Concurrent done


Dynamic libraries:
0x00007ff6bd8a0000 - 0x00007ff6bd8ad000 	C:\Users\parth\.jdks\corretto-16.0.2\bin\java.exe
0x00007fffd5950000 - 0x00007fffd5b48000 	C:\WINDOWS\SYSTEM32\ntdll.dll
0x00007fffd5430000 - 0x00007fffd54ef000 	C:\WINDOWS\System32\KERNEL32.DLL
0x00007fffd3090000 - 0x00007fffd3362000 	C:\WINDOWS\System32\KERNELBASE.dll
0x0000000057cc0000 - 0x0000000057ff0000 	C:\Program Files\Norton Security\NortonData\22.21.9.25\Definitions\IPSDefs\20221129.063\IPSEng64.dll
0x00007fffd5370000 - 0x00007fffd541e000 	C:\WINDOWS\System32\ADVAPI32.dll
0x00007fffd51f0000 - 0x00007fffd528e000 	C:\WINDOWS\System32\msvcrt.dll
0x00007fffd4250000 - 0x00007fffd42ec000 	C:\WINDOWS\System32\sechost.dll
0x00007fffd4920000 - 0x00007fffd4a45000 	C:\WINDOWS\System32\RPCRT4.dll
0x00007fffd4a90000 - 0x00007fffd4a98000 	C:\WINDOWS\System32\PSAPI.DLL
0x00007fffd35d0000 - 0x00007fffd36d0000 	C:\WINDOWS\System32\ucrtbase.dll
0x00007fffa9d00000 - 0x00007fffa9d15000 	C:\Users\parth\.jdks\corretto-16.0.2\bin\VCRUNTIME140.dll
0x00007fffc54f0000 - 0x00007fffc5508000 	C:\Users\parth\.jdks\corretto-16.0.2\bin\jli.dll
0x00007fffd5760000 - 0x00007fffd5901000 	C:\WINDOWS\System32\USER32.dll
0x00007fffd3370000 - 0x00007fffd3392000 	C:\WINDOWS\System32\win32u.dll
0x00007fffc4860000 - 0x00007fffc4afa000 	C:\WINDOWS\WinSxS\amd64_microsoft.windows.common-controls_6595b64144ccf1df_6.0.19041.1110_none_60b5254171f9507e\COMCTL32.dll
0x00007fffd40e0000 - 0x00007fffd410b000 	C:\WINDOWS\System32\GDI32.dll
0x00007fffd34c0000 - 0x00007fffd35cf000 	C:\WINDOWS\System32\gdi32full.dll
0x00007fffd36d0000 - 0x00007fffd376d000 	C:\WINDOWS\System32\msvcp_win.dll
0x00007fffd4a50000 - 0x00007fffd4a82000 	C:\WINDOWS\System32\IMM32.DLL
0x00007fff7d970000 - 0x00007fff7da0b000 	C:\Users\parth\.jdks\corretto-16.0.2\bin\msvcp140.dll
0x00007ffefaf70000 - 0x00007ffefbb79000 	C:\Users\parth\.jdks\corretto-16.0.2\bin\server\jvm.dll
0x00007fffb5b60000 - 0x00007fffb5b69000 	C:\WINDOWS\SYSTEM32\WSOCK32.dll
0x00007fffc83c0000 - 0x00007fffc83ca000 	C:\WINDOWS\SYSTEM32\VERSION.dll
0x00007fffb7bb0000 - 0x00007fffb7bd7000 	C:\WINDOWS\SYSTEM32\WINMM.dll
0x00007fffd52a0000 - 0x00007fffd530b000 	C:\WINDOWS\System32\WS2_32.dll
0x00007fffd1840000 - 0x00007fffd1852000 	C:\WINDOWS\SYSTEM32\kernel.appcore.dll
0x00007fffc7360000 - 0x00007fffc736a000 	C:\Users\parth\.jdks\corretto-16.0.2\bin\jimage.dll
0x00007fffd0cf0000 - 0x00007fffd0ed4000 	C:\WINDOWS\SYSTEM32\DBGHELP.DLL
0x00007fffc5d30000 - 0x00007fffc5d65000 	C:\WINDOWS\SYSTEM32\dbgcore.DLL
0x00007fffd3900000 - 0x00007fffd3982000 	C:\WINDOWS\System32\bcryptPrimitives.dll
0x00007fffa9cd0000 - 0x00007fffa9cf5000 	C:\Users\parth\.jdks\corretto-16.0.2\bin\java.dll
0x00007fffd4aa0000 - 0x00007fffd51e4000 	C:\WINDOWS\System32\SHELL32.dll
0x00007fffd10a0000 - 0x00007fffd1832000 	C:\WINDOWS\SYSTEM32\windows.storage.dll
0x00007fffd4410000 - 0x00007fffd4765000 	C:\WINDOWS\System32\combase.dll
0x00007fffd2aa0000 - 0x00007fffd2ad0000 	C:\WINDOWS\SYSTEM32\Wldp.dll
0x00007fffd4030000 - 0x00007fffd40dd000 	C:\WINDOWS\System32\SHCORE.dll
0x00007fffd3fb0000 - 0x00007fffd4005000 	C:\WINDOWS\System32\shlwapi.dll
0x00007fffd2f80000 - 0x00007fffd2f9f000 	C:\WINDOWS\SYSTEM32\profapi.dll
0x00007fffa9b30000 - 0x00007fffa9b49000 	C:\Users\parth\.jdks\corretto-16.0.2\bin\net.dll
0x00007fffca260000 - 0x00007fffca36c000 	C:\WINDOWS\SYSTEM32\WINHTTP.dll
0x00007fffd2800000 - 0x00007fffd286a000 	C:\WINDOWS\system32\mswsock.dll
0x00007fffa9ad0000 - 0x00007fffa9ae3000 	C:\Users\parth\.jdks\corretto-16.0.2\bin\nio.dll
0x00007fffa9ab0000 - 0x00007fffa9ac8000 	C:\Users\parth\.jdks\corretto-16.0.2\bin\zip.dll
0x0000000055c40000 - 0x0000000055c69000 	C:\Users\parth\AppData\Local\Temp\libgdxparth\e787ab0a\gdx64.dll
0x00007fffc3350000 - 0x00007fffc33c5000 	C:\Users\parth\AppData\Local\Temp\lwjglparth\3.3.1-build-7\lwjgl.dll
0x00007fff68cc0000 - 0x00007fff68f19000 	C:\Users\parth\AppData\Local\Temp\lwjglparth\3.3.1-build-7\jemalloc.dll
0x00007fff984f0000 - 0x00007fff98551000 	C:\Users\parth\AppData\Local\Temp\lwjglparth\3.3.1-build-7\glfw.dll
0x00007fff25790000 - 0x00007fff257d5000 	C:\WINDOWS\SYSTEM32\dinput8.dll
0x00007fffc5590000 - 0x00007fffc55a1000 	C:\WINDOWS\SYSTEM32\xinput1_4.dll
0x00007fffd3040000 - 0x00007fffd308e000 	C:\WINDOWS\System32\cfgmgr32.dll
0x00007fffd2df0000 - 0x00007fffd2e1c000 	C:\WINDOWS\SYSTEM32\DEVOBJ.dll
0x00007fffd08b0000 - 0x00007fffd08df000 	C:\WINDOWS\SYSTEM32\dwmapi.dll
0x00007fffb7350000 - 0x00007fffb74a2000 	C:\WINDOWS\SYSTEM32\inputhost.dll
0x00007fffd3ee0000 - 0x00007fffd3fad000 	C:\WINDOWS\System32\OLEAUT32.dll
0x00007fffcc2e0000 - 0x00007fffcc434000 	C:\WINDOWS\SYSTEM32\wintypes.dll
0x00007fffccd10000 - 0x00007fffcce02000 	C:\WINDOWS\SYSTEM32\CoreMessaging.dll
0x00007fffd0600000 - 0x00007fffd06f6000 	C:\WINDOWS\SYSTEM32\PROPSYS.dll
0x00007fffcc9b0000 - 0x00007fffccd0e000 	C:\WINDOWS\SYSTEM32\CoreUIComponents.dll
0x00007fffd21d0000 - 0x00007fffd2203000 	C:\WINDOWS\SYSTEM32\ntmarta.dll
0x00007fffcd0b0000 - 0x00007fffcd14e000 	C:\WINDOWS\system32\uxtheme.dll
0x00007fffd42f0000 - 0x00007fffd4405000 	C:\WINDOWS\System32\MSCTF.dll
0x00007fff68b20000 - 0x00007fff68cb7000 	C:\Users\parth\AppData\Local\Temp\lwjglparth\3.3.1-build-7\OpenAL.dll
0x00007fffd5630000 - 0x00007fffd575a000 	C:\WINDOWS\System32\ole32.dll
0x00007fffd54f0000 - 0x00007fffd559f000 	C:\WINDOWS\System32\clbcatq.dll
0x00007fffc84e0000 - 0x00007fffc8565000 	C:\WINDOWS\System32\MMDevApi.dll
0x00007fffc8870000 - 0x00007fffc89f2000 	C:\WINDOWS\SYSTEM32\AUDIOSES.DLL
0x00007fffd2610000 - 0x00007fffd265b000 	C:\WINDOWS\SYSTEM32\powrprof.dll
0x00007fffd2480000 - 0x00007fffd2492000 	C:\WINDOWS\SYSTEM32\UMPDC.dll
0x00007fffd07b0000 - 0x00007fffd07c4000 	C:\WINDOWS\SYSTEM32\resourcepolicyclient.dll
0x00007fff8f010000 - 0x00007fff8f135000 	C:\WINDOWS\SYSTEM32\opengl32.dll
0x00007fff928a0000 - 0x00007fff928cc000 	C:\WINDOWS\SYSTEM32\GLU32.dll
0x00007fffc79e0000 - 0x00007fffc7ad7000 	C:\Windows\System32\AppXDeploymentClient.dll
0x00007fff2d700000 - 0x00007fff2e6c4000 	C:\WINDOWS\System32\DriverStore\FileRepository\iigd_dch.inf_amd64_f854c91489b3fbb5\ig9icd64.dll
0x00007fffd18d0000 - 0x00007fffd19c3000 	C:\WINDOWS\system32\dxgi.dll
0x00007fff68230000 - 0x00007fff6866c000 	C:\WINDOWS\System32\DriverStore\FileRepository\iigd_dch.inf_amd64_f854c91489b3fbb5\igdml64.dll
0x00007fffbef10000 - 0x00007fffbf246000 	C:\WINDOWS\System32\DriverStore\FileRepository\iigd_dch.inf_amd64_f854c91489b3fbb5\igdgmm64.dll
0x00007fffbc180000 - 0x00007fffbef0f000 	C:\WINDOWS\System32\DriverStore\FileRepository\iigd_dch.inf_amd64_f854c91489b3fbb5\igc64.dll
0x00007fff89000000 - 0x00007fff8905d000 	C:\Users\parth\AppData\Local\Temp\lwjglparth\3.3.1-build-7\lwjgl_opengl.dll
0x00007fffb9f40000 - 0x00007fffba039000 	C:\WINDOWS\SYSTEM32\textinputframework.dll
0x00007fff945d0000 - 0x00007fff94636000 	C:\WINDOWS\system32\Oleacc.dll
0x00007fff90740000 - 0x00007fff90a35000 	C:\Windows\System32\uiautomationcore.dll
0x00007fffd2a10000 - 0x00007fffd2a1c000 	C:\WINDOWS\SYSTEM32\CRYPTBASE.DLL
0x0000000055be0000 - 0x0000000055c3a000 	C:\Users\parth\AppData\Local\Temp\libgdxparth\888fe1bc\gdx-box2d64.dll

dbghelp: loaded successfully - version: 4.0.5 - missing functions: none
symbol engine: initialized successfully - sym options: 0x614 - pdb path: .;C:\Users\parth\.jdks\corretto-16.0.2\bin;C:\WINDOWS\SYSTEM32;C:\Program Files\Norton Security\NortonData\22.21.9.25\Definitions\IPSDefs\20221129.063;C:\WINDOWS\WinSxS\amd64_microsoft.windows.common-controls_6595b64144ccf1df_6.0.19041.1110_none_60b5254171f9507e;C:\Users\parth\.jdks\corretto-16.0.2\bin\server;C:\Users\parth\AppData\Local\Temp\libgdxparth\e787ab0a;C:\Users\parth\AppData\Local\Temp\lwjglparth\3.3.1-build-7;C:\WINDOWS\System32\DriverStore\FileRepository\iigd_dch.inf_amd64_f854c91489b3fbb5;C:\Users\parth\AppData\Local\Temp\libgdxparth\888fe1bc

VM Arguments:
jvm_args: -Dfile.encoding=windows-1252 -Duser.country=US -Duser.language=en -Duser.variant 
java_command: com.mygdx.game.DesktopLauncher
java_class_path (initial): C:\Users\parth\OneDrive\Desktop\AP TankStar\desktop\build\classes\java\main;C:\Users\parth\OneDrive\Desktop\AP TankStar\desktop\build\resources\main;C:\Users\parth\.gradle\caches\modules-2\files-2.1\com.badlogicgames.gdx\gdx-backend-lwjgl3\1.11.0\58a96db4cd349be4292d547856aa1e1c5f065f4e\gdx-backend-lwjgl3-1.11.0.jar;C:\Users\parth\.gradle\caches\modules-2\files-2.1\com.badlogicgames.gdx\gdx-platform\1.11.0\697fb13eada6d3c6ca648c9788692b0159add126\gdx-platform-1.11.0-natives-desktop.jar;C:\Users\parth\.gradle\caches\modules-2\files-2.1\com.badlogicgames.gdx\gdx-bullet-platform\1.11.0\2c067b913a306ba26d482075297538ad91cdb88b\gdx-bullet-platform-1.11.0-natives-desktop.jar;C:\Users\parth\.gradle\caches\modules-2\files-2.1\com.badlogicgames.gdx\gdx-freetype-platform\1.11.0\420e2c2c206843a0d51010be28a141a1eb946235\gdx-freetype-platform-1.11.0-natives-desktop.jar;C:\Users\parth\.gradle\caches\modules-2\files-2.1\com.badlogicgames.gdx-controllers\gdx-controllers-desktop\2.2.1\cb3430c32468a090eca54d494d16bb3764ceff9b\gdx-controllers-desktop-2.2.1.jar;C:\Users\parth\.gradle\caches\modules-2\files-2.1\com.badlogicgames.gdx\gdx-box2d-platform\1.11.0\62ff9baa1e57a11e0a4428a38c9660bf9f312fdc\gdx-box2d-platform-1.11.0-natives-desktop.jar;C:\Users\parth\OneDrive\Desktop\AP TankStar\core\build\libs\core-1.0.jar;C:\Users\parth\.gradle\caches\modules-2\files-2.1\com.badlogicgames.gdx-controllers\gdx-controllers-core\2.2.1\8aca0dc002a8daf6a6d28f49c44e25189dd93fd7\gdx-controllers-core-2.2.1.jar;C:\Users\parth\.gradle\caches\modules-2\files-2.1\com.badlogicgames.gdx\gdx-bullet\1.11.0\1eb83845fa655e7e8ab6bbb979d28b0502ad3302\gdx-bullet-1.11.0.jar;C:\Users\parth\.gradle\caches\modules-2\files-2.1\com.badlogicgames.gdx\gdx-freetype\1.11.0\a3634ad2e6c56d251268d6ab5c0f66eee2841f2c\gdx-freetype-1.11.0.jar;C:\Users\parth\.gradle\caches\modules-2\files-2.1\com.badlogicgames.box2dlights\box2dlights\1.5\6902dbcd250c95a27973aa24a147a95b3828d348\box2dlights-1.5.jar;C:\Us
Launcher Type: SUN_STANDARD

[Global flags]
     intx CICompilerCount                          = 4                                         {product} {ergonomic}
     uint ConcGCThreads                            = 3                                         {product} {ergonomic}
     uint G1ConcRefinementThreads                  = 10                                        {product} {ergonomic}
   size_t G1HeapRegionSize                         = 2097152                                   {product} {ergonomic}
    uintx GCDrainStackTargetSize                   = 64                                        {product} {ergonomic}
   size_t InitialHeapSize                          = 266338304                                 {product} {ergonomic}
   size_t MarkStackSize                            = 4194304                                   {product} {ergonomic}
   size_t MaxHeapSize                              = 4244635648                                {product} {ergonomic}
   size_t MaxNewSize                               = 2545942528                                {product} {ergonomic}
   size_t MinHeapDeltaBytes                        = 2097152                                   {product} {ergonomic}
   size_t MinHeapSize                              = 8388608                                   {product} {ergonomic}
    uintx NonNMethodCodeHeapSize                   = 5839372                                {pd product} {ergonomic}
    uintx NonProfiledCodeHeapSize                  = 122909434                              {pd product} {ergonomic}
    uintx ProfiledCodeHeapSize                     = 122909434                              {pd product} {ergonomic}
    uintx ReservedCodeCacheSize                    = 251658240                              {pd product} {ergonomic}
     bool SegmentedCodeCache                       = true                                      {product} {ergonomic}
   size_t SoftMaxHeapSize                          = 4244635648                             {manageable} {ergonomic}
     bool UseCompressedClassPointers               = true                           {product lp64_product} {ergonomic}
     bool UseCompressedOops                        = true                           {product lp64_product} {ergonomic}
     bool UseG1GC                                  = true                                      {product} {ergonomic}
     bool UseLargePagesIndividualAllocation        = false                                  {pd product} {ergonomic}

Logging:
Log output configuration:
 #0: stdout all=warning uptime,level,tags
 #1: stderr all=off uptime,level,tags

Environment Variables:
JAVA_HOME=C:\Users\parth\Downloads\jdk-17_windows-x64_bin.exe
PATH=C:\Program Files\Common Files\Oracle\Java\javapath;C:\Windows\system32;C:\Windows;C:\Windows\System32\Wbem;C:\Windows\System32\WindowsPowerShell\v1.0\;C:\Windows\System32\OpenSSH\;C:\Program Files (x86)\NVIDIA Corporation\PhysX\Common;C:\Program Files\NVIDIA Corporation\NVIDIA NvDLISR;C:\WINDOWS\system32;C:\WINDOWS;C:\WINDOWS\System32\Wbem;C:\WINDOWS\System32\WindowsPowerShell\v1.0\;C:\WINDOWS\System32\OpenSSH\;C:\Program Files\mingw-w64\x86_64-8.1.0-posix-seh-rt_v6-rev0\mingw64\bin;C:\Program Files\dotnet\;C:\Program Files\Git\cmd;C:\Program Files\MySQL\MySQL Shell 8.0\bin\;C:\Users\parth\AppData\Local\Microsoft\WindowsApps;C:\Program Files\JetBrains\IntelliJ IDEA Community Edition 2021.2.3\bin;;C:\Program Files\Java\jdk-17.0.1\bin;C:\Users\parth\AppData\Local\Programs\Microsoft VS Code\bin;C:\Program Files\mingw-w64\x86_64-8.1.0-posix-seh-rt_v6-rev0\mingw64\bin;
USERNAME=parth
OS=Windows_NT
PROCESSOR_IDENTIFIER=Intel64 Family 6 Model 165 Stepping 2, GenuineIntel



---------------  S Y S T E M  ---------------

OS:
 Windows 10 , 64 bit Build 19041 (10.0.19041.2364)
OS uptime: 1 days 3:45 hours
Hyper-V role detected

CPU: total 12 (initial active 12) (6 cores per cpu, 2 threads per core) family 6 model 165 stepping 2 microcode 0xea, cx8, cmov, fxsr, ht, mmx, 3dnowpref, sse, sse2, sse3, ssse3, sse4.1, sse4.2, popcnt, lzcnt, tsc, tscinvbit, avx, avx2, aes, erms, clmul, bmi1, bmi2, adx, fma, vzeroupper, clflush, clflushopt, hv

Memory: 4k page, system-wide physical 16185M (2539M free)
TotalPageFile size 55097M (AvailPageFile size 25588M)
current process WorkingSet (physical memory assigned to process): 1188M, peak: 1190M
current process commit charge ("private bytes"): 1246M, peak: 1659M

vm_info: OpenJDK 64-Bit Server VM (16.0.2+7) for windows-amd64 JRE (16.0.2+7), built on Jul 22 2021 01:11:46 by "Administrator" with MS VC++ 15.9 (VS2017)

END.
