#
# A fatal error has been detected by the Java Runtime Environment:
#
#  EXCEPTION_ACCESS_VIOLATION (0xc0000005) at pc=0x00007fff2e0fa270, pid=23440, tid=17152
#
# JRE version: OpenJDK Runtime Environment Corretto-16.0.2.7.1 (16.0.2+7) (build 16.0.2+7)
# Java VM: OpenJDK 64-Bit Server VM Corretto-16.0.2.7.1 (16.0.2+7, mixed mode, sharing, tiered, compressed oops, compressed class ptrs, g1 gc, windows-amd64)
# Problematic frame:
# C  [ig9icd64.dll+0x9fa270]
#
# No core dump will be written. Minidumps are not enabled by default on client versions of Windows
#
# If you would like to submit a bug report, please visit:
#   https://github.com/corretto/corretto-jdk/issues/
# The crash happened outside the Java Virtual Machine in native code.
# See problematic frame for where to report the bug.
#

---------------  S U M M A R Y ------------

Command Line: -Dfile.encoding=windows-1252 -Duser.country=US -Duser.language=en -Duser.variant com.mygdx.game.DesktopLauncher

Host: Intel(R) Core(TM) i7-10750H CPU @ 2.60GHz, 12 cores, 15G,  Windows 10 , 64 bit Build 19041 (10.0.19041.2364)
Time: Mon Dec 19 20:37:04 2022 India Standard Time elapsed time: 16.562756 seconds (0d 0h 0m 16s)

---------------  T H R E A D  ---------------

Current thread (0x000001c30cfcafe0):  JavaThread "main" [_thread_in_native, id=17152, stack(0x0000003dee800000,0x0000003dee900000)]

Stack: [0x0000003dee800000,0x0000003dee900000],  sp=0x0000003dee8fc0b8,  free space=1008k
Native frames: (J=compiled Java code, j=interpreted, Vv=VM code, C=native code)
C  [ig9icd64.dll+0x9fa270]

Java frames: (J=compiled Java code, j=interpreted, Vv=VM code)
j  org.lwjgl.opengl.GL11C.glDrawArrays(III)V+0
J 1152 c1 com.badlogic.gdx.graphics.Mesh.render(Lcom/badlogic/gdx/graphics/glutils/ShaderProgram;IIIZ)V (323 bytes) @ 0x000001c31827993c [0x000001c318278360+0x00000000000015dc]
j  com.badlogic.gdx.graphics.Mesh.render(Lcom/badlogic/gdx/graphics/glutils/ShaderProgram;I)V+31
j  com.badlogic.gdx.graphics.glutils.ImmediateModeRenderer20.flush()V+87
j  com.badlogic.gdx.graphics.glutils.ImmediateModeRenderer20.end()V+1
j  com.badlogic.gdx.graphics.glutils.ShapeRenderer.end()V+4
j  com.badlogic.gdx.physics.box2d.Box2DDebugRenderer.renderBodies(Lcom/badlogic/gdx/physics/box2d/World;)V+131
j  com.badlogic.gdx.physics.box2d.Box2DDebugRenderer.render(Lcom/badlogic/gdx/physics/box2d/World;Lcom/badlogic/gdx/math/Matrix4;)V+10
j  com.mygdx.game.InGameScreen.render(F)V+758
J 1296 c1 com.mygdx.game.TankStar.render()V (5 bytes) @ 0x000001c3182c2034 [0x000001c3182c1de0+0x0000000000000254]
J 1205 c1 com.badlogic.gdx.backends.lwjgl3.Lwjgl3Window.update()Z (217 bytes) @ 0x000001c318296664 [0x000001c318295a60+0x0000000000000c04]
j  com.badlogic.gdx.backends.lwjgl3.Lwjgl3Application.loop()V+111
j  com.badlogic.gdx.backends.lwjgl3.Lwjgl3Application.<init>(Lcom/badlogic/gdx/ApplicationListener;Lcom/badlogic/gdx/backends/lwjgl3/Lwjgl3ApplicationConfiguration;)V+269
j  com.mygdx.game.DesktopLauncher.main([Ljava/lang/String;)V+47
v  ~StubRoutines::call_stub

siginfo: EXCEPTION_ACCESS_VIOLATION (0xc0000005), reading address 0x000000000000000c


Register to memory mapping:

RIP=0x00007fff2e0fa270 ig9icd64.dll
RAX=0x00007fff2e0fa260 ig9icd64.dll
RBX=0x000001c33670d3c0 points into unknown readable memory: 0x000001c36cd8aae0 | e0 aa d8 6c c3 01 00 00
RCX=0x000001c36cd8aae0 points into unknown readable memory: 0x3d06d3a13cbae147 | 47 e1 ba 3c a1 d3 06 3d
RDX=0x000000000000000c is an unknown value
RSP=0x0000003dee8fc0b8 is pointing into the stack for thread: 0x000001c30cfcafe0
RBP=0x0000003dee8fc1c0 is pointing into the stack for thread: 0x000001c30cfcafe0
RSI=0x000001c33c128970 points into unknown readable memory: 0x000001c335eea380 | 80 a3 ee 35 c3 01 00 00
RDI=0x000001c3361980c0 points into unknown readable memory: 0x000001c33615ed40 | 40 ed 15 36 c3 01 00 00
R8 =0x00000000000007c4 is an unknown value
R9 =0x0000000000000010 is an unknown value
R10=0x00007fff2d700000 ig9icd64.dll
R11=0x0000000000000001 is an unknown value
R12=0x0000003dee8fc810 is pointing into the stack for thread: 0x000001c30cfcafe0
R13=0x000001c36cd8aae0 points into unknown readable memory: 0x3d06d3a13cbae147 | 47 e1 ba 3c a1 d3 06 3d
R14=0x0 is NULL
R15=0x0000000000001f10 is an unknown value


Registers:
RAX=0x00007fff2e0fa260, RBX=0x000001c33670d3c0, RCX=0x000001c36cd8aae0, RDX=0x000000000000000c
RSP=0x0000003dee8fc0b8, RBP=0x0000003dee8fc1c0, RSI=0x000001c33c128970, RDI=0x000001c3361980c0
R8 =0x00000000000007c4, R9 =0x0000000000000010, R10=0x00007fff2d700000, R11=0x0000000000000001
R12=0x0000003dee8fc810, R13=0x000001c36cd8aae0, R14=0x0000000000000000, R15=0x0000000000001f10
RIP=0x00007fff2e0fa270, EFLAGS=0x0000000000010202

Top of Stack: (sp=0x0000003dee8fc0b8)
0x0000003dee8fc0b8:   00007fff2df848d6 000001c33670d3c0
0x0000003dee8fc0c8:   0000000000000006 000001c30f11e390
0x0000003dee8fc0d8:   000001c3361d07a0 0000000000000003
0x0000003dee8fc0e8:   0000003dee8fc1d0 000001c30f11e390
0x0000003dee8fc0f8:   000001c30f11e390 0000000200000000
0x0000003dee8fc108:   3ff0000000000000 0000000000000000
0x0000003dee8fc118:   000001c335efbe88 0000000300000000
0x0000003dee8fc128:   0000010100000010 0000000000000003
0x0000003dee8fc138:   0000003d000007c4 000001c3361c2fe8
0x0000003dee8fc148:   0000003d00000002 00000001ee8fc200
0x0000003dee8fc158:   000001c3361c2f7e 0000000400000000
0x0000003dee8fc168:   000001c335f57020 0000003d0000aae0
0x0000003dee8fc178:   000001c334617090 0000000000000294
0x0000003dee8fc188:   000001c3361980c0 0000000000000001
0x0000003dee8fc198:   000001c338dc1b50 0000000000000002
0x0000003dee8fc1a8:   000001c335f68db0 00001b2000000001 

Instructions: (pc=0x00007fff2e0fa270)
0x00007fff2e0fa170:   40 53 48 83 ec 20 48 8b 51 10 48 8b d9 48 85 d2
0x00007fff2e0fa180:   74 27 48 8b 0d c7 22 50 00 45 33 c0 48 8b 05 0d
0x00007fff2e0fa190:   23 50 00 ff 15 67 24 0d 00 33 c0 48 89 43 10 48
0x00007fff2e0fa1a0:   89 43 18 48 83 c4 20 5b c3 33 c0 48 89 41 10 48
0x00007fff2e0fa1b0:   89 41 18 48 83 c4 20 5b c3 cc cc cc cc cc cc cc
0x00007fff2e0fa1c0:   45 85 c0 74 1d 45 8b c9 45 8b c0 0f 1f 44 00 00
0x00007fff2e0fa1d0:   0f b6 02 49 03 d1 88 01 48 8d 49 01 49 83 e8 01
0x00007fff2e0fa1e0:   75 ee c3 cc cc cc cc cc cc cc cc cc cc cc cc cc
0x00007fff2e0fa1f0:   45 85 c0 74 1e 45 8b c9 45 8b c0 0f 1f 44 00 00
0x00007fff2e0fa200:   0f b7 02 49 03 d1 66 89 01 48 8d 49 02 49 83 e8
0x00007fff2e0fa210:   01 75 ed c3 cc cc cc cc cc cc cc cc cc cc cc cc
0x00007fff2e0fa220:   45 85 c0 74 29 45 8b c9 41 8b c0 0f 1f 44 00 00
0x00007fff2e0fa230:   44 0f b7 02 66 44 89 01 48 8d 49 03 44 0f b6 42
0x00007fff2e0fa240:   02 49 03 d1 44 88 41 ff 48 83 e8 01 75 e2 c3 cc
0x00007fff2e0fa250:   cc cc cc cc cc cc cc cc cc cc cc cc cc cc cc cc
0x00007fff2e0fa260:   45 85 c0 74 1c 45 8b c9 45 8b c0 0f 1f 44 00 00
0x00007fff2e0fa270:   8b 02 49 03 d1 89 01 48 8d 49 04 49 83 e8 01 75
0x00007fff2e0fa280:   ef c3 cc cc cc cc cc cc cc cc cc cc cc cc cc cc
0x00007fff2e0fa290:   45 85 c0 74 28 45 8b c9 41 8b c0 0f 1f 44 00 00
0x00007fff2e0fa2a0:   44 8b 02 44 89 01 48 8d 49 06 44 0f b7 42 04 49
0x00007fff2e0fa2b0:   03 d1 66 44 89 41 fe 48 83 e8 01 75 e3 c3 cc cc
0x00007fff2e0fa2c0:   cc cc cc cc cc cc cc cc cc cc cc cc cc cc cc cc
0x00007fff2e0fa2d0:   45 85 c0 74 1e 45 8b c9 45 8b c0 0f 1f 44 00 00
0x00007fff2e0fa2e0:   48 8b 02 49 03 d1 48 89 01 48 8d 49 08 49 83 e8
0x00007fff2e0fa2f0:   01 75 ed c3 cc cc cc cc cc cc cc cc cc cc cc cc
0x00007fff2e0fa300:   45 85 c0 74 26 45 8b c9 41 8b c0 0f 1f 44 00 00
0x00007fff2e0fa310:   4c 8b 02 4c 89 01 48 8d 49 0c 44 8b 42 08 49 03
0x00007fff2e0fa320:   d1 44 89 41 fc 48 83 e8 01 75 e5 c3 cc cc cc cc
0x00007fff2e0fa330:   cc cc cc cc cc cc cc cc cc cc cc cc cc cc cc cc
0x00007fff2e0fa340:   45 85 c0 74 26 45 8b c9 41 8b c0 0f 1f 44 00 00
0x00007fff2e0fa350:   4c 8b 02 4c 89 01 48 8d 49 10 4c 8b 42 08 49 03
0x00007fff2e0fa360:   d1 4c 89 41 f8 48 83 e8 01 75 e5 c3 cc cc cc cc 


Stack slot to memory mapping:
stack at sp + 0 slots: 0x00007fff2df848d6 ig9icd64.dll
stack at sp + 1 slots: 0x000001c33670d3c0 points into unknown readable memory: 0x000001c36cd8aae0 | e0 aa d8 6c c3 01 00 00
stack at sp + 2 slots: 0x0000000000000006 is an unknown value
stack at sp + 3 slots: 0x000001c30f11e390 points into unknown readable memory: 0x00007ffefb8665e0 | e0 65 86 fb fe 7f 00 00
stack at sp + 4 slots: 0x000001c3361d07a0 points into unknown readable memory: 0x0000000000000001 | 01 00 00 00 00 00 00 00
stack at sp + 5 slots: 0x0000000000000003 is an unknown value
stack at sp + 6 slots: 0x0000003dee8fc1d0 is pointing into the stack for thread: 0x000001c30cfcafe0
stack at sp + 7 slots: 0x000001c30f11e390 points into unknown readable memory: 0x00007ffefb8665e0 | e0 65 86 fb fe 7f 00 00


---------------  P R O C E S S  ---------------

Threads class SMR info:
_java_thread_list=0x000001c33c05bcc0, length=13, elements={
0x000001c30cfcafe0, 0x000001c333326380, 0x000001c333327240, 0x000001c33333bde0,
0x000001c33333f710, 0x000001c333341120, 0x000001c3333422c0, 0x000001c333348c60,
0x000001c33334d3f0, 0x000001c333352e60, 0x000001c333491da0, 0x000001c333498ee0,
0x000001c336c13a80
}

Java Threads: ( => current thread )
=>0x000001c30cfcafe0 JavaThread "main" [_thread_in_native, id=17152, stack(0x0000003dee800000,0x0000003dee900000)]
  0x000001c333326380 JavaThread "Reference Handler" daemon [_thread_blocked, id=25176, stack(0x0000003deef00000,0x0000003def000000)]
  0x000001c333327240 JavaThread "Finalizer" daemon [_thread_blocked, id=28828, stack(0x0000003def000000,0x0000003def100000)]
  0x000001c33333bde0 JavaThread "Signal Dispatcher" daemon [_thread_blocked, id=12636, stack(0x0000003def100000,0x0000003def200000)]
  0x000001c33333f710 JavaThread "Attach Listener" daemon [_thread_blocked, id=22324, stack(0x0000003def200000,0x0000003def300000)]
  0x000001c333341120 JavaThread "Service Thread" daemon [_thread_blocked, id=16128, stack(0x0000003def300000,0x0000003def400000)]
  0x000001c3333422c0 JavaThread "Monitor Deflation Thread" daemon [_thread_blocked, id=15908, stack(0x0000003def400000,0x0000003def500000)]
  0x000001c333348c60 JavaThread "C2 CompilerThread0" daemon [_thread_blocked, id=25752, stack(0x0000003def500000,0x0000003def600000)]
  0x000001c33334d3f0 JavaThread "C1 CompilerThread0" daemon [_thread_blocked, id=30012, stack(0x0000003def600000,0x0000003def700000)]
  0x000001c333352e60 JavaThread "Sweeper thread" daemon [_thread_blocked, id=28832, stack(0x0000003def700000,0x0000003def800000)]
  0x000001c333491da0 JavaThread "Notification Thread" daemon [_thread_blocked, id=19652, stack(0x0000003def800000,0x0000003def900000)]
  0x000001c333498ee0 JavaThread "Common-Cleaner" daemon [_thread_blocked, id=17208, stack(0x0000003defa00000,0x0000003defb00000)]
  0x000001c336c13a80 JavaThread "LWJGL3 Timer" daemon [_thread_blocked, id=13480, stack(0x0000003df0d00000,0x0000003df0e00000)]

Other Threads:
  0x000001c33331d760 VMThread "VM Thread" [stack: 0x0000003deee00000,0x0000003deef00000] [id=11076]
  0x000001c3334932d0 WatcherThread [stack: 0x0000003def900000,0x0000003defa00000] [id=24200]
  0x000001c30f15f610 GCTaskThread "GC Thread#0" [stack: 0x0000003dee900000,0x0000003deea00000] [id=20048]
  0x000001c336345e40 GCTaskThread "GC Thread#1" [stack: 0x0000003df0600000,0x0000003df0700000] [id=11200]
  0x000001c336ba36e0 GCTaskThread "GC Thread#2" [stack: 0x0000003df0700000,0x0000003df0800000] [id=1720]
  0x000001c33686bcd0 GCTaskThread "GC Thread#3" [stack: 0x0000003df0800000,0x0000003df0900000] [id=18340]
  0x000001c3367e6a70 GCTaskThread "GC Thread#4" [stack: 0x0000003df0900000,0x0000003df0a00000] [id=29624]
  0x000001c3367e3020 GCTaskThread "GC Thread#5" [stack: 0x0000003df0a00000,0x0000003df0b00000] [id=1164]
  0x000001c336773dd0 GCTaskThread "GC Thread#6" [stack: 0x0000003df0b00000,0x0000003df0c00000] [id=21748]
  0x000001c33345aae0 GCTaskThread "GC Thread#7" [stack: 0x0000003df1800000,0x0000003df1900000] [id=16368]
  0x000001c30f171ac0 ConcurrentGCThread "G1 Main Marker" [stack: 0x0000003deea00000,0x0000003deeb00000] [id=16236]
  0x000001c30f1730a0 ConcurrentGCThread "G1 Conc#0" [stack: 0x0000003deeb00000,0x0000003deec00000] [id=26776]
  0x000001c33345a4c0 ConcurrentGCThread "G1 Conc#1" [stack: 0x0000003df1600000,0x0000003df1700000] [id=27764]
  0x000001c33345a7d0 ConcurrentGCThread "G1 Conc#2" [stack: 0x0000003df1700000,0x0000003df1800000] [id=22204]
  0x000001c332d97080 ConcurrentGCThread "G1 Refine#0" [stack: 0x0000003deec00000,0x0000003deed00000] [id=24016]
  0x000001c336c3aa80 ConcurrentGCThread "G1 Refine#1" [stack: 0x0000003df0e00000,0x0000003df0f00000] [id=8884]
  0x000001c336c3a400 ConcurrentGCThread "G1 Refine#2" [stack: 0x0000003df0f00000,0x0000003df1000000] [id=14264]
  0x000001c336c3adc0 ConcurrentGCThread "G1 Refine#3" [stack: 0x0000003df1000000,0x0000003df1100000] [id=27320]
  0x000001c336c3b100 ConcurrentGCThread "G1 Refine#4" [stack: 0x0000003df1100000,0x0000003df1200000] [id=28040]
  0x000001c336c3a740 ConcurrentGCThread "G1 Refine#5" [stack: 0x0000003df1200000,0x0000003df1300000] [id=11640]
  0x000001c336c3b780 ConcurrentGCThread "G1 Refine#6" [stack: 0x0000003df1300000,0x0000003df1400000] [id=17564]
  0x000001c336c3b440 ConcurrentGCThread "G1 Refine#7" [stack: 0x0000003df1400000,0x0000003df1500000] [id=25940]
  0x000001c336c39d80 ConcurrentGCThread "G1 Refine#8" [stack: 0x0000003df0500000,0x0000003df0600000] [id=19240]
  0x000001c336c3a0c0 ConcurrentGCThread "G1 Refine#9" [stack: 0x0000003df1500000,0x0000003df1600000] [id=8004]
  0x000001c332d97b00 ConcurrentGCThread "G1 Service" [stack: 0x0000003deed00000,0x0000003deee00000] [id=23664]

Threads with active compile tasks:

VM state: not at safepoint (normal execution)

VM Mutex/Monitor currently owned by a thread: None

Heap address: 0x0000000703000000, size: 4048 MB, Compressed Oops mode: Zero based, Oop shift amount: 3

CDS archive(s) mapped at: [0x0000000800000000-0x0000000800be0000-0x0000000800be0000), size 12451840, SharedBaseAddress: 0x0000000800000000, ArchiveRelocationMode: 0.
Compressed class space mapped at: 0x0000000800c00000-0x0000000840c00000, reserved size: 1073741824
Narrow klass base: 0x0000000800000000, Narrow klass shift: 3, Narrow klass range: 0x100000000

GC Precious Log:
 CPUs: 12 total, 12 available
 Memory: 16185M
 Large Page Support: Disabled
 NUMA Support: Disabled
 Compressed Oops: Enabled (Zero based)
 Heap Region Size: 2M
 Heap Min Capacity: 8M
 Heap Initial Capacity: 254M
 Heap Max Capacity: 4048M
 Pre-touch: Disabled
 Parallel Workers: 10
 Concurrent Workers: 3
 Concurrent Refinement Workers: 10
 Periodic GC: Disabled

Heap:
 garbage-first heap   total 260096K, used 116736K [0x0000000703000000, 0x0000000800000000)
  region size 2048K, 5 young (10240K), 1 survivors (2048K)
 Metaspace       used 8454K, committed 8640K, reserved 1064960K
  class space    used 612K, committed 704K, reserved 1048576K

Heap Regions: E=young(eden), S=young(survivor), O=old, HS=humongous(starts), HC=humongous(continues), CS=collection set, F=free, OA=open archive, CA=closed archive, TAMS=top-at-mark-start (previous, next)
|   0|0x0000000703000000, 0x0000000703200000, 0x0000000703200000|100%| O|  |TAMS 0x0000000703200000, 0x0000000703000000| Untracked 
|   1|0x0000000703200000, 0x0000000703400000, 0x0000000703400000|100%| O|  |TAMS 0x0000000703400000, 0x0000000703200000| Complete 
|   2|0x0000000703400000, 0x0000000703600000, 0x0000000703600000|100%| O|  |TAMS 0x0000000703600000, 0x0000000703400000| Complete 
|   3|0x0000000703600000, 0x0000000703800000, 0x0000000703800000|100%| O|  |TAMS 0x0000000703800000, 0x0000000703600000| Untracked 
|   4|0x0000000703800000, 0x0000000703a00000, 0x0000000703a00000|100%| O|  |TAMS 0x0000000703a00000, 0x0000000703800000| Complete 
|   5|0x0000000703a00000, 0x0000000703c00000, 0x0000000703c00000|100%| O|  |TAMS 0x0000000703c00000, 0x0000000703a00000| Complete 
|   6|0x0000000703c00000, 0x0000000703e00000, 0x0000000703e00000|100%|HS|  |TAMS 0x0000000703e00000, 0x0000000703c00000| Complete 
|   7|0x0000000703e00000, 0x0000000704000000, 0x0000000704000000|100%| O|  |TAMS 0x0000000704000000, 0x0000000703e00000| Complete 
|   8|0x0000000704000000, 0x0000000704200000, 0x0000000704200000|100%| O|  |TAMS 0x0000000704000000, 0x0000000704000000| Untracked 
|   9|0x0000000704200000, 0x0000000704400000, 0x0000000704400000|100%| O|  |TAMS 0x0000000704200000, 0x0000000704200000| Untracked 
|  10|0x0000000704400000, 0x0000000704600000, 0x0000000704600000|100%| O|  |TAMS 0x0000000704600000, 0x0000000704400000| Untracked 
|  11|0x0000000704600000, 0x0000000704600000, 0x0000000704800000|  0%| F|  |TAMS 0x0000000704600000, 0x0000000704600000| Untracked 
|  12|0x0000000704800000, 0x0000000704800000, 0x0000000704a00000|  0%| F|  |TAMS 0x0000000704800000, 0x0000000704800000| Untracked 
|  13|0x0000000704a00000, 0x0000000704c00000, 0x0000000704c00000|100%|HS|  |TAMS 0x0000000704c00000, 0x0000000704a00000| Complete 
|  14|0x0000000704c00000, 0x0000000704e00000, 0x0000000704e00000|100%|HC|  |TAMS 0x0000000704e00000, 0x0000000704c00000| Complete 
|  15|0x0000000704e00000, 0x0000000705000000, 0x0000000705000000|100%|HC|  |TAMS 0x0000000705000000, 0x0000000704e00000| Complete 
|  16|0x0000000705000000, 0x0000000705200000, 0x0000000705200000|100%|HS|  |TAMS 0x0000000705200000, 0x0000000705000000| Complete 
|  17|0x0000000705200000, 0x0000000705400000, 0x0000000705400000|100%|HC|  |TAMS 0x0000000705400000, 0x0000000705200000| Complete 
|  18|0x0000000705400000, 0x0000000705600000, 0x0000000705600000|100%|HC|  |TAMS 0x0000000705600000, 0x0000000705400000| Complete 
|  19|0x0000000705600000, 0x0000000705800000, 0x0000000705800000|100%| O|  |TAMS 0x0000000705800000, 0x0000000705600000| Untracked 
|  20|0x0000000705800000, 0x0000000705800000, 0x0000000705a00000|  0%| F|  |TAMS 0x0000000705800000, 0x0000000705800000| Untracked 
|  21|0x0000000705a00000, 0x0000000705a00000, 0x0000000705c00000|  0%| F|  |TAMS 0x0000000705a00000, 0x0000000705a00000| Untracked 
|  22|0x0000000705c00000, 0x0000000705c00000, 0x0000000705e00000|  0%| F|  |TAMS 0x0000000705c00000, 0x0000000705c00000| Untracked 
|  23|0x0000000705e00000, 0x0000000705e00000, 0x0000000706000000|  0%| F|  |TAMS 0x0000000705e00000, 0x0000000705e00000| Untracked 
|  24|0x0000000706000000, 0x0000000706000000, 0x0000000706200000|  0%| F|  |TAMS 0x0000000706000000, 0x0000000706000000| Untracked 
|  25|0x0000000706200000, 0x0000000706400000, 0x0000000706400000|100%| O|  |TAMS 0x0000000706400000, 0x0000000706200000| Complete 
|  26|0x0000000706400000, 0x0000000706600000, 0x0000000706600000|100%| O|  |TAMS 0x0000000706600000, 0x0000000706400000| Complete 
|  27|0x0000000706600000, 0x0000000706800000, 0x0000000706800000|100%| O|  |TAMS 0x0000000706800000, 0x0000000706600000| Complete 
|  28|0x0000000706800000, 0x0000000706a00000, 0x0000000706a00000|100%| O|  |TAMS 0x0000000706a00000, 0x0000000706800000| Complete 
|  29|0x0000000706a00000, 0x0000000706c00000, 0x0000000706c00000|100%| O|  |TAMS 0x0000000706c00000, 0x0000000706a00000| Complete 
|  30|0x0000000706c00000, 0x0000000706e00000, 0x0000000706e00000|100%| O|  |TAMS 0x0000000706e00000, 0x0000000706c00000| Complete 
|  31|0x0000000706e00000, 0x0000000707000000, 0x0000000707000000|100%| O|  |TAMS 0x0000000707000000, 0x0000000706e00000| Complete 
|  32|0x0000000707000000, 0x0000000707200000, 0x0000000707200000|100%| O|  |TAMS 0x0000000707200000, 0x0000000707000000| Complete 
|  33|0x0000000707200000, 0x0000000707400000, 0x0000000707400000|100%| O|  |TAMS 0x0000000707400000, 0x0000000707200000| Complete 
|  34|0x0000000707400000, 0x0000000707600000, 0x0000000707600000|100%| O|  |TAMS 0x0000000707600000, 0x0000000707400000| Complete 
|  35|0x0000000707600000, 0x0000000707800000, 0x0000000707800000|100%| O|  |TAMS 0x0000000707800000, 0x0000000707600000| Complete 
|  36|0x0000000707800000, 0x0000000707a00000, 0x0000000707a00000|100%| O|  |TAMS 0x0000000707a00000, 0x0000000707800000| Complete 
|  37|0x0000000707a00000, 0x0000000707c00000, 0x0000000707c00000|100%| O|  |TAMS 0x0000000707c00000, 0x0000000707a00000| Complete 
|  38|0x0000000707c00000, 0x0000000707e00000, 0x0000000707e00000|100%| O|  |TAMS 0x0000000707e00000, 0x0000000707c00000| Untracked 
|  39|0x0000000707e00000, 0x0000000708000000, 0x0000000708000000|100%| O|  |TAMS 0x0000000708000000, 0x0000000707e00000| Untracked 
|  40|0x0000000708000000, 0x0000000708200000, 0x0000000708200000|100%| O|  |TAMS 0x0000000708200000, 0x0000000708000000| Untracked 
|  41|0x0000000708200000, 0x0000000708400000, 0x0000000708400000|100%| O|  |TAMS 0x0000000708400000, 0x0000000708200000| Untracked 
|  42|0x0000000708400000, 0x0000000708600000, 0x0000000708600000|100%| O|  |TAMS 0x0000000708600000, 0x0000000708400000| Untracked 
|  43|0x0000000708600000, 0x0000000708800000, 0x0000000708800000|100%| O|  |TAMS 0x0000000708800000, 0x0000000708600000| Untracked 
|  44|0x0000000708800000, 0x0000000708a00000, 0x0000000708a00000|100%| O|  |TAMS 0x0000000708a00000, 0x0000000708800000| Untracked 
|  45|0x0000000708a00000, 0x0000000708c00000, 0x0000000708c00000|100%| O|  |TAMS 0x0000000708c00000, 0x0000000708a00000| Untracked 
|  46|0x0000000708c00000, 0x0000000708e00000, 0x0000000708e00000|100%| O|  |TAMS 0x0000000708e00000, 0x0000000708c00000| Untracked 
|  47|0x0000000708e00000, 0x0000000709000000, 0x0000000709000000|100%| O|  |TAMS 0x0000000709000000, 0x0000000708e00000| Untracked 
|  48|0x0000000709000000, 0x0000000709200000, 0x0000000709200000|100%| O|  |TAMS 0x0000000709200000, 0x0000000709000000| Untracked 
|  49|0x0000000709200000, 0x0000000709400000, 0x0000000709400000|100%| O|  |TAMS 0x0000000709400000, 0x0000000709200000| Untracked 
|  50|0x0000000709400000, 0x0000000709600000, 0x0000000709600000|100%| O|  |TAMS 0x0000000709600000, 0x0000000709400000| Untracked 
|  51|0x0000000709600000, 0x0000000709800000, 0x0000000709800000|100%| O|  |TAMS 0x0000000709800000, 0x0000000709600000| Complete 
|  52|0x0000000709800000, 0x0000000709a00000, 0x0000000709a00000|100%| O|  |TAMS 0x0000000709a00000, 0x0000000709800000| Untracked 
|  53|0x0000000709a00000, 0x0000000709c00000, 0x0000000709c00000|100%| O|  |TAMS 0x0000000709c00000, 0x0000000709a00000| Complete 
|  54|0x0000000709c00000, 0x0000000709e00000, 0x0000000709e00000|100%| O|  |TAMS 0x0000000709c99400, 0x0000000709c00000| Complete 
|  55|0x0000000709e00000, 0x000000070a000000, 0x000000070a000000|100%|HS|  |TAMS 0x000000070a000000, 0x0000000709e00000| Complete 
|  56|0x000000070a000000, 0x000000070a200000, 0x000000070a200000|100%|HC|  |TAMS 0x000000070a200000, 0x000000070a000000| Complete 
|  57|0x000000070a200000, 0x000000070a400000, 0x000000070a400000|100%| O|  |TAMS 0x000000070a200000, 0x000000070a200000| Untracked 
|  58|0x000000070a400000, 0x000000070a600000, 0x000000070a600000|100%| O|  |TAMS 0x000000070a400000, 0x000000070a400000| Untracked 
|  59|0x000000070a600000, 0x000000070a800000, 0x000000070a800000|100%| O|  |TAMS 0x000000070a600000, 0x000000070a600000| Untracked 
|  60|0x000000070a800000, 0x000000070aa00000, 0x000000070aa00000|100%|HS|  |TAMS 0x000000070a800000, 0x000000070a800000| Complete 
|  61|0x000000070aa00000, 0x000000070aa00000, 0x000000070ac00000|  0%| F|  |TAMS 0x000000070aa00000, 0x000000070aa00000| Untracked 
|  62|0x000000070ac00000, 0x000000070ac00000, 0x000000070ae00000|  0%| F|  |TAMS 0x000000070ac00000, 0x000000070ac00000| Untracked 
|  63|0x000000070ae00000, 0x000000070ae00000, 0x000000070b000000|  0%| F|  |TAMS 0x000000070ae00000, 0x000000070ae00000| Untracked 
|  64|0x000000070b000000, 0x000000070b000000, 0x000000070b200000|  0%| F|  |TAMS 0x000000070b000000, 0x000000070b000000| Untracked 
|  65|0x000000070b200000, 0x000000070b200000, 0x000000070b400000|  0%| F|  |TAMS 0x000000070b200000, 0x000000070b200000| Untracked 
|  66|0x000000070b400000, 0x000000070b400000, 0x000000070b600000|  0%| F|  |TAMS 0x000000070b400000, 0x000000070b400000| Untracked 
|  67|0x000000070b600000, 0x000000070b600000, 0x000000070b800000|  0%| F|  |TAMS 0x000000070b600000, 0x000000070b600000| Untracked 
|  68|0x000000070b800000, 0x000000070b800000, 0x000000070ba00000|  0%| F|  |TAMS 0x000000070b800000, 0x000000070b800000| Untracked 
|  69|0x000000070ba00000, 0x000000070ba00000, 0x000000070bc00000|  0%| F|  |TAMS 0x000000070ba00000, 0x000000070ba00000| Untracked 
|  70|0x000000070bc00000, 0x000000070bc00000, 0x000000070be00000|  0%| F|  |TAMS 0x000000070bc00000, 0x000000070bc00000| Untracked 
|  71|0x000000070be00000, 0x000000070be00000, 0x000000070c000000|  0%| F|  |TAMS 0x000000070be00000, 0x000000070be00000| Untracked 
|  72|0x000000070c000000, 0x000000070c000000, 0x000000070c200000|  0%| F|  |TAMS 0x000000070c000000, 0x000000070c000000| Untracked 
|  73|0x000000070c200000, 0x000000070c200000, 0x000000070c400000|  0%| F|  |TAMS 0x000000070c200000, 0x000000070c200000| Untracked 
|  74|0x000000070c400000, 0x000000070c400000, 0x000000070c600000|  0%| F|  |TAMS 0x000000070c400000, 0x000000070c400000| Untracked 
|  75|0x000000070c600000, 0x000000070c600000, 0x000000070c800000|  0%| F|  |TAMS 0x000000070c600000, 0x000000070c600000| Untracked 
|  76|0x000000070c800000, 0x000000070c800000, 0x000000070ca00000|  0%| F|  |TAMS 0x000000070c800000, 0x000000070c800000| Untracked 
|  77|0x000000070ca00000, 0x000000070ca00000, 0x000000070cc00000|  0%| F|  |TAMS 0x000000070ca00000, 0x000000070ca00000| Untracked 
|  78|0x000000070cc00000, 0x000000070cc00000, 0x000000070ce00000|  0%| F|  |TAMS 0x000000070cc00000, 0x000000070cc00000| Untracked 
|  79|0x000000070ce00000, 0x000000070ce00000, 0x000000070d000000|  0%| F|  |TAMS 0x000000070ce00000, 0x000000070ce00000| Untracked 
|  80|0x000000070d000000, 0x000000070d000000, 0x000000070d200000|  0%| F|  |TAMS 0x000000070d000000, 0x000000070d000000| Untracked 
|  81|0x000000070d200000, 0x000000070d200000, 0x000000070d400000|  0%| F|  |TAMS 0x000000070d200000, 0x000000070d200000| Untracked 
|  82|0x000000070d400000, 0x000000070d400000, 0x000000070d600000|  0%| F|  |TAMS 0x000000070d400000, 0x000000070d400000| Untracked 
|  83|0x000000070d600000, 0x000000070d600000, 0x000000070d800000|  0%| F|  |TAMS 0x000000070d600000, 0x000000070d600000| Untracked 
|  84|0x000000070d800000, 0x000000070d800000, 0x000000070da00000|  0%| F|  |TAMS 0x000000070d800000, 0x000000070d800000| Untracked 
|  85|0x000000070da00000, 0x000000070da00000, 0x000000070dc00000|  0%| F|  |TAMS 0x000000070da00000, 0x000000070da00000| Untracked 
|  86|0x000000070dc00000, 0x000000070dc00000, 0x000000070de00000|  0%| F|  |TAMS 0x000000070dc00000, 0x000000070dc00000| Untracked 
|  87|0x000000070de00000, 0x000000070de00000, 0x000000070e000000|  0%| F|  |TAMS 0x000000070de00000, 0x000000070de00000| Untracked 
|  88|0x000000070e000000, 0x000000070e000000, 0x000000070e200000|  0%| F|  |TAMS 0x000000070e000000, 0x000000070e000000| Untracked 
|  89|0x000000070e200000, 0x000000070e200000, 0x000000070e400000|  0%| F|  |TAMS 0x000000070e200000, 0x000000070e200000| Untracked 
|  90|0x000000070e400000, 0x000000070e400000, 0x000000070e600000|  0%| F|  |TAMS 0x000000070e400000, 0x000000070e400000| Untracked 
|  91|0x000000070e600000, 0x000000070e600000, 0x000000070e800000|  0%| F|  |TAMS 0x000000070e600000, 0x000000070e600000| Untracked 
|  92|0x000000070e800000, 0x000000070e800000, 0x000000070ea00000|  0%| F|  |TAMS 0x000000070e800000, 0x000000070e800000| Untracked 
|  93|0x000000070ea00000, 0x000000070ea00000, 0x000000070ec00000|  0%| F|  |TAMS 0x000000070ea00000, 0x000000070ea00000| Untracked 
|  94|0x000000070ec00000, 0x000000070ec00000, 0x000000070ee00000|  0%| F|  |TAMS 0x000000070ec00000, 0x000000070ec00000| Untracked 
|  95|0x000000070ee00000, 0x000000070ee00000, 0x000000070f000000|  0%| F|  |TAMS 0x000000070ee00000, 0x000000070ee00000| Untracked 
|  96|0x000000070f000000, 0x000000070f000000, 0x000000070f200000|  0%| F|  |TAMS 0x000000070f000000, 0x000000070f000000| Untracked 
|  97|0x000000070f200000, 0x000000070f200000, 0x000000070f400000|  0%| F|  |TAMS 0x000000070f200000, 0x000000070f200000| Untracked 
|  98|0x000000070f400000, 0x000000070f400000, 0x000000070f600000|  0%| F|  |TAMS 0x000000070f400000, 0x000000070f400000| Untracked 
|  99|0x000000070f600000, 0x000000070f600000, 0x000000070f800000|  0%| F|  |TAMS 0x000000070f600000, 0x000000070f600000| Untracked 
| 100|0x000000070f800000, 0x000000070f800000, 0x000000070fa00000|  0%| F|  |TAMS 0x000000070f800000, 0x000000070f800000| Untracked 
| 101|0x000000070fa00000, 0x000000070fa00000, 0x000000070fc00000|  0%| F|  |TAMS 0x000000070fa00000, 0x000000070fa00000| Untracked 
| 102|0x000000070fc00000, 0x000000070fc00000, 0x000000070fe00000|  0%| F|  |TAMS 0x000000070fc00000, 0x000000070fc00000| Untracked 
| 103|0x000000070fe00000, 0x000000070fe00000, 0x0000000710000000|  0%| F|  |TAMS 0x000000070fe00000, 0x000000070fe00000| Untracked 
| 104|0x0000000710000000, 0x0000000710000000, 0x0000000710200000|  0%| F|  |TAMS 0x0000000710000000, 0x0000000710000000| Untracked 
| 105|0x0000000710200000, 0x0000000710200000, 0x0000000710400000|  0%| F|  |TAMS 0x0000000710200000, 0x0000000710200000| Untracked 
| 106|0x0000000710400000, 0x0000000710400000, 0x0000000710600000|  0%| F|  |TAMS 0x0000000710400000, 0x0000000710400000| Untracked 
| 107|0x0000000710600000, 0x0000000710600000, 0x0000000710800000|  0%| F|  |TAMS 0x0000000710600000, 0x0000000710600000| Untracked 
| 108|0x0000000710800000, 0x0000000710800000, 0x0000000710a00000|  0%| F|  |TAMS 0x0000000710800000, 0x0000000710800000| Untracked 
| 109|0x0000000710a00000, 0x0000000710a00000, 0x0000000710c00000|  0%| F|  |TAMS 0x0000000710a00000, 0x0000000710a00000| Untracked 
| 110|0x0000000710c00000, 0x0000000710c00000, 0x0000000710e00000|  0%| F|  |TAMS 0x0000000710c00000, 0x0000000710c00000| Untracked 
| 111|0x0000000710e00000, 0x0000000710e00000, 0x0000000711000000|  0%| F|  |TAMS 0x0000000710e00000, 0x0000000710e00000| Untracked 
| 112|0x0000000711000000, 0x0000000711000000, 0x0000000711200000|  0%| F|  |TAMS 0x0000000711000000, 0x0000000711000000| Untracked 
| 113|0x0000000711200000, 0x0000000711200000, 0x0000000711400000|  0%| F|  |TAMS 0x0000000711200000, 0x0000000711200000| Untracked 
| 114|0x0000000711400000, 0x0000000711400000, 0x0000000711600000|  0%| F|  |TAMS 0x0000000711400000, 0x0000000711400000| Untracked 
| 115|0x0000000711600000, 0x0000000711600000, 0x0000000711800000|  0%| F|  |TAMS 0x0000000711600000, 0x0000000711600000| Untracked 
| 116|0x0000000711800000, 0x0000000711800000, 0x0000000711a00000|  0%| F|  |TAMS 0x0000000711800000, 0x0000000711800000| Untracked 
| 117|0x0000000711a00000, 0x0000000711a00000, 0x0000000711c00000|  0%| F|  |TAMS 0x0000000711a00000, 0x0000000711a00000| Untracked 
| 118|0x0000000711c00000, 0x0000000711c00000, 0x0000000711e00000|  0%| F|  |TAMS 0x0000000711c00000, 0x0000000711c00000| Untracked 
| 119|0x0000000711e00000, 0x0000000711e00000, 0x0000000712000000|  0%| F|  |TAMS 0x0000000711e00000, 0x0000000711e00000| Untracked 
| 120|0x0000000712000000, 0x0000000712200000, 0x0000000712200000|100%| S|CS|TAMS 0x0000000712000000, 0x0000000712000000| Complete 
| 121|0x0000000712200000, 0x0000000712200000, 0x0000000712400000|  0%| F|  |TAMS 0x0000000712200000, 0x0000000712200000| Untracked 
| 122|0x0000000712400000, 0x0000000712400000, 0x0000000712600000|  0%| F|  |TAMS 0x0000000712400000, 0x0000000712400000| Untracked 
| 123|0x0000000712600000, 0x00000007126fab70, 0x0000000712800000| 48%| E|  |TAMS 0x0000000712600000, 0x0000000712600000| Complete 
| 124|0x0000000712800000, 0x0000000712a00000, 0x0000000712a00000|100%| E|CS|TAMS 0x0000000712800000, 0x0000000712800000| Complete 
| 125|0x0000000712a00000, 0x0000000712c00000, 0x0000000712c00000|100%| E|  |TAMS 0x0000000712a00000, 0x0000000712a00000| Complete 
| 126|0x0000000712c00000, 0x0000000712e00000, 0x0000000712e00000|100%| E|CS|TAMS 0x0000000712c00000, 0x0000000712c00000| Complete 

Card table byte_map: [0x000001c327800000,0x000001c327ff0000] _byte_map_base: 0x000001c323fe8000

Marking Bits (Prev, Next): (CMBitMap*) 0x000001c30f15fcc0, (CMBitMap*) 0x000001c30f15fc80
 Prev Bits: [0x000001c32c720000, 0x000001c330660000)
 Next Bits: [0x000001c3287e0000, 0x000001c32c720000)

Polling page: 0x000001c30e8c0000

Metaspace:

Usage:
  Non-class:      7.66 MB used.
      Class:    612.83 KB used.
       Both:      8.26 MB used.

Virtual space:
  Non-class space:       16.00 MB reserved,       7.75 MB ( 48%) committed,  2 nodes.
      Class space:        1.00 GB reserved,     704.00 KB ( <1%) committed,  1 nodes.
              Both:        1.02 GB reserved,       8.44 MB ( <1%) committed. 

Chunk freelists:
   Non-Class:  2.41 MB
       Class:  3.26 MB
        Both:  5.67 MB

MaxMetaspaceSize: 17179869184.00 GB
CompressedClassSpaceSize: 1.00 GB
 - commit_granule_bytes: 65536.
 - commit_granule_words: 8192.
 - virtual_space_node_default_size: 1048576.
 - enlarge_chunks_in_place: 1.
 - new_chunks_are_fully_committed: 0.
 - uncommit_free_chunks: 1.
 - use_allocation_guard: 0.
 - handle_deallocations: 1.


Internal statistics:

num_allocs_failed_limit: 0.
num_arena_births: 64.
num_arena_deaths: 0.
num_vsnodes_births: 3.
num_vsnodes_deaths: 0.
num_space_committed: 133.
num_space_uncommitted: 0.
num_chunks_returned_to_freelist: 0.
num_chunks_taken_from_freelist: 299.
num_chunk_merges: 0.
num_chunk_splits: 225.
num_chunks_enlarged: 191.
num_purges: 0.

CodeHeap 'non-profiled nmethods': size=120000Kb used=1178Kb max_used=1178Kb free=118821Kb
 bounds [0x000001c31f580000, 0x000001c31f7f0000, 0x000001c326ab0000]
CodeHeap 'profiled nmethods': size=120000Kb used=3970Kb max_used=3970Kb free=116029Kb
 bounds [0x000001c318050000, 0x000001c318440000, 0x000001c31f580000]
CodeHeap 'non-nmethods': size=5760Kb used=1646Kb max_used=1676Kb free=4114Kb
 bounds [0x000001c317ab0000, 0x000001c317d20000, 0x000001c318050000]
 total_blobs=3067 nmethods=1987 adapters=993
 compilation: enabled
              stopped_count=0, restarted_count=0
 full_count=0

Compilation events (20 events):
Event: 15.353 Thread 0x000001c33334d3f0 1980       1       com.badlogic.gdx.utils.viewport.Viewport::getScreenX (5 bytes)
Event: 15.353 Thread 0x000001c33334d3f0 nmethod 1980 0x000001c31f6a4990 code [0x000001c31f6a4b20, 0x000001c31f6a4bf8]
Event: 15.353 Thread 0x000001c33334d3f0 1981       1       com.badlogic.gdx.utils.viewport.Viewport::getScreenWidth (5 bytes)
Event: 15.353 Thread 0x000001c33334d3f0 nmethod 1981 0x000001c31f6a4c90 code [0x000001c31f6a4e20, 0x000001c31f6a4ef8]
Event: 15.353 Thread 0x000001c33334d3f0 1982       1       com.badlogic.gdx.utils.viewport.Viewport::getScreenY (5 bytes)
Event: 15.353 Thread 0x000001c33334d3f0 nmethod 1982 0x000001c31f6a4f90 code [0x000001c31f6a5120, 0x000001c31f6a51f8]
Event: 15.353 Thread 0x000001c33334d3f0 1983       1       com.badlogic.gdx.utils.viewport.Viewport::getScreenHeight (5 bytes)
Event: 15.353 Thread 0x000001c33334d3f0 nmethod 1983 0x000001c31f6a5290 code [0x000001c31f6a5420, 0x000001c31f6a54f8]
Event: 15.422 Thread 0x000001c334224d50 1984       4       jdk.internal.misc.Unsafe::checkSize (32 bytes)
Event: 15.422 Thread 0x000001c334224d50 nmethod 1984 0x000001c31f6a5590 code [0x000001c31f6a5720, 0x000001c31f6a57b8]
Event: 15.633 Thread 0x000001c334224d50 1985       4       java.util.Arrays::rangeCheck (74 bytes)
Event: 15.634 Thread 0x000001c334224d50 nmethod 1985 0x000001c31f6a5890 code [0x000001c31f6a5a20, 0x000001c31f6a5ad8]
Event: 15.950 Thread 0x000001c334224d50 1986       4       com.badlogic.gdx.backends.lwjgl3.Sync$RunningAvg::avg (37 bytes)
Event: 15.953 Thread 0x000001c334224d50 nmethod 1986 0x000001c31f6a5b90 code [0x000001c31f6a5d20, 0x000001c31f6a5e78]
Event: 16.168 Thread 0x000001c334224d50 1987       4       jdk.internal.misc.Unsafe::checkNativeAddress (28 bytes)
Event: 16.168 Thread 0x000001c334224d50 nmethod 1987 0x000001c31f6a5f90 code [0x000001c31f6a6100, 0x000001c31f6a6178]
Event: 16.233 Thread 0x000001c334224d50 1988       4       com.badlogic.gdx.utils.Array::clear (19 bytes)
Event: 16.237 Thread 0x000001c334224d50 nmethod 1988 0x000001c31f6a6290 code [0x000001c31f6a6420, 0x000001c31f6a66f8]
Event: 16.518 Thread 0x000001c333348c60 1989       4       com.badlogic.gdx.scenes.scene2d.utils.ClickListener::isVisualPressed (40 bytes)
Event: 16.518 Thread 0x000001c333348c60 nmethod 1989 0x000001c31f6a6890 code [0x000001c31f6a6a20, 0x000001c31f6a6ad8]

GC Heap History (14 events):
Event: 1.004 GC heap before
{Heap before GC invocations=0 (full 0):
 garbage-first heap   total 260096K, used 20480K [0x0000000703000000, 0x0000000800000000)
  region size 2048K, 11 young (22528K), 0 survivors (0K)
 Metaspace       used 6998K, committed 7168K, reserved 1064960K
  class space    used 515K, committed 640K, reserved 1048576K
}
Event: 1.009 GC heap after
{Heap after GC invocations=1 (full 0):
 garbage-first heap   total 260096K, used 2721K [0x0000000703000000, 0x0000000800000000)
  region size 2048K, 2 young (4096K), 2 survivors (4096K)
 Metaspace       used 6998K, committed 7168K, reserved 1064960K
  class space    used 515K, committed 640K, reserved 1048576K
}
Event: 10.706 GC heap before
{Heap before GC invocations=1 (full 0):
 garbage-first heap   total 260096K, used 33441K [0x0000000703000000, 0x0000000800000000)
  region size 2048K, 18 young (36864K), 2 survivors (4096K)
 Metaspace       used 7623K, committed 7808K, reserved 1064960K
  class space    used 539K, committed 640K, reserved 1048576K
}
Event: 10.709 GC heap after
{Heap after GC invocations=2 (full 0):
 garbage-first heap   total 260096K, used 3905K [0x0000000703000000, 0x0000000800000000)
  region size 2048K, 2 young (4096K), 2 survivors (4096K)
 Metaspace       used 7623K, committed 7808K, reserved 1064960K
  class space    used 539K, committed 640K, reserved 1048576K
}
Event: 13.908 GC heap before
{Heap before GC invocations=2 (full 0):
 garbage-first heap   total 260096K, used 132929K [0x0000000703000000, 0x0000000800000000)
  region size 2048K, 41 young (83968K), 2 survivors (4096K)
 Metaspace       used 7980K, committed 8192K, reserved 1064960K
  class space    used 568K, committed 640K, reserved 1048576K
}
Event: 14.021 GC heap after
{Heap after GC invocations=3 (full 0):
 garbage-first heap   total 260096K, used 96282K [0x0000000703000000, 0x0000000800000000)
  region size 2048K, 6 young (12288K), 6 survivors (12288K)
 Metaspace       used 7980K, committed 8192K, reserved 1064960K
  class space    used 568K, committed 640K, reserved 1048576K
}
Event: 14.032 GC heap before
{Heap before GC invocations=3 (full 0):
 garbage-first heap   total 260096K, used 96282K [0x0000000703000000, 0x0000000800000000)
  region size 2048K, 7 young (14336K), 6 survivors (12288K)
 Metaspace       used 7980K, committed 8192K, reserved 1064960K
  class space    used 568K, committed 640K, reserved 1048576K
}
Event: 14.051 GC heap after
{Heap after GC invocations=4 (full 0):
 garbage-first heap   total 260096K, used 101376K [0x0000000703000000, 0x0000000800000000)
  region size 2048K, 1 young (2048K), 1 survivors (2048K)
 Metaspace       used 7980K, committed 8192K, reserved 1064960K
  class space    used 568K, committed 640K, reserved 1048576K
}
Event: 14.059 GC heap before
{Heap before GC invocations=4 (full 0):
 garbage-first heap   total 260096K, used 111616K [0x0000000703000000, 0x0000000800000000)
  region size 2048K, 6 young (12288K), 1 survivors (2048K)
 Metaspace       used 7980K, committed 8192K, reserved 1064960K
  class space    used 568K, committed 640K, reserved 1048576K
}
Event: 14.067 GC heap after
{Heap after GC invocations=5 (full 0):
 garbage-first heap   total 260096K, used 113253K [0x0000000703000000, 0x0000000800000000)
  region size 2048K, 1 young (2048K), 1 survivors (2048K)
 Metaspace       used 7980K, committed 8192K, reserved 1064960K
  class space    used 568K, committed 640K, reserved 1048576K
}
Event: 14.073 GC heap before
{Heap before GC invocations=5 (full 0):
 garbage-first heap   total 260096K, used 123493K [0x0000000703000000, 0x0000000800000000)
  region size 2048K, 5 young (10240K), 1 survivors (2048K)
 Metaspace       used 7980K, committed 8192K, reserved 1064960K
  class space    used 568K, committed 640K, reserved 1048576K
}
Event: 14.083 GC heap after
{Heap after GC invocations=6 (full 0):
 garbage-first heap   total 260096K, used 124928K [0x0000000703000000, 0x0000000800000000)
  region size 2048K, 1 young (2048K), 1 survivors (2048K)
 Metaspace       used 7980K, committed 8192K, reserved 1064960K
  class space    used 568K, committed 640K, reserved 1048576K
}
Event: 14.786 GC heap before
{Heap before GC invocations=7 (full 0):
 garbage-first heap   total 260096K, used 118784K [0x0000000703000000, 0x0000000800000000)
  region size 2048K, 6 young (12288K), 1 survivors (2048K)
 Metaspace       used 8431K, committed 8640K, reserved 1064960K
  class space    used 611K, committed 704K, reserved 1048576K
}
Event: 14.791 GC heap after
{Heap after GC invocations=8 (full 0):
 garbage-first heap   total 260096K, used 112640K [0x0000000703000000, 0x0000000800000000)
  region size 2048K, 1 young (2048K), 1 survivors (2048K)
 Metaspace       used 8431K, committed 8640K, reserved 1064960K
  class space    used 611K, committed 704K, reserved 1048576K
}

Deoptimization events (20 events):
Event: 14.253 Thread 0x000001c30cfcafe0 DEOPT PACKING pc=0x000001c31f6570b8 sp=0x0000003dee8fecf0
Event: 14.253 Thread 0x000001c30cfcafe0 DEOPT UNPACKING pc=0x000001c317afd72e sp=0x0000003dee8fec80 mode 2
Event: 14.256 Thread 0x000001c30cfcafe0 Uncommon trap: trap_request=0xffffffc6 fr.pc=0x000001c31f6570b8 relative=0x0000000000000438
Event: 14.256 Thread 0x000001c30cfcafe0 Uncommon trap: reason=bimorphic_or_optimized_type_check action=maybe_recompile pc=0x000001c31f6570b8 method=com.badlogic.gdx.graphics.g2d.TextureRegion.setRegion(IIII)V @ 50 c2
Event: 14.256 Thread 0x000001c30cfcafe0 DEOPT PACKING pc=0x000001c31f6570b8 sp=0x0000003dee8fecd0
Event: 14.256 Thread 0x000001c30cfcafe0 DEOPT UNPACKING pc=0x000001c317afd72e sp=0x0000003dee8fec60 mode 2
Event: 14.259 Thread 0x000001c30cfcafe0 Uncommon trap: trap_request=0xffffffc6 fr.pc=0x000001c31f6570b8 relative=0x0000000000000438
Event: 14.259 Thread 0x000001c30cfcafe0 Uncommon trap: reason=bimorphic_or_optimized_type_check action=maybe_recompile pc=0x000001c31f6570b8 method=com.badlogic.gdx.graphics.g2d.TextureRegion.setRegion(IIII)V @ 50 c2
Event: 14.259 Thread 0x000001c30cfcafe0 DEOPT PACKING pc=0x000001c31f6570b8 sp=0x0000003dee8fecd0
Event: 14.259 Thread 0x000001c30cfcafe0 DEOPT UNPACKING pc=0x000001c317afd72e sp=0x0000003dee8fec60 mode 2
Event: 14.350 Thread 0x000001c30cfcafe0 DEOPT PACKING pc=0x000001c3182da452 sp=0x0000003dee8fe620
Event: 14.350 Thread 0x000001c30cfcafe0 DEOPT UNPACKING pc=0x000001c317afdece sp=0x0000003dee8fdb68 mode 0
Event: 15.157 Thread 0x000001c30cfcafe0 Uncommon trap: trap_request=0xffffff45 fr.pc=0x000001c31f6a1d20 relative=0x0000000000000860
Event: 15.157 Thread 0x000001c30cfcafe0 Uncommon trap: reason=unstable_if action=reinterpret pc=0x000001c31f6a1d20 method=com.badlogic.gdx.physics.box2d.Box2DDebugRenderer.getColorByBody(Lcom/badlogic/gdx/physics/box2d/Body;)Lcom/badlogic/gdx/graphics/Color; @ 46 c2
Event: 15.157 Thread 0x000001c30cfcafe0 DEOPT PACKING pc=0x000001c31f6a1d20 sp=0x0000003dee8fed60
Event: 15.157 Thread 0x000001c30cfcafe0 DEOPT UNPACKING pc=0x000001c317afd72e sp=0x0000003dee8fecc0 mode 2
Event: 15.192 Thread 0x000001c30cfcafe0 Uncommon trap: trap_request=0xffffff45 fr.pc=0x000001c31f698dbc relative=0x00000000000000fc
Event: 15.192 Thread 0x000001c30cfcafe0 Uncommon trap: reason=unstable_if action=reinterpret pc=0x000001c31f698dbc method=com.badlogic.gdx.physics.box2d.Box2DDebugRenderer.getColorByBody(Lcom/badlogic/gdx/physics/box2d/Body;)Lcom/badlogic/gdx/graphics/Color; @ 46 c2
Event: 15.192 Thread 0x000001c30cfcafe0 DEOPT PACKING pc=0x000001c31f698dbc sp=0x0000003dee8fed20
Event: 15.192 Thread 0x000001c30cfcafe0 DEOPT UNPACKING pc=0x000001c317afd72e sp=0x0000003dee8fecb0 mode 2

Classes unloaded (0 events):
No events

Classes redefined (0 events):
No events

Internal exceptions (20 events):
Event: 0.304 Thread 0x000001c30cfcafe0 Exception <a 'sun/nio/fs/WindowsException'{0x000000071277fbd0}> (0x000000071277fbd0) 
thrown [c:\wsjdk\correttojdksrc\installers\windows\zip\corretto-build\buildroot\src\hotspot\share\prims\jni.cpp, line 579]
Event: 0.304 Thread 0x000001c30cfcafe0 Exception <a 'sun/nio/fs/WindowsException'{0x0000000712780120}> (0x0000000712780120) 
thrown [c:\wsjdk\correttojdksrc\installers\windows\zip\corretto-build\buildroot\src\hotspot\share\prims\jni.cpp, line 579]
Event: 0.315 Thread 0x000001c30cfcafe0 Exception <a 'java/lang/NoSuchMethodError'{0x00000007127c5230}: 'int java.lang.invoke.DirectMethodHandle$Holder.invokeStaticInit(java.lang.Object, java.lang.Object, int, long)'> (0x00000007127c5230) 
thrown [c:\wsjdk\correttojdksrc\installers\windows\zip\corretto-build\buildroot\src\hotspot\share\interpreter\linkResolver.cpp, line 790]
Event: 0.317 Thread 0x000001c30cfcafe0 Exception <a 'java/lang/NoSuchMethodError'{0x00000007127cadd0}: 'java.lang.Object java.lang.invoke.DirectMethodHandle$Holder.newInvokeSpecial(java.lang.Object, java.lang.Object, int)'> (0x00000007127cadd0) 
thrown [c:\wsjdk\correttojdksrc\installers\windows\zip\corretto-build\buildroot\src\hotspot\share\interpreter\linkResolver.cpp, line 790]
Event: 0.319 Thread 0x000001c30cfcafe0 Exception <a 'java/lang/NoSuchMethodError'{0x00000007127e0278}: 'int java.lang.invoke.DirectMethodHandle$Holder.invokeStaticInit(java.lang.Object, java.lang.Object, long, long)'> (0x00000007127e0278) 
thrown [c:\wsjdk\correttojdksrc\installers\windows\zip\corretto-build\buildroot\src\hotspot\share\interpreter\linkResolver.cpp, line 790]
Event: 0.320 Thread 0x000001c30cfcafe0 Exception <a 'java/lang/NoSuchMethodError'{0x00000007127e6620}: 'java.lang.Object java.lang.invoke.DirectMethodHandle$Holder.newInvokeSpecial(java.lang.Object, java.lang.Object, long)'> (0x00000007127e6620) 
thrown [c:\wsjdk\correttojdksrc\installers\windows\zip\corretto-build\buildroot\src\hotspot\share\interpreter\linkResolver.cpp, line 790]
Event: 0.320 Thread 0x000001c30cfcafe0 Exception <a 'java/lang/NoSuchMethodError'{0x00000007127ea778}: 'java.lang.Object java.lang.invoke.Invokers$Holder.linkToTargetMethod(java.lang.Object, long, java.lang.Object)'> (0x00000007127ea778) 
thrown [c:\wsjdk\correttojdksrc\installers\windows\zip\corretto-build\buildroot\src\hotspot\share\interpreter\linkResolver.cpp, line 790]
Event: 0.321 Thread 0x000001c30cfcafe0 Exception <a 'java/lang/NoSuchMethodError'{0x00000007127f2220}: 'int java.lang.invoke.DirectMethodHandle$Holder.invokeStaticInit(java.lang.Object, java.lang.Object, java.lang.Object, long)'> (0x00000007127f2220) 
thrown [c:\wsjdk\correttojdksrc\installers\windows\zip\corretto-build\buildroot\src\hotspot\share\interpreter\linkResolver.cpp, line 790]
Event: 0.345 Thread 0x000001c30cfcafe0 Exception <a 'sun/nio/fs/WindowsException'{0x00000007124b06b0}> (0x00000007124b06b0) 
thrown [c:\wsjdk\correttojdksrc\installers\windows\zip\corretto-build\buildroot\src\hotspot\share\prims\jni.cpp, line 579]
Event: 0.345 Thread 0x000001c30cfcafe0 Exception <a 'sun/nio/fs/WindowsException'{0x00000007124b0a40}> (0x00000007124b0a40) 
thrown [c:\wsjdk\correttojdksrc\installers\windows\zip\corretto-build\buildroot\src\hotspot\share\prims\jni.cpp, line 579]
Event: 0.371 Thread 0x000001c30cfcafe0 Exception <a 'sun/nio/fs/WindowsException'{0x0000000712578ca8}> (0x0000000712578ca8) 
thrown [c:\wsjdk\correttojdksrc\installers\windows\zip\corretto-build\buildroot\src\hotspot\share\prims\jni.cpp, line 579]
Event: 0.371 Thread 0x000001c30cfcafe0 Exception <a 'sun/nio/fs/WindowsException'{0x0000000712579008}> (0x0000000712579008) 
thrown [c:\wsjdk\correttojdksrc\installers\windows\zip\corretto-build\buildroot\src\hotspot\share\prims\jni.cpp, line 579]
Event: 0.415 Thread 0x000001c30cfcafe0 Exception <a 'sun/nio/fs/WindowsException'{0x0000000712218708}> (0x0000000712218708) 
thrown [c:\wsjdk\correttojdksrc\installers\windows\zip\corretto-build\buildroot\src\hotspot\share\prims\jni.cpp, line 579]
Event: 0.415 Thread 0x000001c30cfcafe0 Exception <a 'sun/nio/fs/WindowsException'{0x0000000712218a88}> (0x0000000712218a88) 
thrown [c:\wsjdk\correttojdksrc\installers\windows\zip\corretto-build\buildroot\src\hotspot\share\prims\jni.cpp, line 579]
Event: 0.466 Thread 0x000001c30cfcafe0 Exception <a 'java/lang/NoSuchMethodError'{0x0000000712269370}: 'java.lang.Object java.lang.invoke.DirectMethodHandle$Holder.newInvokeSpecial(java.lang.Object, long)'> (0x0000000712269370) 
thrown [c:\wsjdk\correttojdksrc\installers\windows\zip\corretto-build\buildroot\src\hotspot\share\interpreter\linkResolver.cpp, line 790]
Event: 0.586 Thread 0x000001c30cfcafe0 Exception <a 'sun/nio/fs/WindowsException'{0x00000007123a98a8}> (0x00000007123a98a8) 
thrown [c:\wsjdk\correttojdksrc\installers\windows\zip\corretto-build\buildroot\src\hotspot\share\prims\jni.cpp, line 579]
Event: 0.586 Thread 0x000001c30cfcafe0 Exception <a 'sun/nio/fs/WindowsException'{0x00000007123a9c50}> (0x00000007123a9c50) 
thrown [c:\wsjdk\correttojdksrc\installers\windows\zip\corretto-build\buildroot\src\hotspot\share\prims\jni.cpp, line 579]
Event: 0.590 Thread 0x000001c30cfcafe0 Exception <a 'sun/nio/fs/WindowsException'{0x00000007123bf570}> (0x00000007123bf570) 
thrown [c:\wsjdk\correttojdksrc\installers\windows\zip\corretto-build\buildroot\src\hotspot\share\prims\jni.cpp, line 579]
Event: 0.590 Thread 0x000001c30cfcafe0 Exception <a 'sun/nio/fs/WindowsException'{0x00000007123bf850}> (0x00000007123bf850) 
thrown [c:\wsjdk\correttojdksrc\installers\windows\zip\corretto-build\buildroot\src\hotspot\share\prims\jni.cpp, line 579]
Event: 7.278 Thread 0x000001c30cfcafe0 Implicit null exception at 0x000001c31f618bf4 to 0x000001c31f618e78

Events (20 events):
Event: 14.260 loading class jdk/internal/reflect/ClassFileAssembler done
Event: 14.260 loading class jdk/internal/reflect/UTF8
Event: 14.260 loading class jdk/internal/reflect/UTF8 done
Event: 14.260 loading class jdk/internal/reflect/Label
Event: 14.260 loading class jdk/internal/reflect/Label done
Event: 14.260 loading class jdk/internal/reflect/Label$PatchInfo
Event: 14.260 loading class jdk/internal/reflect/Label$PatchInfo done
Event: 14.261 loading class jdk/internal/reflect/MethodAccessorGenerator$1
Event: 14.261 loading class jdk/internal/reflect/MethodAccessorGenerator$1 done
Event: 14.261 loading class jdk/internal/reflect/ClassDefiner
Event: 14.261 loading class jdk/internal/reflect/ClassDefiner done
Event: 14.261 loading class jdk/internal/reflect/ClassDefiner$1
Event: 14.261 loading class jdk/internal/reflect/ClassDefiner$1 done
Event: 14.261 loading class jdk/internal/reflect/BootstrapConstructorAccessorImpl
Event: 14.261 loading class jdk/internal/reflect/BootstrapConstructorAccessorImpl done
Event: 14.786 Executing  VM operation: G1CollectForAllocation
Event: 14.791 Executing  VM operation: G1CollectForAllocation done
Event: 15.791 Executing  VM operation: Cleanup
Event: 15.792 Executing  VM operation: Cleanup done
Event: 16.518 Thread 0x000001c334224d50 Thread exited: 0x000001c334224d50


Dynamic libraries:
0x00007ff6bd8a0000 - 0x00007ff6bd8ad000 	C:\Users\parth\.jdks\corretto-16.0.2\bin\java.exe
0x00007fffd5950000 - 0x00007fffd5b48000 	C:\WINDOWS\SYSTEM32\ntdll.dll
0x00007fffd5430000 - 0x00007fffd54ef000 	C:\WINDOWS\System32\KERNEL32.DLL
0x00007fffd3090000 - 0x00007fffd3362000 	C:\WINDOWS\System32\KERNELBASE.dll
0x0000000057cc0000 - 0x0000000057ff0000 	C:\Program Files\Norton Security\NortonData\22.21.9.25\Definitions\IPSDefs\20221129.063\IPSEng64.dll
0x00007fffd5370000 - 0x00007fffd541e000 	C:\WINDOWS\System32\ADVAPI32.dll
0x00007fffd51f0000 - 0x00007fffd528e000 	C:\WINDOWS\System32\msvcrt.dll
0x00007fffd4250000 - 0x00007fffd42ec000 	C:\WINDOWS\System32\sechost.dll
0x00007fffd4920000 - 0x00007fffd4a45000 	C:\WINDOWS\System32\RPCRT4.dll
0x00007fffd4a90000 - 0x00007fffd4a98000 	C:\WINDOWS\System32\PSAPI.DLL
0x00007fffd35d0000 - 0x00007fffd36d0000 	C:\WINDOWS\System32\ucrtbase.dll
0x00007fffc54f0000 - 0x00007fffc5508000 	C:\Users\parth\.jdks\corretto-16.0.2\bin\jli.dll
0x00007fffa9d00000 - 0x00007fffa9d15000 	C:\Users\parth\.jdks\corretto-16.0.2\bin\VCRUNTIME140.dll
0x00007fffd5760000 - 0x00007fffd5901000 	C:\WINDOWS\System32\USER32.dll
0x00007fffc4860000 - 0x00007fffc4afa000 	C:\WINDOWS\WinSxS\amd64_microsoft.windows.common-controls_6595b64144ccf1df_6.0.19041.1110_none_60b5254171f9507e\COMCTL32.dll
0x00007fffd3370000 - 0x00007fffd3392000 	C:\WINDOWS\System32\win32u.dll
0x00007fffd40e0000 - 0x00007fffd410b000 	C:\WINDOWS\System32\GDI32.dll
0x00007fffd34c0000 - 0x00007fffd35cf000 	C:\WINDOWS\System32\gdi32full.dll
0x00007fffd36d0000 - 0x00007fffd376d000 	C:\WINDOWS\System32\msvcp_win.dll
0x00007fffd4a50000 - 0x00007fffd4a82000 	C:\WINDOWS\System32\IMM32.DLL
0x00007fff7d970000 - 0x00007fff7da0b000 	C:\Users\parth\.jdks\corretto-16.0.2\bin\msvcp140.dll
0x00007ffefaf70000 - 0x00007ffefbb79000 	C:\Users\parth\.jdks\corretto-16.0.2\bin\server\jvm.dll
0x00007fffb7bb0000 - 0x00007fffb7bd7000 	C:\WINDOWS\SYSTEM32\WINMM.dll
0x00007fffc83c0000 - 0x00007fffc83ca000 	C:\WINDOWS\SYSTEM32\VERSION.dll
0x00007fffb5b60000 - 0x00007fffb5b69000 	C:\WINDOWS\SYSTEM32\WSOCK32.dll
0x00007fffd52a0000 - 0x00007fffd530b000 	C:\WINDOWS\System32\WS2_32.dll
0x00007fffd1840000 - 0x00007fffd1852000 	C:\WINDOWS\SYSTEM32\kernel.appcore.dll
0x00007fffc7360000 - 0x00007fffc736a000 	C:\Users\parth\.jdks\corretto-16.0.2\bin\jimage.dll
0x00007fffd0cf0000 - 0x00007fffd0ed4000 	C:\WINDOWS\SYSTEM32\DBGHELP.DLL
0x00007fffc5d30000 - 0x00007fffc5d65000 	C:\WINDOWS\SYSTEM32\dbgcore.DLL
0x00007fffd3900000 - 0x00007fffd3982000 	C:\WINDOWS\System32\bcryptPrimitives.dll
0x00007fffa9cd0000 - 0x00007fffa9cf5000 	C:\Users\parth\.jdks\corretto-16.0.2\bin\java.dll
0x00007fffd4aa0000 - 0x00007fffd51e4000 	C:\WINDOWS\System32\SHELL32.dll
0x00007fffd10a0000 - 0x00007fffd1832000 	C:\WINDOWS\SYSTEM32\windows.storage.dll
0x00007fffd4410000 - 0x00007fffd4765000 	C:\WINDOWS\System32\combase.dll
0x00007fffd2aa0000 - 0x00007fffd2ad0000 	C:\WINDOWS\SYSTEM32\Wldp.dll
0x00007fffd4030000 - 0x00007fffd40dd000 	C:\WINDOWS\System32\SHCORE.dll
0x00007fffd3fb0000 - 0x00007fffd4005000 	C:\WINDOWS\System32\shlwapi.dll
0x00007fffd2f80000 - 0x00007fffd2f9f000 	C:\WINDOWS\SYSTEM32\profapi.dll
0x00007fffa9b30000 - 0x00007fffa9b49000 	C:\Users\parth\.jdks\corretto-16.0.2\bin\net.dll
0x00007fffca260000 - 0x00007fffca36c000 	C:\WINDOWS\SYSTEM32\WINHTTP.dll
0x00007fffd2800000 - 0x00007fffd286a000 	C:\WINDOWS\system32\mswsock.dll
0x00007fffa9ad0000 - 0x00007fffa9ae3000 	C:\Users\parth\.jdks\corretto-16.0.2\bin\nio.dll
0x00007fffa9ab0000 - 0x00007fffa9ac8000 	C:\Users\parth\.jdks\corretto-16.0.2\bin\zip.dll
0x0000000055c40000 - 0x0000000055c69000 	C:\Users\parth\AppData\Local\Temp\libgdxparth\e787ab0a\gdx64.dll
0x00007fff9fde0000 - 0x00007fff9fe55000 	C:\Users\parth\AppData\Local\Temp\lwjglparth\3.3.1-build-7\lwjgl.dll
0x00007fff68cc0000 - 0x00007fff68f19000 	C:\Users\parth\AppData\Local\Temp\lwjglparth\3.3.1-build-7\jemalloc.dll
0x00007fff984f0000 - 0x00007fff98551000 	C:\Users\parth\AppData\Local\Temp\lwjglparth\3.3.1-build-7\glfw.dll
0x00007fff25790000 - 0x00007fff257d5000 	C:\WINDOWS\SYSTEM32\dinput8.dll
0x00007fffc5590000 - 0x00007fffc55a1000 	C:\WINDOWS\SYSTEM32\xinput1_4.dll
0x00007fffd3040000 - 0x00007fffd308e000 	C:\WINDOWS\System32\cfgmgr32.dll
0x00007fffd2df0000 - 0x00007fffd2e1c000 	C:\WINDOWS\SYSTEM32\DEVOBJ.dll
0x00007fffd08b0000 - 0x00007fffd08df000 	C:\WINDOWS\SYSTEM32\dwmapi.dll
0x00007fffb7350000 - 0x00007fffb74a2000 	C:\WINDOWS\SYSTEM32\inputhost.dll
0x00007fffd3ee0000 - 0x00007fffd3fad000 	C:\WINDOWS\System32\OLEAUT32.dll
0x00007fffcc2e0000 - 0x00007fffcc434000 	C:\WINDOWS\SYSTEM32\wintypes.dll
0x00007fffccd10000 - 0x00007fffcce02000 	C:\WINDOWS\SYSTEM32\CoreMessaging.dll
0x00007fffd0600000 - 0x00007fffd06f6000 	C:\WINDOWS\SYSTEM32\PROPSYS.dll
0x00007fffcc9b0000 - 0x00007fffccd0e000 	C:\WINDOWS\SYSTEM32\CoreUIComponents.dll
0x00007fffd21d0000 - 0x00007fffd2203000 	C:\WINDOWS\SYSTEM32\ntmarta.dll
0x00007fffcd0b0000 - 0x00007fffcd14e000 	C:\WINDOWS\system32\uxtheme.dll
0x00007fffd42f0000 - 0x00007fffd4405000 	C:\WINDOWS\System32\MSCTF.dll
0x00007fff68b20000 - 0x00007fff68cb7000 	C:\Users\parth\AppData\Local\Temp\lwjglparth\3.3.1-build-7\OpenAL.dll
0x00007fffd5630000 - 0x00007fffd575a000 	C:\WINDOWS\System32\ole32.dll
0x00007fffd54f0000 - 0x00007fffd559f000 	C:\WINDOWS\System32\clbcatq.dll
0x00007fffc84e0000 - 0x00007fffc8565000 	C:\WINDOWS\System32\MMDevApi.dll
0x00007fffc8870000 - 0x00007fffc89f2000 	C:\WINDOWS\SYSTEM32\AUDIOSES.DLL
0x00007fffd2610000 - 0x00007fffd265b000 	C:\WINDOWS\SYSTEM32\powrprof.dll
0x00007fffd2480000 - 0x00007fffd2492000 	C:\WINDOWS\SYSTEM32\UMPDC.dll
0x00007fffd07b0000 - 0x00007fffd07c4000 	C:\WINDOWS\SYSTEM32\resourcepolicyclient.dll
0x00007fff8f010000 - 0x00007fff8f135000 	C:\WINDOWS\SYSTEM32\opengl32.dll
0x00007fff928a0000 - 0x00007fff928cc000 	C:\WINDOWS\SYSTEM32\GLU32.dll
0x00007fffc79e0000 - 0x00007fffc7ad7000 	C:\Windows\System32\AppXDeploymentClient.dll
0x00007fff2d700000 - 0x00007fff2e6c4000 	C:\WINDOWS\System32\DriverStore\FileRepository\iigd_dch.inf_amd64_f854c91489b3fbb5\ig9icd64.dll
0x00007fffd18d0000 - 0x00007fffd19c3000 	C:\WINDOWS\system32\dxgi.dll
0x00007fff68230000 - 0x00007fff6866c000 	C:\WINDOWS\System32\DriverStore\FileRepository\iigd_dch.inf_amd64_f854c91489b3fbb5\igdml64.dll
0x00007fffbef10000 - 0x00007fffbf246000 	C:\WINDOWS\System32\DriverStore\FileRepository\iigd_dch.inf_amd64_f854c91489b3fbb5\igdgmm64.dll
0x00007fffbc180000 - 0x00007fffbef0f000 	C:\WINDOWS\System32\DriverStore\FileRepository\iigd_dch.inf_amd64_f854c91489b3fbb5\igc64.dll
0x00007fff89000000 - 0x00007fff8905d000 	C:\Users\parth\AppData\Local\Temp\lwjglparth\3.3.1-build-7\lwjgl_opengl.dll
0x00007fffb9f40000 - 0x00007fffba039000 	C:\WINDOWS\SYSTEM32\textinputframework.dll
0x00007fff945d0000 - 0x00007fff94636000 	C:\WINDOWS\system32\Oleacc.dll
0x00007fff90740000 - 0x00007fff90a35000 	C:\Windows\System32\uiautomationcore.dll
0x00007fffd2a10000 - 0x00007fffd2a1c000 	C:\WINDOWS\SYSTEM32\CRYPTBASE.DLL
0x0000000055be0000 - 0x0000000055c3a000 	C:\Users\parth\AppData\Local\Temp\libgdxparth\888fe1bc\gdx-box2d64.dll

dbghelp: loaded successfully - version: 4.0.5 - missing functions: none
symbol engine: initialized successfully - sym options: 0x614 - pdb path: .;C:\Users\parth\.jdks\corretto-16.0.2\bin;C:\WINDOWS\SYSTEM32;C:\Program Files\Norton Security\NortonData\22.21.9.25\Definitions\IPSDefs\20221129.063;C:\WINDOWS\WinSxS\amd64_microsoft.windows.common-controls_6595b64144ccf1df_6.0.19041.1110_none_60b5254171f9507e;C:\Users\parth\.jdks\corretto-16.0.2\bin\server;C:\Users\parth\AppData\Local\Temp\libgdxparth\e787ab0a;C:\Users\parth\AppData\Local\Temp\lwjglparth\3.3.1-build-7;C:\WINDOWS\System32\DriverStore\FileRepository\iigd_dch.inf_amd64_f854c91489b3fbb5;C:\Users\parth\AppData\Local\Temp\libgdxparth\888fe1bc

VM Arguments:
jvm_args: -Dfile.encoding=windows-1252 -Duser.country=US -Duser.language=en -Duser.variant 
java_command: com.mygdx.game.DesktopLauncher
java_class_path (initial): C:\Users\parth\OneDrive\Desktop\AP TankStar\desktop\build\classes\java\main;C:\Users\parth\OneDrive\Desktop\AP TankStar\desktop\build\resources\main;C:\Users\parth\.gradle\caches\modules-2\files-2.1\com.badlogicgames.gdx\gdx-backend-lwjgl3\1.11.0\58a96db4cd349be4292d547856aa1e1c5f065f4e\gdx-backend-lwjgl3-1.11.0.jar;C:\Users\parth\.gradle\caches\modules-2\files-2.1\com.badlogicgames.gdx\gdx-platform\1.11.0\697fb13eada6d3c6ca648c9788692b0159add126\gdx-platform-1.11.0-natives-desktop.jar;C:\Users\parth\.gradle\caches\modules-2\files-2.1\com.badlogicgames.gdx\gdx-bullet-platform\1.11.0\2c067b913a306ba26d482075297538ad91cdb88b\gdx-bullet-platform-1.11.0-natives-desktop.jar;C:\Users\parth\.gradle\caches\modules-2\files-2.1\com.badlogicgames.gdx\gdx-freetype-platform\1.11.0\420e2c2c206843a0d51010be28a141a1eb946235\gdx-freetype-platform-1.11.0-natives-desktop.jar;C:\Users\parth\.gradle\caches\modules-2\files-2.1\com.badlogicgames.gdx-controllers\gdx-controllers-desktop\2.2.1\cb3430c32468a090eca54d494d16bb3764ceff9b\gdx-controllers-desktop-2.2.1.jar;C:\Users\parth\.gradle\caches\modules-2\files-2.1\com.badlogicgames.gdx\gdx-box2d-platform\1.11.0\62ff9baa1e57a11e0a4428a38c9660bf9f312fdc\gdx-box2d-platform-1.11.0-natives-desktop.jar;C:\Users\parth\OneDrive\Desktop\AP TankStar\core\build\libs\core-1.0.jar;C:\Users\parth\.gradle\caches\modules-2\files-2.1\com.badlogicgames.gdx-controllers\gdx-controllers-core\2.2.1\8aca0dc002a8daf6a6d28f49c44e25189dd93fd7\gdx-controllers-core-2.2.1.jar;C:\Users\parth\.gradle\caches\modules-2\files-2.1\com.badlogicgames.gdx\gdx-bullet\1.11.0\1eb83845fa655e7e8ab6bbb979d28b0502ad3302\gdx-bullet-1.11.0.jar;C:\Users\parth\.gradle\caches\modules-2\files-2.1\com.badlogicgames.gdx\gdx-freetype\1.11.0\a3634ad2e6c56d251268d6ab5c0f66eee2841f2c\gdx-freetype-1.11.0.jar;C:\Users\parth\.gradle\caches\modules-2\files-2.1\com.badlogicgames.box2dlights\box2dlights\1.5\6902dbcd250c95a27973aa24a147a95b3828d348\box2dlights-1.5.jar;C:\Us
Launcher Type: SUN_STANDARD

[Global flags]
     intx CICompilerCount                          = 4                                         {product} {ergonomic}
     uint ConcGCThreads                            = 3                                         {product} {ergonomic}
     uint G1ConcRefinementThreads                  = 10                                        {product} {ergonomic}
   size_t G1HeapRegionSize                         = 2097152                                   {product} {ergonomic}
    uintx GCDrainStackTargetSize                   = 64                                        {product} {ergonomic}
   size_t InitialHeapSize                          = 266338304                                 {product} {ergonomic}
   size_t MarkStackSize                            = 4194304                                   {product} {ergonomic}
   size_t MaxHeapSize                              = 4244635648                                {product} {ergonomic}
   size_t MaxNewSize                               = 2545942528                                {product} {ergonomic}
   size_t MinHeapDeltaBytes                        = 2097152                                   {product} {ergonomic}
   size_t MinHeapSize                              = 8388608                                   {product} {ergonomic}
    uintx NonNMethodCodeHeapSize                   = 5839372                                {pd product} {ergonomic}
    uintx NonProfiledCodeHeapSize                  = 122909434                              {pd product} {ergonomic}
    uintx ProfiledCodeHeapSize                     = 122909434                              {pd product} {ergonomic}
    uintx ReservedCodeCacheSize                    = 251658240                              {pd product} {ergonomic}
     bool SegmentedCodeCache                       = true                                      {product} {ergonomic}
   size_t SoftMaxHeapSize                          = 4244635648                             {manageable} {ergonomic}
     bool UseCompressedClassPointers               = true                           {product lp64_product} {ergonomic}
     bool UseCompressedOops                        = true                           {product lp64_product} {ergonomic}
     bool UseG1GC                                  = true                                      {product} {ergonomic}
     bool UseLargePagesIndividualAllocation        = false                                  {pd product} {ergonomic}

Logging:
Log output configuration:
 #0: stdout all=warning uptime,level,tags
 #1: stderr all=off uptime,level,tags

Environment Variables:
JAVA_HOME=C:\Users\parth\Downloads\jdk-17_windows-x64_bin.exe
PATH=C:\Program Files\Common Files\Oracle\Java\javapath;C:\Windows\system32;C:\Windows;C:\Windows\System32\Wbem;C:\Windows\System32\WindowsPowerShell\v1.0\;C:\Windows\System32\OpenSSH\;C:\Program Files (x86)\NVIDIA Corporation\PhysX\Common;C:\Program Files\NVIDIA Corporation\NVIDIA NvDLISR;C:\WINDOWS\system32;C:\WINDOWS;C:\WINDOWS\System32\Wbem;C:\WINDOWS\System32\WindowsPowerShell\v1.0\;C:\WINDOWS\System32\OpenSSH\;C:\Program Files\mingw-w64\x86_64-8.1.0-posix-seh-rt_v6-rev0\mingw64\bin;C:\Program Files\dotnet\;C:\Program Files\Git\cmd;C:\Program Files\MySQL\MySQL Shell 8.0\bin\;C:\Users\parth\AppData\Local\Microsoft\WindowsApps;C:\Program Files\JetBrains\IntelliJ IDEA Community Edition 2021.2.3\bin;;C:\Program Files\Java\jdk-17.0.1\bin;C:\Users\parth\AppData\Local\Programs\Microsoft VS Code\bin;C:\Program Files\mingw-w64\x86_64-8.1.0-posix-seh-rt_v6-rev0\mingw64\bin;
USERNAME=parth
OS=Windows_NT
PROCESSOR_IDENTIFIER=Intel64 Family 6 Model 165 Stepping 2, GenuineIntel



---------------  S Y S T E M  ---------------

OS:
 Windows 10 , 64 bit Build 19041 (10.0.19041.2364)
OS uptime: 1 days 3:34 hours
Hyper-V role detected

CPU: total 12 (initial active 12) (6 cores per cpu, 2 threads per core) family 6 model 165 stepping 2 microcode 0xea, cx8, cmov, fxsr, ht, mmx, 3dnowpref, sse, sse2, sse3, ssse3, sse4.1, sse4.2, popcnt, lzcnt, tsc, tscinvbit, avx, avx2, aes, erms, clmul, bmi1, bmi2, adx, fma, vzeroupper, clflush, clflushopt, hv

Memory: 4k page, system-wide physical 16185M (2424M free)
TotalPageFile size 55097M (AvailPageFile size 25664M)
current process WorkingSet (physical memory assigned to process): 1193M, peak: 1193M
current process commit charge ("private bytes"): 1275M, peak: 1275M

vm_info: OpenJDK 64-Bit Server VM (16.0.2+7) for windows-amd64 JRE (16.0.2+7), built on Jul 22 2021 01:11:46 by "Administrator" with MS VC++ 15.9 (VS2017)

END.
