#
# A fatal error has been detected by the Java Runtime Environment:
#
#  EXCEPTION_ACCESS_VIOLATION (0xc0000005) at pc=0x00007fffd52644e6, pid=29080, tid=23688
#
# JRE version: OpenJDK Runtime Environment Corretto-16.0.2.7.1 (16.0.2+7) (build 16.0.2+7)
# Java VM: OpenJDK 64-Bit Server VM Corretto-16.0.2.7.1 (16.0.2+7, mixed mode, sharing, tiered, compressed oops, compressed class ptrs, g1 gc, windows-amd64)
# Problematic frame:
# C  [msvcrt.dll+0x744e6]
#
# No core dump will be written. Minidumps are not enabled by default on client versions of Windows
#
# If you would like to submit a bug report, please visit:
#   https://github.com/corretto/corretto-jdk/issues/
# The crash happened outside the Java Virtual Machine in native code.
# See problematic frame for where to report the bug.
#

---------------  S U M M A R Y ------------

Command Line: -Dfile.encoding=windows-1252 -Duser.country=US -Duser.language=en -Duser.variant com.mygdx.game.DesktopLauncher

Host: Intel(R) Core(TM) i7-10750H CPU @ 2.60GHz, 12 cores, 15G,  Windows 10 , 64 bit Build 19041 (10.0.19041.2364)
Time: Mon Dec 19 20:47:00 2022 India Standard Time elapsed time: 9.721406 seconds (0d 0h 0m 9s)

---------------  T H R E A D  ---------------

Current thread (0x000001e81f011a60):  JavaThread "main" [_thread_in_native, id=23688, stack(0x000000596c900000,0x000000596ca00000)]

Stack: [0x000000596c900000,0x000000596ca00000],  sp=0x000000596c9fed78,  free space=1019k
Native frames: (J=compiled Java code, j=interpreted, Vv=VM code, C=native code)
C  [msvcrt.dll+0x744e6]
C  [gdx64.dll+0x2241]

Java frames: (J=compiled Java code, j=interpreted, Vv=VM code)
J 1441  com.badlogic.gdx.utils.BufferUtils.copyJni([FLjava/nio/Buffer;II)V (0 bytes) @ 0x000001e82f534d20 [0x000001e82f534ca0+0x0000000000000080]
J 1805 c2 com.badlogic.gdx.graphics.g2d.SpriteBatch.flush()V (193 bytes) @ 0x000001e82f589e20 [0x000001e82f589ca0+0x0000000000000180]
J 1679 c2 com.badlogic.gdx.graphics.g2d.SpriteBatch.draw(Lcom/badlogic/gdx/graphics/Texture;[FII)V (165 bytes) @ 0x000001e82f564ff4 [0x000001e82f564de0+0x0000000000000214]
J 1667 c2 com.badlogic.gdx.maps.tiled.renderers.OrthogonalTiledMapRenderer.renderTileLayer(Lcom/badlogic/gdx/maps/tiled/TiledMapTileLayer;)V (995 bytes) @ 0x000001e82f563c18 [0x000001e82f563900+0x0000000000000318]
j  com.badlogic.gdx.maps.tiled.renderers.BatchTiledMapRenderer.renderMapLayer(Lcom/badlogic/gdx/maps/MapLayer;)V+78
j  com.badlogic.gdx.maps.tiled.renderers.BatchTiledMapRenderer.render()V+36
j  com.mygdx.game.InGameScreen.render(F)V+740
j  com.badlogic.gdx.Game.render()V+19
j  com.mygdx.game.TankStar.render()V+1
J 1499 c1 com.badlogic.gdx.backends.lwjgl3.Lwjgl3Window.update()Z (217 bytes) @ 0x000001e828211be4 [0x000001e828210fe0+0x0000000000000c04]
j  com.badlogic.gdx.backends.lwjgl3.Lwjgl3Application.loop()V+111
j  com.badlogic.gdx.backends.lwjgl3.Lwjgl3Application.<init>(Lcom/badlogic/gdx/ApplicationListener;Lcom/badlogic/gdx/backends/lwjgl3/Lwjgl3ApplicationConfiguration;)V+269
j  com.mygdx.game.DesktopLauncher.main([Ljava/lang/String;)V+47
v  ~StubRoutines::call_stub

siginfo: EXCEPTION_ACCESS_VIOLATION (0xc0000005), writing address 0x000001e84e0b3000


Register to memory mapping:

RIP=0x00007fffd52644e6 msvcrt.dll
RAX=0x000001e84e0b2010 points into unknown readable memory: 0x4344000044470000 | 00 00 47 44 00 00 44 43
RBX=0x000001e81f011d70 points into unknown readable memory: 0x000001e84446ed80 | 80 ed 46 44 e8 01 00 00
RCX=0x000001e84e0b3020 is an unknown value
RDX=0xfffffe1eb9ec0c60 is an unknown value
RSP=0x000000596c9fed78 is pointing into the stack for thread: 0x000001e81f011a60
RBP=0x000000596c9fee10 is pointing into the stack for thread: 0x000001e81f011a60
RSI=0x0000000000004e20 is an unknown value
RDI=0x0 is NULL
R8 =0x0000000000000030 is an unknown value
R9 =0x00000000000004a1 is an unknown value
R10=0x00007ffefbabb8a0 jvm.dll
R11=0x0000000707f864f0 is an oop: [B 
{0x0000000707f864f0} - klass: {type array byte}
 - length: 5
R12=0x000001e84e0b2010 points into unknown readable memory: 0x4344000044470000 | 00 00 47 44 00 00 44 43
R13=0x0000000707f72c70 is pointing into object: [F 
{0x0000000707f72c60} - klass: {type array float}
 - length: 20000
R14=0x000000596c9fee40 is pointing into the stack for thread: 0x000001e81f011a60
R15=0x000001e81f011a60 is a thread


Registers:
RAX=0x000001e84e0b2010, RBX=0x000001e81f011d70, RCX=0x000001e84e0b3020, RDX=0xfffffe1eb9ec0c60
RSP=0x000000596c9fed78, RBP=0x000000596c9fee10, RSI=0x0000000000004e20, RDI=0x0000000000000000
R8 =0x0000000000000030, R9 =0x00000000000004a1, R10=0x00007ffefbabb8a0, R11=0x0000000707f864f0
R12=0x000001e84e0b2010, R13=0x0000000707f72c70, R14=0x000000596c9fee40, R15=0x000001e81f011a60
RIP=0x00007fffd52644e6, EFLAGS=0x0000000000010202

Top of Stack: (sp=0x000000596c9fed78)
0x000000596c9fed78:   0000000055c42241 000001e81f011d70
0x000000596c9fed88:   000000596c9fee10 0000000000004e20
0x000000596c9fed98:   0000000000000000 0000000000000000
0x000000596c9feda8:   0000000707f72c60 00000000e09854c1
0x000000596c9fedb8:   0000000000000000 000000596c9fee50
0x000000596c9fedc8:   0000000000000000 0000000000000000
0x000000596c9fedd8:   000001e82f534dc0 0000000000000000
0x000000596c9fede8:   000001e82f51dd94 0000000000000de1
0x000000596c9fedf8:   000000596c9fee50 0000000000004e20
0x000000596c9fee08:   0000000000000000 0000000707f72c60
0x000000596c9fee18:   0000000704c2a608 00000059e0985df2
0x000000596c9fee28:   00000007037fdfe0 000001e84c4ed620
0x000000596c9fee38:   000000596c9fef70 00000007037fc6a8
0x000000596c9fee48:   00000007037fe038 0000000704c2ef10
0x000000596c9fee58:   000001e82f589e20 0000000707f68eb8
0x000000596c9fee68:   e0985de200001770 0000000700004e20 

Instructions: (pc=0x00007fffd52644e6)
0x00007fffd52643e6:   0f 10 02 42 0f 10 4c 02 f0 0f 11 01 42 0f 11 4c
0x00007fffd52643f6:   01 f0 c3 0f 1f 80 00 00 00 00 4d 85 c0 74 15 48
0x00007fffd5264406:   2b d1 72 16 44 8a 1c 11 48 ff c1 49 ff c8 44 88
0x00007fffd5264416:   59 ff 75 f0 c3 0f 1f 44 00 00 49 03 c8 44 8a 5c
0x00007fffd5264426:   11 ff 48 ff c9 49 ff c8 44 88 19 75 f0 c3 66 66
0x00007fffd5264436:   66 66 0f 1f 84 00 00 00 00 00 4e 8d 1c 02 48 2b
0x00007fffd5264446:   d1 73 09 4c 3b d9 0f 87 6e 01 00 00 0f 10 04 11
0x00007fffd5264456:   48 83 c1 10 f6 c1 0f 74 12 48 83 e1 f0 0f 10 0c
0x00007fffd5264466:   11 0f 11 00 0f 28 c1 48 83 c1 10 4c 03 c0 4c 2b
0x00007fffd5264476:   c1 4d 8b c8 49 c1 e9 06 74 6f 49 81 f9 00 10 00
0x00007fffd5264486:   00 0f 87 b3 00 00 00 49 83 e0 3f eb 2d 66 66 66
0x00007fffd5264496:   66 66 66 66 0f 1f 84 00 00 00 00 00 66 66 66 66
0x00007fffd52644a6:   66 66 66 0f 1f 84 00 00 00 00 00 66 66 66 66 66
0x00007fffd52644b6:   66 66 0f 1f 84 00 00 00 00 00 0f 10 0c 11 0f 10
0x00007fffd52644c6:   54 11 10 0f 10 5c 11 20 0f 10 64 11 30 0f 29 41
0x00007fffd52644d6:   f0 48 83 c1 40 49 ff c9 0f 29 49 c0 0f 29 51 d0
0x00007fffd52644e6:   0f 29 59 e0 0f 28 c4 75 d1 4d 8b c8 49 c1 e9 04
0x00007fffd52644f6:   74 19 0f 1f 84 00 00 00 00 00 0f 29 41 f0 0f 10
0x00007fffd5264506:   04 11 48 83 c1 10 49 ff c9 75 ef 49 83 e0 0f 74
0x00007fffd5264516:   0e 4e 8d 5c 01 f0 41 0f 10 0c 13 41 0f 11 0b 0f
0x00007fffd5264526:   29 41 f0 c3 66 66 66 66 66 66 66 0f 1f 84 00 00
0x00007fffd5264536:   00 00 00 0f 1f 80 00 00 00 00 4d 8b c8 49 c1 e9
0x00007fffd5264546:   06 49 83 e0 3f 0f 18 44 11 40 eb 2e 66 66 66 66
0x00007fffd5264556:   66 66 66 0f 1f 84 00 00 00 00 00 66 66 66 66 66
0x00007fffd5264566:   66 66 0f 1f 84 00 00 00 00 00 66 66 66 66 66 66
0x00007fffd5264576:   66 0f 1f 84 00 00 00 00 00 90 0f 10 0c 11 0f 10
0x00007fffd5264586:   54 11 10 0f 10 5c 11 20 0f 10 64 11 30 0f 2b 41
0x00007fffd5264596:   f0 48 83 c1 40 0f 18 44 11 40 49 ff c9 0f 2b 49
0x00007fffd52645a6:   c0 0f 2b 51 d0 0f 2b 59 e0 0f 28 c4 75 cc 0f ae
0x00007fffd52645b6:   f8 e9 33 ff ff ff 0f 1f 40 00 49 03 c8 0f 10 44
0x00007fffd52645c6:   11 f0 48 83 e9 10 49 83 e8 10 f6 c1 0f 74 18 4c
0x00007fffd52645d6:   8b d9 48 83 e1 f0 0f 10 0c 11 41 0f 11 03 0f 28 


Stack slot to memory mapping:
stack at sp + 0 slots: 0x0000000055c42241 gdx64.dll
stack at sp + 1 slots: 0x000001e81f011d70 points into unknown readable memory: 0x000001e84446ed80 | 80 ed 46 44 e8 01 00 00
stack at sp + 2 slots: 0x000000596c9fee10 is pointing into the stack for thread: 0x000001e81f011a60
stack at sp + 3 slots: 0x0000000000004e20 is an unknown value
stack at sp + 4 slots: 0x0 is NULL
stack at sp + 5 slots: 0x0 is NULL
stack at sp + 6 slots: 0x0000000707f72c60 is an oop: [F 
{0x0000000707f72c60} - klass: {type array float}
 - length: 20000
stack at sp + 7 slots: 3768079553 is a compressed pointer to object: java.nio.DirectByteBuffer 
{0x0000000704c2a608} - klass: 'java/nio/DirectByteBuffer'


---------------  P R O C E S S  ---------------

Threads class SMR info:
_java_thread_list=0x000001e8442d5a80, length=13, elements={
0x000001e81f011a60, 0x000001e843267d00, 0x000001e843268bc0, 0x000001e84327e0e0,
0x000001e843c030a0, 0x000001e843c099d0, 0x000001e843c0c0d0, 0x000001e843c1c4a0,
0x000001e843c20ef0, 0x000001e843c25860, 0x000001e843c0bb80, 0x000001e843c0d0c0,
0x000001e843c0e600
}

Java Threads: ( => current thread )
=>0x000001e81f011a60 JavaThread "main" [_thread_in_native, id=23688, stack(0x000000596c900000,0x000000596ca00000)]
  0x000001e843267d00 JavaThread "Reference Handler" daemon [_thread_blocked, id=27524, stack(0x000000596d000000,0x000000596d100000)]
  0x000001e843268bc0 JavaThread "Finalizer" daemon [_thread_blocked, id=9720, stack(0x000000596d100000,0x000000596d200000)]
  0x000001e84327e0e0 JavaThread "Signal Dispatcher" daemon [_thread_blocked, id=22220, stack(0x000000596d200000,0x000000596d300000)]
  0x000001e843c030a0 JavaThread "Attach Listener" daemon [_thread_blocked, id=16100, stack(0x000000596d300000,0x000000596d400000)]
  0x000001e843c099d0 JavaThread "Service Thread" daemon [_thread_blocked, id=12060, stack(0x000000596d400000,0x000000596d500000)]
  0x000001e843c0c0d0 JavaThread "Monitor Deflation Thread" daemon [_thread_blocked, id=26304, stack(0x000000596d500000,0x000000596d600000)]
  0x000001e843c1c4a0 JavaThread "C2 CompilerThread0" daemon [_thread_blocked, id=11964, stack(0x000000596d600000,0x000000596d700000)]
  0x000001e843c20ef0 JavaThread "C1 CompilerThread0" daemon [_thread_blocked, id=27692, stack(0x000000596d700000,0x000000596d800000)]
  0x000001e843c25860 JavaThread "Sweeper thread" daemon [_thread_blocked, id=20280, stack(0x000000596d800000,0x000000596d900000)]
  0x000001e843c0bb80 JavaThread "Notification Thread" daemon [_thread_blocked, id=30700, stack(0x000000596d900000,0x000000596da00000)]
  0x000001e843c0d0c0 JavaThread "Common-Cleaner" daemon [_thread_blocked, id=11696, stack(0x000000596db00000,0x000000596dc00000)]
  0x000001e843c0e600 JavaThread "LWJGL3 Timer" daemon [_thread_blocked, id=12212, stack(0x000000596ec00000,0x000000596ed00000)]

Other Threads:
  0x000001e84325f8f0 VMThread "VM Thread" [stack: 0x000000596cf00000,0x000000596d000000] [id=29692]
  0x000001e843d4e630 WatcherThread [stack: 0x000000596da00000,0x000000596db00000] [id=12152]
  0x000001e81f0603a0 GCTaskThread "GC Thread#0" [stack: 0x000000596ca00000,0x000000596cb00000] [id=3220]
  0x000001e846304030 GCTaskThread "GC Thread#1" [stack: 0x000000596dc00000,0x000000596dd00000] [id=12992]
  0x000001e846302b50 GCTaskThread "GC Thread#2" [stack: 0x000000596e600000,0x000000596e700000] [id=12332]
  0x000001e846302e60 GCTaskThread "GC Thread#3" [stack: 0x000000596e700000,0x000000596e800000] [id=9936]
  0x000001e846238970 GCTaskThread "GC Thread#4" [stack: 0x000000596e800000,0x000000596e900000] [id=19696]
  0x000001e8461615c0 GCTaskThread "GC Thread#5" [stack: 0x000000596e900000,0x000000596ea00000] [id=21388]
  0x000001e84634a5c0 GCTaskThread "GC Thread#6" [stack: 0x000000596ea00000,0x000000596eb00000] [id=13828]
  0x000001e8469a90c0 GCTaskThread "GC Thread#7" [stack: 0x000000596f500000,0x000000596f600000] [id=11008]
  0x000001e81f0710e0 ConcurrentGCThread "G1 Main Marker" [stack: 0x000000596cb00000,0x000000596cc00000] [id=27020]
  0x000001e81f072cb0 ConcurrentGCThread "G1 Conc#0" [stack: 0x000000596cc00000,0x000000596cd00000] [id=22644]
  0x000001e81f0bdc60 ConcurrentGCThread "G1 Refine#0" [stack: 0x000000596cd00000,0x000000596ce00000] [id=5112]
  0x000001e846172cc0 ConcurrentGCThread "G1 Refine#1" [stack: 0x000000596ee00000,0x000000596ef00000] [id=30356]
  0x000001e8467c8160 ConcurrentGCThread "G1 Refine#2" [stack: 0x000000596ef00000,0x000000596f000000] [id=6768]
  0x000001e84d2a1dc0 ConcurrentGCThread "G1 Refine#3" [stack: 0x000000596f000000,0x000000596f100000] [id=3976]
  0x000001e84d2d22a0 ConcurrentGCThread "G1 Refine#4" [stack: 0x000000596f100000,0x000000596f200000] [id=18920]
  0x000001e846b64380 ConcurrentGCThread "G1 Refine#5" [stack: 0x000000596f200000,0x000000596f300000] [id=28084]
  0x000001e84d2222a0 ConcurrentGCThread "G1 Refine#6" [stack: 0x000000596f300000,0x000000596f400000] [id=21932]
  0x000001e84d205b50 ConcurrentGCThread "G1 Refine#7" [stack: 0x000000596f400000,0x000000596f500000] [id=4780]
  0x000001e84d205e90 ConcurrentGCThread "G1 Refine#8" [stack: 0x000000596f600000,0x000000596f700000] [id=13476]
  0x000001e84d2054d0 ConcurrentGCThread "G1 Refine#9" [stack: 0x000000596f700000,0x000000596f800000] [id=18984]
  0x000001e81f0be6e0 ConcurrentGCThread "G1 Service" [stack: 0x000000596ce00000,0x000000596cf00000] [id=23992]

Threads with active compile tasks:

VM state: not at safepoint (normal execution)

VM Mutex/Monitor currently owned by a thread: None

Heap address: 0x0000000703000000, size: 4048 MB, Compressed Oops mode: Zero based, Oop shift amount: 3

CDS archive(s) mapped at: [0x0000000800000000-0x0000000800be0000-0x0000000800be0000), size 12451840, SharedBaseAddress: 0x0000000800000000, ArchiveRelocationMode: 0.
Compressed class space mapped at: 0x0000000800c00000-0x0000000840c00000, reserved size: 1073741824
Narrow klass base: 0x0000000800000000, Narrow klass shift: 3, Narrow klass range: 0x100000000

GC Precious Log:
 CPUs: 12 total, 12 available
 Memory: 16185M
 Large Page Support: Disabled
 NUMA Support: Disabled
 Compressed Oops: Enabled (Zero based)
 Heap Region Size: 2M
 Heap Min Capacity: 8M
 Heap Initial Capacity: 254M
 Heap Max Capacity: 4048M
 Pre-touch: Disabled
 Parallel Workers: 10
 Concurrent Workers: 3
 Concurrent Refinement Workers: 10
 Periodic GC: Disabled

Heap:
 garbage-first heap   total 260096K, used 131948K [0x0000000703000000, 0x0000000800000000)
  region size 2048K, 5 young (10240K), 1 survivors (2048K)
 Metaspace       used 8382K, committed 8576K, reserved 1064960K
  class space    used 610K, committed 704K, reserved 1048576K

Heap Regions: E=young(eden), S=young(survivor), O=old, HS=humongous(starts), HC=humongous(continues), CS=collection set, F=free, OA=open archive, CA=closed archive, TAMS=top-at-mark-start (previous, next)
|   0|0x0000000703000000, 0x0000000703200000, 0x0000000703200000|100%| O|  |TAMS 0x0000000703000000, 0x0000000703000000| Untracked 
|   1|0x0000000703200000, 0x0000000703400000, 0x0000000703400000|100%|HS|  |TAMS 0x0000000703200000, 0x0000000703200000| Complete 
|   2|0x0000000703400000, 0x0000000703600000, 0x0000000703600000|100%| O|  |TAMS 0x0000000703400000, 0x0000000703400000| Untracked 
|   3|0x0000000703600000, 0x0000000703800000, 0x0000000703800000|100%| O|  |TAMS 0x0000000703600000, 0x0000000703600000| Untracked 
|   4|0x0000000703800000, 0x0000000703a00000, 0x0000000703a00000|100%|HS|  |TAMS 0x0000000703800000, 0x0000000703800000| Complete 
|   5|0x0000000703a00000, 0x0000000703c00000, 0x0000000703c00000|100%|HC|  |TAMS 0x0000000703a00000, 0x0000000703a00000| Complete 
|   6|0x0000000703c00000, 0x0000000703e00000, 0x0000000703e00000|100%|HS|  |TAMS 0x0000000703c00000, 0x0000000703c00000| Complete 
|   7|0x0000000703e00000, 0x0000000704000000, 0x0000000704000000|100%| O|  |TAMS 0x0000000703e00000, 0x0000000703e00000| Untracked 
|   8|0x0000000704000000, 0x0000000704200000, 0x0000000704200000|100%|HS|  |TAMS 0x0000000704000000, 0x0000000704000000| Complete 
|   9|0x0000000704200000, 0x0000000704400000, 0x0000000704400000|100%|HC|  |TAMS 0x0000000704200000, 0x0000000704200000| Complete 
|  10|0x0000000704400000, 0x0000000704600000, 0x0000000704600000|100%|HC|  |TAMS 0x0000000704400000, 0x0000000704400000| Complete 
|  11|0x0000000704600000, 0x0000000704800000, 0x0000000704800000|100%|HS|  |TAMS 0x0000000704600000, 0x0000000704600000| Complete 
|  12|0x0000000704800000, 0x0000000704a00000, 0x0000000704a00000|100%|HC|  |TAMS 0x0000000704800000, 0x0000000704800000| Complete 
|  13|0x0000000704a00000, 0x0000000704c00000, 0x0000000704c00000|100%|HC|  |TAMS 0x0000000704a00000, 0x0000000704a00000| Complete 
|  14|0x0000000704c00000, 0x0000000704e00000, 0x0000000704e00000|100%| O|  |TAMS 0x0000000704c00000, 0x0000000704c00000| Untracked 
|  15|0x0000000704e00000, 0x0000000705000000, 0x0000000705000000|100%|HS|  |TAMS 0x0000000704e00000, 0x0000000704e00000| Complete 
|  16|0x0000000705000000, 0x0000000705200000, 0x0000000705200000|100%|HS|  |TAMS 0x0000000705000000, 0x0000000705000000| Complete 
|  17|0x0000000705200000, 0x0000000705400000, 0x0000000705400000|100%|HC|  |TAMS 0x0000000705200000, 0x0000000705200000| Complete 
|  18|0x0000000705400000, 0x0000000705600000, 0x0000000705600000|100%|HS|  |TAMS 0x0000000705400000, 0x0000000705400000| Complete 
|  19|0x0000000705600000, 0x0000000705800000, 0x0000000705800000|100%| O|  |TAMS 0x0000000705600000, 0x0000000705600000| Untracked 
|  20|0x0000000705800000, 0x0000000705a00000, 0x0000000705a00000|100%|HS|  |TAMS 0x0000000705800000, 0x0000000705800000| Complete 
|  21|0x0000000705a00000, 0x0000000705c00000, 0x0000000705c00000|100%|HS|  |TAMS 0x0000000705a00000, 0x0000000705a00000| Complete 
|  22|0x0000000705c00000, 0x0000000705e00000, 0x0000000705e00000|100%|HC|  |TAMS 0x0000000705c00000, 0x0000000705c00000| Complete 
|  23|0x0000000705e00000, 0x0000000706000000, 0x0000000706000000|100%|HS|  |TAMS 0x0000000705e00000, 0x0000000705e00000| Complete 
|  24|0x0000000706000000, 0x0000000706200000, 0x0000000706200000|100%| O|  |TAMS 0x0000000706000000, 0x0000000706000000| Untracked 
|  25|0x0000000706200000, 0x0000000706400000, 0x0000000706400000|100%| O|  |TAMS 0x0000000706200000, 0x0000000706200000| Untracked 
|  26|0x0000000706400000, 0x0000000706600000, 0x0000000706600000|100%| O|  |TAMS 0x0000000706400000, 0x0000000706400000| Untracked 
|  27|0x0000000706600000, 0x0000000706800000, 0x0000000706800000|100%| O|  |TAMS 0x0000000706600000, 0x0000000706600000| Untracked 
|  28|0x0000000706800000, 0x0000000706a00000, 0x0000000706a00000|100%| O|  |TAMS 0x0000000706800000, 0x0000000706800000| Untracked 
|  29|0x0000000706a00000, 0x0000000706c00000, 0x0000000706c00000|100%| O|  |TAMS 0x0000000706a00000, 0x0000000706a00000| Untracked 
|  30|0x0000000706c00000, 0x0000000706e00000, 0x0000000706e00000|100%| O|  |TAMS 0x0000000706c00000, 0x0000000706c00000| Untracked 
|  31|0x0000000706e00000, 0x0000000707000000, 0x0000000707000000|100%| O|  |TAMS 0x0000000706e00000, 0x0000000706e00000| Untracked 
|  32|0x0000000707000000, 0x0000000707200000, 0x0000000707200000|100%| O|  |TAMS 0x0000000707000000, 0x0000000707000000| Untracked 
|  33|0x0000000707200000, 0x0000000707400000, 0x0000000707400000|100%| O|  |TAMS 0x0000000707200000, 0x0000000707200000| Untracked 
|  34|0x0000000707400000, 0x0000000707600000, 0x0000000707600000|100%| O|  |TAMS 0x0000000707400000, 0x0000000707400000| Untracked 
|  35|0x0000000707600000, 0x0000000707800000, 0x0000000707800000|100%| O|  |TAMS 0x0000000707600000, 0x0000000707600000| Untracked 
|  36|0x0000000707800000, 0x0000000707a00000, 0x0000000707a00000|100%| O|  |TAMS 0x0000000707800000, 0x0000000707800000| Untracked 
|  37|0x0000000707a00000, 0x0000000707c00000, 0x0000000707c00000|100%| O|  |TAMS 0x0000000707a00000, 0x0000000707a00000| Untracked 
|  38|0x0000000707c00000, 0x0000000707e00000, 0x0000000707e00000|100%| O|  |TAMS 0x0000000707c00000, 0x0000000707c00000| Untracked 
|  39|0x0000000707e00000, 0x0000000708000000, 0x0000000708000000|100%| O|  |TAMS 0x0000000707e00000, 0x0000000707e00000| Untracked 
|  40|0x0000000708000000, 0x0000000708200000, 0x0000000708200000|100%| O|  |TAMS 0x0000000708000000, 0x0000000708000000| Untracked 
|  41|0x0000000708200000, 0x0000000708400000, 0x0000000708400000|100%| O|  |TAMS 0x0000000708200000, 0x0000000708200000| Untracked 
|  42|0x0000000708400000, 0x0000000708600000, 0x0000000708600000|100%| O|  |TAMS 0x0000000708400000, 0x0000000708400000| Untracked 
|  43|0x0000000708600000, 0x0000000708800000, 0x0000000708800000|100%| O|  |TAMS 0x0000000708600000, 0x0000000708600000| Untracked 
|  44|0x0000000708800000, 0x0000000708a00000, 0x0000000708a00000|100%| O|  |TAMS 0x0000000708800000, 0x0000000708800000| Untracked 
|  45|0x0000000708a00000, 0x0000000708c00000, 0x0000000708c00000|100%| O|  |TAMS 0x0000000708a00000, 0x0000000708a00000| Untracked 
|  46|0x0000000708c00000, 0x0000000708e00000, 0x0000000708e00000|100%| O|  |TAMS 0x0000000708c00000, 0x0000000708c00000| Untracked 
|  47|0x0000000708e00000, 0x0000000709000000, 0x0000000709000000|100%| O|  |TAMS 0x0000000708e00000, 0x0000000708e00000| Untracked 
|  48|0x0000000709000000, 0x0000000709200000, 0x0000000709200000|100%| O|  |TAMS 0x0000000709000000, 0x0000000709000000| Untracked 
|  49|0x0000000709200000, 0x0000000709400000, 0x0000000709400000|100%| O|  |TAMS 0x0000000709200000, 0x0000000709200000| Untracked 
|  50|0x0000000709400000, 0x0000000709600000, 0x0000000709600000|100%| O|  |TAMS 0x0000000709400000, 0x0000000709400000| Untracked 
|  51|0x0000000709600000, 0x0000000709800000, 0x0000000709800000|100%| O|  |TAMS 0x0000000709600000, 0x0000000709600000| Untracked 
|  52|0x0000000709800000, 0x0000000709a00000, 0x0000000709a00000|100%| O|  |TAMS 0x0000000709800000, 0x0000000709800000| Untracked 
|  53|0x0000000709a00000, 0x0000000709c00000, 0x0000000709c00000|100%| O|  |TAMS 0x0000000709a00000, 0x0000000709a00000| Untracked 
|  54|0x0000000709c00000, 0x0000000709e00000, 0x0000000709e00000|100%| O|  |TAMS 0x0000000709c00000, 0x0000000709c00000| Untracked 
|  55|0x0000000709e00000, 0x000000070a000000, 0x000000070a000000|100%| O|  |TAMS 0x0000000709e00000, 0x0000000709e00000| Untracked 
|  56|0x000000070a000000, 0x000000070a200000, 0x000000070a200000|100%| O|  |TAMS 0x000000070a000000, 0x000000070a000000| Untracked 
|  57|0x000000070a200000, 0x000000070a400000, 0x000000070a400000|100%| O|  |TAMS 0x000000070a200000, 0x000000070a200000| Untracked 
|  58|0x000000070a400000, 0x000000070a600000, 0x000000070a600000|100%| O|  |TAMS 0x000000070a400000, 0x000000070a400000| Untracked 
|  59|0x000000070a600000, 0x000000070a800000, 0x000000070a800000|100%| O|  |TAMS 0x000000070a600000, 0x000000070a600000| Untracked 
|  60|0x000000070a800000, 0x000000070aa00000, 0x000000070aa00000|100%| O|  |TAMS 0x000000070a800000, 0x000000070a800000| Untracked 
|  61|0x000000070aa00000, 0x000000070aa00000, 0x000000070ac00000|  0%| F|  |TAMS 0x000000070aa00000, 0x000000070aa00000| Untracked 
|  62|0x000000070ac00000, 0x000000070ac00000, 0x000000070ae00000|  0%| F|  |TAMS 0x000000070ac00000, 0x000000070ac00000| Untracked 
|  63|0x000000070ae00000, 0x000000070ae00000, 0x000000070b000000|  0%| F|  |TAMS 0x000000070ae00000, 0x000000070ae00000| Untracked 
|  64|0x000000070b000000, 0x000000070b000000, 0x000000070b200000|  0%| F|  |TAMS 0x000000070b000000, 0x000000070b000000| Untracked 
|  65|0x000000070b200000, 0x000000070b200000, 0x000000070b400000|  0%| F|  |TAMS 0x000000070b200000, 0x000000070b200000| Untracked 
|  66|0x000000070b400000, 0x000000070b400000, 0x000000070b600000|  0%| F|  |TAMS 0x000000070b400000, 0x000000070b400000| Untracked 
|  67|0x000000070b600000, 0x000000070b600000, 0x000000070b800000|  0%| F|  |TAMS 0x000000070b600000, 0x000000070b600000| Untracked 
|  68|0x000000070b800000, 0x000000070b800000, 0x000000070ba00000|  0%| F|  |TAMS 0x000000070b800000, 0x000000070b800000| Untracked 
|  69|0x000000070ba00000, 0x000000070ba00000, 0x000000070bc00000|  0%| F|  |TAMS 0x000000070ba00000, 0x000000070ba00000| Untracked 
|  70|0x000000070bc00000, 0x000000070bc00000, 0x000000070be00000|  0%| F|  |TAMS 0x000000070bc00000, 0x000000070bc00000| Untracked 
|  71|0x000000070be00000, 0x000000070be00000, 0x000000070c000000|  0%| F|  |TAMS 0x000000070be00000, 0x000000070be00000| Untracked 
|  72|0x000000070c000000, 0x000000070c000000, 0x000000070c200000|  0%| F|  |TAMS 0x000000070c000000, 0x000000070c000000| Untracked 
|  73|0x000000070c200000, 0x000000070c200000, 0x000000070c400000|  0%| F|  |TAMS 0x000000070c200000, 0x000000070c200000| Untracked 
|  74|0x000000070c400000, 0x000000070c400000, 0x000000070c600000|  0%| F|  |TAMS 0x000000070c400000, 0x000000070c400000| Untracked 
|  75|0x000000070c600000, 0x000000070c600000, 0x000000070c800000|  0%| F|  |TAMS 0x000000070c600000, 0x000000070c600000| Untracked 
|  76|0x000000070c800000, 0x000000070c800000, 0x000000070ca00000|  0%| F|  |TAMS 0x000000070c800000, 0x000000070c800000| Untracked 
|  77|0x000000070ca00000, 0x000000070ca00000, 0x000000070cc00000|  0%| F|  |TAMS 0x000000070ca00000, 0x000000070ca00000| Untracked 
|  78|0x000000070cc00000, 0x000000070cc00000, 0x000000070ce00000|  0%| F|  |TAMS 0x000000070cc00000, 0x000000070cc00000| Untracked 
|  79|0x000000070ce00000, 0x000000070ce00000, 0x000000070d000000|  0%| F|  |TAMS 0x000000070ce00000, 0x000000070ce00000| Untracked 
|  80|0x000000070d000000, 0x000000070d000000, 0x000000070d200000|  0%| F|  |TAMS 0x000000070d000000, 0x000000070d000000| Untracked 
|  81|0x000000070d200000, 0x000000070d200000, 0x000000070d400000|  0%| F|  |TAMS 0x000000070d200000, 0x000000070d200000| Untracked 
|  82|0x000000070d400000, 0x000000070d400000, 0x000000070d600000|  0%| F|  |TAMS 0x000000070d400000, 0x000000070d400000| Untracked 
|  83|0x000000070d600000, 0x000000070d600000, 0x000000070d800000|  0%| F|  |TAMS 0x000000070d600000, 0x000000070d600000| Untracked 
|  84|0x000000070d800000, 0x000000070d800000, 0x000000070da00000|  0%| F|  |TAMS 0x000000070d800000, 0x000000070d800000| Untracked 
|  85|0x000000070da00000, 0x000000070da00000, 0x000000070dc00000|  0%| F|  |TAMS 0x000000070da00000, 0x000000070da00000| Untracked 
|  86|0x000000070dc00000, 0x000000070dc00000, 0x000000070de00000|  0%| F|  |TAMS 0x000000070dc00000, 0x000000070dc00000| Untracked 
|  87|0x000000070de00000, 0x000000070de00000, 0x000000070e000000|  0%| F|  |TAMS 0x000000070de00000, 0x000000070de00000| Untracked 
|  88|0x000000070e000000, 0x000000070e000000, 0x000000070e200000|  0%| F|  |TAMS 0x000000070e000000, 0x000000070e000000| Untracked 
|  89|0x000000070e200000, 0x000000070e200000, 0x000000070e400000|  0%| F|  |TAMS 0x000000070e200000, 0x000000070e200000| Untracked 
|  90|0x000000070e400000, 0x000000070e400000, 0x000000070e600000|  0%| F|  |TAMS 0x000000070e400000, 0x000000070e400000| Untracked 
|  91|0x000000070e600000, 0x000000070e600000, 0x000000070e800000|  0%| F|  |TAMS 0x000000070e600000, 0x000000070e600000| Untracked 
|  92|0x000000070e800000, 0x000000070e800000, 0x000000070ea00000|  0%| F|  |TAMS 0x000000070e800000, 0x000000070e800000| Untracked 
|  93|0x000000070ea00000, 0x000000070ea00000, 0x000000070ec00000|  0%| F|  |TAMS 0x000000070ea00000, 0x000000070ea00000| Untracked 
|  94|0x000000070ec00000, 0x000000070ec00000, 0x000000070ee00000|  0%| F|  |TAMS 0x000000070ec00000, 0x000000070ec00000| Untracked 
|  95|0x000000070ee00000, 0x000000070ee00000, 0x000000070f000000|  0%| F|  |TAMS 0x000000070ee00000, 0x000000070ee00000| Untracked 
|  96|0x000000070f000000, 0x000000070f000000, 0x000000070f200000|  0%| F|  |TAMS 0x000000070f000000, 0x000000070f000000| Untracked 
|  97|0x000000070f200000, 0x000000070f200000, 0x000000070f400000|  0%| F|  |TAMS 0x000000070f200000, 0x000000070f200000| Untracked 
|  98|0x000000070f400000, 0x000000070f400000, 0x000000070f600000|  0%| F|  |TAMS 0x000000070f400000, 0x000000070f400000| Untracked 
|  99|0x000000070f600000, 0x000000070f600000, 0x000000070f800000|  0%| F|  |TAMS 0x000000070f600000, 0x000000070f600000| Untracked 
| 100|0x000000070f800000, 0x000000070f800000, 0x000000070fa00000|  0%| F|  |TAMS 0x000000070f800000, 0x000000070f800000| Untracked 
| 101|0x000000070fa00000, 0x000000070fa00000, 0x000000070fc00000|  0%| F|  |TAMS 0x000000070fa00000, 0x000000070fa00000| Untracked 
| 102|0x000000070fc00000, 0x000000070fc00000, 0x000000070fe00000|  0%| F|  |TAMS 0x000000070fc00000, 0x000000070fc00000| Untracked 
| 103|0x000000070fe00000, 0x000000070fe00000, 0x0000000710000000|  0%| F|  |TAMS 0x000000070fe00000, 0x000000070fe00000| Untracked 
| 104|0x0000000710000000, 0x0000000710000000, 0x0000000710200000|  0%| F|  |TAMS 0x0000000710000000, 0x0000000710000000| Untracked 
| 105|0x0000000710200000, 0x0000000710200000, 0x0000000710400000|  0%| F|  |TAMS 0x0000000710200000, 0x0000000710200000| Untracked 
| 106|0x0000000710400000, 0x0000000710400000, 0x0000000710600000|  0%| F|  |TAMS 0x0000000710400000, 0x0000000710400000| Untracked 
| 107|0x0000000710600000, 0x0000000710600000, 0x0000000710800000|  0%| F|  |TAMS 0x0000000710600000, 0x0000000710600000| Untracked 
| 108|0x0000000710800000, 0x0000000710800000, 0x0000000710a00000|  0%| F|  |TAMS 0x0000000710800000, 0x0000000710800000| Untracked 
| 109|0x0000000710a00000, 0x0000000710a00000, 0x0000000710c00000|  0%| F|  |TAMS 0x0000000710a00000, 0x0000000710a00000| Untracked 
| 110|0x0000000710c00000, 0x0000000710c00000, 0x0000000710e00000|  0%| F|  |TAMS 0x0000000710c00000, 0x0000000710c00000| Untracked 
| 111|0x0000000710e00000, 0x0000000710e00000, 0x0000000711000000|  0%| F|  |TAMS 0x0000000710e00000, 0x0000000710e00000| Untracked 
| 112|0x0000000711000000, 0x0000000711000000, 0x0000000711200000|  0%| F|  |TAMS 0x0000000711000000, 0x0000000711000000| Untracked 
| 113|0x0000000711200000, 0x0000000711200000, 0x0000000711400000|  0%| F|  |TAMS 0x0000000711200000, 0x0000000711200000| Untracked 
| 114|0x0000000711400000, 0x0000000711400000, 0x0000000711600000|  0%| F|  |TAMS 0x0000000711400000, 0x0000000711400000| Untracked 
| 115|0x0000000711600000, 0x0000000711600000, 0x0000000711800000|  0%| F|  |TAMS 0x0000000711600000, 0x0000000711600000| Untracked 
| 116|0x0000000711800000, 0x0000000711800000, 0x0000000711a00000|  0%| F|  |TAMS 0x0000000711800000, 0x0000000711800000| Untracked 
| 117|0x0000000711a00000, 0x0000000711a00000, 0x0000000711c00000|  0%| F|  |TAMS 0x0000000711a00000, 0x0000000711a00000| Untracked 
| 118|0x0000000711c00000, 0x0000000711c00000, 0x0000000711e00000|  0%| F|  |TAMS 0x0000000711c00000, 0x0000000711c00000| Untracked 
| 119|0x0000000711e00000, 0x0000000711e00000, 0x0000000712000000|  0%| F|  |TAMS 0x0000000711e00000, 0x0000000711e00000| Untracked 
| 120|0x0000000712000000, 0x0000000712000000, 0x0000000712200000|  0%| F|  |TAMS 0x0000000712000000, 0x0000000712000000| Untracked 
| 121|0x0000000712200000, 0x0000000712200000, 0x0000000712400000|  0%| F|  |TAMS 0x0000000712200000, 0x0000000712200000| Untracked 
| 122|0x0000000712400000, 0x0000000712597978, 0x0000000712600000| 79%| E|  |TAMS 0x0000000712400000, 0x0000000712400000| Complete 
| 123|0x0000000712600000, 0x0000000712800000, 0x0000000712800000|100%| E|CS|TAMS 0x0000000712600000, 0x0000000712600000| Complete 
| 124|0x0000000712800000, 0x0000000712a00000, 0x0000000712a00000|100%| E|CS|TAMS 0x0000000712800000, 0x0000000712800000| Complete 
| 125|0x0000000712a00000, 0x0000000712adb348, 0x0000000712c00000| 42%| S|CS|TAMS 0x0000000712a00000, 0x0000000712a00000| Complete 
| 126|0x0000000712c00000, 0x0000000712e00000, 0x0000000712e00000|100%| E|CS|TAMS 0x0000000712c00000, 0x0000000712c00000| Complete 

Card table byte_map: [0x000001e8376f0000,0x000001e837ee0000] _byte_map_base: 0x000001e833ed8000

Marking Bits (Prev, Next): (CMBitMap*) 0x000001e81f060a10, (CMBitMap*) 0x000001e81f060a50
 Prev Bits: [0x000001e8386d0000, 0x000001e83c610000)
 Next Bits: [0x000001e83c610000, 0x000001e840550000)

Polling page: 0x000001e81e7c0000

Metaspace:

Usage:
  Non-class:      7.59 MB used.
      Class:    610.60 KB used.
       Both:      8.19 MB used.

Virtual space:
  Non-class space:       16.00 MB reserved,       7.69 MB ( 48%) committed,  2 nodes.
      Class space:        1.00 GB reserved,     704.00 KB ( <1%) committed,  1 nodes.
              Both:        1.02 GB reserved,       8.38 MB ( <1%) committed. 

Chunk freelists:
   Non-Class:  2.47 MB
       Class:  3.26 MB
        Both:  5.73 MB

MaxMetaspaceSize: 17179869184.00 GB
CompressedClassSpaceSize: 1.00 GB
 - commit_granule_bytes: 65536.
 - commit_granule_words: 8192.
 - virtual_space_node_default_size: 1048576.
 - enlarge_chunks_in_place: 1.
 - new_chunks_are_fully_committed: 0.
 - uncommit_free_chunks: 1.
 - use_allocation_guard: 0.
 - handle_deallocations: 1.


Internal statistics:

num_allocs_failed_limit: 0.
num_arena_births: 64.
num_arena_deaths: 0.
num_vsnodes_births: 3.
num_vsnodes_deaths: 0.
num_space_committed: 132.
num_space_uncommitted: 0.
num_chunks_returned_to_freelist: 0.
num_chunks_taken_from_freelist: 297.
num_chunk_merges: 0.
num_chunk_splits: 221.
num_chunks_enlarged: 189.
num_purges: 0.

CodeHeap 'non-profiled nmethods': size=120000Kb used=1135Kb max_used=1135Kb free=118864Kb
 bounds [0x000001e82f480000, 0x000001e82f6f0000, 0x000001e8369b0000]
CodeHeap 'profiled nmethods': size=120000Kb used=3621Kb max_used=3621Kb free=116378Kb
 bounds [0x000001e827f50000, 0x000001e8282e0000, 0x000001e82f480000]
CodeHeap 'non-nmethods': size=5760Kb used=1643Kb max_used=1672Kb free=4117Kb
 bounds [0x000001e8279b0000, 0x000001e827c20000, 0x000001e827f50000]
 total_blobs=2935 nmethods=1855 adapters=993
 compilation: enabled
              stopped_count=0, restarted_count=0
 full_count=0

Compilation events (20 events):
Event: 9.064 Thread 0x000001e843c20ef0 1846       3       com.badlogic.gdx.graphics.g2d.GlyphLayout::setLastGlyphXAdvance (42 bytes)
Event: 9.065 Thread 0x000001e843c20ef0 nmethod 1846 0x000001e8282d8490 code [0x000001e8282d8680, 0x000001e8282d8be8]
Event: 9.362 Thread 0x000001e843c1c4a0 1849       4       org.lwjgl.system.MemoryUtil::memGetAddress (31 bytes)
Event: 9.363 Thread 0x000001e843c1c4a0 nmethod 1849 0x000001e82f59a810 code [0x000001e82f59a980, 0x000001e82f59a9d8]
Event: 9.394 Thread 0x000001e843c20ef0 1850       1       com.badlogic.gdx.scenes.scene2d.InputEvent::setType (6 bytes)
Event: 9.394 Thread 0x000001e843c20ef0 nmethod 1850 0x000001e82f59ab10 code [0x000001e82f59aca0, 0x000001e82f59adb8]
Event: 9.394 Thread 0x000001e843c20ef0 1851       1       com.badlogic.gdx.scenes.scene2d.InputEvent::setStageX (6 bytes)
Event: 9.394 Thread 0x000001e843c20ef0 nmethod 1851 0x000001e82f59ae10 code [0x000001e82f59afa0, 0x000001e82f59b078]
Event: 9.394 Thread 0x000001e843c20ef0 1852       1       com.badlogic.gdx.scenes.scene2d.InputEvent::setStageY (6 bytes)
Event: 9.394 Thread 0x000001e843c20ef0 nmethod 1852 0x000001e82f59b110 code [0x000001e82f59b2a0, 0x000001e82f59b378]
Event: 9.428 Thread 0x000001e843c20ef0 1853       1       com.badlogic.gdx.backends.lwjgl3.Lwjgl3Window::getGraphics (5 bytes)
Event: 9.429 Thread 0x000001e843c20ef0 nmethod 1853 0x000001e82f59b410 code [0x000001e82f59b5a0, 0x000001e82f59b678]
Event: 9.443 Thread 0x000001e843c20ef0 1854       1       com.badlogic.gdx.backends.lwjgl3.Lwjgl3Window::getWindowHandle (5 bytes)
Event: 9.443 Thread 0x000001e843c20ef0 nmethod 1854 0x000001e82f59b710 code [0x000001e82f59b8a0, 0x000001e82f59b978]
Event: 9.592 Thread 0x000001e843c20ef0 1855       3       org.lwjgl.system.MemoryUtil::memGetDouble (9 bytes)
Event: 9.592 Thread 0x000001e843c20ef0 nmethod 1855 0x000001e8282d8e90 code [0x000001e8282d9040, 0x000001e8282d9218]
Event: 9.593 Thread 0x000001e843c20ef0 1856       3       sun.misc.Unsafe::getDouble (9 bytes)
Event: 9.593 Thread 0x000001e843c20ef0 nmethod 1856 0x000001e8282d9310 code [0x000001e8282d94a0, 0x000001e8282d95b8]
Event: 9.609 Thread 0x000001e843c20ef0 1857       1       com.badlogic.gdx.scenes.scene2d.Event::isHandled (5 bytes)
Event: 9.609 Thread 0x000001e843c20ef0 nmethod 1857 0x000001e82f59ba10 code [0x000001e82f59bba0, 0x000001e82f59bc78]

GC Heap History (8 events):
Event: 1.076 GC heap before
{Heap before GC invocations=0 (full 0):
 garbage-first heap   total 260096K, used 22528K [0x0000000703000000, 0x0000000800000000)
  region size 2048K, 11 young (22528K), 0 survivors (0K)
 Metaspace       used 6996K, committed 7168K, reserved 1064960K
  class space    used 515K, committed 640K, reserved 1048576K
}
Event: 1.079 GC heap after
{Heap after GC invocations=1 (full 0):
 garbage-first heap   total 260096K, used 2756K [0x0000000703000000, 0x0000000800000000)
  region size 2048K, 2 young (4096K), 2 survivors (4096K)
 Metaspace       used 6996K, committed 7168K, reserved 1064960K
  class space    used 515K, committed 640K, reserved 1048576K
}
Event: 7.481 GC heap before
{Heap before GC invocations=1 (full 0):
 garbage-first heap   total 260096K, used 47812K [0x0000000703000000, 0x0000000800000000)
  region size 2048K, 18 young (36864K), 2 survivors (4096K)
 Metaspace       used 7805K, committed 8000K, reserved 1064960K
  class space    used 564K, committed 640K, reserved 1048576K
}
Event: 7.485 GC heap after
{Heap after GC invocations=2 (full 0):
 garbage-first heap   total 260096K, used 8768K [0x0000000703000000, 0x0000000800000000)
  region size 2048K, 3 young (6144K), 3 survivors (6144K)
 Metaspace       used 7805K, committed 8000K, reserved 1064960K
  class space    used 564K, committed 640K, reserved 1048576K
}
Event: 7.910 GC heap before
{Heap before GC invocations=2 (full 0):
 garbage-first heap   total 260096K, used 141888K [0x0000000703000000, 0x0000000800000000)
  region size 2048K, 46 young (94208K), 3 survivors (6144K)
 Metaspace       used 8319K, committed 8512K, reserved 1064960K
  class space    used 609K, committed 704K, reserved 1048576K
}
Event: 7.990 GC heap after
{Heap after GC invocations=3 (full 0):
 garbage-first heap   total 260096K, used 121308K [0x0000000703000000, 0x0000000800000000)
  region size 2048K, 6 young (12288K), 6 survivors (12288K)
 Metaspace       used 8319K, committed 8512K, reserved 1064960K
  class space    used 609K, committed 704K, reserved 1048576K
}
Event: 8.206 GC heap before
{Heap before GC invocations=3 (full 0):
 garbage-first heap   total 260096K, used 123356K [0x0000000703000000, 0x0000000800000000)
  region size 2048K, 7 young (14336K), 6 survivors (12288K)
 Metaspace       used 8331K, committed 8512K, reserved 1064960K
  class space    used 609K, committed 704K, reserved 1048576K
}
Event: 8.223 GC heap after
{Heap after GC invocations=4 (full 0):
 garbage-first heap   total 260096K, used 125804K [0x0000000703000000, 0x0000000800000000)
  region size 2048K, 1 young (2048K), 1 survivors (2048K)
 Metaspace       used 8331K, committed 8512K, reserved 1064960K
  class space    used 609K, committed 704K, reserved 1048576K
}

Deoptimization events (20 events):
Event: 7.809 Thread 0x000001e81f011a60 DEOPT PACKING pc=0x000001e82f54a7b0 sp=0x000000596c9fef10
Event: 7.809 Thread 0x000001e81f011a60 DEOPT UNPACKING pc=0x000001e8279fd72e sp=0x000000596c9feea0 mode 2
Event: 7.814 Thread 0x000001e81f011a60 Uncommon trap: trap_request=0xffffffc6 fr.pc=0x000001e82f54a7b0 relative=0x0000000000000430
Event: 7.814 Thread 0x000001e81f011a60 Uncommon trap: reason=bimorphic_or_optimized_type_check action=maybe_recompile pc=0x000001e82f54a7b0 method=com.badlogic.gdx.graphics.g2d.TextureRegion.setRegion(IIII)V @ 50 c2
Event: 7.814 Thread 0x000001e81f011a60 DEOPT PACKING pc=0x000001e82f54a7b0 sp=0x000000596c9fef10
Event: 7.814 Thread 0x000001e81f011a60 DEOPT UNPACKING pc=0x000001e8279fd72e sp=0x000000596c9feea0 mode 2
Event: 7.817 Thread 0x000001e81f011a60 Uncommon trap: trap_request=0xffffffc6 fr.pc=0x000001e82f54a7b0 relative=0x0000000000000430
Event: 7.817 Thread 0x000001e81f011a60 Uncommon trap: reason=bimorphic_or_optimized_type_check action=maybe_recompile pc=0x000001e82f54a7b0 method=com.badlogic.gdx.graphics.g2d.TextureRegion.setRegion(IIII)V @ 50 c2
Event: 7.817 Thread 0x000001e81f011a60 DEOPT PACKING pc=0x000001e82f54a7b0 sp=0x000000596c9feee0
Event: 7.817 Thread 0x000001e81f011a60 DEOPT UNPACKING pc=0x000001e8279fd72e sp=0x000000596c9fee70 mode 2
Event: 7.819 Thread 0x000001e81f011a60 Uncommon trap: trap_request=0xffffffc6 fr.pc=0x000001e82f54a7b0 relative=0x0000000000000430
Event: 7.819 Thread 0x000001e81f011a60 Uncommon trap: reason=bimorphic_or_optimized_type_check action=maybe_recompile pc=0x000001e82f54a7b0 method=com.badlogic.gdx.graphics.g2d.TextureRegion.setRegion(IIII)V @ 50 c2
Event: 7.819 Thread 0x000001e81f011a60 DEOPT PACKING pc=0x000001e82f54a7b0 sp=0x000000596c9feee0
Event: 7.819 Thread 0x000001e81f011a60 DEOPT UNPACKING pc=0x000001e8279fd72e sp=0x000000596c9fee70 mode 2
Event: 8.835 Thread 0x000001e81f011a60 DEOPT PACKING pc=0x000001e82818f352 sp=0x000000596c9fe8a0
Event: 8.835 Thread 0x000001e81f011a60 DEOPT UNPACKING pc=0x000001e8279fdece sp=0x000000596c9fdde8 mode 0
Event: 8.904 Thread 0x000001e81f011a60 Uncommon trap: trap_request=0xffffff45 fr.pc=0x000001e82f5924bc relative=0x00000000000000fc
Event: 8.904 Thread 0x000001e81f011a60 Uncommon trap: reason=unstable_if action=reinterpret pc=0x000001e82f5924bc method=com.badlogic.gdx.physics.box2d.Box2DDebugRenderer.getColorByBody(Lcom/badlogic/gdx/physics/box2d/Body;)Lcom/badlogic/gdx/graphics/Color; @ 46 c2
Event: 8.904 Thread 0x000001e81f011a60 DEOPT PACKING pc=0x000001e82f5924bc sp=0x000000596c9fef30
Event: 8.904 Thread 0x000001e81f011a60 DEOPT UNPACKING pc=0x000001e8279fd72e sp=0x000000596c9feec0 mode 2

Classes unloaded (0 events):
No events

Classes redefined (0 events):
No events

Internal exceptions (20 events):
Event: 0.276 Thread 0x000001e81f011a60 Exception <a 'java/lang/NoSuchMethodError'{0x00000007126e6be0}: 'int java.lang.invoke.DirectMethodHandle$Holder.invokeSpecial(java.lang.Object, java.lang.Object, java.lang.Object)'> (0x00000007126e6be0) 
thrown [c:\wsjdk\correttojdksrc\installers\windows\zip\corretto-build\buildroot\src\hotspot\share\interpreter\linkResolver.cpp, line 790]
Event: 0.303 Thread 0x000001e81f011a60 Exception <a 'sun/nio/fs/WindowsException'{0x000000071277e768}> (0x000000071277e768) 
thrown [c:\wsjdk\correttojdksrc\installers\windows\zip\corretto-build\buildroot\src\hotspot\share\prims\jni.cpp, line 579]
Event: 0.304 Thread 0x000001e81f011a60 Exception <a 'sun/nio/fs/WindowsException'{0x000000071277ecb8}> (0x000000071277ecb8) 
thrown [c:\wsjdk\correttojdksrc\installers\windows\zip\corretto-build\buildroot\src\hotspot\share\prims\jni.cpp, line 579]
Event: 0.314 Thread 0x000001e81f011a60 Exception <a 'java/lang/NoSuchMethodError'{0x00000007127c3f78}: 'int java.lang.invoke.DirectMethodHandle$Holder.invokeStaticInit(java.lang.Object, java.lang.Object, int, long)'> (0x00000007127c3f78) 
thrown [c:\wsjdk\correttojdksrc\installers\windows\zip\corretto-build\buildroot\src\hotspot\share\interpreter\linkResolver.cpp, line 790]
Event: 0.315 Thread 0x000001e81f011a60 Exception <a 'java/lang/NoSuchMethodError'{0x00000007127c9a48}: 'java.lang.Object java.lang.invoke.DirectMethodHandle$Holder.newInvokeSpecial(java.lang.Object, java.lang.Object, int)'> (0x00000007127c9a48) 
thrown [c:\wsjdk\correttojdksrc\installers\windows\zip\corretto-build\buildroot\src\hotspot\share\interpreter\linkResolver.cpp, line 790]
Event: 0.318 Thread 0x000001e81f011a60 Exception <a 'java/lang/NoSuchMethodError'{0x00000007127deca8}: 'int java.lang.invoke.DirectMethodHandle$Holder.invokeStaticInit(java.lang.Object, java.lang.Object, long, long)'> (0x00000007127deca8) 
thrown [c:\wsjdk\correttojdksrc\installers\windows\zip\corretto-build\buildroot\src\hotspot\share\interpreter\linkResolver.cpp, line 790]
Event: 0.319 Thread 0x000001e81f011a60 Exception <a 'java/lang/NoSuchMethodError'{0x00000007127e5050}: 'java.lang.Object java.lang.invoke.DirectMethodHandle$Holder.newInvokeSpecial(java.lang.Object, java.lang.Object, long)'> (0x00000007127e5050) 
thrown [c:\wsjdk\correttojdksrc\installers\windows\zip\corretto-build\buildroot\src\hotspot\share\interpreter\linkResolver.cpp, line 790]
Event: 0.319 Thread 0x000001e81f011a60 Exception <a 'java/lang/NoSuchMethodError'{0x00000007127e91a8}: 'java.lang.Object java.lang.invoke.Invokers$Holder.linkToTargetMethod(java.lang.Object, long, java.lang.Object)'> (0x00000007127e91a8) 
thrown [c:\wsjdk\correttojdksrc\installers\windows\zip\corretto-build\buildroot\src\hotspot\share\interpreter\linkResolver.cpp, line 790]
Event: 0.320 Thread 0x000001e81f011a60 Exception <a 'java/lang/NoSuchMethodError'{0x00000007127f0c50}: 'int java.lang.invoke.DirectMethodHandle$Holder.invokeStaticInit(java.lang.Object, java.lang.Object, java.lang.Object, long)'> (0x00000007127f0c50) 
thrown [c:\wsjdk\correttojdksrc\installers\windows\zip\corretto-build\buildroot\src\hotspot\share\interpreter\linkResolver.cpp, line 790]
Event: 0.342 Thread 0x000001e81f011a60 Exception <a 'sun/nio/fs/WindowsException'{0x00000007124af2a0}> (0x00000007124af2a0) 
thrown [c:\wsjdk\correttojdksrc\installers\windows\zip\corretto-build\buildroot\src\hotspot\share\prims\jni.cpp, line 579]
Event: 0.342 Thread 0x000001e81f011a60 Exception <a 'sun/nio/fs/WindowsException'{0x00000007124af630}> (0x00000007124af630) 
thrown [c:\wsjdk\correttojdksrc\installers\windows\zip\corretto-build\buildroot\src\hotspot\share\prims\jni.cpp, line 579]
Event: 0.365 Thread 0x000001e81f011a60 Exception <a 'sun/nio/fs/WindowsException'{0x0000000712578198}> (0x0000000712578198) 
thrown [c:\wsjdk\correttojdksrc\installers\windows\zip\corretto-build\buildroot\src\hotspot\share\prims\jni.cpp, line 579]
Event: 0.365 Thread 0x000001e81f011a60 Exception <a 'sun/nio/fs/WindowsException'{0x00000007125784f8}> (0x00000007125784f8) 
thrown [c:\wsjdk\correttojdksrc\installers\windows\zip\corretto-build\buildroot\src\hotspot\share\prims\jni.cpp, line 579]
Event: 0.408 Thread 0x000001e81f011a60 Exception <a 'sun/nio/fs/WindowsException'{0x0000000712217d10}> (0x0000000712217d10) 
thrown [c:\wsjdk\correttojdksrc\installers\windows\zip\corretto-build\buildroot\src\hotspot\share\prims\jni.cpp, line 579]
Event: 0.408 Thread 0x000001e81f011a60 Exception <a 'sun/nio/fs/WindowsException'{0x0000000712218090}> (0x0000000712218090) 
thrown [c:\wsjdk\correttojdksrc\installers\windows\zip\corretto-build\buildroot\src\hotspot\share\prims\jni.cpp, line 579]
Event: 0.459 Thread 0x000001e81f011a60 Exception <a 'java/lang/NoSuchMethodError'{0x0000000712268bf8}: 'java.lang.Object java.lang.invoke.DirectMethodHandle$Holder.newInvokeSpecial(java.lang.Object, long)'> (0x0000000712268bf8) 
thrown [c:\wsjdk\correttojdksrc\installers\windows\zip\corretto-build\buildroot\src\hotspot\share\interpreter\linkResolver.cpp, line 790]
Event: 0.599 Thread 0x000001e81f011a60 Exception <a 'sun/nio/fs/WindowsException'{0x00000007123a9690}> (0x00000007123a9690) 
thrown [c:\wsjdk\correttojdksrc\installers\windows\zip\corretto-build\buildroot\src\hotspot\share\prims\jni.cpp, line 579]
Event: 0.599 Thread 0x000001e81f011a60 Exception <a 'sun/nio/fs/WindowsException'{0x00000007123a9a38}> (0x00000007123a9a38) 
thrown [c:\wsjdk\correttojdksrc\installers\windows\zip\corretto-build\buildroot\src\hotspot\share\prims\jni.cpp, line 579]
Event: 0.603 Thread 0x000001e81f011a60 Exception <a 'sun/nio/fs/WindowsException'{0x00000007123bf358}> (0x00000007123bf358) 
thrown [c:\wsjdk\correttojdksrc\installers\windows\zip\corretto-build\buildroot\src\hotspot\share\prims\jni.cpp, line 579]
Event: 0.603 Thread 0x000001e81f011a60 Exception <a 'sun/nio/fs/WindowsException'{0x00000007123bf638}> (0x00000007123bf638) 
thrown [c:\wsjdk\correttojdksrc\installers\windows\zip\corretto-build\buildroot\src\hotspot\share\prims\jni.cpp, line 579]

Events (20 events):
Event: 7.821 loading class jdk/internal/reflect/UTF8 done
Event: 7.821 loading class jdk/internal/reflect/Label
Event: 7.821 loading class jdk/internal/reflect/Label done
Event: 7.821 loading class jdk/internal/reflect/Label$PatchInfo
Event: 7.821 loading class jdk/internal/reflect/Label$PatchInfo done
Event: 7.821 loading class jdk/internal/reflect/MethodAccessorGenerator$1
Event: 7.821 loading class jdk/internal/reflect/MethodAccessorGenerator$1 done
Event: 7.822 loading class jdk/internal/reflect/ClassDefiner
Event: 7.822 loading class jdk/internal/reflect/ClassDefiner done
Event: 7.822 loading class jdk/internal/reflect/ClassDefiner$1
Event: 7.822 loading class jdk/internal/reflect/ClassDefiner$1 done
Event: 7.822 loading class jdk/internal/reflect/BootstrapConstructorAccessorImpl
Event: 7.822 loading class jdk/internal/reflect/BootstrapConstructorAccessorImpl done
Event: 7.910 Executing  VM operation: G1CollectForAllocation
Event: 7.990 Executing  VM operation: G1CollectForAllocation done
Event: 8.205 Executing  VM operation: G1CollectForAllocation
Event: 8.223 Executing  VM operation: G1CollectForAllocation done
Event: 8.467 Thread 0x000001e84d1b7e10 Thread exited: 0x000001e84d1b7e10
Event: 9.223 Executing  VM operation: Cleanup
Event: 9.223 Executing  VM operation: Cleanup done


Dynamic libraries:
0x00007ff6bd8a0000 - 0x00007ff6bd8ad000 	C:\Users\parth\.jdks\corretto-16.0.2\bin\java.exe
0x00007fffd5950000 - 0x00007fffd5b48000 	C:\WINDOWS\SYSTEM32\ntdll.dll
0x00007fffd5430000 - 0x00007fffd54ef000 	C:\WINDOWS\System32\KERNEL32.DLL
0x00007fffd3090000 - 0x00007fffd3362000 	C:\WINDOWS\System32\KERNELBASE.dll
0x0000000057cc0000 - 0x0000000057ff0000 	C:\Program Files\Norton Security\NortonData\22.21.9.25\Definitions\IPSDefs\20221129.063\IPSEng64.dll
0x00007fffd5370000 - 0x00007fffd541e000 	C:\WINDOWS\System32\ADVAPI32.dll
0x00007fffd51f0000 - 0x00007fffd528e000 	C:\WINDOWS\System32\msvcrt.dll
0x00007fffd4250000 - 0x00007fffd42ec000 	C:\WINDOWS\System32\sechost.dll
0x00007fffd4920000 - 0x00007fffd4a45000 	C:\WINDOWS\System32\RPCRT4.dll
0x00007fffd4a90000 - 0x00007fffd4a98000 	C:\WINDOWS\System32\PSAPI.DLL
0x00007fffd35d0000 - 0x00007fffd36d0000 	C:\WINDOWS\System32\ucrtbase.dll
0x00007fffc54f0000 - 0x00007fffc5508000 	C:\Users\parth\.jdks\corretto-16.0.2\bin\jli.dll
0x00007fffa9d00000 - 0x00007fffa9d15000 	C:\Users\parth\.jdks\corretto-16.0.2\bin\VCRUNTIME140.dll
0x00007fffd5760000 - 0x00007fffd5901000 	C:\WINDOWS\System32\USER32.dll
0x00007fffd3370000 - 0x00007fffd3392000 	C:\WINDOWS\System32\win32u.dll
0x00007fffc4860000 - 0x00007fffc4afa000 	C:\WINDOWS\WinSxS\amd64_microsoft.windows.common-controls_6595b64144ccf1df_6.0.19041.1110_none_60b5254171f9507e\COMCTL32.dll
0x00007fffd40e0000 - 0x00007fffd410b000 	C:\WINDOWS\System32\GDI32.dll
0x00007fffd34c0000 - 0x00007fffd35cf000 	C:\WINDOWS\System32\gdi32full.dll
0x00007fffd36d0000 - 0x00007fffd376d000 	C:\WINDOWS\System32\msvcp_win.dll
0x00007fffd4a50000 - 0x00007fffd4a82000 	C:\WINDOWS\System32\IMM32.DLL
0x00007fff7d970000 - 0x00007fff7da0b000 	C:\Users\parth\.jdks\corretto-16.0.2\bin\msvcp140.dll
0x00007ffefaf70000 - 0x00007ffefbb79000 	C:\Users\parth\.jdks\corretto-16.0.2\bin\server\jvm.dll
0x00007fffb7bb0000 - 0x00007fffb7bd7000 	C:\WINDOWS\SYSTEM32\WINMM.dll
0x00007fffb5b60000 - 0x00007fffb5b69000 	C:\WINDOWS\SYSTEM32\WSOCK32.dll
0x00007fffc83c0000 - 0x00007fffc83ca000 	C:\WINDOWS\SYSTEM32\VERSION.dll
0x00007fffd52a0000 - 0x00007fffd530b000 	C:\WINDOWS\System32\WS2_32.dll
0x00007fffd1840000 - 0x00007fffd1852000 	C:\WINDOWS\SYSTEM32\kernel.appcore.dll
0x00007fffc7360000 - 0x00007fffc736a000 	C:\Users\parth\.jdks\corretto-16.0.2\bin\jimage.dll
0x00007fffd0cf0000 - 0x00007fffd0ed4000 	C:\WINDOWS\SYSTEM32\DBGHELP.DLL
0x00007fffc5d30000 - 0x00007fffc5d65000 	C:\WINDOWS\SYSTEM32\dbgcore.DLL
0x00007fffd3900000 - 0x00007fffd3982000 	C:\WINDOWS\System32\bcryptPrimitives.dll
0x00007fffa9cd0000 - 0x00007fffa9cf5000 	C:\Users\parth\.jdks\corretto-16.0.2\bin\java.dll
0x00007fffd4aa0000 - 0x00007fffd51e4000 	C:\WINDOWS\System32\SHELL32.dll
0x00007fffd10a0000 - 0x00007fffd1832000 	C:\WINDOWS\SYSTEM32\windows.storage.dll
0x00007fffd4410000 - 0x00007fffd4765000 	C:\WINDOWS\System32\combase.dll
0x00007fffd2aa0000 - 0x00007fffd2ad0000 	C:\WINDOWS\SYSTEM32\Wldp.dll
0x00007fffd4030000 - 0x00007fffd40dd000 	C:\WINDOWS\System32\SHCORE.dll
0x00007fffd3fb0000 - 0x00007fffd4005000 	C:\WINDOWS\System32\shlwapi.dll
0x00007fffd2f80000 - 0x00007fffd2f9f000 	C:\WINDOWS\SYSTEM32\profapi.dll
0x00007fffa9b30000 - 0x00007fffa9b49000 	C:\Users\parth\.jdks\corretto-16.0.2\bin\net.dll
0x00007fffca260000 - 0x00007fffca36c000 	C:\WINDOWS\SYSTEM32\WINHTTP.dll
0x00007fffd2800000 - 0x00007fffd286a000 	C:\WINDOWS\system32\mswsock.dll
0x00007fffa9ad0000 - 0x00007fffa9ae3000 	C:\Users\parth\.jdks\corretto-16.0.2\bin\nio.dll
0x00007fffa9ab0000 - 0x00007fffa9ac8000 	C:\Users\parth\.jdks\corretto-16.0.2\bin\zip.dll
0x0000000055c40000 - 0x0000000055c69000 	C:\Users\parth\AppData\Local\Temp\libgdxparth\e787ab0a\gdx64.dll
0x00007fffc3350000 - 0x00007fffc33c5000 	C:\Users\parth\AppData\Local\Temp\lwjglparth\3.3.1-build-7\lwjgl.dll
0x00007fff68cc0000 - 0x00007fff68f19000 	C:\Users\parth\AppData\Local\Temp\lwjglparth\3.3.1-build-7\jemalloc.dll
0x00007fff984f0000 - 0x00007fff98551000 	C:\Users\parth\AppData\Local\Temp\lwjglparth\3.3.1-build-7\glfw.dll
0x00007fff25790000 - 0x00007fff257d5000 	C:\WINDOWS\SYSTEM32\dinput8.dll
0x00007fffc5590000 - 0x00007fffc55a1000 	C:\WINDOWS\SYSTEM32\xinput1_4.dll
0x00007fffd3040000 - 0x00007fffd308e000 	C:\WINDOWS\System32\cfgmgr32.dll
0x00007fffd2df0000 - 0x00007fffd2e1c000 	C:\WINDOWS\SYSTEM32\DEVOBJ.dll
0x00007fffd08b0000 - 0x00007fffd08df000 	C:\WINDOWS\SYSTEM32\dwmapi.dll
0x00007fffb7350000 - 0x00007fffb74a2000 	C:\WINDOWS\SYSTEM32\inputhost.dll
0x00007fffd3ee0000 - 0x00007fffd3fad000 	C:\WINDOWS\System32\OLEAUT32.dll
0x00007fffcc2e0000 - 0x00007fffcc434000 	C:\WINDOWS\SYSTEM32\wintypes.dll
0x00007fffccd10000 - 0x00007fffcce02000 	C:\WINDOWS\SYSTEM32\CoreMessaging.dll
0x00007fffd0600000 - 0x00007fffd06f6000 	C:\WINDOWS\SYSTEM32\PROPSYS.dll
0x00007fffcc9b0000 - 0x00007fffccd0e000 	C:\WINDOWS\SYSTEM32\CoreUIComponents.dll
0x00007fffd21d0000 - 0x00007fffd2203000 	C:\WINDOWS\SYSTEM32\ntmarta.dll
0x00007fffcd0b0000 - 0x00007fffcd14e000 	C:\WINDOWS\system32\uxtheme.dll
0x00007fffd42f0000 - 0x00007fffd4405000 	C:\WINDOWS\System32\MSCTF.dll
0x00007fff68b20000 - 0x00007fff68cb7000 	C:\Users\parth\AppData\Local\Temp\lwjglparth\3.3.1-build-7\OpenAL.dll
0x00007fffd5630000 - 0x00007fffd575a000 	C:\WINDOWS\System32\ole32.dll
0x00007fffd54f0000 - 0x00007fffd559f000 	C:\WINDOWS\System32\clbcatq.dll
0x00007fffc84e0000 - 0x00007fffc8565000 	C:\WINDOWS\System32\MMDevApi.dll
0x00007fffc8870000 - 0x00007fffc89f2000 	C:\WINDOWS\SYSTEM32\AUDIOSES.DLL
0x00007fffd2610000 - 0x00007fffd265b000 	C:\WINDOWS\SYSTEM32\powrprof.dll
0x00007fffd2480000 - 0x00007fffd2492000 	C:\WINDOWS\SYSTEM32\UMPDC.dll
0x00007fffd07b0000 - 0x00007fffd07c4000 	C:\WINDOWS\SYSTEM32\resourcepolicyclient.dll
0x00007fff8f010000 - 0x00007fff8f135000 	C:\WINDOWS\SYSTEM32\opengl32.dll
0x00007fff928a0000 - 0x00007fff928cc000 	C:\WINDOWS\SYSTEM32\GLU32.dll
0x00007fffc79e0000 - 0x00007fffc7ad7000 	C:\Windows\System32\AppXDeploymentClient.dll
0x00007fff2d700000 - 0x00007fff2e6c4000 	C:\WINDOWS\System32\DriverStore\FileRepository\iigd_dch.inf_amd64_f854c91489b3fbb5\ig9icd64.dll
0x00007fffd18d0000 - 0x00007fffd19c3000 	C:\WINDOWS\system32\dxgi.dll
0x00007fff68230000 - 0x00007fff6866c000 	C:\WINDOWS\System32\DriverStore\FileRepository\iigd_dch.inf_amd64_f854c91489b3fbb5\igdml64.dll
0x00007fffbef10000 - 0x00007fffbf246000 	C:\WINDOWS\System32\DriverStore\FileRepository\iigd_dch.inf_amd64_f854c91489b3fbb5\igdgmm64.dll
0x00007fffbc180000 - 0x00007fffbef0f000 	C:\WINDOWS\System32\DriverStore\FileRepository\iigd_dch.inf_amd64_f854c91489b3fbb5\igc64.dll
0x00007fff89000000 - 0x00007fff8905d000 	C:\Users\parth\AppData\Local\Temp\lwjglparth\3.3.1-build-7\lwjgl_opengl.dll
0x00007fffb9f40000 - 0x00007fffba039000 	C:\WINDOWS\SYSTEM32\textinputframework.dll
0x00007fff945d0000 - 0x00007fff94636000 	C:\WINDOWS\system32\Oleacc.dll
0x00007fff90740000 - 0x00007fff90a35000 	C:\Windows\System32\uiautomationcore.dll
0x00007fffd2a10000 - 0x00007fffd2a1c000 	C:\WINDOWS\SYSTEM32\CRYPTBASE.DLL
0x0000000055be0000 - 0x0000000055c3a000 	C:\Users\parth\AppData\Local\Temp\libgdxparth\888fe1bc\gdx-box2d64.dll

dbghelp: loaded successfully - version: 4.0.5 - missing functions: none
symbol engine: initialized successfully - sym options: 0x614 - pdb path: .;C:\Users\parth\.jdks\corretto-16.0.2\bin;C:\WINDOWS\SYSTEM32;C:\Program Files\Norton Security\NortonData\22.21.9.25\Definitions\IPSDefs\20221129.063;C:\WINDOWS\WinSxS\amd64_microsoft.windows.common-controls_6595b64144ccf1df_6.0.19041.1110_none_60b5254171f9507e;C:\Users\parth\.jdks\corretto-16.0.2\bin\server;C:\Users\parth\AppData\Local\Temp\libgdxparth\e787ab0a;C:\Users\parth\AppData\Local\Temp\lwjglparth\3.3.1-build-7;C:\WINDOWS\System32\DriverStore\FileRepository\iigd_dch.inf_amd64_f854c91489b3fbb5;C:\Users\parth\AppData\Local\Temp\libgdxparth\888fe1bc

VM Arguments:
jvm_args: -Dfile.encoding=windows-1252 -Duser.country=US -Duser.language=en -Duser.variant 
java_command: com.mygdx.game.DesktopLauncher
java_class_path (initial): C:\Users\parth\OneDrive\Desktop\AP TankStar\desktop\build\classes\java\main;C:\Users\parth\OneDrive\Desktop\AP TankStar\desktop\build\resources\main;C:\Users\parth\.gradle\caches\modules-2\files-2.1\com.badlogicgames.gdx\gdx-backend-lwjgl3\1.11.0\58a96db4cd349be4292d547856aa1e1c5f065f4e\gdx-backend-lwjgl3-1.11.0.jar;C:\Users\parth\.gradle\caches\modules-2\files-2.1\com.badlogicgames.gdx\gdx-platform\1.11.0\697fb13eada6d3c6ca648c9788692b0159add126\gdx-platform-1.11.0-natives-desktop.jar;C:\Users\parth\.gradle\caches\modules-2\files-2.1\com.badlogicgames.gdx\gdx-bullet-platform\1.11.0\2c067b913a306ba26d482075297538ad91cdb88b\gdx-bullet-platform-1.11.0-natives-desktop.jar;C:\Users\parth\.gradle\caches\modules-2\files-2.1\com.badlogicgames.gdx\gdx-freetype-platform\1.11.0\420e2c2c206843a0d51010be28a141a1eb946235\gdx-freetype-platform-1.11.0-natives-desktop.jar;C:\Users\parth\.gradle\caches\modules-2\files-2.1\com.badlogicgames.gdx-controllers\gdx-controllers-desktop\2.2.1\cb3430c32468a090eca54d494d16bb3764ceff9b\gdx-controllers-desktop-2.2.1.jar;C:\Users\parth\.gradle\caches\modules-2\files-2.1\com.badlogicgames.gdx\gdx-box2d-platform\1.11.0\62ff9baa1e57a11e0a4428a38c9660bf9f312fdc\gdx-box2d-platform-1.11.0-natives-desktop.jar;C:\Users\parth\OneDrive\Desktop\AP TankStar\core\build\libs\core-1.0.jar;C:\Users\parth\.gradle\caches\modules-2\files-2.1\com.badlogicgames.gdx-controllers\gdx-controllers-core\2.2.1\8aca0dc002a8daf6a6d28f49c44e25189dd93fd7\gdx-controllers-core-2.2.1.jar;C:\Users\parth\.gradle\caches\modules-2\files-2.1\com.badlogicgames.gdx\gdx-bullet\1.11.0\1eb83845fa655e7e8ab6bbb979d28b0502ad3302\gdx-bullet-1.11.0.jar;C:\Users\parth\.gradle\caches\modules-2\files-2.1\com.badlogicgames.gdx\gdx-freetype\1.11.0\a3634ad2e6c56d251268d6ab5c0f66eee2841f2c\gdx-freetype-1.11.0.jar;C:\Users\parth\.gradle\caches\modules-2\files-2.1\com.badlogicgames.box2dlights\box2dlights\1.5\6902dbcd250c95a27973aa24a147a95b3828d348\box2dlights-1.5.jar;C:\Us
Launcher Type: SUN_STANDARD

[Global flags]
     intx CICompilerCount                          = 4                                         {product} {ergonomic}
     uint ConcGCThreads                            = 3                                         {product} {ergonomic}
     uint G1ConcRefinementThreads                  = 10                                        {product} {ergonomic}
   size_t G1HeapRegionSize                         = 2097152                                   {product} {ergonomic}
    uintx GCDrainStackTargetSize                   = 64                                        {product} {ergonomic}
   size_t InitialHeapSize                          = 266338304                                 {product} {ergonomic}
   size_t MarkStackSize                            = 4194304                                   {product} {ergonomic}
   size_t MaxHeapSize                              = 4244635648                                {product} {ergonomic}
   size_t MaxNewSize                               = 2545942528                                {product} {ergonomic}
   size_t MinHeapDeltaBytes                        = 2097152                                   {product} {ergonomic}
   size_t MinHeapSize                              = 8388608                                   {product} {ergonomic}
    uintx NonNMethodCodeHeapSize                   = 5839372                                {pd product} {ergonomic}
    uintx NonProfiledCodeHeapSize                  = 122909434                              {pd product} {ergonomic}
    uintx ProfiledCodeHeapSize                     = 122909434                              {pd product} {ergonomic}
    uintx ReservedCodeCacheSize                    = 251658240                              {pd product} {ergonomic}
     bool SegmentedCodeCache                       = true                                      {product} {ergonomic}
   size_t SoftMaxHeapSize                          = 4244635648                             {manageable} {ergonomic}
     bool UseCompressedClassPointers               = true                           {product lp64_product} {ergonomic}
     bool UseCompressedOops                        = true                           {product lp64_product} {ergonomic}
     bool UseG1GC                                  = true                                      {product} {ergonomic}
     bool UseLargePagesIndividualAllocation        = false                                  {pd product} {ergonomic}

Logging:
Log output configuration:
 #0: stdout all=warning uptime,level,tags
 #1: stderr all=off uptime,level,tags

Environment Variables:
JAVA_HOME=C:\Users\parth\Downloads\jdk-17_windows-x64_bin.exe
PATH=C:\Program Files\Common Files\Oracle\Java\javapath;C:\Windows\system32;C:\Windows;C:\Windows\System32\Wbem;C:\Windows\System32\WindowsPowerShell\v1.0\;C:\Windows\System32\OpenSSH\;C:\Program Files (x86)\NVIDIA Corporation\PhysX\Common;C:\Program Files\NVIDIA Corporation\NVIDIA NvDLISR;C:\WINDOWS\system32;C:\WINDOWS;C:\WINDOWS\System32\Wbem;C:\WINDOWS\System32\WindowsPowerShell\v1.0\;C:\WINDOWS\System32\OpenSSH\;C:\Program Files\mingw-w64\x86_64-8.1.0-posix-seh-rt_v6-rev0\mingw64\bin;C:\Program Files\dotnet\;C:\Program Files\Git\cmd;C:\Program Files\MySQL\MySQL Shell 8.0\bin\;C:\Users\parth\AppData\Local\Microsoft\WindowsApps;C:\Program Files\JetBrains\IntelliJ IDEA Community Edition 2021.2.3\bin;;C:\Program Files\Java\jdk-17.0.1\bin;C:\Users\parth\AppData\Local\Programs\Microsoft VS Code\bin;C:\Program Files\mingw-w64\x86_64-8.1.0-posix-seh-rt_v6-rev0\mingw64\bin;
USERNAME=parth
OS=Windows_NT
PROCESSOR_IDENTIFIER=Intel64 Family 6 Model 165 Stepping 2, GenuineIntel



---------------  S Y S T E M  ---------------

OS:
 Windows 10 , 64 bit Build 19041 (10.0.19041.2364)
OS uptime: 1 days 3:44 hours
Hyper-V role detected

CPU: total 12 (initial active 12) (6 cores per cpu, 2 threads per core) family 6 model 165 stepping 2 microcode 0xea, cx8, cmov, fxsr, ht, mmx, 3dnowpref, sse, sse2, sse3, ssse3, sse4.1, sse4.2, popcnt, lzcnt, tsc, tscinvbit, avx, avx2, aes, erms, clmul, bmi1, bmi2, adx, fma, vzeroupper, clflush, clflushopt, hv

Memory: 4k page, system-wide physical 16185M (2845M free)
TotalPageFile size 55097M (AvailPageFile size 25727M)
current process WorkingSet (physical memory assigned to process): 909M, peak: 909M
current process commit charge ("private bytes"): 986M, peak: 987M

vm_info: OpenJDK 64-Bit Server VM (16.0.2+7) for windows-amd64 JRE (16.0.2+7), built on Jul 22 2021 01:11:46 by "Administrator" with MS VC++ 15.9 (VS2017)

END.
