#
# A fatal error has been detected by the Java Runtime Environment:
#
#  EXCEPTION_ACCESS_VIOLATION (0xc0000005) at pc=0x00007fff2cbde560, pid=5360, tid=14780
#
# JRE version: OpenJDK Runtime Environment Corretto-16.0.2.7.1 (16.0.2+7) (build 16.0.2+7)
# Java VM: OpenJDK 64-Bit Server VM Corretto-16.0.2.7.1 (16.0.2+7, mixed mode, sharing, tiered, compressed oops, compressed class ptrs, g1 gc, windows-amd64)
# Problematic frame:
# C  [ig9icd64.dll+0x7e560]
#
# No core dump will be written. Minidumps are not enabled by default on client versions of Windows
#
# If you would like to submit a bug report, please visit:
#   https://github.com/corretto/corretto-jdk/issues/
# The crash happened outside the Java Virtual Machine in native code.
# See problematic frame for where to report the bug.
#

---------------  S U M M A R Y ------------

Command Line: -Dfile.encoding=windows-1252 -Duser.country=US -Duser.language=en -Duser.variant com.mygdx.game.DesktopLauncher

Host: Intel(R) Core(TM) i7-10750H CPU @ 2.60GHz, 12 cores, 15G,  Windows 10 , 64 bit Build 19041 (10.0.19041.2364)
Time: Tue Dec 20 02:12:09 2022 India Standard Time elapsed time: 12.303827 seconds (0d 0h 0m 12s)

---------------  T H R E A D  ---------------

Current thread (0x0000018196203610):  JavaThread "main" [_thread_in_native, id=14780, stack(0x00000042a7900000,0x00000042a7a00000)]

Stack: [0x00000042a7900000,0x00000042a7a00000],  sp=0x00000042a79feb88,  free space=1018k
Native frames: (J=compiled Java code, j=interpreted, Vv=VM code, C=native code)
C  [ig9icd64.dll+0x7e560]

Java frames: (J=compiled Java code, j=interpreted, Vv=VM code)
J 1576  org.lwjgl.opengl.GL11C.nglDrawElements(IIIJ)V (0 bytes) @ 0x00000181a672a6fe [0x00000181a672a6a0+0x000000000000005e]
J 1912 c2 com.badlogic.gdx.graphics.g2d.SpriteBatch.flush()V (193 bytes) @ 0x00000181a67932d0 [0x00000181a6792e20+0x00000000000004b0]
J 1584 c1 com.badlogic.gdx.graphics.g2d.SpriteBatch.end()V (66 bytes) @ 0x000001819f450844 [0x000001819f450740+0x0000000000000104]
j  com.mygdx.game.MainMenuScreen.render(F)V+63
J 2015 c1 com.mygdx.game.TankStar.render()V (5 bytes) @ 0x000001819f52cfb4 [0x000001819f52cd60+0x0000000000000254]
J 1892 c1 com.badlogic.gdx.backends.lwjgl3.Lwjgl3Window.update()Z (217 bytes) @ 0x000001819f4f2c64 [0x000001819f4f2060+0x0000000000000c04]
j  com.badlogic.gdx.backends.lwjgl3.Lwjgl3Application.loop()V+111
j  com.badlogic.gdx.backends.lwjgl3.Lwjgl3Application.<init>(Lcom/badlogic/gdx/ApplicationListener;Lcom/badlogic/gdx/backends/lwjgl3/Lwjgl3ApplicationConfiguration;)V+269
j  com.mygdx.game.DesktopLauncher.main([Ljava/lang/String;)V+47
v  ~StubRoutines::call_stub

siginfo: EXCEPTION_ACCESS_VIOLATION (0xc0000005), reading address 0x00000181bb923880


Register to memory mapping:

RIP=0x00007fff2cbde560 ig9icd64.dll
RAX=0x000000000000007f is an unknown value
RBX=0x000000000000ffff is an unknown value
RCX=0x00000181f355f710 points into unknown readable memory: 0x0b720b720b710b70 | 70 0b 71 0b 72 0b 72 0b
RDX=0x00000181bb923880 is an unknown value
RSP=0x00000042a79feb88 is pointing into the stack for thread: 0x0000018196203610
RBP=0x0000000000000006 is an unknown value
RSI=0x00000042a79fec40 is pointing into the stack for thread: 0x0000018196203610
RDI=0x0 is NULL
R8 =0x000000000000000c is an unknown value
R9 =0x00000042a79fec40 is pointing into the stack for thread: 0x0000018196203610
R10=0x0000000037c3be90 is an unknown value
R11=0x0000000000000006 is an unknown value
R12=0x0 is NULL
R13=0x0000000000060000 is an unknown value
R14=0x00000181bd2c9e50 points into unknown readable memory: 0x00000181f355f710 | 10 f7 55 f3 81 01 00 00
R15=0x000000000000000c is an unknown value


Registers:
RAX=0x000000000000007f, RBX=0x000000000000ffff, RCX=0x00000181f355f710, RDX=0x00000181bb923880
RSP=0x00000042a79feb88, RBP=0x0000000000000006, RSI=0x00000042a79fec40, RDI=0x0000000000000000
R8 =0x000000000000000c, R9 =0x00000042a79fec40, R10=0x0000000037c3be90, R11=0x0000000000000006
R12=0x0000000000000000, R13=0x0000000000060000, R14=0x00000181bd2c9e50, R15=0x000000000000000c
RIP=0x00007fff2cbde560, EFLAGS=0x0000000000010206

Top of Stack: (sp=0x00000042a79feb88)
0x00000042a79feb88:   00007fff2d17abbf 0000000000060000
0x00000042a79feb98:   00000181bd24a760 00000181bd21f900
0x00000042a79feba8:   ffffffff00000000 00000042a79fec48
0x00000042a79febb8:   00000181ffffffff 0000a991f694ff3b
0x00000042a79febc8:   0000000704b88ac0 0000000000000001
0x00000042a79febd8:   00007fff2d5b87ea 0000000000000004
0x00000042a79febe8:   0000000000000000 0000000000000004
0x00000042a79febf8:   0000000000000038 0000000000001403
0x00000042a79fec08:   0000000000000001 00000181bd21f900
0x00000042a79fec18:   0000000000000006 00000181bd21f900
0x00000042a79fec28:   00007fff2d3c7559 0000000000000000
0x00000042a79fec38:   0000000700000004 00000042a79fed00
0x00000042a79fec48:   0000018196203610 0000000000000004
0x00000042a79fec58:   0000000000000006 0000000000000000
0x00000042a79fec68:   00007fff2d5b8c80 000000000000ffff
0x00000042a79fec78:   0000000000001406 00000181bd21f900 

Instructions: (pc=0x00007fff2cbde560)
0x00007fff2cbde460:   83 c2 10 66 0f f9 c3 66 0f ea c8 66 0f ee d0 48
0x00007fff2cbde470:   83 e9 01 75 dd 66 0f fd cb 66 0f fd d3 66 0f c5
0x00007fff2cbde480:   c1 00 66 0f c5 c9 01 66 44 0f c5 c1 06 66 3b d8
0x00007fff2cbde490:   66 0f 46 c3 66 3b c1 66 0f 46 c8 66 0f c5 c1 02
0x00007fff2cbde4a0:   66 3b c8 66 0f 46 c1 66 0f c5 c9 03 66 3b c1 66
0x00007fff2cbde4b0:   0f 46 c8 66 0f c5 c1 04 66 3b c8 66 0f 46 c1 66
0x00007fff2cbde4c0:   0f c5 c9 05 66 3b c1 66 0f 46 c8 66 41 3b c8 66
0x00007fff2cbde4d0:   0f c5 c1 07 66 44 0f 46 c1 66 0f c5 ca 01 66 44
0x00007fff2cbde4e0:   3b c0 66 41 0f 46 c0 0f b7 d8 66 0f c5 c2 00 66
0x00007fff2cbde4f0:   44 0f c5 c2 06 66 3b f8 66 0f 43 c7 66 3b c1 66
0x00007fff2cbde500:   0f 43 c8 66 0f c5 c2 02 66 3b c8 66 0f 43 c1 66
0x00007fff2cbde510:   0f c5 ca 03 66 3b c1 66 0f 43 c8 66 0f c5 c2 04
0x00007fff2cbde520:   66 3b c8 66 0f 43 c1 66 0f c5 ca 05 66 3b c1 66
0x00007fff2cbde530:   0f 43 c8 66 41 3b c8 66 0f c5 c2 07 66 44 0f 43
0x00007fff2cbde540:   c1 66 44 3b c0 66 41 0f 43 c0 0f b7 f8 4d 85 db
0x00007fff2cbde550:   74 52 4c 2b d2 66 66 66 0f 1f 84 00 00 00 00 00
0x00007fff2cbde560:   0f b7 0a 66 41 89 0c 12 48 8d 52 02 66 3b d9 0f
0x00007fff2cbde570:   b7 c1 66 0f 46 c3 66 3b f9 0f b7 d8 66 0f 43 cf
0x00007fff2cbde580:   0f b7 f9 49 83 eb 01 75 d7 66 89 06 48 8b 44 24
0x00007fff2cbde590:   28 66 89 08 48 8b 5c 24 08 48 8b 74 24 10 48 8b
0x00007fff2cbde5a0:   7c 24 18 c3 48 8b 44 24 28 66 89 1e 48 8b 5c 24
0x00007fff2cbde5b0:   08 48 8b 74 24 10 66 89 38 48 8b 7c 24 18 c3 cc
0x00007fff2cbde5c0:   48 89 5c 24 10 56 48 83 ec 50 33 db 41 c1 e8 02
0x00007fff2cbde5d0:   41 8b f1 4c 8b d1 41 bb ff ff ff ff f6 c2 03 0f
0x00007fff2cbde5e0:   85 3e 02 00 00 83 bc 24 90 00 00 00 06 0f 8c 30
0x00007fff2cbde5f0:   02 00 00 0f 18 42 20 0f 18 42 40 41 83 f8 04 0f
0x00007fff2cbde600:   82 1e 02 00 00 44 8d 4a 0f 41 83 e1 f0 44 2b ca
0x00007fff2cbde610:   41 c1 e9 02 45 85 c9 74 3a 48 89 7c 24 60 41 8b
0x00007fff2cbde620:   f9 8b 0a 48 83 c2 04 41 89 0a 49 83 c2 04 3b ce
0x00007fff2cbde630:   74 13 44 3b d9 8b c1 41 0f 46 c3 3b d9 44 8b d8
0x00007fff2cbde640:   0f 43 cb 8b d9 48 83 ef 01 75 d6 48 8b 7c 24 60
0x00007fff2cbde650:   45 2b c1 41 83 f8 08 0f 82 c6 01 00 00 48 8b ce 


Stack slot to memory mapping:
stack at sp + 0 slots: 0x00007fff2d17abbf ig9icd64.dll
stack at sp + 1 slots: 0x0000000000060000 is an unknown value
stack at sp + 2 slots: 0x00000181bd24a760 points into unknown readable memory: 0x00000181bb923880 | 80 38 92 bb 81 01 00 00
stack at sp + 3 slots: 0x00000181bd21f900 points into unknown readable memory: 0x00000181bcefff40 | 40 ff ef bc 81 01 00 00
stack at sp + 4 slots: 0xffffffff00000000 is an unknown value
stack at sp + 5 slots: 0x00000042a79fec48 is pointing into the stack for thread: 0x0000018196203610
stack at sp + 6 slots: 0x00000181ffffffff is an unknown value
stack at sp + 7 slots: 0x0000a991f694ff3b is an unknown value


---------------  P R O C E S S  ---------------

Threads class SMR info:
_java_thread_list=0x00000181bd681bc0, length=13, elements={
0x0000018196203610, 0x00000181ba3c9610, 0x00000181ba3cca00, 0x00000181bad042b0,
0x00000181ba3dae30, 0x00000181ba3ddeb0, 0x00000181bad07d10, 0x00000181bad12d50,
0x00000181bad1d840, 0x00000181bad2cef0, 0x00000181bae4f8f0, 0x00000181bae4d910,
0x00000181bae4f3a0
}

Java Threads: ( => current thread )
=>0x0000018196203610 JavaThread "main" [_thread_in_native, id=14780, stack(0x00000042a7900000,0x00000042a7a00000)]
  0x00000181ba3c9610 JavaThread "Reference Handler" daemon [_thread_blocked, id=26376, stack(0x00000042a8000000,0x00000042a8100000)]
  0x00000181ba3cca00 JavaThread "Finalizer" daemon [_thread_blocked, id=13684, stack(0x00000042a8100000,0x00000042a8200000)]
  0x00000181bad042b0 JavaThread "Signal Dispatcher" daemon [_thread_blocked, id=3380, stack(0x00000042a8200000,0x00000042a8300000)]
  0x00000181ba3dae30 JavaThread "Attach Listener" daemon [_thread_blocked, id=20472, stack(0x00000042a8300000,0x00000042a8400000)]
  0x00000181ba3ddeb0 JavaThread "Service Thread" daemon [_thread_blocked, id=22220, stack(0x00000042a8400000,0x00000042a8500000)]
  0x00000181bad07d10 JavaThread "Monitor Deflation Thread" daemon [_thread_blocked, id=4976, stack(0x00000042a8500000,0x00000042a8600000)]
  0x00000181bad12d50 JavaThread "C2 CompilerThread0" daemon [_thread_blocked, id=13892, stack(0x00000042a8600000,0x00000042a8700000)]
  0x00000181bad1d840 JavaThread "C1 CompilerThread0" daemon [_thread_blocked, id=16760, stack(0x00000042a8700000,0x00000042a8800000)]
  0x00000181bad2cef0 JavaThread "Sweeper thread" daemon [_thread_blocked, id=4348, stack(0x00000042a8800000,0x00000042a8900000)]
  0x00000181bae4f8f0 JavaThread "Notification Thread" daemon [_thread_blocked, id=1920, stack(0x00000042a8900000,0x00000042a8a00000)]
  0x00000181bae4d910 JavaThread "Common-Cleaner" daemon [_thread_blocked, id=13144, stack(0x00000042a8b00000,0x00000042a8c00000)]
  0x00000181bae4f3a0 JavaThread "LWJGL3 Timer" daemon [_thread_blocked, id=27824, stack(0x00000042a9d00000,0x00000042a9e00000)]

Other Threads:
  0x00000181ba3c1480 VMThread "VM Thread" [stack: 0x00000042a7f00000,0x00000042a8000000] [id=26872]
  0x00000181bae518d0 WatcherThread [stack: 0x00000042a8a00000,0x00000042a8b00000] [id=21432]
  0x0000018196251c70 GCTaskThread "GC Thread#0" [stack: 0x00000042a7a00000,0x00000042a7b00000] [id=25156]
  0x00000181bd2ce4c0 GCTaskThread "GC Thread#1" [stack: 0x00000042a9600000,0x00000042a9700000] [id=28452]
  0x00000181bd1a1b70 GCTaskThread "GC Thread#2" [stack: 0x00000042a9700000,0x00000042a9800000] [id=17500]
  0x00000181bcf65a00 GCTaskThread "GC Thread#3" [stack: 0x00000042a9800000,0x00000042a9900000] [id=18836]
  0x00000181bcf65d10 GCTaskThread "GC Thread#4" [stack: 0x00000042a9900000,0x00000042a9a00000] [id=20536]
  0x00000181bcf66020 GCTaskThread "GC Thread#5" [stack: 0x00000042a9a00000,0x00000042a9b00000] [id=20600]
  0x00000181bd2ad630 GCTaskThread "GC Thread#6" [stack: 0x00000042a9b00000,0x00000042a9c00000] [id=1180]
  0x00000181bd6e9dd0 GCTaskThread "GC Thread#7" [stack: 0x00000042a9500000,0x00000042a9600000] [id=12892]
  0x0000018196263b10 ConcurrentGCThread "G1 Main Marker" [stack: 0x00000042a7b00000,0x00000042a7c00000] [id=25912]
  0x00000181962650f0 ConcurrentGCThread "G1 Conc#0" [stack: 0x00000042a7c00000,0x00000042a7d00000] [id=14956]
  0x00000181962ad8e0 ConcurrentGCThread "G1 Refine#0" [stack: 0x00000042a7d00000,0x00000042a7e00000] [id=25160]
  0x00000181bd8d3c50 ConcurrentGCThread "G1 Refine#1" [stack: 0x00000042a9f00000,0x00000042aa000000] [id=28984]
  0x00000181bd8d2f50 ConcurrentGCThread "G1 Refine#2" [stack: 0x00000042aa000000,0x00000042aa100000] [id=26348]
  0x00000181bd8d3910 ConcurrentGCThread "G1 Refine#3" [stack: 0x00000042aa100000,0x00000042aa200000] [id=10132]
  0x00000181bd8d3f90 ConcurrentGCThread "G1 Refine#4" [stack: 0x00000042aa200000,0x00000042aa300000] [id=19716]
  0x00000181bd8d2590 ConcurrentGCThread "G1 Refine#5" [stack: 0x00000042aa300000,0x00000042aa400000] [id=20352]
  0x00000181bd8d28d0 ConcurrentGCThread "G1 Refine#6" [stack: 0x00000042aa400000,0x00000042aa500000] [id=17160]
  0x00000181bd8d35d0 ConcurrentGCThread "G1 Refine#7" [stack: 0x00000042aa500000,0x00000042aa600000] [id=22044]
  0x00000181962ae360 ConcurrentGCThread "G1 Service" [stack: 0x00000042a7e00000,0x00000042a7f00000] [id=12516]

Threads with active compile tasks:

VM state: not at safepoint (normal execution)

VM Mutex/Monitor currently owned by a thread: None

Heap address: 0x0000000703000000, size: 4048 MB, Compressed Oops mode: Zero based, Oop shift amount: 3

CDS archive(s) mapped at: [0x0000000800000000-0x0000000800be0000-0x0000000800be0000), size 12451840, SharedBaseAddress: 0x0000000800000000, ArchiveRelocationMode: 0.
Compressed class space mapped at: 0x0000000800c00000-0x0000000840c00000, reserved size: 1073741824
Narrow klass base: 0x0000000800000000, Narrow klass shift: 3, Narrow klass range: 0x100000000

GC Precious Log:
 CPUs: 12 total, 12 available
 Memory: 16185M
 Large Page Support: Disabled
 NUMA Support: Disabled
 Compressed Oops: Enabled (Zero based)
 Heap Region Size: 2M
 Heap Min Capacity: 8M
 Heap Initial Capacity: 254M
 Heap Max Capacity: 4048M
 Pre-touch: Disabled
 Parallel Workers: 10
 Concurrent Workers: 3
 Concurrent Refinement Workers: 10
 Periodic GC: Disabled

Heap:
 garbage-first heap   total 780288K, used 132516K [0x0000000703000000, 0x0000000800000000)
  region size 2048K, 6 young (12288K), 3 survivors (6144K)
 Metaspace       used 8500K, committed 8704K, reserved 1064960K
  class space    used 611K, committed 704K, reserved 1048576K

Heap Regions: E=young(eden), S=young(survivor), O=old, HS=humongous(starts), HC=humongous(continues), CS=collection set, F=free, OA=open archive, CA=closed archive, TAMS=top-at-mark-start (previous, next)
|   0|0x0000000703000000, 0x0000000703200000, 0x0000000703200000|100%| O|  |TAMS 0x0000000703000000, 0x0000000703000000| Untracked 
|   1|0x0000000703200000, 0x0000000703400000, 0x0000000703400000|100%| O|  |TAMS 0x0000000703200000, 0x0000000703200000| Untracked 
|   2|0x0000000703400000, 0x0000000703600000, 0x0000000703600000|100%| O|  |TAMS 0x0000000703400000, 0x0000000703400000| Untracked 
|   3|0x0000000703600000, 0x0000000703800000, 0x0000000703800000|100%| O|  |TAMS 0x0000000703600000, 0x0000000703600000| Untracked 
|   4|0x0000000703800000, 0x0000000703a00000, 0x0000000703a00000|100%| O|  |TAMS 0x0000000703800000, 0x0000000703800000| Untracked 
|   5|0x0000000703a00000, 0x0000000703c00000, 0x0000000703c00000|100%| O|  |TAMS 0x0000000703a00000, 0x0000000703a00000| Untracked 
|   6|0x0000000703c00000, 0x0000000703e00000, 0x0000000703e00000|100%|HS|  |TAMS 0x0000000703c00000, 0x0000000703c00000| Complete 
|   7|0x0000000703e00000, 0x0000000704000000, 0x0000000704000000|100%| O|  |TAMS 0x0000000703e00000, 0x0000000703e00000| Untracked 
|   8|0x0000000704000000, 0x0000000704200000, 0x0000000704200000|100%|HS|  |TAMS 0x0000000704000000, 0x0000000704000000| Complete 
|   9|0x0000000704200000, 0x0000000704400000, 0x0000000704400000|100%|HS|  |TAMS 0x0000000704200000, 0x0000000704200000| Complete 
|  10|0x0000000704400000, 0x0000000704600000, 0x0000000704600000|100%| O|  |TAMS 0x0000000704400000, 0x0000000704400000| Untracked 
|  11|0x0000000704600000, 0x0000000704800000, 0x0000000704800000|100%|HS|  |TAMS 0x0000000704600000, 0x0000000704600000| Complete 
|  12|0x0000000704800000, 0x0000000704a00000, 0x0000000704a00000|100%|HC|  |TAMS 0x0000000704800000, 0x0000000704800000| Complete 
|  13|0x0000000704a00000, 0x0000000704c00000, 0x0000000704c00000|100%| O|  |TAMS 0x0000000704a00000, 0x0000000704a00000| Untracked 
|  14|0x0000000704c00000, 0x0000000704e00000, 0x0000000704e00000|100%| O|  |TAMS 0x0000000704c00000, 0x0000000704c00000| Untracked 
|  15|0x0000000704e00000, 0x0000000705000000, 0x0000000705000000|100%| O|  |TAMS 0x0000000704e00000, 0x0000000704e00000| Untracked 
|  16|0x0000000705000000, 0x0000000705200000, 0x0000000705200000|100%| O|  |TAMS 0x0000000705000000, 0x0000000705000000| Untracked 
|  17|0x0000000705200000, 0x0000000705400000, 0x0000000705400000|100%| O|  |TAMS 0x0000000705200000, 0x0000000705200000| Untracked 
|  18|0x0000000705400000, 0x0000000705600000, 0x0000000705600000|100%| O|  |TAMS 0x0000000705400000, 0x0000000705400000| Untracked 
|  19|0x0000000705600000, 0x0000000705800000, 0x0000000705800000|100%| O|  |TAMS 0x0000000705600000, 0x0000000705600000| Untracked 
|  20|0x0000000705800000, 0x0000000705a00000, 0x0000000705a00000|100%| O|  |TAMS 0x0000000705800000, 0x0000000705800000| Untracked 
|  21|0x0000000705a00000, 0x0000000705c00000, 0x0000000705c00000|100%| O|  |TAMS 0x0000000705a00000, 0x0000000705a00000| Untracked 
|  22|0x0000000705c00000, 0x0000000705e00000, 0x0000000705e00000|100%| O|  |TAMS 0x0000000705c00000, 0x0000000705c00000| Untracked 
|  23|0x0000000705e00000, 0x0000000706000000, 0x0000000706000000|100%|HS|  |TAMS 0x0000000705e00000, 0x0000000705e00000| Complete 
|  24|0x0000000706000000, 0x0000000706200000, 0x0000000706200000|100%|HC|  |TAMS 0x0000000706000000, 0x0000000706000000| Complete 
|  25|0x0000000706200000, 0x0000000706400000, 0x0000000706400000|100%|HC|  |TAMS 0x0000000706200000, 0x0000000706200000| Complete 
|  26|0x0000000706400000, 0x0000000706600000, 0x0000000706600000|100%|HS|  |TAMS 0x0000000706400000, 0x0000000706400000| Complete 
|  27|0x0000000706600000, 0x0000000706800000, 0x0000000706800000|100%|HC|  |TAMS 0x0000000706600000, 0x0000000706600000| Complete 
|  28|0x0000000706800000, 0x0000000706a00000, 0x0000000706a00000|100%|HC|  |TAMS 0x0000000706800000, 0x0000000706800000| Complete 
|  29|0x0000000706a00000, 0x0000000706c00000, 0x0000000706c00000|100%| O|  |TAMS 0x0000000706a00000, 0x0000000706a00000| Untracked 
|  30|0x0000000706c00000, 0x0000000706e00000, 0x0000000706e00000|100%| O|  |TAMS 0x0000000706c00000, 0x0000000706c00000| Untracked 
|  31|0x0000000706e00000, 0x0000000707000000, 0x0000000707000000|100%| O|  |TAMS 0x0000000706e00000, 0x0000000706e00000| Untracked 
|  32|0x0000000707000000, 0x0000000707200000, 0x0000000707200000|100%| O|  |TAMS 0x0000000707000000, 0x0000000707000000| Untracked 
|  33|0x0000000707200000, 0x0000000707400000, 0x0000000707400000|100%| O|  |TAMS 0x0000000707200000, 0x0000000707200000| Untracked 
|  34|0x0000000707400000, 0x0000000707600000, 0x0000000707600000|100%| O|  |TAMS 0x0000000707400000, 0x0000000707400000| Untracked 
|  35|0x0000000707600000, 0x0000000707800000, 0x0000000707800000|100%| O|  |TAMS 0x0000000707600000, 0x0000000707600000| Untracked 
|  36|0x0000000707800000, 0x0000000707a00000, 0x0000000707a00000|100%| O|  |TAMS 0x0000000707800000, 0x0000000707800000| Untracked 
|  37|0x0000000707a00000, 0x0000000707c00000, 0x0000000707c00000|100%|HS|  |TAMS 0x0000000707a00000, 0x0000000707a00000| Complete 
|  38|0x0000000707c00000, 0x0000000707e00000, 0x0000000707e00000|100%|HS|  |TAMS 0x0000000707c00000, 0x0000000707c00000| Complete 
|  39|0x0000000707e00000, 0x0000000708000000, 0x0000000708000000|100%|HC|  |TAMS 0x0000000707e00000, 0x0000000707e00000| Complete 
|  40|0x0000000708000000, 0x0000000708200000, 0x0000000708200000|100%|HS|  |TAMS 0x0000000708000000, 0x0000000708000000| Complete 
|  41|0x0000000708200000, 0x0000000708200000, 0x0000000708400000|  0%| F|  |TAMS 0x0000000708200000, 0x0000000708200000| Untracked 
|  42|0x0000000708400000, 0x0000000708600000, 0x0000000708600000|100%|HS|  |TAMS 0x0000000708400000, 0x0000000708400000| Complete 
|  43|0x0000000708600000, 0x0000000708800000, 0x0000000708800000|100%| O|  |TAMS 0x0000000708600000, 0x0000000708600000| Untracked 
|  44|0x0000000708800000, 0x0000000708a00000, 0x0000000708a00000|100%| O|  |TAMS 0x0000000708800000, 0x0000000708800000| Untracked 
|  45|0x0000000708a00000, 0x0000000708c00000, 0x0000000708c00000|100%| O|  |TAMS 0x0000000708a00000, 0x0000000708a00000| Untracked 
|  46|0x0000000708c00000, 0x0000000708e00000, 0x0000000708e00000|100%| O|  |TAMS 0x0000000708c00000, 0x0000000708c00000| Untracked 
|  47|0x0000000708e00000, 0x0000000709000000, 0x0000000709000000|100%| O|  |TAMS 0x0000000708e00000, 0x0000000708e00000| Untracked 
|  48|0x0000000709000000, 0x0000000709200000, 0x0000000709200000|100%| O|  |TAMS 0x0000000709000000, 0x0000000709000000| Untracked 
|  49|0x0000000709200000, 0x0000000709400000, 0x0000000709400000|100%| O|  |TAMS 0x0000000709200000, 0x0000000709200000| Untracked 
|  50|0x0000000709400000, 0x0000000709600000, 0x0000000709600000|100%| O|  |TAMS 0x0000000709400000, 0x0000000709400000| Untracked 
|  51|0x0000000709600000, 0x0000000709800000, 0x0000000709800000|100%| O|  |TAMS 0x0000000709600000, 0x0000000709600000| Untracked 
|  52|0x0000000709800000, 0x0000000709a00000, 0x0000000709a00000|100%| O|  |TAMS 0x0000000709800000, 0x0000000709800000| Untracked 
|  53|0x0000000709a00000, 0x0000000709c00000, 0x0000000709c00000|100%| O|  |TAMS 0x0000000709a00000, 0x0000000709a00000| Untracked 
|  54|0x0000000709c00000, 0x0000000709e00000, 0x0000000709e00000|100%| O|  |TAMS 0x0000000709c00000, 0x0000000709c00000| Untracked 
|  55|0x0000000709e00000, 0x000000070a000000, 0x000000070a000000|100%|HS|  |TAMS 0x0000000709e00000, 0x0000000709e00000| Complete 
|  56|0x000000070a000000, 0x000000070a200000, 0x000000070a200000|100%|HC|  |TAMS 0x000000070a000000, 0x000000070a000000| Complete 
|  57|0x000000070a200000, 0x000000070a400000, 0x000000070a400000|100%| O|  |TAMS 0x000000070a200000, 0x000000070a200000| Untracked 
|  58|0x000000070a400000, 0x000000070a600000, 0x000000070a600000|100%| O|  |TAMS 0x000000070a400000, 0x000000070a400000| Untracked 
|  59|0x000000070a600000, 0x000000070a800000, 0x000000070a800000|100%| O|  |TAMS 0x000000070a600000, 0x000000070a600000| Untracked 
|  60|0x000000070a800000, 0x000000070a969000, 0x000000070aa00000| 70%| O|  |TAMS 0x000000070a800000, 0x000000070a800000| Untracked 
|  61|0x000000070aa00000, 0x000000070aa00000, 0x000000070ac00000|  0%| F|  |TAMS 0x000000070aa00000, 0x000000070aa00000| Untracked 
|  62|0x000000070ac00000, 0x000000070ac00000, 0x000000070ae00000|  0%| F|  |TAMS 0x000000070ac00000, 0x000000070ac00000| Untracked 
|  63|0x000000070ae00000, 0x000000070ae00000, 0x000000070b000000|  0%| F|  |TAMS 0x000000070ae00000, 0x000000070ae00000| Untracked 
|  64|0x000000070b000000, 0x000000070b000000, 0x000000070b200000|  0%| F|  |TAMS 0x000000070b000000, 0x000000070b000000| Untracked 
|  65|0x000000070b200000, 0x000000070b200000, 0x000000070b400000|  0%| F|  |TAMS 0x000000070b200000, 0x000000070b200000| Untracked 
|  66|0x000000070b400000, 0x000000070b400000, 0x000000070b600000|  0%| F|  |TAMS 0x000000070b400000, 0x000000070b400000| Untracked 
|  67|0x000000070b600000, 0x000000070b600000, 0x000000070b800000|  0%| F|  |TAMS 0x000000070b600000, 0x000000070b600000| Untracked 
|  68|0x000000070b800000, 0x000000070b800000, 0x000000070ba00000|  0%| F|  |TAMS 0x000000070b800000, 0x000000070b800000| Untracked 
|  69|0x000000070ba00000, 0x000000070ba00000, 0x000000070bc00000|  0%| F|  |TAMS 0x000000070ba00000, 0x000000070ba00000| Untracked 
|  70|0x000000070bc00000, 0x000000070bc00000, 0x000000070be00000|  0%| F|  |TAMS 0x000000070bc00000, 0x000000070bc00000| Untracked 
|  71|0x000000070be00000, 0x000000070be00000, 0x000000070c000000|  0%| F|  |TAMS 0x000000070be00000, 0x000000070be00000| Untracked 
|  72|0x000000070c000000, 0x000000070c000000, 0x000000070c200000|  0%| F|  |TAMS 0x000000070c000000, 0x000000070c000000| Untracked 
|  73|0x000000070c200000, 0x000000070c200000, 0x000000070c400000|  0%| F|  |TAMS 0x000000070c200000, 0x000000070c200000| Untracked 
|  74|0x000000070c400000, 0x000000070c400000, 0x000000070c600000|  0%| F|  |TAMS 0x000000070c400000, 0x000000070c400000| Untracked 
|  75|0x000000070c600000, 0x000000070c600000, 0x000000070c800000|  0%| F|  |TAMS 0x000000070c600000, 0x000000070c600000| Untracked 
|  76|0x000000070c800000, 0x000000070c800000, 0x000000070ca00000|  0%| F|  |TAMS 0x000000070c800000, 0x000000070c800000| Untracked 
|  77|0x000000070ca00000, 0x000000070ca00000, 0x000000070cc00000|  0%| F|  |TAMS 0x000000070ca00000, 0x000000070ca00000| Untracked 
|  78|0x000000070cc00000, 0x000000070cc00000, 0x000000070ce00000|  0%| F|  |TAMS 0x000000070cc00000, 0x000000070cc00000| Untracked 
|  79|0x000000070ce00000, 0x000000070ce00000, 0x000000070d000000|  0%| F|  |TAMS 0x000000070ce00000, 0x000000070ce00000| Untracked 
|  80|0x000000070d000000, 0x000000070d000000, 0x000000070d200000|  0%| F|  |TAMS 0x000000070d000000, 0x000000070d000000| Untracked 
|  81|0x000000070d200000, 0x000000070d200000, 0x000000070d400000|  0%| F|  |TAMS 0x000000070d200000, 0x000000070d200000| Untracked 
|  82|0x000000070d400000, 0x000000070d400000, 0x000000070d600000|  0%| F|  |TAMS 0x000000070d400000, 0x000000070d400000| Untracked 
|  83|0x000000070d600000, 0x000000070d600000, 0x000000070d800000|  0%| F|  |TAMS 0x000000070d600000, 0x000000070d600000| Untracked 
|  84|0x000000070d800000, 0x000000070d800000, 0x000000070da00000|  0%| F|  |TAMS 0x000000070d800000, 0x000000070d800000| Untracked 
|  85|0x000000070da00000, 0x000000070da00000, 0x000000070dc00000|  0%| F|  |TAMS 0x000000070da00000, 0x000000070da00000| Untracked 
|  86|0x000000070dc00000, 0x000000070dc00000, 0x000000070de00000|  0%| F|  |TAMS 0x000000070dc00000, 0x000000070dc00000| Untracked 
|  87|0x000000070de00000, 0x000000070de00000, 0x000000070e000000|  0%| F|  |TAMS 0x000000070de00000, 0x000000070de00000| Untracked 
|  88|0x000000070e000000, 0x000000070e000000, 0x000000070e200000|  0%| F|  |TAMS 0x000000070e000000, 0x000000070e000000| Untracked 
|  89|0x000000070e200000, 0x000000070e200000, 0x000000070e400000|  0%| F|  |TAMS 0x000000070e200000, 0x000000070e200000| Untracked 
|  90|0x000000070e400000, 0x000000070e400000, 0x000000070e600000|  0%| F|  |TAMS 0x000000070e400000, 0x000000070e400000| Untracked 
|  91|0x000000070e600000, 0x000000070e600000, 0x000000070e800000|  0%| F|  |TAMS 0x000000070e600000, 0x000000070e600000| Untracked 
|  92|0x000000070e800000, 0x000000070e800000, 0x000000070ea00000|  0%| F|  |TAMS 0x000000070e800000, 0x000000070e800000| Untracked 
|  93|0x000000070ea00000, 0x000000070ea00000, 0x000000070ec00000|  0%| F|  |TAMS 0x000000070ea00000, 0x000000070ea00000| Untracked 
|  94|0x000000070ec00000, 0x000000070ec00000, 0x000000070ee00000|  0%| F|  |TAMS 0x000000070ec00000, 0x000000070ec00000| Untracked 
|  95|0x000000070ee00000, 0x000000070ee00000, 0x000000070f000000|  0%| F|  |TAMS 0x000000070ee00000, 0x000000070ee00000| Untracked 
|  96|0x000000070f000000, 0x000000070f000000, 0x000000070f200000|  0%| F|  |TAMS 0x000000070f000000, 0x000000070f000000| Untracked 
|  97|0x000000070f200000, 0x000000070f200000, 0x000000070f400000|  0%| F|  |TAMS 0x000000070f200000, 0x000000070f200000| Untracked 
|  98|0x000000070f400000, 0x000000070f400000, 0x000000070f600000|  0%| F|  |TAMS 0x000000070f400000, 0x000000070f400000| Untracked 
|  99|0x000000070f600000, 0x000000070f600000, 0x000000070f800000|  0%| F|  |TAMS 0x000000070f600000, 0x000000070f600000| Untracked 
| 100|0x000000070f800000, 0x000000070f800000, 0x000000070fa00000|  0%| F|  |TAMS 0x000000070f800000, 0x000000070f800000| Untracked 
| 101|0x000000070fa00000, 0x000000070fa00000, 0x000000070fc00000|  0%| F|  |TAMS 0x000000070fa00000, 0x000000070fa00000| Untracked 
| 102|0x000000070fc00000, 0x000000070fc00000, 0x000000070fe00000|  0%| F|  |TAMS 0x000000070fc00000, 0x000000070fc00000| Untracked 
| 103|0x000000070fe00000, 0x000000070fe00000, 0x0000000710000000|  0%| F|  |TAMS 0x000000070fe00000, 0x000000070fe00000| Untracked 
| 104|0x0000000710000000, 0x0000000710200000, 0x0000000710200000|100%| S|CS|TAMS 0x0000000710000000, 0x0000000710000000| Complete 
| 105|0x0000000710200000, 0x0000000710400000, 0x0000000710400000|100%| S|CS|TAMS 0x0000000710200000, 0x0000000710200000| Complete 
| 106|0x0000000710400000, 0x0000000710600000, 0x0000000710600000|100%| S|CS|TAMS 0x0000000710400000, 0x0000000710400000| Complete 
| 107|0x0000000710600000, 0x0000000710600000, 0x0000000710800000|  0%| F|  |TAMS 0x0000000710600000, 0x0000000710600000| Untracked 
| 108|0x0000000710800000, 0x0000000710800000, 0x0000000710a00000|  0%| F|  |TAMS 0x0000000710800000, 0x0000000710800000| Untracked 
| 109|0x0000000710a00000, 0x0000000710a00000, 0x0000000710c00000|  0%| F|  |TAMS 0x0000000710a00000, 0x0000000710a00000| Untracked 
| 110|0x0000000710c00000, 0x0000000710c00000, 0x0000000710e00000|  0%| F|  |TAMS 0x0000000710c00000, 0x0000000710c00000| Untracked 
| 111|0x0000000710e00000, 0x0000000710e00000, 0x0000000711000000|  0%| F|  |TAMS 0x0000000710e00000, 0x0000000710e00000| Untracked 
| 112|0x0000000711000000, 0x0000000711000000, 0x0000000711200000|  0%| F|  |TAMS 0x0000000711000000, 0x0000000711000000| Untracked 
| 113|0x0000000711200000, 0x0000000711200000, 0x0000000711400000|  0%| F|  |TAMS 0x0000000711200000, 0x0000000711200000| Untracked 
| 114|0x0000000711400000, 0x0000000711400000, 0x0000000711600000|  0%| F|  |TAMS 0x0000000711400000, 0x0000000711400000| Untracked 
| 115|0x0000000711600000, 0x0000000711600000, 0x0000000711800000|  0%| F|  |TAMS 0x0000000711600000, 0x0000000711600000| Untracked 
| 116|0x0000000711800000, 0x0000000711800000, 0x0000000711a00000|  0%| F|  |TAMS 0x0000000711800000, 0x0000000711800000| Untracked 
| 117|0x0000000711a00000, 0x0000000711a00000, 0x0000000711c00000|  0%| F|  |TAMS 0x0000000711a00000, 0x0000000711a00000| Untracked 
| 118|0x0000000711c00000, 0x0000000711c00000, 0x0000000711e00000|  0%| F|  |TAMS 0x0000000711c00000, 0x0000000711c00000| Untracked 
| 119|0x0000000711e00000, 0x0000000711e00000, 0x0000000712000000|  0%| F|  |TAMS 0x0000000711e00000, 0x0000000711e00000| Untracked 
| 120|0x0000000712000000, 0x0000000712000000, 0x0000000712200000|  0%| F|  |TAMS 0x0000000712000000, 0x0000000712000000| Untracked 
| 121|0x0000000712200000, 0x0000000712200000, 0x0000000712400000|  0%| F|  |TAMS 0x0000000712200000, 0x0000000712200000| Untracked 
| 122|0x0000000712400000, 0x0000000712400000, 0x0000000712600000|  0%| F|  |TAMS 0x0000000712400000, 0x0000000712400000| Untracked 
| 123|0x0000000712600000, 0x0000000712600000, 0x0000000712800000|  0%| F|  |TAMS 0x0000000712600000, 0x0000000712600000| Untracked 
| 124|0x0000000712800000, 0x0000000712800000, 0x0000000712a00000|  0%| F|  |TAMS 0x0000000712800000, 0x0000000712800000| Untracked 
| 125|0x0000000712a00000, 0x0000000712a00000, 0x0000000712c00000|  0%| F|  |TAMS 0x0000000712a00000, 0x0000000712a00000| Untracked 
| 126|0x0000000712c00000, 0x0000000712c00000, 0x0000000712e00000|  0%| F|  |TAMS 0x0000000712c00000, 0x0000000712c00000| Untracked 
| 127|0x0000000712e00000, 0x0000000712e00000, 0x0000000713000000|  0%| F|  |TAMS 0x0000000712e00000, 0x0000000712e00000| Untracked 
| 128|0x0000000713000000, 0x0000000713000000, 0x0000000713200000|  0%| F|  |TAMS 0x0000000713000000, 0x0000000713000000| Untracked 
| 129|0x0000000713200000, 0x0000000713200000, 0x0000000713400000|  0%| F|  |TAMS 0x0000000713200000, 0x0000000713200000| Untracked 
| 130|0x0000000713400000, 0x0000000713400000, 0x0000000713600000|  0%| F|  |TAMS 0x0000000713400000, 0x0000000713400000| Untracked 
| 131|0x0000000713600000, 0x0000000713600000, 0x0000000713800000|  0%| F|  |TAMS 0x0000000713600000, 0x0000000713600000| Untracked 
| 132|0x0000000713800000, 0x0000000713800000, 0x0000000713a00000|  0%| F|  |TAMS 0x0000000713800000, 0x0000000713800000| Untracked 
| 133|0x0000000713a00000, 0x0000000713a00000, 0x0000000713c00000|  0%| F|  |TAMS 0x0000000713a00000, 0x0000000713a00000| Untracked 
| 134|0x0000000713c00000, 0x0000000713c00000, 0x0000000713e00000|  0%| F|  |TAMS 0x0000000713c00000, 0x0000000713c00000| Untracked 
| 135|0x0000000713e00000, 0x0000000713e00000, 0x0000000714000000|  0%| F|  |TAMS 0x0000000713e00000, 0x0000000713e00000| Untracked 
| 136|0x0000000714000000, 0x0000000714000000, 0x0000000714200000|  0%| F|  |TAMS 0x0000000714000000, 0x0000000714000000| Untracked 
| 137|0x0000000714200000, 0x0000000714200000, 0x0000000714400000|  0%| F|  |TAMS 0x0000000714200000, 0x0000000714200000| Untracked 
| 138|0x0000000714400000, 0x0000000714400000, 0x0000000714600000|  0%| F|  |TAMS 0x0000000714400000, 0x0000000714400000| Untracked 
| 139|0x0000000714600000, 0x0000000714600000, 0x0000000714800000|  0%| F|  |TAMS 0x0000000714600000, 0x0000000714600000| Untracked 
| 140|0x0000000714800000, 0x0000000714800000, 0x0000000714a00000|  0%| F|  |TAMS 0x0000000714800000, 0x0000000714800000| Untracked 
| 141|0x0000000714a00000, 0x0000000714a00000, 0x0000000714c00000|  0%| F|  |TAMS 0x0000000714a00000, 0x0000000714a00000| Untracked 
| 142|0x0000000714c00000, 0x0000000714c00000, 0x0000000714e00000|  0%| F|  |TAMS 0x0000000714c00000, 0x0000000714c00000| Untracked 
| 143|0x0000000714e00000, 0x0000000714e00000, 0x0000000715000000|  0%| F|  |TAMS 0x0000000714e00000, 0x0000000714e00000| Untracked 
| 144|0x0000000715000000, 0x0000000715000000, 0x0000000715200000|  0%| F|  |TAMS 0x0000000715000000, 0x0000000715000000| Untracked 
| 145|0x0000000715200000, 0x0000000715200000, 0x0000000715400000|  0%| F|  |TAMS 0x0000000715200000, 0x0000000715200000| Untracked 
| 146|0x0000000715400000, 0x0000000715400000, 0x0000000715600000|  0%| F|  |TAMS 0x0000000715400000, 0x0000000715400000| Untracked 
| 147|0x0000000715600000, 0x0000000715600000, 0x0000000715800000|  0%| F|  |TAMS 0x0000000715600000, 0x0000000715600000| Untracked 
| 148|0x0000000715800000, 0x0000000715800000, 0x0000000715a00000|  0%| F|  |TAMS 0x0000000715800000, 0x0000000715800000| Untracked 
| 149|0x0000000715a00000, 0x0000000715a00000, 0x0000000715c00000|  0%| F|  |TAMS 0x0000000715a00000, 0x0000000715a00000| Untracked 
| 150|0x0000000715c00000, 0x0000000715c00000, 0x0000000715e00000|  0%| F|  |TAMS 0x0000000715c00000, 0x0000000715c00000| Untracked 
| 151|0x0000000715e00000, 0x0000000715e00000, 0x0000000716000000|  0%| F|  |TAMS 0x0000000715e00000, 0x0000000715e00000| Untracked 
| 152|0x0000000716000000, 0x0000000716000000, 0x0000000716200000|  0%| F|  |TAMS 0x0000000716000000, 0x0000000716000000| Untracked 
| 153|0x0000000716200000, 0x0000000716200000, 0x0000000716400000|  0%| F|  |TAMS 0x0000000716200000, 0x0000000716200000| Untracked 
| 154|0x0000000716400000, 0x0000000716400000, 0x0000000716600000|  0%| F|  |TAMS 0x0000000716400000, 0x0000000716400000| Untracked 
| 155|0x0000000716600000, 0x0000000716600000, 0x0000000716800000|  0%| F|  |TAMS 0x0000000716600000, 0x0000000716600000| Untracked 
| 156|0x0000000716800000, 0x0000000716800000, 0x0000000716a00000|  0%| F|  |TAMS 0x0000000716800000, 0x0000000716800000| Untracked 
| 157|0x0000000716a00000, 0x0000000716a00000, 0x0000000716c00000|  0%| F|  |TAMS 0x0000000716a00000, 0x0000000716a00000| Untracked 
| 158|0x0000000716c00000, 0x0000000716c00000, 0x0000000716e00000|  0%| F|  |TAMS 0x0000000716c00000, 0x0000000716c00000| Untracked 
| 159|0x0000000716e00000, 0x0000000716e00000, 0x0000000717000000|  0%| F|  |TAMS 0x0000000716e00000, 0x0000000716e00000| Untracked 
| 160|0x0000000717000000, 0x0000000717000000, 0x0000000717200000|  0%| F|  |TAMS 0x0000000717000000, 0x0000000717000000| Untracked 
| 161|0x0000000717200000, 0x0000000717200000, 0x0000000717400000|  0%| F|  |TAMS 0x0000000717200000, 0x0000000717200000| Untracked 
| 162|0x0000000717400000, 0x0000000717400000, 0x0000000717600000|  0%| F|  |TAMS 0x0000000717400000, 0x0000000717400000| Untracked 
| 163|0x0000000717600000, 0x0000000717600000, 0x0000000717800000|  0%| F|  |TAMS 0x0000000717600000, 0x0000000717600000| Untracked 
| 164|0x0000000717800000, 0x0000000717800000, 0x0000000717a00000|  0%| F|  |TAMS 0x0000000717800000, 0x0000000717800000| Untracked 
| 165|0x0000000717a00000, 0x0000000717a00000, 0x0000000717c00000|  0%| F|  |TAMS 0x0000000717a00000, 0x0000000717a00000| Untracked 
| 166|0x0000000717c00000, 0x0000000717c00000, 0x0000000717e00000|  0%| F|  |TAMS 0x0000000717c00000, 0x0000000717c00000| Untracked 
| 167|0x0000000717e00000, 0x0000000717e00000, 0x0000000718000000|  0%| F|  |TAMS 0x0000000717e00000, 0x0000000717e00000| Untracked 
| 168|0x0000000718000000, 0x0000000718000000, 0x0000000718200000|  0%| F|  |TAMS 0x0000000718000000, 0x0000000718000000| Untracked 
| 169|0x0000000718200000, 0x0000000718200000, 0x0000000718400000|  0%| F|  |TAMS 0x0000000718200000, 0x0000000718200000| Untracked 
| 170|0x0000000718400000, 0x0000000718400000, 0x0000000718600000|  0%| F|  |TAMS 0x0000000718400000, 0x0000000718400000| Untracked 
| 171|0x0000000718600000, 0x0000000718600000, 0x0000000718800000|  0%| F|  |TAMS 0x0000000718600000, 0x0000000718600000| Untracked 
| 172|0x0000000718800000, 0x0000000718800000, 0x0000000718a00000|  0%| F|  |TAMS 0x0000000718800000, 0x0000000718800000| Untracked 
| 173|0x0000000718a00000, 0x0000000718a00000, 0x0000000718c00000|  0%| F|  |TAMS 0x0000000718a00000, 0x0000000718a00000| Untracked 
| 174|0x0000000718c00000, 0x0000000718c00000, 0x0000000718e00000|  0%| F|  |TAMS 0x0000000718c00000, 0x0000000718c00000| Untracked 
| 175|0x0000000718e00000, 0x0000000718e00000, 0x0000000719000000|  0%| F|  |TAMS 0x0000000718e00000, 0x0000000718e00000| Untracked 
| 176|0x0000000719000000, 0x0000000719000000, 0x0000000719200000|  0%| F|  |TAMS 0x0000000719000000, 0x0000000719000000| Untracked 
| 177|0x0000000719200000, 0x0000000719200000, 0x0000000719400000|  0%| F|  |TAMS 0x0000000719200000, 0x0000000719200000| Untracked 
| 178|0x0000000719400000, 0x0000000719400000, 0x0000000719600000|  0%| F|  |TAMS 0x0000000719400000, 0x0000000719400000| Untracked 
| 179|0x0000000719600000, 0x0000000719600000, 0x0000000719800000|  0%| F|  |TAMS 0x0000000719600000, 0x0000000719600000| Untracked 
| 180|0x0000000719800000, 0x0000000719800000, 0x0000000719a00000|  0%| F|  |TAMS 0x0000000719800000, 0x0000000719800000| Untracked 
| 181|0x0000000719a00000, 0x0000000719a00000, 0x0000000719c00000|  0%| F|  |TAMS 0x0000000719a00000, 0x0000000719a00000| Untracked 
| 182|0x0000000719c00000, 0x0000000719c00000, 0x0000000719e00000|  0%| F|  |TAMS 0x0000000719c00000, 0x0000000719c00000| Untracked 
| 183|0x0000000719e00000, 0x0000000719e00000, 0x000000071a000000|  0%| F|  |TAMS 0x0000000719e00000, 0x0000000719e00000| Untracked 
| 184|0x000000071a000000, 0x000000071a000000, 0x000000071a200000|  0%| F|  |TAMS 0x000000071a000000, 0x000000071a000000| Untracked 
| 185|0x000000071a200000, 0x000000071a200000, 0x000000071a400000|  0%| F|  |TAMS 0x000000071a200000, 0x000000071a200000| Untracked 
| 186|0x000000071a400000, 0x000000071a400000, 0x000000071a600000|  0%| F|  |TAMS 0x000000071a400000, 0x000000071a400000| Untracked 
| 187|0x000000071a600000, 0x000000071a600000, 0x000000071a800000|  0%| F|  |TAMS 0x000000071a600000, 0x000000071a600000| Untracked 
| 188|0x000000071a800000, 0x000000071a800000, 0x000000071aa00000|  0%| F|  |TAMS 0x000000071a800000, 0x000000071a800000| Untracked 
| 189|0x000000071aa00000, 0x000000071aa00000, 0x000000071ac00000|  0%| F|  |TAMS 0x000000071aa00000, 0x000000071aa00000| Untracked 
| 190|0x000000071ac00000, 0x000000071ac00000, 0x000000071ae00000|  0%| F|  |TAMS 0x000000071ac00000, 0x000000071ac00000| Untracked 
| 191|0x000000071ae00000, 0x000000071ae00000, 0x000000071b000000|  0%| F|  |TAMS 0x000000071ae00000, 0x000000071ae00000| Untracked 
| 192|0x000000071b000000, 0x000000071b000000, 0x000000071b200000|  0%| F|  |TAMS 0x000000071b000000, 0x000000071b000000| Untracked 
| 193|0x000000071b200000, 0x000000071b200000, 0x000000071b400000|  0%| F|  |TAMS 0x000000071b200000, 0x000000071b200000| Untracked 
| 194|0x000000071b400000, 0x000000071b400000, 0x000000071b600000|  0%| F|  |TAMS 0x000000071b400000, 0x000000071b400000| Untracked 
| 195|0x000000071b600000, 0x000000071b600000, 0x000000071b800000|  0%| F|  |TAMS 0x000000071b600000, 0x000000071b600000| Untracked 
| 196|0x000000071b800000, 0x000000071b800000, 0x000000071ba00000|  0%| F|  |TAMS 0x000000071b800000, 0x000000071b800000| Untracked 
| 197|0x000000071ba00000, 0x000000071ba00000, 0x000000071bc00000|  0%| F|  |TAMS 0x000000071ba00000, 0x000000071ba00000| Untracked 
| 198|0x000000071bc00000, 0x000000071bc00000, 0x000000071be00000|  0%| F|  |TAMS 0x000000071bc00000, 0x000000071bc00000| Untracked 
| 199|0x000000071be00000, 0x000000071be00000, 0x000000071c000000|  0%| F|  |TAMS 0x000000071be00000, 0x000000071be00000| Untracked 
| 200|0x000000071c000000, 0x000000071c000000, 0x000000071c200000|  0%| F|  |TAMS 0x000000071c000000, 0x000000071c000000| Untracked 
| 201|0x000000071c200000, 0x000000071c200000, 0x000000071c400000|  0%| F|  |TAMS 0x000000071c200000, 0x000000071c200000| Untracked 
| 202|0x000000071c400000, 0x000000071c400000, 0x000000071c600000|  0%| F|  |TAMS 0x000000071c400000, 0x000000071c400000| Untracked 
| 203|0x000000071c600000, 0x000000071c600000, 0x000000071c800000|  0%| F|  |TAMS 0x000000071c600000, 0x000000071c600000| Untracked 
| 204|0x000000071c800000, 0x000000071c800000, 0x000000071ca00000|  0%| F|  |TAMS 0x000000071c800000, 0x000000071c800000| Untracked 
| 205|0x000000071ca00000, 0x000000071ca00000, 0x000000071cc00000|  0%| F|  |TAMS 0x000000071ca00000, 0x000000071ca00000| Untracked 
| 206|0x000000071cc00000, 0x000000071cc00000, 0x000000071ce00000|  0%| F|  |TAMS 0x000000071cc00000, 0x000000071cc00000| Untracked 
| 207|0x000000071ce00000, 0x000000071ce00000, 0x000000071d000000|  0%| F|  |TAMS 0x000000071ce00000, 0x000000071ce00000| Untracked 
| 208|0x000000071d000000, 0x000000071d000000, 0x000000071d200000|  0%| F|  |TAMS 0x000000071d000000, 0x000000071d000000| Untracked 
| 209|0x000000071d200000, 0x000000071d200000, 0x000000071d400000|  0%| F|  |TAMS 0x000000071d200000, 0x000000071d200000| Untracked 
| 210|0x000000071d400000, 0x000000071d400000, 0x000000071d600000|  0%| F|  |TAMS 0x000000071d400000, 0x000000071d400000| Untracked 
| 211|0x000000071d600000, 0x000000071d600000, 0x000000071d800000|  0%| F|  |TAMS 0x000000071d600000, 0x000000071d600000| Untracked 
| 212|0x000000071d800000, 0x000000071d800000, 0x000000071da00000|  0%| F|  |TAMS 0x000000071d800000, 0x000000071d800000| Untracked 
| 213|0x000000071da00000, 0x000000071da00000, 0x000000071dc00000|  0%| F|  |TAMS 0x000000071da00000, 0x000000071da00000| Untracked 
| 214|0x000000071dc00000, 0x000000071dc00000, 0x000000071de00000|  0%| F|  |TAMS 0x000000071dc00000, 0x000000071dc00000| Untracked 
| 215|0x000000071de00000, 0x000000071de00000, 0x000000071e000000|  0%| F|  |TAMS 0x000000071de00000, 0x000000071de00000| Untracked 
| 216|0x000000071e000000, 0x000000071e000000, 0x000000071e200000|  0%| F|  |TAMS 0x000000071e000000, 0x000000071e000000| Untracked 
| 217|0x000000071e200000, 0x000000071e200000, 0x000000071e400000|  0%| F|  |TAMS 0x000000071e200000, 0x000000071e200000| Untracked 
| 218|0x000000071e400000, 0x000000071e400000, 0x000000071e600000|  0%| F|  |TAMS 0x000000071e400000, 0x000000071e400000| Untracked 
| 219|0x000000071e600000, 0x000000071e600000, 0x000000071e800000|  0%| F|  |TAMS 0x000000071e600000, 0x000000071e600000| Untracked 
| 220|0x000000071e800000, 0x000000071e800000, 0x000000071ea00000|  0%| F|  |TAMS 0x000000071e800000, 0x000000071e800000| Untracked 
| 221|0x000000071ea00000, 0x000000071ea00000, 0x000000071ec00000|  0%| F|  |TAMS 0x000000071ea00000, 0x000000071ea00000| Untracked 
| 222|0x000000071ec00000, 0x000000071ec00000, 0x000000071ee00000|  0%| F|  |TAMS 0x000000071ec00000, 0x000000071ec00000| Untracked 
| 223|0x000000071ee00000, 0x000000071ee00000, 0x000000071f000000|  0%| F|  |TAMS 0x000000071ee00000, 0x000000071ee00000| Untracked 
| 224|0x000000071f000000, 0x000000071f000000, 0x000000071f200000|  0%| F|  |TAMS 0x000000071f000000, 0x000000071f000000| Untracked 
| 225|0x000000071f200000, 0x000000071f200000, 0x000000071f400000|  0%| F|  |TAMS 0x000000071f200000, 0x000000071f200000| Untracked 
| 226|0x000000071f400000, 0x000000071f400000, 0x000000071f600000|  0%| F|  |TAMS 0x000000071f400000, 0x000000071f400000| Untracked 
| 227|0x000000071f600000, 0x000000071f600000, 0x000000071f800000|  0%| F|  |TAMS 0x000000071f600000, 0x000000071f600000| Untracked 
| 228|0x000000071f800000, 0x000000071f800000, 0x000000071fa00000|  0%| F|  |TAMS 0x000000071f800000, 0x000000071f800000| Untracked 
| 229|0x000000071fa00000, 0x000000071fa00000, 0x000000071fc00000|  0%| F|  |TAMS 0x000000071fa00000, 0x000000071fa00000| Untracked 
| 230|0x000000071fc00000, 0x000000071fc00000, 0x000000071fe00000|  0%| F|  |TAMS 0x000000071fc00000, 0x000000071fc00000| Untracked 
| 231|0x000000071fe00000, 0x000000071fe00000, 0x0000000720000000|  0%| F|  |TAMS 0x000000071fe00000, 0x000000071fe00000| Untracked 
| 232|0x0000000720000000, 0x0000000720000000, 0x0000000720200000|  0%| F|  |TAMS 0x0000000720000000, 0x0000000720000000| Untracked 
| 233|0x0000000720200000, 0x0000000720200000, 0x0000000720400000|  0%| F|  |TAMS 0x0000000720200000, 0x0000000720200000| Untracked 
| 234|0x0000000720400000, 0x0000000720400000, 0x0000000720600000|  0%| F|  |TAMS 0x0000000720400000, 0x0000000720400000| Untracked 
| 235|0x0000000720600000, 0x0000000720600000, 0x0000000720800000|  0%| F|  |TAMS 0x0000000720600000, 0x0000000720600000| Untracked 
| 236|0x0000000720800000, 0x0000000720800000, 0x0000000720a00000|  0%| F|  |TAMS 0x0000000720800000, 0x0000000720800000| Untracked 
| 237|0x0000000720a00000, 0x0000000720a00000, 0x0000000720c00000|  0%| F|  |TAMS 0x0000000720a00000, 0x0000000720a00000| Untracked 
| 238|0x0000000720c00000, 0x0000000720c00000, 0x0000000720e00000|  0%| F|  |TAMS 0x0000000720c00000, 0x0000000720c00000| Untracked 
| 239|0x0000000720e00000, 0x0000000720e00000, 0x0000000721000000|  0%| F|  |TAMS 0x0000000720e00000, 0x0000000720e00000| Untracked 
| 240|0x0000000721000000, 0x0000000721000000, 0x0000000721200000|  0%| F|  |TAMS 0x0000000721000000, 0x0000000721000000| Untracked 
| 241|0x0000000721200000, 0x0000000721200000, 0x0000000721400000|  0%| F|  |TAMS 0x0000000721200000, 0x0000000721200000| Untracked 
| 242|0x0000000721400000, 0x0000000721400000, 0x0000000721600000|  0%| F|  |TAMS 0x0000000721400000, 0x0000000721400000| Untracked 
| 243|0x0000000721600000, 0x0000000721600000, 0x0000000721800000|  0%| F|  |TAMS 0x0000000721600000, 0x0000000721600000| Untracked 
| 244|0x0000000721800000, 0x0000000721800000, 0x0000000721a00000|  0%| F|  |TAMS 0x0000000721800000, 0x0000000721800000| Untracked 
| 245|0x0000000721a00000, 0x0000000721a00000, 0x0000000721c00000|  0%| F|  |TAMS 0x0000000721a00000, 0x0000000721a00000| Untracked 
| 246|0x0000000721c00000, 0x0000000721c00000, 0x0000000721e00000|  0%| F|  |TAMS 0x0000000721c00000, 0x0000000721c00000| Untracked 
| 247|0x0000000721e00000, 0x0000000721e00000, 0x0000000722000000|  0%| F|  |TAMS 0x0000000721e00000, 0x0000000721e00000| Untracked 
| 248|0x0000000722000000, 0x0000000722000000, 0x0000000722200000|  0%| F|  |TAMS 0x0000000722000000, 0x0000000722000000| Untracked 
| 249|0x0000000722200000, 0x0000000722200000, 0x0000000722400000|  0%| F|  |TAMS 0x0000000722200000, 0x0000000722200000| Untracked 
| 250|0x0000000722400000, 0x0000000722400000, 0x0000000722600000|  0%| F|  |TAMS 0x0000000722400000, 0x0000000722400000| Untracked 
| 251|0x0000000722600000, 0x0000000722600000, 0x0000000722800000|  0%| F|  |TAMS 0x0000000722600000, 0x0000000722600000| Untracked 
| 252|0x0000000722800000, 0x0000000722800000, 0x0000000722a00000|  0%| F|  |TAMS 0x0000000722800000, 0x0000000722800000| Untracked 
| 253|0x0000000722a00000, 0x0000000722a00000, 0x0000000722c00000|  0%| F|  |TAMS 0x0000000722a00000, 0x0000000722a00000| Untracked 
| 254|0x0000000722c00000, 0x0000000722c00000, 0x0000000722e00000|  0%| F|  |TAMS 0x0000000722c00000, 0x0000000722c00000| Untracked 
| 255|0x0000000722e00000, 0x0000000722e00000, 0x0000000723000000|  0%| F|  |TAMS 0x0000000722e00000, 0x0000000722e00000| Untracked 
| 256|0x0000000723000000, 0x0000000723000000, 0x0000000723200000|  0%| F|  |TAMS 0x0000000723000000, 0x0000000723000000| Untracked 
| 257|0x0000000723200000, 0x0000000723200000, 0x0000000723400000|  0%| F|  |TAMS 0x0000000723200000, 0x0000000723200000| Untracked 
| 258|0x0000000723400000, 0x0000000723400000, 0x0000000723600000|  0%| F|  |TAMS 0x0000000723400000, 0x0000000723400000| Untracked 
| 259|0x0000000723600000, 0x0000000723600000, 0x0000000723800000|  0%| F|  |TAMS 0x0000000723600000, 0x0000000723600000| Untracked 
| 260|0x0000000723800000, 0x0000000723800000, 0x0000000723a00000|  0%| F|  |TAMS 0x0000000723800000, 0x0000000723800000| Untracked 
| 261|0x0000000723a00000, 0x0000000723a00000, 0x0000000723c00000|  0%| F|  |TAMS 0x0000000723a00000, 0x0000000723a00000| Untracked 
| 262|0x0000000723c00000, 0x0000000723c00000, 0x0000000723e00000|  0%| F|  |TAMS 0x0000000723c00000, 0x0000000723c00000| Untracked 
| 263|0x0000000723e00000, 0x0000000723e00000, 0x0000000724000000|  0%| F|  |TAMS 0x0000000723e00000, 0x0000000723e00000| Untracked 
| 264|0x0000000724000000, 0x0000000724000000, 0x0000000724200000|  0%| F|  |TAMS 0x0000000724000000, 0x0000000724000000| Untracked 
| 265|0x0000000724200000, 0x0000000724200000, 0x0000000724400000|  0%| F|  |TAMS 0x0000000724200000, 0x0000000724200000| Untracked 
| 266|0x0000000724400000, 0x0000000724400000, 0x0000000724600000|  0%| F|  |TAMS 0x0000000724400000, 0x0000000724400000| Untracked 
| 267|0x0000000724600000, 0x0000000724600000, 0x0000000724800000|  0%| F|  |TAMS 0x0000000724600000, 0x0000000724600000| Untracked 
| 268|0x0000000724800000, 0x0000000724800000, 0x0000000724a00000|  0%| F|  |TAMS 0x0000000724800000, 0x0000000724800000| Untracked 
| 269|0x0000000724a00000, 0x0000000724a00000, 0x0000000724c00000|  0%| F|  |TAMS 0x0000000724a00000, 0x0000000724a00000| Untracked 
| 270|0x0000000724c00000, 0x0000000724c00000, 0x0000000724e00000|  0%| F|  |TAMS 0x0000000724c00000, 0x0000000724c00000| Untracked 
| 271|0x0000000724e00000, 0x0000000724e00000, 0x0000000725000000|  0%| F|  |TAMS 0x0000000724e00000, 0x0000000724e00000| Untracked 
| 272|0x0000000725000000, 0x0000000725000000, 0x0000000725200000|  0%| F|  |TAMS 0x0000000725000000, 0x0000000725000000| Untracked 
| 273|0x0000000725200000, 0x0000000725200000, 0x0000000725400000|  0%| F|  |TAMS 0x0000000725200000, 0x0000000725200000| Untracked 
| 274|0x0000000725400000, 0x0000000725400000, 0x0000000725600000|  0%| F|  |TAMS 0x0000000725400000, 0x0000000725400000| Untracked 
| 275|0x0000000725600000, 0x0000000725600000, 0x0000000725800000|  0%| F|  |TAMS 0x0000000725600000, 0x0000000725600000| Untracked 
| 276|0x0000000725800000, 0x0000000725800000, 0x0000000725a00000|  0%| F|  |TAMS 0x0000000725800000, 0x0000000725800000| Untracked 
| 277|0x0000000725a00000, 0x0000000725a00000, 0x0000000725c00000|  0%| F|  |TAMS 0x0000000725a00000, 0x0000000725a00000| Untracked 
| 278|0x0000000725c00000, 0x0000000725c00000, 0x0000000725e00000|  0%| F|  |TAMS 0x0000000725c00000, 0x0000000725c00000| Untracked 
| 279|0x0000000725e00000, 0x0000000725e00000, 0x0000000726000000|  0%| F|  |TAMS 0x0000000725e00000, 0x0000000725e00000| Untracked 
| 280|0x0000000726000000, 0x0000000726000000, 0x0000000726200000|  0%| F|  |TAMS 0x0000000726000000, 0x0000000726000000| Untracked 
| 281|0x0000000726200000, 0x0000000726200000, 0x0000000726400000|  0%| F|  |TAMS 0x0000000726200000, 0x0000000726200000| Untracked 
| 282|0x0000000726400000, 0x0000000726400000, 0x0000000726600000|  0%| F|  |TAMS 0x0000000726400000, 0x0000000726400000| Untracked 
| 283|0x0000000726600000, 0x0000000726600000, 0x0000000726800000|  0%| F|  |TAMS 0x0000000726600000, 0x0000000726600000| Untracked 
| 284|0x0000000726800000, 0x0000000726800000, 0x0000000726a00000|  0%| F|  |TAMS 0x0000000726800000, 0x0000000726800000| Untracked 
| 285|0x0000000726a00000, 0x0000000726a00000, 0x0000000726c00000|  0%| F|  |TAMS 0x0000000726a00000, 0x0000000726a00000| Untracked 
| 286|0x0000000726c00000, 0x0000000726c00000, 0x0000000726e00000|  0%| F|  |TAMS 0x0000000726c00000, 0x0000000726c00000| Untracked 
| 287|0x0000000726e00000, 0x0000000726e00000, 0x0000000727000000|  0%| F|  |TAMS 0x0000000726e00000, 0x0000000726e00000| Untracked 
| 288|0x0000000727000000, 0x0000000727000000, 0x0000000727200000|  0%| F|  |TAMS 0x0000000727000000, 0x0000000727000000| Untracked 
| 289|0x0000000727200000, 0x0000000727200000, 0x0000000727400000|  0%| F|  |TAMS 0x0000000727200000, 0x0000000727200000| Untracked 
| 290|0x0000000727400000, 0x0000000727400000, 0x0000000727600000|  0%| F|  |TAMS 0x0000000727400000, 0x0000000727400000| Untracked 
| 291|0x0000000727600000, 0x0000000727600000, 0x0000000727800000|  0%| F|  |TAMS 0x0000000727600000, 0x0000000727600000| Untracked 
| 292|0x0000000727800000, 0x0000000727800000, 0x0000000727a00000|  0%| F|  |TAMS 0x0000000727800000, 0x0000000727800000| Untracked 
| 293|0x0000000727a00000, 0x0000000727a00000, 0x0000000727c00000|  0%| F|  |TAMS 0x0000000727a00000, 0x0000000727a00000| Untracked 
| 294|0x0000000727c00000, 0x0000000727c00000, 0x0000000727e00000|  0%| F|  |TAMS 0x0000000727c00000, 0x0000000727c00000| Untracked 
| 295|0x0000000727e00000, 0x0000000727e00000, 0x0000000728000000|  0%| F|  |TAMS 0x0000000727e00000, 0x0000000727e00000| Untracked 
| 296|0x0000000728000000, 0x0000000728000000, 0x0000000728200000|  0%| F|  |TAMS 0x0000000728000000, 0x0000000728000000| Untracked 
| 297|0x0000000728200000, 0x0000000728200000, 0x0000000728400000|  0%| F|  |TAMS 0x0000000728200000, 0x0000000728200000| Untracked 
| 298|0x0000000728400000, 0x0000000728400000, 0x0000000728600000|  0%| F|  |TAMS 0x0000000728400000, 0x0000000728400000| Untracked 
| 299|0x0000000728600000, 0x0000000728600000, 0x0000000728800000|  0%| F|  |TAMS 0x0000000728600000, 0x0000000728600000| Untracked 
| 300|0x0000000728800000, 0x0000000728800000, 0x0000000728a00000|  0%| F|  |TAMS 0x0000000728800000, 0x0000000728800000| Untracked 
| 301|0x0000000728a00000, 0x0000000728a00000, 0x0000000728c00000|  0%| F|  |TAMS 0x0000000728a00000, 0x0000000728a00000| Untracked 
| 302|0x0000000728c00000, 0x0000000728c00000, 0x0000000728e00000|  0%| F|  |TAMS 0x0000000728c00000, 0x0000000728c00000| Untracked 
| 303|0x0000000728e00000, 0x0000000728e00000, 0x0000000729000000|  0%| F|  |TAMS 0x0000000728e00000, 0x0000000728e00000| Untracked 
| 304|0x0000000729000000, 0x0000000729000000, 0x0000000729200000|  0%| F|  |TAMS 0x0000000729000000, 0x0000000729000000| Untracked 
| 305|0x0000000729200000, 0x0000000729200000, 0x0000000729400000|  0%| F|  |TAMS 0x0000000729200000, 0x0000000729200000| Untracked 
| 306|0x0000000729400000, 0x0000000729400000, 0x0000000729600000|  0%| F|  |TAMS 0x0000000729400000, 0x0000000729400000| Untracked 
| 307|0x0000000729600000, 0x0000000729600000, 0x0000000729800000|  0%| F|  |TAMS 0x0000000729600000, 0x0000000729600000| Untracked 
| 308|0x0000000729800000, 0x0000000729800000, 0x0000000729a00000|  0%| F|  |TAMS 0x0000000729800000, 0x0000000729800000| Untracked 
| 309|0x0000000729a00000, 0x0000000729a00000, 0x0000000729c00000|  0%| F|  |TAMS 0x0000000729a00000, 0x0000000729a00000| Untracked 
| 310|0x0000000729c00000, 0x0000000729c00000, 0x0000000729e00000|  0%| F|  |TAMS 0x0000000729c00000, 0x0000000729c00000| Untracked 
| 311|0x0000000729e00000, 0x0000000729e00000, 0x000000072a000000|  0%| F|  |TAMS 0x0000000729e00000, 0x0000000729e00000| Untracked 
| 312|0x000000072a000000, 0x000000072a000000, 0x000000072a200000|  0%| F|  |TAMS 0x000000072a000000, 0x000000072a000000| Untracked 
| 313|0x000000072a200000, 0x000000072a200000, 0x000000072a400000|  0%| F|  |TAMS 0x000000072a200000, 0x000000072a200000| Untracked 
| 314|0x000000072a400000, 0x000000072a400000, 0x000000072a600000|  0%| F|  |TAMS 0x000000072a400000, 0x000000072a400000| Untracked 
| 315|0x000000072a600000, 0x000000072a600000, 0x000000072a800000|  0%| F|  |TAMS 0x000000072a600000, 0x000000072a600000| Untracked 
| 316|0x000000072a800000, 0x000000072a800000, 0x000000072aa00000|  0%| F|  |TAMS 0x000000072a800000, 0x000000072a800000| Untracked 
| 317|0x000000072aa00000, 0x000000072aa00000, 0x000000072ac00000|  0%| F|  |TAMS 0x000000072aa00000, 0x000000072aa00000| Untracked 
| 318|0x000000072ac00000, 0x000000072ac00000, 0x000000072ae00000|  0%| F|  |TAMS 0x000000072ac00000, 0x000000072ac00000| Untracked 
| 319|0x000000072ae00000, 0x000000072ae00000, 0x000000072b000000|  0%| F|  |TAMS 0x000000072ae00000, 0x000000072ae00000| Untracked 
| 320|0x000000072b000000, 0x000000072b000000, 0x000000072b200000|  0%| F|  |TAMS 0x000000072b000000, 0x000000072b000000| Untracked 
| 321|0x000000072b200000, 0x000000072b200000, 0x000000072b400000|  0%| F|  |TAMS 0x000000072b200000, 0x000000072b200000| Untracked 
| 322|0x000000072b400000, 0x000000072b400000, 0x000000072b600000|  0%| F|  |TAMS 0x000000072b400000, 0x000000072b400000| Untracked 
| 323|0x000000072b600000, 0x000000072b600000, 0x000000072b800000|  0%| F|  |TAMS 0x000000072b600000, 0x000000072b600000| Untracked 
| 324|0x000000072b800000, 0x000000072b800000, 0x000000072ba00000|  0%| F|  |TAMS 0x000000072b800000, 0x000000072b800000| Untracked 
| 325|0x000000072ba00000, 0x000000072ba00000, 0x000000072bc00000|  0%| F|  |TAMS 0x000000072ba00000, 0x000000072ba00000| Untracked 
| 326|0x000000072bc00000, 0x000000072bc00000, 0x000000072be00000|  0%| F|  |TAMS 0x000000072bc00000, 0x000000072bc00000| Untracked 
| 327|0x000000072be00000, 0x000000072be00000, 0x000000072c000000|  0%| F|  |TAMS 0x000000072be00000, 0x000000072be00000| Untracked 
| 328|0x000000072c000000, 0x000000072c000000, 0x000000072c200000|  0%| F|  |TAMS 0x000000072c000000, 0x000000072c000000| Untracked 
| 329|0x000000072c200000, 0x000000072c200000, 0x000000072c400000|  0%| F|  |TAMS 0x000000072c200000, 0x000000072c200000| Untracked 
| 330|0x000000072c400000, 0x000000072c400000, 0x000000072c600000|  0%| F|  |TAMS 0x000000072c400000, 0x000000072c400000| Untracked 
| 331|0x000000072c600000, 0x000000072c600000, 0x000000072c800000|  0%| F|  |TAMS 0x000000072c600000, 0x000000072c600000| Untracked 
| 332|0x000000072c800000, 0x000000072c800000, 0x000000072ca00000|  0%| F|  |TAMS 0x000000072c800000, 0x000000072c800000| Untracked 
| 333|0x000000072ca00000, 0x000000072ca00000, 0x000000072cc00000|  0%| F|  |TAMS 0x000000072ca00000, 0x000000072ca00000| Untracked 
| 334|0x000000072cc00000, 0x000000072cc00000, 0x000000072ce00000|  0%| F|  |TAMS 0x000000072cc00000, 0x000000072cc00000| Untracked 
| 335|0x000000072ce00000, 0x000000072ce00000, 0x000000072d000000|  0%| F|  |TAMS 0x000000072ce00000, 0x000000072ce00000| Untracked 
| 336|0x000000072d000000, 0x000000072d000000, 0x000000072d200000|  0%| F|  |TAMS 0x000000072d000000, 0x000000072d000000| Untracked 
| 337|0x000000072d200000, 0x000000072d200000, 0x000000072d400000|  0%| F|  |TAMS 0x000000072d200000, 0x000000072d200000| Untracked 
| 338|0x000000072d400000, 0x000000072d400000, 0x000000072d600000|  0%| F|  |TAMS 0x000000072d400000, 0x000000072d400000| Untracked 
| 339|0x000000072d600000, 0x000000072d600000, 0x000000072d800000|  0%| F|  |TAMS 0x000000072d600000, 0x000000072d600000| Untracked 
| 340|0x000000072d800000, 0x000000072d800000, 0x000000072da00000|  0%| F|  |TAMS 0x000000072d800000, 0x000000072d800000| Untracked 
| 341|0x000000072da00000, 0x000000072da00000, 0x000000072dc00000|  0%| F|  |TAMS 0x000000072da00000, 0x000000072da00000| Untracked 
| 342|0x000000072dc00000, 0x000000072dc00000, 0x000000072de00000|  0%| F|  |TAMS 0x000000072dc00000, 0x000000072dc00000| Untracked 
| 343|0x000000072de00000, 0x000000072de00000, 0x000000072e000000|  0%| F|  |TAMS 0x000000072de00000, 0x000000072de00000| Untracked 
| 344|0x000000072e000000, 0x000000072e000000, 0x000000072e200000|  0%| F|  |TAMS 0x000000072e000000, 0x000000072e000000| Untracked 
| 345|0x000000072e200000, 0x000000072e200000, 0x000000072e400000|  0%| F|  |TAMS 0x000000072e200000, 0x000000072e200000| Untracked 
| 346|0x000000072e400000, 0x000000072e400000, 0x000000072e600000|  0%| F|  |TAMS 0x000000072e400000, 0x000000072e400000| Untracked 
| 347|0x000000072e600000, 0x000000072e600000, 0x000000072e800000|  0%| F|  |TAMS 0x000000072e600000, 0x000000072e600000| Untracked 
| 348|0x000000072e800000, 0x000000072e800000, 0x000000072ea00000|  0%| F|  |TAMS 0x000000072e800000, 0x000000072e800000| Untracked 
| 349|0x000000072ea00000, 0x000000072ea00000, 0x000000072ec00000|  0%| F|  |TAMS 0x000000072ea00000, 0x000000072ea00000| Untracked 
| 350|0x000000072ec00000, 0x000000072ec00000, 0x000000072ee00000|  0%| F|  |TAMS 0x000000072ec00000, 0x000000072ec00000| Untracked 
| 351|0x000000072ee00000, 0x000000072ee00000, 0x000000072f000000|  0%| F|  |TAMS 0x000000072ee00000, 0x000000072ee00000| Untracked 
| 352|0x000000072f000000, 0x000000072f000000, 0x000000072f200000|  0%| F|  |TAMS 0x000000072f000000, 0x000000072f000000| Untracked 
| 353|0x000000072f200000, 0x000000072f200000, 0x000000072f400000|  0%| F|  |TAMS 0x000000072f200000, 0x000000072f200000| Untracked 
| 354|0x000000072f400000, 0x000000072f400000, 0x000000072f600000|  0%| F|  |TAMS 0x000000072f400000, 0x000000072f400000| Untracked 
| 355|0x000000072f600000, 0x000000072f600000, 0x000000072f800000|  0%| F|  |TAMS 0x000000072f600000, 0x000000072f600000| Untracked 
| 356|0x000000072f800000, 0x000000072f800000, 0x000000072fa00000|  0%| F|  |TAMS 0x000000072f800000, 0x000000072f800000| Untracked 
| 357|0x000000072fa00000, 0x000000072fa00000, 0x000000072fc00000|  0%| F|  |TAMS 0x000000072fa00000, 0x000000072fa00000| Untracked 
| 358|0x000000072fc00000, 0x000000072fc00000, 0x000000072fe00000|  0%| F|  |TAMS 0x000000072fc00000, 0x000000072fc00000| Untracked 
| 359|0x000000072fe00000, 0x000000072fe00000, 0x0000000730000000|  0%| F|  |TAMS 0x000000072fe00000, 0x000000072fe00000| Untracked 
| 360|0x0000000730000000, 0x0000000730000000, 0x0000000730200000|  0%| F|  |TAMS 0x0000000730000000, 0x0000000730000000| Untracked 
| 361|0x0000000730200000, 0x0000000730200000, 0x0000000730400000|  0%| F|  |TAMS 0x0000000730200000, 0x0000000730200000| Untracked 
| 362|0x0000000730400000, 0x0000000730400000, 0x0000000730600000|  0%| F|  |TAMS 0x0000000730400000, 0x0000000730400000| Untracked 
| 363|0x0000000730600000, 0x0000000730600000, 0x0000000730800000|  0%| F|  |TAMS 0x0000000730600000, 0x0000000730600000| Untracked 
| 364|0x0000000730800000, 0x0000000730800000, 0x0000000730a00000|  0%| F|  |TAMS 0x0000000730800000, 0x0000000730800000| Untracked 
| 365|0x0000000730a00000, 0x0000000730a00000, 0x0000000730c00000|  0%| F|  |TAMS 0x0000000730a00000, 0x0000000730a00000| Untracked 
| 366|0x0000000730c00000, 0x0000000730c00000, 0x0000000730e00000|  0%| F|  |TAMS 0x0000000730c00000, 0x0000000730c00000| Untracked 
| 367|0x0000000730e00000, 0x0000000730e00000, 0x0000000731000000|  0%| F|  |TAMS 0x0000000730e00000, 0x0000000730e00000| Untracked 
| 368|0x0000000731000000, 0x0000000731000000, 0x0000000731200000|  0%| F|  |TAMS 0x0000000731000000, 0x0000000731000000| Untracked 
| 369|0x0000000731200000, 0x0000000731200000, 0x0000000731400000|  0%| F|  |TAMS 0x0000000731200000, 0x0000000731200000| Untracked 
| 370|0x0000000731400000, 0x0000000731400000, 0x0000000731600000|  0%| F|  |TAMS 0x0000000731400000, 0x0000000731400000| Untracked 
| 371|0x0000000731600000, 0x0000000731600000, 0x0000000731800000|  0%| F|  |TAMS 0x0000000731600000, 0x0000000731600000| Untracked 
| 372|0x0000000731800000, 0x0000000731800000, 0x0000000731a00000|  0%| F|  |TAMS 0x0000000731800000, 0x0000000731800000| Untracked 
| 373|0x0000000731a00000, 0x0000000731a00000, 0x0000000731c00000|  0%| F|  |TAMS 0x0000000731a00000, 0x0000000731a00000| Untracked 
| 374|0x0000000731c00000, 0x0000000731c00000, 0x0000000731e00000|  0%| F|  |TAMS 0x0000000731c00000, 0x0000000731c00000| Untracked 
| 375|0x0000000731e00000, 0x0000000731e00000, 0x0000000732000000|  0%| F|  |TAMS 0x0000000731e00000, 0x0000000731e00000| Untracked 
| 376|0x0000000732000000, 0x0000000732000000, 0x0000000732200000|  0%| F|  |TAMS 0x0000000732000000, 0x0000000732000000| Untracked 
| 377|0x0000000732200000, 0x0000000732200000, 0x0000000732400000|  0%| F|  |TAMS 0x0000000732200000, 0x0000000732200000| Untracked 
| 378|0x0000000732400000, 0x0000000732519d88, 0x0000000732600000| 55%| E|  |TAMS 0x0000000732400000, 0x0000000732400000| Complete 
| 379|0x0000000732600000, 0x0000000732800000, 0x0000000732800000|100%| E|CS|TAMS 0x0000000732600000, 0x0000000732600000| Complete 
| 380|0x0000000732800000, 0x0000000732a00000, 0x0000000732a00000|100%| E|CS|TAMS 0x0000000732800000, 0x0000000732800000| Complete 

Card table byte_map: [0x00000181ae8e0000,0x00000181af0d0000] _byte_map_base: 0x00000181ab0c8000

Marking Bits (Prev, Next): (CMBitMap*) 0x00000181962522e0, (CMBitMap*) 0x0000018196252320
 Prev Bits: [0x00000181af8c0000, 0x00000181b3800000)
 Next Bits: [0x00000181b3800000, 0x00000181b7740000)

Polling page: 0x0000018194120000

Metaspace:

Usage:
  Non-class:      7.70 MB used.
      Class:    611.72 KB used.
       Both:      8.30 MB used.

Virtual space:
  Non-class space:       16.00 MB reserved,       7.81 MB ( 49%) committed,  2 nodes.
      Class space:        1.00 GB reserved,     704.00 KB ( <1%) committed,  1 nodes.
              Both:        1.02 GB reserved,       8.50 MB ( <1%) committed. 

Chunk freelists:
   Non-Class:  2.36 MB
       Class:  3.26 MB
        Both:  5.62 MB

MaxMetaspaceSize: 17179869184.00 GB
CompressedClassSpaceSize: 1.00 GB
 - commit_granule_bytes: 65536.
 - commit_granule_words: 8192.
 - virtual_space_node_default_size: 1048576.
 - enlarge_chunks_in_place: 1.
 - new_chunks_are_fully_committed: 0.
 - uncommit_free_chunks: 1.
 - use_allocation_guard: 0.
 - handle_deallocations: 1.


Internal statistics:

num_allocs_failed_limit: 0.
num_arena_births: 64.
num_arena_deaths: 0.
num_vsnodes_births: 3.
num_vsnodes_deaths: 0.
num_space_committed: 134.
num_space_uncommitted: 0.
num_chunks_returned_to_freelist: 0.
num_chunks_taken_from_freelist: 301.
num_chunk_merges: 0.
num_chunk_splits: 227.
num_chunks_enlarged: 193.
num_purges: 0.

CodeHeap 'non-profiled nmethods': size=120000Kb used=1238Kb max_used=1238Kb free=118761Kb
 bounds [0x00000181a6670000, 0x00000181a68e0000, 0x00000181adba0000]
CodeHeap 'profiled nmethods': size=120000Kb used=4064Kb max_used=4064Kb free=115935Kb
 bounds [0x000001819f140000, 0x000001819f540000, 0x00000181a6670000]
CodeHeap 'non-nmethods': size=5760Kb used=1642Kb max_used=1672Kb free=4117Kb
 bounds [0x000001819eba0000, 0x000001819ee10000, 0x000001819f140000]
 total_blobs=3114 nmethods=2034 adapters=993
 compilation: enabled
              stopped_count=0, restarted_count=0
 full_count=0

Compilation events (20 events):
Event: 12.284 Thread 0x00000181bad1d840 2029       3       java.util.StringTokenizer::nextToken (92 bytes)
Event: 12.284 Thread 0x00000181bad1d840 nmethod 2029 0x000001819f533a10 code [0x000001819f533c00, 0x000001819f533f98]
Event: 12.284 Thread 0x00000181bad1d840 2032       3       java.lang.StringUTF16::charAt (11 bytes)
Event: 12.285 Thread 0x00000181bad1d840 nmethod 2032 0x000001819f534110 code [0x000001819f5342c0, 0x000001819f5344c8]
Event: 12.285 Thread 0x00000181bad1d840 2033       3       java.lang.StringUTF16::checkIndex (9 bytes)
Event: 12.285 Thread 0x00000181bad1d840 nmethod 2033 0x000001819f534610 code [0x000001819f5347c0, 0x000001819f534948]
Event: 12.285 Thread 0x00000181bad1d840 2034       3       java.util.regex.Matcher::reset (128 bytes)
Event: 12.285 Thread 0x00000181bad1d840 nmethod 2034 0x000001819f534a90 code [0x000001819f534c80, 0x000001819f535258]
Event: 12.285 Thread 0x00000181bad1d840 2031       3       java.io.BufferedReader::fill (170 bytes)
Event: 12.285 Thread 0x00000181bad1d840 nmethod 2031 0x000001819f535490 code [0x000001819f535680, 0x000001819f535d48]
Event: 12.285 Thread 0x00000181bad1d840 2035       3       sun.nio.cs.SingleByte$Decoder::decodeLoop (28 bytes)
Event: 12.285 Thread 0x00000181bad1d840 nmethod 2035 0x000001819f535f10 code [0x000001819f536100, 0x000001819f536518]
Event: 12.286 Thread 0x00000181bad1d840 2036       1       com.badlogic.gdx.scenes.scene2d.utils.BaseDrawable::setMinWidth (6 bytes)
Event: 12.286 Thread 0x00000181bad1d840 nmethod 2036 0x00000181a67a5510 code [0x00000181a67a56a0, 0x00000181a67a5778]
Event: 12.286 Thread 0x00000181bad1d840 2037       1       com.badlogic.gdx.scenes.scene2d.utils.BaseDrawable::setMinHeight (6 bytes)
Event: 12.286 Thread 0x00000181bad1d840 nmethod 2037 0x00000181a67a5810 code [0x00000181a67a59a0, 0x00000181a67a5a78]
Event: 12.295 Thread 0x00000181bad1d840 2038       3       com.badlogic.gdx.scenes.scene2d.ui.Table::<init> (6 bytes)
Event: 12.295 Thread 0x00000181bad1d840 nmethod 2038 0x000001819f536690 code [0x000001819f536840, 0x000001819f536988]
Event: 12.295 Thread 0x00000181bad1d840 2039       3       com.badlogic.gdx.scenes.scene2d.ui.Table::<init> (104 bytes)
Event: 12.296 Thread 0x00000181bad1d840 nmethod 2039 0x000001819f536a10 code [0x000001819f536ca0, 0x000001819f537ec8]

GC Heap History (16 events):
Event: 1.095 GC heap before
{Heap before GC invocations=0 (full 0):
 garbage-first heap   total 260096K, used 22528K [0x0000000703000000, 0x0000000800000000)
  region size 2048K, 11 young (22528K), 0 survivors (0K)
 Metaspace       used 7010K, committed 7232K, reserved 1064960K
  class space    used 515K, committed 640K, reserved 1048576K
}
Event: 1.099 GC heap after
{Heap after GC invocations=1 (full 0):
 garbage-first heap   total 260096K, used 2759K [0x0000000703000000, 0x0000000800000000)
  region size 2048K, 2 young (4096K), 2 survivors (4096K)
 Metaspace       used 7010K, committed 7232K, reserved 1064960K
  class space    used 515K, committed 640K, reserved 1048576K
}
Event: 5.369 GC heap before
{Heap before GC invocations=1 (full 0):
 garbage-first heap   total 260096K, used 33479K [0x0000000703000000, 0x0000000800000000)
  region size 2048K, 18 young (36864K), 2 survivors (4096K)
 Metaspace       used 7548K, committed 7744K, reserved 1064960K
  class space    used 538K, committed 640K, reserved 1048576K
}
Event: 5.371 GC heap after
{Heap after GC invocations=2 (full 0):
 garbage-first heap   total 260096K, used 3760K [0x0000000703000000, 0x0000000800000000)
  region size 2048K, 2 young (4096K), 2 survivors (4096K)
 Metaspace       used 7548K, committed 7744K, reserved 1064960K
  class space    used 538K, committed 640K, reserved 1048576K
}
Event: 8.080 GC heap before
{Heap before GC invocations=2 (full 0):
 garbage-first heap   total 260096K, used 63152K [0x0000000703000000, 0x0000000800000000)
  region size 2048K, 19 young (38912K), 2 survivors (4096K)
 Metaspace       used 7892K, committed 8000K, reserved 1064960K
  class space    used 565K, committed 640K, reserved 1048576K
}
Event: 8.104 GC heap after
{Heap after GC invocations=3 (full 0):
 garbage-first heap   total 260096K, used 37594K [0x0000000703000000, 0x0000000800000000)
  region size 2048K, 3 young (6144K), 3 survivors (6144K)
 Metaspace       used 7892K, committed 8000K, reserved 1064960K
  class space    used 565K, committed 640K, reserved 1048576K
}
Event: 8.115 GC heap before
{Heap before GC invocations=3 (full 0):
 garbage-first heap   total 260096K, used 43738K [0x0000000703000000, 0x0000000800000000)
  region size 2048K, 6 young (12288K), 3 survivors (6144K)
 Metaspace       used 7892K, committed 8000K, reserved 1064960K
  class space    used 565K, committed 640K, reserved 1048576K
}
Event: 8.125 GC heap after
{Heap after GC invocations=4 (full 0):
 garbage-first heap   total 260096K, used 44859K [0x0000000703000000, 0x0000000800000000)
  region size 2048K, 1 young (2048K), 1 survivors (2048K)
 Metaspace       used 7892K, committed 8000K, reserved 1064960K
  class space    used 565K, committed 640K, reserved 1048576K
}
Event: 8.152 GC heap before
{Heap before GC invocations=4 (full 0):
 garbage-first heap   total 260096K, used 67387K [0x0000000703000000, 0x0000000800000000)
  region size 2048K, 6 young (12288K), 1 survivors (2048K)
 Metaspace       used 7892K, committed 8000K, reserved 1064960K
  class space    used 565K, committed 640K, reserved 1048576K
}
Event: 8.162 GC heap after
{Heap after GC invocations=5 (full 0):
 garbage-first heap   total 260096K, used 64207K [0x0000000703000000, 0x0000000800000000)
  region size 2048K, 1 young (2048K), 1 survivors (2048K)
 Metaspace       used 7892K, committed 8000K, reserved 1064960K
  class space    used 565K, committed 640K, reserved 1048576K
}
Event: 8.178 GC heap before
{Heap before GC invocations=5 (full 0):
 garbage-first heap   total 260096K, used 76495K [0x0000000703000000, 0x0000000800000000)
  region size 2048K, 6 young (12288K), 1 survivors (2048K)
 Metaspace       used 7911K, committed 8064K, reserved 1064960K
  class space    used 567K, committed 640K, reserved 1048576K
}
Event: 8.185 GC heap after
{Heap after GC invocations=6 (full 0):
 garbage-first heap   total 260096K, used 76466K [0x0000000703000000, 0x0000000800000000)
  region size 2048K, 1 young (2048K), 1 survivors (2048K)
 Metaspace       used 7911K, committed 8064K, reserved 1064960K
  class space    used 567K, committed 640K, reserved 1048576K
}
Event: 8.273 GC heap before
{Heap before GC invocations=6 (full 0):
 garbage-first heap   total 260096K, used 119474K [0x0000000703000000, 0x0000000800000000)
  region size 2048K, 17 young (34816K), 1 survivors (2048K)
 Metaspace       used 7929K, committed 8128K, reserved 1064960K
  class space    used 567K, committed 640K, reserved 1048576K
}
Event: 8.291 GC heap after
{Heap after GC invocations=7 (full 0):
 garbage-first heap   total 260096K, used 115927K [0x0000000703000000, 0x0000000800000000)
  region size 2048K, 3 young (6144K), 3 survivors (6144K)
 Metaspace       used 7929K, committed 8128K, reserved 1064960K
  class space    used 567K, committed 640K, reserved 1048576K
}
Event: 10.538 GC heap before
{Heap before GC invocations=7 (full 0):
 garbage-first heap   total 260096K, used 156887K [0x0000000703000000, 0x0000000800000000)
  region size 2048K, 20 young (40960K), 3 survivors (6144K)
 Metaspace       used 8469K, committed 8640K, reserved 1064960K
  class space    used 610K, committed 704K, reserved 1048576K
}
Event: 10.554 GC heap after
{Heap after GC invocations=8 (full 0):
 garbage-first heap   total 780288K, used 128420K [0x0000000703000000, 0x0000000800000000)
  region size 2048K, 3 young (6144K), 3 survivors (6144K)
 Metaspace       used 8469K, committed 8640K, reserved 1064960K
  class space    used 610K, committed 704K, reserved 1048576K
}

Deoptimization events (20 events):
Event: 9.337 Thread 0x0000018196203610 DEOPT PACKING pc=0x00000181a66c98ac sp=0x00000042a79fecb0
Event: 9.337 Thread 0x0000018196203610 DEOPT UNPACKING pc=0x000001819ebed72e sp=0x00000042a79fec58 mode 2
Event: 9.338 Thread 0x0000018196203610 Uncommon trap: trap_request=0xffffff45 fr.pc=0x00000181a66cf750 relative=0x0000000000000970
Event: 9.338 Thread 0x0000018196203610 Uncommon trap: reason=unstable_if action=reinterpret pc=0x00000181a66cf750 method=javazoom.jl.decoder.LayerIIIDecoder.hybrid(II)V @ 32 c2
Event: 9.338 Thread 0x0000018196203610 DEOPT PACKING pc=0x00000181a66cf750 sp=0x00000042a79fecc0
Event: 9.338 Thread 0x0000018196203610 DEOPT UNPACKING pc=0x000001819ebed72e sp=0x00000042a79fec58 mode 2
Event: 9.756 Thread 0x0000018196203610 DEOPT PACKING pc=0x000001819f5026e6 sp=0x00000042a79fecc0
Event: 9.756 Thread 0x0000018196203610 DEOPT UNPACKING pc=0x000001819ebedece sp=0x00000042a79fe150 mode 0
Event: 9.757 Thread 0x0000018196203610 DEOPT PACKING pc=0x000001819f5026e6 sp=0x00000042a79fecc0
Event: 9.757 Thread 0x0000018196203610 DEOPT UNPACKING pc=0x000001819ebedece sp=0x00000042a79fe150 mode 0
Event: 11.833 Thread 0x0000018196203610 DEOPT PACKING pc=0x000001819f42786a sp=0x00000042a79fed00
Event: 11.833 Thread 0x0000018196203610 DEOPT UNPACKING pc=0x000001819ebedece sp=0x00000042a79fe178 mode 0
Event: 12.050 Thread 0x0000018196203610 DEOPT PACKING pc=0x000001819f32b8c0 sp=0x00000042a79feca0
Event: 12.050 Thread 0x0000018196203610 DEOPT UNPACKING pc=0x000001819ebedece sp=0x00000042a79fe158 mode 0
Event: 12.271 Thread 0x0000018196203610 DEOPT PACKING pc=0x000001819f346a1f sp=0x00000042a79fdfe0
Event: 12.271 Thread 0x0000018196203610 DEOPT UNPACKING pc=0x000001819ebedece sp=0x00000042a79fd558 mode 0
Event: 12.282 Thread 0x0000018196203610 Uncommon trap: trap_request=0xffffff76 fr.pc=0x00000181a6757494 relative=0x00000000000010d4
Event: 12.282 Thread 0x0000018196203610 Uncommon trap: reason=predicate action=maybe_recompile pc=0x00000181a6757494 method=java.lang.String.split(Ljava/lang/String;I)[Ljava/lang/String; @ 138 c2
Event: 12.282 Thread 0x0000018196203610 DEOPT PACKING pc=0x00000181a6757494 sp=0x00000042a79fdf00
Event: 12.282 Thread 0x0000018196203610 DEOPT UNPACKING pc=0x000001819ebed72e sp=0x00000042a79fded0 mode 2

Classes unloaded (0 events):
No events

Classes redefined (0 events):
No events

Internal exceptions (20 events):
Event: 0.226 Thread 0x0000018196203610 Exception <a 'java/lang/NoSuchMethodError'{0x00000007126e7f80}: 'int java.lang.invoke.DirectMethodHandle$Holder.invokeSpecial(java.lang.Object, java.lang.Object, java.lang.Object)'> (0x00000007126e7f80) 
thrown [c:\wsjdk\correttojdksrc\installers\windows\zip\corretto-build\buildroot\src\hotspot\share\interpreter\linkResolver.cpp, line 790]
Event: 0.246 Thread 0x0000018196203610 Exception <a 'sun/nio/fs/WindowsException'{0x000000071277fbc8}> (0x000000071277fbc8) 
thrown [c:\wsjdk\correttojdksrc\installers\windows\zip\corretto-build\buildroot\src\hotspot\share\prims\jni.cpp, line 579]
Event: 0.246 Thread 0x0000018196203610 Exception <a 'sun/nio/fs/WindowsException'{0x0000000712780118}> (0x0000000712780118) 
thrown [c:\wsjdk\correttojdksrc\installers\windows\zip\corretto-build\buildroot\src\hotspot\share\prims\jni.cpp, line 579]
Event: 0.254 Thread 0x0000018196203610 Exception <a 'java/lang/NoSuchMethodError'{0x00000007127c5138}: 'int java.lang.invoke.DirectMethodHandle$Holder.invokeStaticInit(java.lang.Object, java.lang.Object, int, long)'> (0x00000007127c5138) 
thrown [c:\wsjdk\correttojdksrc\installers\windows\zip\corretto-build\buildroot\src\hotspot\share\interpreter\linkResolver.cpp, line 790]
Event: 0.254 Thread 0x0000018196203610 Exception <a 'java/lang/NoSuchMethodError'{0x00000007127cacf8}: 'java.lang.Object java.lang.invoke.DirectMethodHandle$Holder.newInvokeSpecial(java.lang.Object, java.lang.Object, int)'> (0x00000007127cacf8) 
thrown [c:\wsjdk\correttojdksrc\installers\windows\zip\corretto-build\buildroot\src\hotspot\share\interpreter\linkResolver.cpp, line 790]
Event: 0.256 Thread 0x0000018196203610 Exception <a 'java/lang/NoSuchMethodError'{0x00000007127e01e0}: 'int java.lang.invoke.DirectMethodHandle$Holder.invokeStaticInit(java.lang.Object, java.lang.Object, long, long)'> (0x00000007127e01e0) 
thrown [c:\wsjdk\correttojdksrc\installers\windows\zip\corretto-build\buildroot\src\hotspot\share\interpreter\linkResolver.cpp, line 790]
Event: 0.256 Thread 0x0000018196203610 Exception <a 'java/lang/NoSuchMethodError'{0x00000007127e6588}: 'java.lang.Object java.lang.invoke.DirectMethodHandle$Holder.newInvokeSpecial(java.lang.Object, java.lang.Object, long)'> (0x00000007127e6588) 
thrown [c:\wsjdk\correttojdksrc\installers\windows\zip\corretto-build\buildroot\src\hotspot\share\interpreter\linkResolver.cpp, line 790]
Event: 0.257 Thread 0x0000018196203610 Exception <a 'java/lang/NoSuchMethodError'{0x00000007127ea6e0}: 'java.lang.Object java.lang.invoke.Invokers$Holder.linkToTargetMethod(java.lang.Object, long, java.lang.Object)'> (0x00000007127ea6e0) 
thrown [c:\wsjdk\correttojdksrc\installers\windows\zip\corretto-build\buildroot\src\hotspot\share\interpreter\linkResolver.cpp, line 790]
Event: 0.257 Thread 0x0000018196203610 Exception <a 'java/lang/NoSuchMethodError'{0x00000007127f2188}: 'int java.lang.invoke.DirectMethodHandle$Holder.invokeStaticInit(java.lang.Object, java.lang.Object, java.lang.Object, long)'> (0x00000007127f2188) 
thrown [c:\wsjdk\correttojdksrc\installers\windows\zip\corretto-build\buildroot\src\hotspot\share\interpreter\linkResolver.cpp, line 790]
Event: 0.273 Thread 0x0000018196203610 Exception <a 'sun/nio/fs/WindowsException'{0x00000007124b07b8}> (0x00000007124b07b8) 
thrown [c:\wsjdk\correttojdksrc\installers\windows\zip\corretto-build\buildroot\src\hotspot\share\prims\jni.cpp, line 579]
Event: 0.273 Thread 0x0000018196203610 Exception <a 'sun/nio/fs/WindowsException'{0x00000007124b0b48}> (0x00000007124b0b48) 
thrown [c:\wsjdk\correttojdksrc\installers\windows\zip\corretto-build\buildroot\src\hotspot\share\prims\jni.cpp, line 579]
Event: 0.289 Thread 0x0000018196203610 Exception <a 'sun/nio/fs/WindowsException'{0x0000000712579c98}> (0x0000000712579c98) 
thrown [c:\wsjdk\correttojdksrc\installers\windows\zip\corretto-build\buildroot\src\hotspot\share\prims\jni.cpp, line 579]
Event: 0.289 Thread 0x0000018196203610 Exception <a 'sun/nio/fs/WindowsException'{0x0000000712579ff8}> (0x0000000712579ff8) 
thrown [c:\wsjdk\correttojdksrc\installers\windows\zip\corretto-build\buildroot\src\hotspot\share\prims\jni.cpp, line 579]
Event: 0.320 Thread 0x0000018196203610 Exception <a 'sun/nio/fs/WindowsException'{0x0000000712218220}> (0x0000000712218220) 
thrown [c:\wsjdk\correttojdksrc\installers\windows\zip\corretto-build\buildroot\src\hotspot\share\prims\jni.cpp, line 579]
Event: 0.320 Thread 0x0000018196203610 Exception <a 'sun/nio/fs/WindowsException'{0x00000007122185a0}> (0x00000007122185a0) 
thrown [c:\wsjdk\correttojdksrc\installers\windows\zip\corretto-build\buildroot\src\hotspot\share\prims\jni.cpp, line 579]
Event: 0.727 Thread 0x0000018196203610 Exception <a 'java/lang/NoSuchMethodError'{0x0000000712268e10}: 'java.lang.Object java.lang.invoke.DirectMethodHandle$Holder.newInvokeSpecial(java.lang.Object, long)'> (0x0000000712268e10) 
thrown [c:\wsjdk\correttojdksrc\installers\windows\zip\corretto-build\buildroot\src\hotspot\share\interpreter\linkResolver.cpp, line 790]
Event: 0.816 Thread 0x0000018196203610 Exception <a 'sun/nio/fs/WindowsException'{0x00000007123a96d8}> (0x00000007123a96d8) 
thrown [c:\wsjdk\correttojdksrc\installers\windows\zip\corretto-build\buildroot\src\hotspot\share\prims\jni.cpp, line 579]
Event: 0.816 Thread 0x0000018196203610 Exception <a 'sun/nio/fs/WindowsException'{0x00000007123a9a80}> (0x00000007123a9a80) 
thrown [c:\wsjdk\correttojdksrc\installers\windows\zip\corretto-build\buildroot\src\hotspot\share\prims\jni.cpp, line 579]
Event: 0.819 Thread 0x0000018196203610 Exception <a 'sun/nio/fs/WindowsException'{0x00000007123bf3a0}> (0x00000007123bf3a0) 
thrown [c:\wsjdk\correttojdksrc\installers\windows\zip\corretto-build\buildroot\src\hotspot\share\prims\jni.cpp, line 579]
Event: 0.819 Thread 0x0000018196203610 Exception <a 'sun/nio/fs/WindowsException'{0x00000007123bf680}> (0x00000007123bf680) 
thrown [c:\wsjdk\correttojdksrc\installers\windows\zip\corretto-build\buildroot\src\hotspot\share\prims\jni.cpp, line 579]

Events (20 events):
Event: 8.480 loading class jdk/internal/reflect/MethodAccessorGenerator$1
Event: 8.480 loading class jdk/internal/reflect/MethodAccessorGenerator$1 done
Event: 8.480 loading class jdk/internal/reflect/ClassDefiner
Event: 8.480 loading class jdk/internal/reflect/ClassDefiner done
Event: 8.480 loading class jdk/internal/reflect/ClassDefiner$1
Event: 8.480 loading class jdk/internal/reflect/ClassDefiner$1 done
Event: 8.480 loading class jdk/internal/reflect/BootstrapConstructorAccessorImpl
Event: 8.480 loading class jdk/internal/reflect/BootstrapConstructorAccessorImpl done
Event: 8.765 Thread 0x00000181c44b7a80 Thread exited: 0x00000181c44b7a80
Event: 8.958 Thread 0x00000181c44b6440 Thread exited: 0x00000181c44b6440
Event: 9.147 Thread 0x00000181c4588b80 Thread added: 0x00000181c4588b80
Event: 9.147 Thread 0x00000181c4586fb0 Thread added: 0x00000181c4586fb0
Event: 9.291 Executing  VM operation: Cleanup
Event: 9.291 Executing  VM operation: Cleanup done
Event: 9.296 Thread 0x00000181c4586fb0 Thread exited: 0x00000181c4586fb0
Event: 9.421 Thread 0x00000181c4588b80 Thread exited: 0x00000181c4588b80
Event: 10.292 Executing  VM operation: Cleanup
Event: 10.292 Executing  VM operation: Cleanup done
Event: 10.538 Executing  VM operation: G1CollectForAllocation
Event: 10.554 Executing  VM operation: G1CollectForAllocation done


Dynamic libraries:
0x00007ff71b970000 - 0x00007ff71b97d000 	C:\Users\parth\.jdks\corretto-16.0.2\bin\java.exe
0x00007fffd5950000 - 0x00007fffd5b48000 	C:\WINDOWS\SYSTEM32\ntdll.dll
0x00007fffd5430000 - 0x00007fffd54ef000 	C:\WINDOWS\System32\KERNEL32.DLL
0x00007fffd3090000 - 0x00007fffd3362000 	C:\WINDOWS\System32\KERNELBASE.dll
0x0000000057cc0000 - 0x0000000057ff0000 	C:\Program Files\Norton Security\NortonData\22.21.9.25\Definitions\IPSDefs\20221129.063\IPSEng64.dll
0x00007fffd5370000 - 0x00007fffd541e000 	C:\WINDOWS\System32\ADVAPI32.dll
0x00007fffd51f0000 - 0x00007fffd528e000 	C:\WINDOWS\System32\msvcrt.dll
0x00007fffd4250000 - 0x00007fffd42ec000 	C:\WINDOWS\System32\sechost.dll
0x00007fffd4920000 - 0x00007fffd4a45000 	C:\WINDOWS\System32\RPCRT4.dll
0x00007fffd4a90000 - 0x00007fffd4a98000 	C:\WINDOWS\System32\PSAPI.DLL
0x00007fffd35d0000 - 0x00007fffd36d0000 	C:\WINDOWS\System32\ucrtbase.dll
0x00007fffab100000 - 0x00007fffab118000 	C:\Users\parth\.jdks\corretto-16.0.2\bin\jli.dll
0x00007fffa8070000 - 0x00007fffa8085000 	C:\Users\parth\.jdks\corretto-16.0.2\bin\VCRUNTIME140.dll
0x00007fffd5760000 - 0x00007fffd5901000 	C:\WINDOWS\System32\USER32.dll
0x00007fffd3370000 - 0x00007fffd3392000 	C:\WINDOWS\System32\win32u.dll
0x00007fffc4860000 - 0x00007fffc4afa000 	C:\WINDOWS\WinSxS\amd64_microsoft.windows.common-controls_6595b64144ccf1df_6.0.19041.1110_none_60b5254171f9507e\COMCTL32.dll
0x00007fffd40e0000 - 0x00007fffd410b000 	C:\WINDOWS\System32\GDI32.dll
0x00007fffd34c0000 - 0x00007fffd35cf000 	C:\WINDOWS\System32\gdi32full.dll
0x00007fffd36d0000 - 0x00007fffd376d000 	C:\WINDOWS\System32\msvcp_win.dll
0x00007fffd4a50000 - 0x00007fffd4a82000 	C:\WINDOWS\System32\IMM32.DLL
0x00007fffa5440000 - 0x00007fffa54db000 	C:\Users\parth\.jdks\corretto-16.0.2\bin\msvcp140.dll
0x00007fff2f6a0000 - 0x00007fff302a9000 	C:\Users\parth\.jdks\corretto-16.0.2\bin\server\jvm.dll
0x00007fffb5b60000 - 0x00007fffb5b69000 	C:\WINDOWS\SYSTEM32\WSOCK32.dll
0x00007fffc83c0000 - 0x00007fffc83ca000 	C:\WINDOWS\SYSTEM32\VERSION.dll
0x00007fffb7bb0000 - 0x00007fffb7bd7000 	C:\WINDOWS\SYSTEM32\WINMM.dll
0x00007fffd52a0000 - 0x00007fffd530b000 	C:\WINDOWS\System32\WS2_32.dll
0x00007fffd1840000 - 0x00007fffd1852000 	C:\WINDOWS\SYSTEM32\kernel.appcore.dll
0x00007fffb24c0000 - 0x00007fffb24ca000 	C:\Users\parth\.jdks\corretto-16.0.2\bin\jimage.dll
0x00007fffd0cf0000 - 0x00007fffd0ed4000 	C:\WINDOWS\SYSTEM32\DBGHELP.DLL
0x00007fffc5d30000 - 0x00007fffc5d65000 	C:\WINDOWS\SYSTEM32\dbgcore.DLL
0x00007fffd3900000 - 0x00007fffd3982000 	C:\WINDOWS\System32\bcryptPrimitives.dll
0x00007fffa7ef0000 - 0x00007fffa7f15000 	C:\Users\parth\.jdks\corretto-16.0.2\bin\java.dll
0x00007fffd4aa0000 - 0x00007fffd51e4000 	C:\WINDOWS\System32\SHELL32.dll
0x00007fffd10a0000 - 0x00007fffd1832000 	C:\WINDOWS\SYSTEM32\windows.storage.dll
0x00007fffd4410000 - 0x00007fffd4765000 	C:\WINDOWS\System32\combase.dll
0x00007fffd2aa0000 - 0x00007fffd2ad0000 	C:\WINDOWS\SYSTEM32\Wldp.dll
0x00007fffd4030000 - 0x00007fffd40dd000 	C:\WINDOWS\System32\SHCORE.dll
0x00007fffd3fb0000 - 0x00007fffd4005000 	C:\WINDOWS\System32\shlwapi.dll
0x00007fffd2f80000 - 0x00007fffd2f9f000 	C:\WINDOWS\SYSTEM32\profapi.dll
0x00007fffa7ed0000 - 0x00007fffa7ee9000 	C:\Users\parth\.jdks\corretto-16.0.2\bin\net.dll
0x00007fffca260000 - 0x00007fffca36c000 	C:\WINDOWS\SYSTEM32\WINHTTP.dll
0x00007fffd2800000 - 0x00007fffd286a000 	C:\WINDOWS\system32\mswsock.dll
0x00007fffa7270000 - 0x00007fffa7283000 	C:\Users\parth\.jdks\corretto-16.0.2\bin\nio.dll
0x00007fffa7250000 - 0x00007fffa7268000 	C:\Users\parth\.jdks\corretto-16.0.2\bin\zip.dll
0x0000000055c10000 - 0x0000000055c39000 	C:\Users\parth\AppData\Local\Temp\libgdxparth\e787ab0a\gdx64.dll
0x00007fffae0d0000 - 0x00007fffae145000 	C:\Users\parth\AppData\Local\Temp\lwjglparth\3.3.1-build-7\lwjgl.dll
0x00007fffa7320000 - 0x00007fffa7579000 	C:\Users\parth\AppData\Local\Temp\lwjglparth\3.3.1-build-7\jemalloc.dll
0x00007fffc3320000 - 0x00007fffc3381000 	C:\Users\parth\AppData\Local\Temp\lwjglparth\3.3.1-build-7\glfw.dll
0x00007fff25790000 - 0x00007fff257d5000 	C:\WINDOWS\SYSTEM32\dinput8.dll
0x00007fffc54d0000 - 0x00007fffc54e1000 	C:\WINDOWS\SYSTEM32\xinput1_4.dll
0x00007fffd3040000 - 0x00007fffd308e000 	C:\WINDOWS\System32\cfgmgr32.dll
0x00007fffd2df0000 - 0x00007fffd2e1c000 	C:\WINDOWS\SYSTEM32\DEVOBJ.dll
0x00007fffd08b0000 - 0x00007fffd08df000 	C:\WINDOWS\SYSTEM32\dwmapi.dll
0x00007fffb7350000 - 0x00007fffb74a2000 	C:\WINDOWS\SYSTEM32\inputhost.dll
0x00007fffd3ee0000 - 0x00007fffd3fad000 	C:\WINDOWS\System32\OLEAUT32.dll
0x00007fffccd10000 - 0x00007fffcce02000 	C:\WINDOWS\SYSTEM32\CoreMessaging.dll
0x00007fffcc2e0000 - 0x00007fffcc434000 	C:\WINDOWS\SYSTEM32\wintypes.dll
0x00007fffd0600000 - 0x00007fffd06f6000 	C:\WINDOWS\SYSTEM32\PROPSYS.dll
0x00007fffcc9b0000 - 0x00007fffccd0e000 	C:\WINDOWS\SYSTEM32\CoreUIComponents.dll
0x00007fffd21d0000 - 0x00007fffd2203000 	C:\WINDOWS\SYSTEM32\ntmarta.dll
0x00007fffcd0b0000 - 0x00007fffcd14e000 	C:\WINDOWS\system32\uxtheme.dll
0x00007fffd42f0000 - 0x00007fffd4405000 	C:\WINDOWS\System32\MSCTF.dll
0x00007fffa7a80000 - 0x00007fffa7c17000 	C:\Users\parth\AppData\Local\Temp\lwjglparth\3.3.1-build-7\OpenAL.dll
0x00007fffd5630000 - 0x00007fffd575a000 	C:\WINDOWS\System32\ole32.dll
0x00007fffd54f0000 - 0x00007fffd559f000 	C:\WINDOWS\System32\clbcatq.dll
0x00007fffc84e0000 - 0x00007fffc8565000 	C:\WINDOWS\System32\MMDevApi.dll
0x00007fffc8870000 - 0x00007fffc89f2000 	C:\WINDOWS\SYSTEM32\AUDIOSES.DLL
0x00007fffd2610000 - 0x00007fffd265b000 	C:\WINDOWS\SYSTEM32\powrprof.dll
0x00007fffd2480000 - 0x00007fffd2492000 	C:\WINDOWS\SYSTEM32\UMPDC.dll
0x00007fffd07b0000 - 0x00007fffd07c4000 	C:\WINDOWS\SYSTEM32\resourcepolicyclient.dll
0x00007fff8f010000 - 0x00007fff8f135000 	C:\WINDOWS\SYSTEM32\opengl32.dll
0x00007fff928a0000 - 0x00007fff928cc000 	C:\WINDOWS\SYSTEM32\GLU32.dll
0x00007fffc79e0000 - 0x00007fffc7ad7000 	C:\Windows\System32\AppXDeploymentClient.dll
0x00007fff2cb60000 - 0x00007fff2db24000 	C:\WINDOWS\System32\DriverStore\FileRepository\iigd_dch.inf_amd64_f854c91489b3fbb5\ig9icd64.dll
0x00007fffd18d0000 - 0x00007fffd19c3000 	C:\WINDOWS\system32\dxgi.dll
0x00007fffa5500000 - 0x00007fffa593c000 	C:\WINDOWS\System32\DriverStore\FileRepository\iigd_dch.inf_amd64_f854c91489b3fbb5\igdml64.dll
0x00007fffbef10000 - 0x00007fffbf246000 	C:\WINDOWS\System32\DriverStore\FileRepository\iigd_dch.inf_amd64_f854c91489b3fbb5\igdgmm64.dll
0x00007fffbc180000 - 0x00007fffbef0f000 	C:\WINDOWS\System32\DriverStore\FileRepository\iigd_dch.inf_amd64_f854c91489b3fbb5\igc64.dll
0x00007fffa9af0000 - 0x00007fffa9b4d000 	C:\Users\parth\AppData\Local\Temp\lwjglparth\3.3.1-build-7\lwjgl_opengl.dll
0x00007fffb9f40000 - 0x00007fffba039000 	C:\WINDOWS\SYSTEM32\textinputframework.dll
0x00007fff945d0000 - 0x00007fff94636000 	C:\WINDOWS\system32\Oleacc.dll
0x00007fff90740000 - 0x00007fff90a35000 	C:\Windows\System32\uiautomationcore.dll
0x00007fffd2a10000 - 0x00007fffd2a1c000 	C:\WINDOWS\SYSTEM32\CRYPTBASE.DLL
0x0000000055bb0000 - 0x0000000055c0a000 	C:\Users\parth\AppData\Local\Temp\libgdxparth\888fe1bc\gdx-box2d64.dll

dbghelp: loaded successfully - version: 4.0.5 - missing functions: none
symbol engine: initialized successfully - sym options: 0x614 - pdb path: .;C:\Users\parth\.jdks\corretto-16.0.2\bin;C:\WINDOWS\SYSTEM32;C:\Program Files\Norton Security\NortonData\22.21.9.25\Definitions\IPSDefs\20221129.063;C:\WINDOWS\WinSxS\amd64_microsoft.windows.common-controls_6595b64144ccf1df_6.0.19041.1110_none_60b5254171f9507e;C:\Users\parth\.jdks\corretto-16.0.2\bin\server;C:\Users\parth\AppData\Local\Temp\libgdxparth\e787ab0a;C:\Users\parth\AppData\Local\Temp\lwjglparth\3.3.1-build-7;C:\WINDOWS\System32\DriverStore\FileRepository\iigd_dch.inf_amd64_f854c91489b3fbb5;C:\Users\parth\AppData\Local\Temp\libgdxparth\888fe1bc

VM Arguments:
jvm_args: -Dfile.encoding=windows-1252 -Duser.country=US -Duser.language=en -Duser.variant 
java_command: com.mygdx.game.DesktopLauncher
java_class_path (initial): C:\Users\parth\OneDrive\Desktop\AP TankStar\desktop\build\classes\java\main;C:\Users\parth\OneDrive\Desktop\AP TankStar\desktop\build\resources\main;C:\Users\parth\.gradle\caches\modules-2\files-2.1\com.badlogicgames.gdx\gdx-backend-lwjgl3\1.11.0\58a96db4cd349be4292d547856aa1e1c5f065f4e\gdx-backend-lwjgl3-1.11.0.jar;C:\Users\parth\.gradle\caches\modules-2\files-2.1\com.badlogicgames.gdx\gdx-platform\1.11.0\697fb13eada6d3c6ca648c9788692b0159add126\gdx-platform-1.11.0-natives-desktop.jar;C:\Users\parth\.gradle\caches\modules-2\files-2.1\com.badlogicgames.gdx\gdx-bullet-platform\1.11.0\2c067b913a306ba26d482075297538ad91cdb88b\gdx-bullet-platform-1.11.0-natives-desktop.jar;C:\Users\parth\.gradle\caches\modules-2\files-2.1\com.badlogicgames.gdx\gdx-freetype-platform\1.11.0\420e2c2c206843a0d51010be28a141a1eb946235\gdx-freetype-platform-1.11.0-natives-desktop.jar;C:\Users\parth\.gradle\caches\modules-2\files-2.1\com.badlogicgames.gdx-controllers\gdx-controllers-desktop\2.2.1\cb3430c32468a090eca54d494d16bb3764ceff9b\gdx-controllers-desktop-2.2.1.jar;C:\Users\parth\.gradle\caches\modules-2\files-2.1\com.badlogicgames.gdx\gdx-box2d-platform\1.11.0\62ff9baa1e57a11e0a4428a38c9660bf9f312fdc\gdx-box2d-platform-1.11.0-natives-desktop.jar;C:\Users\parth\OneDrive\Desktop\AP TankStar\core\build\libs\core-1.0.jar;C:\Users\parth\.gradle\caches\modules-2\files-2.1\com.badlogicgames.gdx-controllers\gdx-controllers-core\2.2.1\8aca0dc002a8daf6a6d28f49c44e25189dd93fd7\gdx-controllers-core-2.2.1.jar;C:\Users\parth\.gradle\caches\modules-2\files-2.1\com.badlogicgames.gdx\gdx-bullet\1.11.0\1eb83845fa655e7e8ab6bbb979d28b0502ad3302\gdx-bullet-1.11.0.jar;C:\Users\parth\.gradle\caches\modules-2\files-2.1\com.badlogicgames.gdx\gdx-freetype\1.11.0\a3634ad2e6c56d251268d6ab5c0f66eee2841f2c\gdx-freetype-1.11.0.jar;C:\Users\parth\.gradle\caches\modules-2\files-2.1\com.badlogicgames.box2dlights\box2dlights\1.5\6902dbcd250c95a27973aa24a147a95b3828d348\box2dlights-1.5.jar;C:\Us
Launcher Type: SUN_STANDARD

[Global flags]
     intx CICompilerCount                          = 4                                         {product} {ergonomic}
     uint ConcGCThreads                            = 3                                         {product} {ergonomic}
     uint G1ConcRefinementThreads                  = 10                                        {product} {ergonomic}
   size_t G1HeapRegionSize                         = 2097152                                   {product} {ergonomic}
    uintx GCDrainStackTargetSize                   = 64                                        {product} {ergonomic}
   size_t InitialHeapSize                          = 266338304                                 {product} {ergonomic}
   size_t MarkStackSize                            = 4194304                                   {product} {ergonomic}
   size_t MaxHeapSize                              = 4244635648                                {product} {ergonomic}
   size_t MaxNewSize                               = 2545942528                                {product} {ergonomic}
   size_t MinHeapDeltaBytes                        = 2097152                                   {product} {ergonomic}
   size_t MinHeapSize                              = 8388608                                   {product} {ergonomic}
    uintx NonNMethodCodeHeapSize                   = 5839372                                {pd product} {ergonomic}
    uintx NonProfiledCodeHeapSize                  = 122909434                              {pd product} {ergonomic}
    uintx ProfiledCodeHeapSize                     = 122909434                              {pd product} {ergonomic}
    uintx ReservedCodeCacheSize                    = 251658240                              {pd product} {ergonomic}
     bool SegmentedCodeCache                       = true                                      {product} {ergonomic}
   size_t SoftMaxHeapSize                          = 4244635648                             {manageable} {ergonomic}
     bool UseCompressedClassPointers               = true                           {product lp64_product} {ergonomic}
     bool UseCompressedOops                        = true                           {product lp64_product} {ergonomic}
     bool UseG1GC                                  = true                                      {product} {ergonomic}
     bool UseLargePagesIndividualAllocation        = false                                  {pd product} {ergonomic}

Logging:
Log output configuration:
 #0: stdout all=warning uptime,level,tags
 #1: stderr all=off uptime,level,tags

Environment Variables:
JAVA_HOME=C:\Users\parth\Downloads\jdk-17_windows-x64_bin.exe
PATH=C:\Program Files\Common Files\Oracle\Java\javapath;C:\Windows\system32;C:\Windows;C:\Windows\System32\Wbem;C:\Windows\System32\WindowsPowerShell\v1.0\;C:\Windows\System32\OpenSSH\;C:\Program Files (x86)\NVIDIA Corporation\PhysX\Common;C:\Program Files\NVIDIA Corporation\NVIDIA NvDLISR;C:\WINDOWS\system32;C:\WINDOWS;C:\WINDOWS\System32\Wbem;C:\WINDOWS\System32\WindowsPowerShell\v1.0\;C:\WINDOWS\System32\OpenSSH\;C:\Program Files\mingw-w64\x86_64-8.1.0-posix-seh-rt_v6-rev0\mingw64\bin;C:\Program Files\dotnet\;C:\Program Files\Git\cmd;C:\Program Files\MySQL\MySQL Shell 8.0\bin\;C:\Users\parth\AppData\Local\Microsoft\WindowsApps;C:\Program Files\JetBrains\IntelliJ IDEA Community Edition 2021.2.3\bin;;C:\Program Files\Java\jdk-17.0.1\bin;C:\Users\parth\AppData\Local\Programs\Microsoft VS Code\bin;C:\Program Files\mingw-w64\x86_64-8.1.0-posix-seh-rt_v6-rev0\mingw64\bin;
USERNAME=parth
OS=Windows_NT
PROCESSOR_IDENTIFIER=Intel64 Family 6 Model 165 Stepping 2, GenuineIntel



---------------  S Y S T E M  ---------------

OS:
 Windows 10 , 64 bit Build 19041 (10.0.19041.2364)
OS uptime: 1 days 9:09 hours
Hyper-V role detected

CPU: total 12 (initial active 12) (6 cores per cpu, 2 threads per core) family 6 model 165 stepping 2 microcode 0xea, cx8, cmov, fxsr, ht, mmx, 3dnowpref, sse, sse2, sse3, ssse3, sse4.1, sse4.2, popcnt, lzcnt, tsc, tscinvbit, avx, avx2, aes, erms, clmul, bmi1, bmi2, adx, fma, vzeroupper, clflush, clflushopt, hv

Memory: 4k page, system-wide physical 16185M (1300M free)
TotalPageFile size 55097M (AvailPageFile size 21950M)
current process WorkingSet (physical memory assigned to process): 1052M, peak: 1176M
current process commit charge ("private bytes"): 1715M, peak: 1843M

vm_info: OpenJDK 64-Bit Server VM (16.0.2+7) for windows-amd64 JRE (16.0.2+7), built on Jul 22 2021 01:11:46 by "Administrator" with MS VC++ 15.9 (VS2017)

END.
