#
# A fatal error has been detected by the Java Runtime Environment:
#
#  EXCEPTION_ACCESS_VIOLATION (0xc0000005) at pc=0x00007fffd52644de, pid=1016, tid=11056
#
# JRE version: OpenJDK Runtime Environment Corretto-16.0.2.7.1 (16.0.2+7) (build 16.0.2+7)
# Java VM: OpenJDK 64-Bit Server VM Corretto-16.0.2.7.1 (16.0.2+7, mixed mode, sharing, tiered, compressed oops, compressed class ptrs, g1 gc, windows-amd64)
# Problematic frame:
# C  [msvcrt.dll+0x744de]
#
# No core dump will be written. Minidumps are not enabled by default on client versions of Windows
#
# If you would like to submit a bug report, please visit:
#   https://github.com/corretto/corretto-jdk/issues/
# The crash happened outside the Java Virtual Machine in native code.
# See problematic frame for where to report the bug.
#

---------------  S U M M A R Y ------------

Command Line: -Dfile.encoding=windows-1252 -Duser.country=US -Duser.language=en -Duser.variant com.mygdx.game.DesktopLauncher

Host: Intel(R) Core(TM) i7-10750H CPU @ 2.60GHz, 12 cores, 15G,  Windows 10 , 64 bit Build 19041 (10.0.19041.2364)
Time: Mon Dec 19 20:38:23 2022 India Standard Time elapsed time: 13.896671 seconds (0d 0h 0m 13s)

---------------  T H R E A D  ---------------

Current thread (0x000001eb57af10b0):  JavaThread "main" [_thread_in_native, id=11056, stack(0x000000c72e700000,0x000000c72e800000)]

Stack: [0x000000c72e700000,0x000000c72e800000],  sp=0x000000c72e7fec68,  free space=1019k
Native frames: (J=compiled Java code, j=interpreted, Vv=VM code, C=native code)
C  [msvcrt.dll+0x744de]
C  [gdx64.dll+0x2241]

Java frames: (J=compiled Java code, j=interpreted, Vv=VM code)
J 1575  com.badlogic.gdx.utils.BufferUtils.copyJni([FLjava/nio/Buffer;II)V (0 bytes) @ 0x000001eb6801fea0 [0x000001eb6801fe20+0x0000000000000080]
J 1911 c2 com.badlogic.gdx.graphics.g2d.SpriteBatch.flush()V (193 bytes) @ 0x000001eb68073e18 [0x000001eb68073ca0+0x0000000000000178]
J 1800 c2 com.badlogic.gdx.maps.tiled.renderers.OrthogonalTiledMapRenderer.renderTileLayer(Lcom/badlogic/gdx/maps/tiled/TiledMapTileLayer;)V (995 bytes) @ 0x000001eb680571ac [0x000001eb68056ac0+0x00000000000006ec]
j  com.badlogic.gdx.maps.tiled.renderers.BatchTiledMapRenderer.renderMapLayer(Lcom/badlogic/gdx/maps/MapLayer;)V+78
j  com.badlogic.gdx.maps.tiled.renderers.BatchTiledMapRenderer.render()V+36
j  com.mygdx.game.InGameScreen.render(F)V+740
J 2050 c1 com.mygdx.game.TankStar.render()V (5 bytes) @ 0x000001eb60e09034 [0x000001eb60e08de0+0x0000000000000254]
J 1631 c1 com.badlogic.gdx.backends.lwjgl3.Lwjgl3Window.update()Z (217 bytes) @ 0x000001eb60d41ae4 [0x000001eb60d40ee0+0x0000000000000c04]
j  com.badlogic.gdx.backends.lwjgl3.Lwjgl3Application.loop()V+111
j  com.badlogic.gdx.backends.lwjgl3.Lwjgl3Application.<init>(Lcom/badlogic/gdx/ApplicationListener;Lcom/badlogic/gdx/backends/lwjgl3/Lwjgl3ApplicationConfiguration;)V+269
j  com.mygdx.game.DesktopLauncher.main([Ljava/lang/String;)V+47
v  ~StubRoutines::call_stub

siginfo: EXCEPTION_ACCESS_VIOLATION (0xc0000005), writing address 0x000001eb073b0000


Register to memory mapping:

RIP=0x00007fffd52644de msvcrt.dll
RAX=0x000001eb073af130 points into unknown readable memory: 0x4344000044470000 | 00 00 47 44 00 00 44 43
RBX=0x000001eb57af13c0 points into unknown readable memory: 0x000001eb7d13c170 | 70 c1 13 7d eb 01 00 00
RCX=0x000001eb073b0040 is an unknown value
RDX=0xfffffe1c03474ad0 is an unknown value
RSP=0x000000c72e7fec68 is pointing into the stack for thread: 0x000001eb57af10b0
RBP=0x000000c72e7fed00 is pointing into the stack for thread: 0x000001eb57af10b0
RSI=0x0000000000004e20 is an unknown value
RDI=0x0 is NULL
R8 =0x0000000000000030 is an unknown value
R9 =0x00000000000004a5 is an unknown value
R10=0x00007ffefbabb8a0 jvm.dll
R11=0x000000070a837480 is an oop: com.badlogic.gdx.math.Matrix4 
{0x000000070a837480} - klass: 'com/badlogic/gdx/math/Matrix4'
R12=0x000001eb073af130 points into unknown readable memory: 0x4344000044470000 | 00 00 47 44 00 00 44 43
R13=0x000000070a823c00 is pointing into object: [F 
{0x000000070a823bf0} - klass: {type array float}
 - length: 20000
R14=0x000000c72e7fed30 is pointing into the stack for thread: 0x000001eb57af10b0
R15=0x000001eb57af10b0 is a thread


Registers:
RAX=0x000001eb073af130, RBX=0x000001eb57af13c0, RCX=0x000001eb073b0040, RDX=0xfffffe1c03474ad0
RSP=0x000000c72e7fec68, RBP=0x000000c72e7fed00, RSI=0x0000000000004e20, RDI=0x0000000000000000
R8 =0x0000000000000030, R9 =0x00000000000004a5, R10=0x00007ffefbabb8a0, R11=0x000000070a837480
R12=0x000001eb073af130, R13=0x000000070a823c00, R14=0x000000c72e7fed30, R15=0x000001eb57af10b0
RIP=0x00007fffd52644de, EFLAGS=0x0000000000010206

Top of Stack: (sp=0x000000c72e7fec68)
0x000000c72e7fec68:   0000000055c42241 000001eb57af13c0
0x000000c72e7fec78:   000000c72e7fed00 0000000000004e20
0x000000c72e7fec88:   0000000000000000 0000000000001406
0x000000c72e7fec98:   00000000e2104046 000000070a823bf0
0x000000c72e7feca8:   0000000000000000 000000c72e7fed40
0x000000c72e7fecb8:   0000000000000000 0000000000000000
0x000000c72e7fecc8:   000001eb6801ff40 00000000e0b39c75
0x000000c72e7fecd8:   000001eb67ffa594 0000000000001770
0x000000c72e7fece8:   000000c72e7fed40 0000000000004e20
0x000000c72e7fecf8:   0000000000000000 000000070a823bf0
0x000000c72e7fed08:   0000000710820378 bf800000e2104056
0x000000c72e7fed18:   0000000710822590 00000007031dcd30
0x000000c72e7fed28:   0000000700000000 000000070335f0c0
0x000000c72e7fed38:   00007fff2dc43b89 0000000710820230
0x000000c72e7fed48:   000001eb68073e18 000000070a823b90
0x000000c72e7fed58:   e210404600001770 0000000700004e20 

Instructions: (pc=0x00007fffd52644de)
0x00007fffd52643de:   f8 c3 49 83 f8 20 77 5a 0f 10 02 42 0f 10 4c 02
0x00007fffd52643ee:   f0 0f 11 01 42 0f 11 4c 01 f0 c3 0f 1f 80 00 00
0x00007fffd52643fe:   00 00 4d 85 c0 74 15 48 2b d1 72 16 44 8a 1c 11
0x00007fffd526440e:   48 ff c1 49 ff c8 44 88 59 ff 75 f0 c3 0f 1f 44
0x00007fffd526441e:   00 00 49 03 c8 44 8a 5c 11 ff 48 ff c9 49 ff c8
0x00007fffd526442e:   44 88 19 75 f0 c3 66 66 66 66 0f 1f 84 00 00 00
0x00007fffd526443e:   00 00 4e 8d 1c 02 48 2b d1 73 09 4c 3b d9 0f 87
0x00007fffd526444e:   6e 01 00 00 0f 10 04 11 48 83 c1 10 f6 c1 0f 74
0x00007fffd526445e:   12 48 83 e1 f0 0f 10 0c 11 0f 11 00 0f 28 c1 48
0x00007fffd526446e:   83 c1 10 4c 03 c0 4c 2b c1 4d 8b c8 49 c1 e9 06
0x00007fffd526447e:   74 6f 49 81 f9 00 10 00 00 0f 87 b3 00 00 00 49
0x00007fffd526448e:   83 e0 3f eb 2d 66 66 66 66 66 66 66 0f 1f 84 00
0x00007fffd526449e:   00 00 00 00 66 66 66 66 66 66 66 0f 1f 84 00 00
0x00007fffd52644ae:   00 00 00 66 66 66 66 66 66 66 0f 1f 84 00 00 00
0x00007fffd52644be:   00 00 0f 10 0c 11 0f 10 54 11 10 0f 10 5c 11 20
0x00007fffd52644ce:   0f 10 64 11 30 0f 29 41 f0 48 83 c1 40 49 ff c9
0x00007fffd52644de:   0f 29 49 c0 0f 29 51 d0 0f 29 59 e0 0f 28 c4 75
0x00007fffd52644ee:   d1 4d 8b c8 49 c1 e9 04 74 19 0f 1f 84 00 00 00
0x00007fffd52644fe:   00 00 0f 29 41 f0 0f 10 04 11 48 83 c1 10 49 ff
0x00007fffd526450e:   c9 75 ef 49 83 e0 0f 74 0e 4e 8d 5c 01 f0 41 0f
0x00007fffd526451e:   10 0c 13 41 0f 11 0b 0f 29 41 f0 c3 66 66 66 66
0x00007fffd526452e:   66 66 66 0f 1f 84 00 00 00 00 00 0f 1f 80 00 00
0x00007fffd526453e:   00 00 4d 8b c8 49 c1 e9 06 49 83 e0 3f 0f 18 44
0x00007fffd526454e:   11 40 eb 2e 66 66 66 66 66 66 66 0f 1f 84 00 00
0x00007fffd526455e:   00 00 00 66 66 66 66 66 66 66 0f 1f 84 00 00 00
0x00007fffd526456e:   00 00 66 66 66 66 66 66 66 0f 1f 84 00 00 00 00
0x00007fffd526457e:   00 90 0f 10 0c 11 0f 10 54 11 10 0f 10 5c 11 20
0x00007fffd526458e:   0f 10 64 11 30 0f 2b 41 f0 48 83 c1 40 0f 18 44
0x00007fffd526459e:   11 40 49 ff c9 0f 2b 49 c0 0f 2b 51 d0 0f 2b 59
0x00007fffd52645ae:   e0 0f 28 c4 75 cc 0f ae f8 e9 33 ff ff ff 0f 1f
0x00007fffd52645be:   40 00 49 03 c8 0f 10 44 11 f0 48 83 e9 10 49 83
0x00007fffd52645ce:   e8 10 f6 c1 0f 74 18 4c 8b d9 48 83 e1 f0 0f 10 


Stack slot to memory mapping:
stack at sp + 0 slots: 0x0000000055c42241 gdx64.dll
stack at sp + 1 slots: 0x000001eb57af13c0 points into unknown readable memory: 0x000001eb7d13c170 | 70 c1 13 7d eb 01 00 00
stack at sp + 2 slots: 0x000000c72e7fed00 is pointing into the stack for thread: 0x000001eb57af10b0
stack at sp + 3 slots: 0x0000000000004e20 is an unknown value
stack at sp + 4 slots: 0x0 is NULL
stack at sp + 5 slots: 0x0000000000001406 is an unknown value
stack at sp + 6 slots: 3792715846 is a compressed pointer to object: com.badlogic.gdx.graphics.Mesh 
{0x0000000710820230} - klass: 'com/badlogic/gdx/graphics/Mesh'
stack at sp + 7 slots: 0x000000070a823bf0 is an oop: [F 
{0x000000070a823bf0} - klass: {type array float}
 - length: 20000


---------------  P R O C E S S  ---------------

Threads class SMR info:
_java_thread_list=0x000001eb7f5e3e30, length=13, elements={
0x000001eb57af10b0, 0x000001eb7bce1820, 0x000001eb7bce26e0, 0x000001eb7bcf6100,
0x000001eb7bcf7e30, 0x000001eb7bcf8830, 0x000001eb7bcfd240, 0x000001eb7bd02530,
0x000001eb7bd05030, 0x000001eb7bd156e0, 0x000001eb7be3c570, 0x000001eb7be48c80,
0x000001eb7ebe93f0
}

Java Threads: ( => current thread )
=>0x000001eb57af10b0 JavaThread "main" [_thread_in_native, id=11056, stack(0x000000c72e700000,0x000000c72e800000)]
  0x000001eb7bce1820 JavaThread "Reference Handler" daemon [_thread_blocked, id=16176, stack(0x000000c72ee00000,0x000000c72ef00000)]
  0x000001eb7bce26e0 JavaThread "Finalizer" daemon [_thread_blocked, id=5500, stack(0x000000c72ef00000,0x000000c72f000000)]
  0x000001eb7bcf6100 JavaThread "Signal Dispatcher" daemon [_thread_blocked, id=21004, stack(0x000000c72f000000,0x000000c72f100000)]
  0x000001eb7bcf7e30 JavaThread "Attach Listener" daemon [_thread_blocked, id=7340, stack(0x000000c72f100000,0x000000c72f200000)]
  0x000001eb7bcf8830 JavaThread "Service Thread" daemon [_thread_blocked, id=21276, stack(0x000000c72f200000,0x000000c72f300000)]
  0x000001eb7bcfd240 JavaThread "Monitor Deflation Thread" daemon [_thread_blocked, id=26736, stack(0x000000c72f300000,0x000000c72f400000)]
  0x000001eb7bd02530 JavaThread "C2 CompilerThread0" daemon [_thread_blocked, id=17964, stack(0x000000c72f400000,0x000000c72f500000)]
  0x000001eb7bd05030 JavaThread "C1 CompilerThread0" daemon [_thread_blocked, id=18420, stack(0x000000c72f500000,0x000000c72f600000)]
  0x000001eb7bd156e0 JavaThread "Sweeper thread" daemon [_thread_blocked, id=24524, stack(0x000000c72f600000,0x000000c72f700000)]
  0x000001eb7be3c570 JavaThread "Notification Thread" daemon [_thread_blocked, id=30328, stack(0x000000c72f700000,0x000000c72f800000)]
  0x000001eb7be48c80 JavaThread "Common-Cleaner" daemon [_thread_blocked, id=11028, stack(0x000000c72f900000,0x000000c72fa00000)]
  0x000001eb7ebe93f0 JavaThread "LWJGL3 Timer" daemon [_thread_blocked, id=3020, stack(0x000000c730c00000,0x000000c730d00000)]

Other Threads:
  0x000001eb7b66ea80 VMThread "VM Thread" [stack: 0x000000c72ed00000,0x000000c72ee00000] [id=23704]
  0x000001eb7be3ca90 WatcherThread [stack: 0x000000c72f800000,0x000000c72f900000] [id=24792]
  0x000001eb57b3f9f0 GCTaskThread "GC Thread#0" [stack: 0x000000c72e800000,0x000000c72e900000] [id=28180]
  0x000001eb059160f0 GCTaskThread "GC Thread#1" [stack: 0x000000c730500000,0x000000c730600000] [id=11620]
  0x000001eb7ec0da00 GCTaskThread "GC Thread#2" [stack: 0x000000c730600000,0x000000c730700000] [id=4272]
  0x000001eb7ec0dd10 GCTaskThread "GC Thread#3" [stack: 0x000000c730700000,0x000000c730800000] [id=19892]
  0x000001eb7f63b1a0 GCTaskThread "GC Thread#4" [stack: 0x000000c730800000,0x000000c730900000] [id=5608]
  0x000001eb7f61c3c0 GCTaskThread "GC Thread#5" [stack: 0x000000c730900000,0x000000c730a00000] [id=18640]
  0x000001eb7ec296c0 GCTaskThread "GC Thread#6" [stack: 0x000000c730a00000,0x000000c730b00000] [id=27616]
  0x000001eb056ef6a0 GCTaskThread "GC Thread#7" [stack: 0x000000c72fa00000,0x000000c72fb00000] [id=11352]
  0x000001eb57b51890 ConcurrentGCThread "G1 Main Marker" [stack: 0x000000c72e900000,0x000000c72ea00000] [id=28996]
  0x000001eb57b52e70 ConcurrentGCThread "G1 Conc#0" [stack: 0x000000c72ea00000,0x000000c72eb00000] [id=29568]
  0x000001eb7b535470 ConcurrentGCThread "G1 Refine#0" [stack: 0x000000c72eb00000,0x000000c72ec00000] [id=22112]
  0x000001eb7ee58b40 ConcurrentGCThread "G1 Refine#1" [stack: 0x000000c730d00000,0x000000c730e00000] [id=4964]
  0x000001eb7ee591c0 ConcurrentGCThread "G1 Refine#2" [stack: 0x000000c730e00000,0x000000c730f00000] [id=24292]
  0x000001eb7ee58800 ConcurrentGCThread "G1 Refine#3" [stack: 0x000000c730f00000,0x000000c731000000] [id=29704]
  0x000001eb7ee59500 ConcurrentGCThread "G1 Refine#4" [stack: 0x000000c731000000,0x000000c731100000] [id=3732]
  0x000001eb7ee59b80 ConcurrentGCThread "G1 Refine#5" [stack: 0x000000c731100000,0x000000c731200000] [id=11544]
  0x000001eb7ee58e80 ConcurrentGCThread "G1 Refine#6" [stack: 0x000000c731200000,0x000000c731300000] [id=5476]
  0x000001eb7ee59ec0 ConcurrentGCThread "G1 Refine#7" [stack: 0x000000c731300000,0x000000c731400000] [id=28084]
  0x000001eb7ee59840 ConcurrentGCThread "G1 Refine#8" [stack: 0x000000c731400000,0x000000c731500000] [id=22752]
  0x000001eb7b535e00 ConcurrentGCThread "G1 Service" [stack: 0x000000c72ec00000,0x000000c72ed00000] [id=21048]

Threads with active compile tasks:

VM state: not at safepoint (normal execution)

VM Mutex/Monitor currently owned by a thread: None

Heap address: 0x0000000703000000, size: 4048 MB, Compressed Oops mode: Zero based, Oop shift amount: 3

CDS archive(s) mapped at: [0x0000000800000000-0x0000000800be0000-0x0000000800be0000), size 12451840, SharedBaseAddress: 0x0000000800000000, ArchiveRelocationMode: 0.
Compressed class space mapped at: 0x0000000800c00000-0x0000000840c00000, reserved size: 1073741824
Narrow klass base: 0x0000000800000000, Narrow klass shift: 3, Narrow klass range: 0x100000000

GC Precious Log:
 CPUs: 12 total, 12 available
 Memory: 16185M
 Large Page Support: Disabled
 NUMA Support: Disabled
 Compressed Oops: Enabled (Zero based)
 Heap Region Size: 2M
 Heap Min Capacity: 8M
 Heap Initial Capacity: 254M
 Heap Max Capacity: 4048M
 Pre-touch: Disabled
 Parallel Workers: 10
 Concurrent Workers: 3
 Concurrent Refinement Workers: 10
 Periodic GC: Disabled

Heap:
 garbage-first heap   total 780288K, used 134969K [0x0000000703000000, 0x0000000800000000)
  region size 2048K, 7 young (14336K), 3 survivors (6144K)
 Metaspace       used 8486K, committed 8640K, reserved 1064960K
  class space    used 610K, committed 704K, reserved 1048576K

Heap Regions: E=young(eden), S=young(survivor), O=old, HS=humongous(starts), HC=humongous(continues), CS=collection set, F=free, OA=open archive, CA=closed archive, TAMS=top-at-mark-start (previous, next)
|   0|0x0000000703000000, 0x0000000703200000, 0x0000000703200000|100%| O|  |TAMS 0x0000000703000000, 0x0000000703000000| Untracked 
|   1|0x0000000703200000, 0x0000000703400000, 0x0000000703400000|100%| O|  |TAMS 0x0000000703200000, 0x0000000703200000| Untracked 
|   2|0x0000000703400000, 0x0000000703600000, 0x0000000703600000|100%| O|  |TAMS 0x0000000703400000, 0x0000000703400000| Untracked 
|   3|0x0000000703600000, 0x0000000703800000, 0x0000000703800000|100%| O|  |TAMS 0x0000000703600000, 0x0000000703600000| Untracked 
|   4|0x0000000703800000, 0x0000000703a00000, 0x0000000703a00000|100%| O|  |TAMS 0x0000000703800000, 0x0000000703800000| Untracked 
|   5|0x0000000703a00000, 0x0000000703c00000, 0x0000000703c00000|100%| O|  |TAMS 0x0000000703a00000, 0x0000000703a00000| Untracked 
|   6|0x0000000703c00000, 0x0000000703e00000, 0x0000000703e00000|100%|HS|  |TAMS 0x0000000703c00000, 0x0000000703c00000| Complete 
|   7|0x0000000703e00000, 0x0000000704000000, 0x0000000704000000|100%|HS|  |TAMS 0x0000000703e00000, 0x0000000703e00000| Complete 
|   8|0x0000000704000000, 0x0000000704200000, 0x0000000704200000|100%|HS|  |TAMS 0x0000000704000000, 0x0000000704000000| Complete 
|   9|0x0000000704200000, 0x0000000704400000, 0x0000000704400000|100%|HS|  |TAMS 0x0000000704200000, 0x0000000704200000| Complete 
|  10|0x0000000704400000, 0x0000000704600000, 0x0000000704600000|100%|HC|  |TAMS 0x0000000704400000, 0x0000000704400000| Complete 
|  11|0x0000000704600000, 0x0000000704800000, 0x0000000704800000|100%|HS|  |TAMS 0x0000000704600000, 0x0000000704600000| Complete 
|  12|0x0000000704800000, 0x0000000704a00000, 0x0000000704a00000|100%|HC|  |TAMS 0x0000000704800000, 0x0000000704800000| Complete 
|  13|0x0000000704a00000, 0x0000000704c00000, 0x0000000704c00000|100%|HS|  |TAMS 0x0000000704a00000, 0x0000000704a00000| Complete 
|  14|0x0000000704c00000, 0x0000000704e00000, 0x0000000704e00000|100%|HC|  |TAMS 0x0000000704c00000, 0x0000000704c00000| Complete 
|  15|0x0000000704e00000, 0x0000000705000000, 0x0000000705000000|100%|HC|  |TAMS 0x0000000704e00000, 0x0000000704e00000| Complete 
|  16|0x0000000705000000, 0x0000000705200000, 0x0000000705200000|100%|HS|  |TAMS 0x0000000705000000, 0x0000000705000000| Complete 
|  17|0x0000000705200000, 0x0000000705400000, 0x0000000705400000|100%|HC|  |TAMS 0x0000000705200000, 0x0000000705200000| Complete 
|  18|0x0000000705400000, 0x0000000705600000, 0x0000000705600000|100%|HC|  |TAMS 0x0000000705400000, 0x0000000705400000| Complete 
|  19|0x0000000705600000, 0x0000000705600000, 0x0000000705800000|  0%| F|  |TAMS 0x0000000705600000, 0x0000000705600000| Untracked 
|  20|0x0000000705800000, 0x0000000705a00000, 0x0000000705a00000|100%| O|  |TAMS 0x0000000705800000, 0x0000000705800000| Untracked 
|  21|0x0000000705a00000, 0x0000000705c00000, 0x0000000705c00000|100%| O|  |TAMS 0x0000000705a00000, 0x0000000705a00000| Untracked 
|  22|0x0000000705c00000, 0x0000000705e00000, 0x0000000705e00000|100%| O|  |TAMS 0x0000000705c00000, 0x0000000705c00000| Untracked 
|  23|0x0000000705e00000, 0x0000000706000000, 0x0000000706000000|100%| O|  |TAMS 0x0000000705e00000, 0x0000000705e00000| Untracked 
|  24|0x0000000706000000, 0x0000000706200000, 0x0000000706200000|100%| O|  |TAMS 0x0000000706000000, 0x0000000706000000| Untracked 
|  25|0x0000000706200000, 0x0000000706400000, 0x0000000706400000|100%| O|  |TAMS 0x0000000706200000, 0x0000000706200000| Untracked 
|  26|0x0000000706400000, 0x0000000706600000, 0x0000000706600000|100%| O|  |TAMS 0x0000000706400000, 0x0000000706400000| Untracked 
|  27|0x0000000706600000, 0x0000000706800000, 0x0000000706800000|100%| O|  |TAMS 0x0000000706600000, 0x0000000706600000| Untracked 
|  28|0x0000000706800000, 0x0000000706a00000, 0x0000000706a00000|100%| O|  |TAMS 0x0000000706800000, 0x0000000706800000| Untracked 
|  29|0x0000000706a00000, 0x0000000706c00000, 0x0000000706c00000|100%| O|  |TAMS 0x0000000706a00000, 0x0000000706a00000| Untracked 
|  30|0x0000000706c00000, 0x0000000706e00000, 0x0000000706e00000|100%| O|  |TAMS 0x0000000706c00000, 0x0000000706c00000| Untracked 
|  31|0x0000000706e00000, 0x0000000707000000, 0x0000000707000000|100%| O|  |TAMS 0x0000000706e00000, 0x0000000706e00000| Untracked 
|  32|0x0000000707000000, 0x0000000707200000, 0x0000000707200000|100%| O|  |TAMS 0x0000000707000000, 0x0000000707000000| Untracked 
|  33|0x0000000707200000, 0x0000000707400000, 0x0000000707400000|100%| O|  |TAMS 0x0000000707200000, 0x0000000707200000| Untracked 
|  34|0x0000000707400000, 0x0000000707600000, 0x0000000707600000|100%| O|  |TAMS 0x0000000707400000, 0x0000000707400000| Untracked 
|  35|0x0000000707600000, 0x0000000707800000, 0x0000000707800000|100%| O|  |TAMS 0x0000000707600000, 0x0000000707600000| Untracked 
|  36|0x0000000707800000, 0x0000000707a00000, 0x0000000707a00000|100%| O|  |TAMS 0x0000000707800000, 0x0000000707800000| Untracked 
|  37|0x0000000707a00000, 0x0000000707c00000, 0x0000000707c00000|100%| O|  |TAMS 0x0000000707a00000, 0x0000000707a00000| Untracked 
|  38|0x0000000707c00000, 0x0000000707e00000, 0x0000000707e00000|100%| O|  |TAMS 0x0000000707c00000, 0x0000000707c00000| Untracked 
|  39|0x0000000707e00000, 0x0000000708000000, 0x0000000708000000|100%| O|  |TAMS 0x0000000707e00000, 0x0000000707e00000| Untracked 
|  40|0x0000000708000000, 0x0000000708200000, 0x0000000708200000|100%| O|  |TAMS 0x0000000708000000, 0x0000000708000000| Untracked 
|  41|0x0000000708200000, 0x0000000708400000, 0x0000000708400000|100%|HS|  |TAMS 0x0000000708200000, 0x0000000708200000| Complete 
|  42|0x0000000708400000, 0x0000000708600000, 0x0000000708600000|100%| O|  |TAMS 0x0000000708400000, 0x0000000708400000| Untracked 
|  43|0x0000000708600000, 0x0000000708800000, 0x0000000708800000|100%| O|  |TAMS 0x0000000708600000, 0x0000000708600000| Untracked 
|  44|0x0000000708800000, 0x0000000708a00000, 0x0000000708a00000|100%| O|  |TAMS 0x0000000708800000, 0x0000000708800000| Untracked 
|  45|0x0000000708a00000, 0x0000000708c00000, 0x0000000708c00000|100%| O|  |TAMS 0x0000000708a00000, 0x0000000708a00000| Untracked 
|  46|0x0000000708c00000, 0x0000000708e00000, 0x0000000708e00000|100%| O|  |TAMS 0x0000000708c00000, 0x0000000708c00000| Untracked 
|  47|0x0000000708e00000, 0x0000000709000000, 0x0000000709000000|100%| O|  |TAMS 0x0000000708e00000, 0x0000000708e00000| Untracked 
|  48|0x0000000709000000, 0x0000000709200000, 0x0000000709200000|100%| O|  |TAMS 0x0000000709000000, 0x0000000709000000| Untracked 
|  49|0x0000000709200000, 0x0000000709400000, 0x0000000709400000|100%| O|  |TAMS 0x0000000709200000, 0x0000000709200000| Untracked 
|  50|0x0000000709400000, 0x0000000709600000, 0x0000000709600000|100%| O|  |TAMS 0x0000000709400000, 0x0000000709400000| Untracked 
|  51|0x0000000709600000, 0x0000000709800000, 0x0000000709800000|100%| O|  |TAMS 0x0000000709600000, 0x0000000709600000| Untracked 
|  52|0x0000000709800000, 0x0000000709a00000, 0x0000000709a00000|100%|HS|  |TAMS 0x0000000709800000, 0x0000000709800000| Complete 
|  53|0x0000000709a00000, 0x0000000709c00000, 0x0000000709c00000|100%|HS|  |TAMS 0x0000000709a00000, 0x0000000709a00000| Complete 
|  54|0x0000000709c00000, 0x0000000709e00000, 0x0000000709e00000|100%|HC|  |TAMS 0x0000000709c00000, 0x0000000709c00000| Complete 
|  55|0x0000000709e00000, 0x000000070a000000, 0x000000070a000000|100%|HS|  |TAMS 0x0000000709e00000, 0x0000000709e00000| Complete 
|  56|0x000000070a000000, 0x000000070a200000, 0x000000070a200000|100%| O|  |TAMS 0x000000070a000000, 0x000000070a000000| Untracked 
|  57|0x000000070a200000, 0x000000070a400000, 0x000000070a400000|100%| O|  |TAMS 0x000000070a200000, 0x000000070a200000| Untracked 
|  58|0x000000070a400000, 0x000000070a600000, 0x000000070a600000|100%| O|  |TAMS 0x000000070a400000, 0x000000070a400000| Untracked 
|  59|0x000000070a600000, 0x000000070a800000, 0x000000070a800000|100%| O|  |TAMS 0x000000070a600000, 0x000000070a600000| Untracked 
|  60|0x000000070a800000, 0x000000070a9ce600, 0x000000070aa00000| 90%| O|  |TAMS 0x000000070a800000, 0x000000070a800000| Untracked 
|  61|0x000000070aa00000, 0x000000070aa00000, 0x000000070ac00000|  0%| F|  |TAMS 0x000000070aa00000, 0x000000070aa00000| Untracked 
|  62|0x000000070ac00000, 0x000000070ac00000, 0x000000070ae00000|  0%| F|  |TAMS 0x000000070ac00000, 0x000000070ac00000| Untracked 
|  63|0x000000070ae00000, 0x000000070ae00000, 0x000000070b000000|  0%| F|  |TAMS 0x000000070ae00000, 0x000000070ae00000| Untracked 
|  64|0x000000070b000000, 0x000000070b000000, 0x000000070b200000|  0%| F|  |TAMS 0x000000070b000000, 0x000000070b000000| Untracked 
|  65|0x000000070b200000, 0x000000070b200000, 0x000000070b400000|  0%| F|  |TAMS 0x000000070b200000, 0x000000070b200000| Untracked 
|  66|0x000000070b400000, 0x000000070b400000, 0x000000070b600000|  0%| F|  |TAMS 0x000000070b400000, 0x000000070b400000| Untracked 
|  67|0x000000070b600000, 0x000000070b600000, 0x000000070b800000|  0%| F|  |TAMS 0x000000070b600000, 0x000000070b600000| Untracked 
|  68|0x000000070b800000, 0x000000070b800000, 0x000000070ba00000|  0%| F|  |TAMS 0x000000070b800000, 0x000000070b800000| Untracked 
|  69|0x000000070ba00000, 0x000000070ba00000, 0x000000070bc00000|  0%| F|  |TAMS 0x000000070ba00000, 0x000000070ba00000| Untracked 
|  70|0x000000070bc00000, 0x000000070bc00000, 0x000000070be00000|  0%| F|  |TAMS 0x000000070bc00000, 0x000000070bc00000| Untracked 
|  71|0x000000070be00000, 0x000000070be00000, 0x000000070c000000|  0%| F|  |TAMS 0x000000070be00000, 0x000000070be00000| Untracked 
|  72|0x000000070c000000, 0x000000070c000000, 0x000000070c200000|  0%| F|  |TAMS 0x000000070c000000, 0x000000070c000000| Untracked 
|  73|0x000000070c200000, 0x000000070c200000, 0x000000070c400000|  0%| F|  |TAMS 0x000000070c200000, 0x000000070c200000| Untracked 
|  74|0x000000070c400000, 0x000000070c400000, 0x000000070c600000|  0%| F|  |TAMS 0x000000070c400000, 0x000000070c400000| Untracked 
|  75|0x000000070c600000, 0x000000070c600000, 0x000000070c800000|  0%| F|  |TAMS 0x000000070c600000, 0x000000070c600000| Untracked 
|  76|0x000000070c800000, 0x000000070c800000, 0x000000070ca00000|  0%| F|  |TAMS 0x000000070c800000, 0x000000070c800000| Untracked 
|  77|0x000000070ca00000, 0x000000070ca00000, 0x000000070cc00000|  0%| F|  |TAMS 0x000000070ca00000, 0x000000070ca00000| Untracked 
|  78|0x000000070cc00000, 0x000000070cc00000, 0x000000070ce00000|  0%| F|  |TAMS 0x000000070cc00000, 0x000000070cc00000| Untracked 
|  79|0x000000070ce00000, 0x000000070ce00000, 0x000000070d000000|  0%| F|  |TAMS 0x000000070ce00000, 0x000000070ce00000| Untracked 
|  80|0x000000070d000000, 0x000000070d000000, 0x000000070d200000|  0%| F|  |TAMS 0x000000070d000000, 0x000000070d000000| Untracked 
|  81|0x000000070d200000, 0x000000070d200000, 0x000000070d400000|  0%| F|  |TAMS 0x000000070d200000, 0x000000070d200000| Untracked 
|  82|0x000000070d400000, 0x000000070d400000, 0x000000070d600000|  0%| F|  |TAMS 0x000000070d400000, 0x000000070d400000| Untracked 
|  83|0x000000070d600000, 0x000000070d600000, 0x000000070d800000|  0%| F|  |TAMS 0x000000070d600000, 0x000000070d600000| Untracked 
|  84|0x000000070d800000, 0x000000070d800000, 0x000000070da00000|  0%| F|  |TAMS 0x000000070d800000, 0x000000070d800000| Untracked 
|  85|0x000000070da00000, 0x000000070da00000, 0x000000070dc00000|  0%| F|  |TAMS 0x000000070da00000, 0x000000070da00000| Untracked 
|  86|0x000000070dc00000, 0x000000070dc00000, 0x000000070de00000|  0%| F|  |TAMS 0x000000070dc00000, 0x000000070dc00000| Untracked 
|  87|0x000000070de00000, 0x000000070de00000, 0x000000070e000000|  0%| F|  |TAMS 0x000000070de00000, 0x000000070de00000| Untracked 
|  88|0x000000070e000000, 0x000000070e000000, 0x000000070e200000|  0%| F|  |TAMS 0x000000070e000000, 0x000000070e000000| Untracked 
|  89|0x000000070e200000, 0x000000070e200000, 0x000000070e400000|  0%| F|  |TAMS 0x000000070e200000, 0x000000070e200000| Untracked 
|  90|0x000000070e400000, 0x000000070e400000, 0x000000070e600000|  0%| F|  |TAMS 0x000000070e400000, 0x000000070e400000| Untracked 
|  91|0x000000070e600000, 0x000000070e600000, 0x000000070e800000|  0%| F|  |TAMS 0x000000070e600000, 0x000000070e600000| Untracked 
|  92|0x000000070e800000, 0x000000070e800000, 0x000000070ea00000|  0%| F|  |TAMS 0x000000070e800000, 0x000000070e800000| Untracked 
|  93|0x000000070ea00000, 0x000000070ea00000, 0x000000070ec00000|  0%| F|  |TAMS 0x000000070ea00000, 0x000000070ea00000| Untracked 
|  94|0x000000070ec00000, 0x000000070ec00000, 0x000000070ee00000|  0%| F|  |TAMS 0x000000070ec00000, 0x000000070ec00000| Untracked 
|  95|0x000000070ee00000, 0x000000070ee00000, 0x000000070f000000|  0%| F|  |TAMS 0x000000070ee00000, 0x000000070ee00000| Untracked 
|  96|0x000000070f000000, 0x000000070f000000, 0x000000070f200000|  0%| F|  |TAMS 0x000000070f000000, 0x000000070f000000| Untracked 
|  97|0x000000070f200000, 0x000000070f200000, 0x000000070f400000|  0%| F|  |TAMS 0x000000070f200000, 0x000000070f200000| Untracked 
|  98|0x000000070f400000, 0x000000070f400000, 0x000000070f600000|  0%| F|  |TAMS 0x000000070f400000, 0x000000070f400000| Untracked 
|  99|0x000000070f600000, 0x000000070f600000, 0x000000070f800000|  0%| F|  |TAMS 0x000000070f600000, 0x000000070f600000| Untracked 
| 100|0x000000070f800000, 0x000000070f800000, 0x000000070fa00000|  0%| F|  |TAMS 0x000000070f800000, 0x000000070f800000| Untracked 
| 101|0x000000070fa00000, 0x000000070fa00000, 0x000000070fc00000|  0%| F|  |TAMS 0x000000070fa00000, 0x000000070fa00000| Untracked 
| 102|0x000000070fc00000, 0x000000070fc00000, 0x000000070fe00000|  0%| F|  |TAMS 0x000000070fc00000, 0x000000070fc00000| Untracked 
| 103|0x000000070fe00000, 0x000000070fe00000, 0x0000000710000000|  0%| F|  |TAMS 0x000000070fe00000, 0x000000070fe00000| Untracked 
| 104|0x0000000710000000, 0x0000000710000000, 0x0000000710200000|  0%| F|  |TAMS 0x0000000710000000, 0x0000000710000000| Untracked 
| 105|0x0000000710200000, 0x0000000710200000, 0x0000000710400000|  0%| F|  |TAMS 0x0000000710200000, 0x0000000710200000| Untracked 
| 106|0x0000000710400000, 0x0000000710600000, 0x0000000710600000|100%| S|CS|TAMS 0x0000000710400000, 0x0000000710400000| Complete 
| 107|0x0000000710600000, 0x0000000710800000, 0x0000000710800000|100%| S|CS|TAMS 0x0000000710600000, 0x0000000710600000| Complete 
| 108|0x0000000710800000, 0x0000000710a00000, 0x0000000710a00000|100%| S|CS|TAMS 0x0000000710800000, 0x0000000710800000| Complete 
| 109|0x0000000710a00000, 0x0000000710a00000, 0x0000000710c00000|  0%| F|  |TAMS 0x0000000710a00000, 0x0000000710a00000| Untracked 
| 110|0x0000000710c00000, 0x0000000710c00000, 0x0000000710e00000|  0%| F|  |TAMS 0x0000000710c00000, 0x0000000710c00000| Untracked 
| 111|0x0000000710e00000, 0x0000000710e00000, 0x0000000711000000|  0%| F|  |TAMS 0x0000000710e00000, 0x0000000710e00000| Untracked 
| 112|0x0000000711000000, 0x0000000711000000, 0x0000000711200000|  0%| F|  |TAMS 0x0000000711000000, 0x0000000711000000| Untracked 
| 113|0x0000000711200000, 0x0000000711200000, 0x0000000711400000|  0%| F|  |TAMS 0x0000000711200000, 0x0000000711200000| Untracked 
| 114|0x0000000711400000, 0x0000000711400000, 0x0000000711600000|  0%| F|  |TAMS 0x0000000711400000, 0x0000000711400000| Untracked 
| 115|0x0000000711600000, 0x0000000711600000, 0x0000000711800000|  0%| F|  |TAMS 0x0000000711600000, 0x0000000711600000| Untracked 
| 116|0x0000000711800000, 0x0000000711800000, 0x0000000711a00000|  0%| F|  |TAMS 0x0000000711800000, 0x0000000711800000| Untracked 
| 117|0x0000000711a00000, 0x0000000711a00000, 0x0000000711c00000|  0%| F|  |TAMS 0x0000000711a00000, 0x0000000711a00000| Untracked 
| 118|0x0000000711c00000, 0x0000000711c00000, 0x0000000711e00000|  0%| F|  |TAMS 0x0000000711c00000, 0x0000000711c00000| Untracked 
| 119|0x0000000711e00000, 0x0000000711e00000, 0x0000000712000000|  0%| F|  |TAMS 0x0000000711e00000, 0x0000000711e00000| Untracked 
| 120|0x0000000712000000, 0x0000000712000000, 0x0000000712200000|  0%| F|  |TAMS 0x0000000712000000, 0x0000000712000000| Untracked 
| 121|0x0000000712200000, 0x0000000712200000, 0x0000000712400000|  0%| F|  |TAMS 0x0000000712200000, 0x0000000712200000| Untracked 
| 122|0x0000000712400000, 0x0000000712400000, 0x0000000712600000|  0%| F|  |TAMS 0x0000000712400000, 0x0000000712400000| Untracked 
| 123|0x0000000712600000, 0x0000000712600000, 0x0000000712800000|  0%| F|  |TAMS 0x0000000712600000, 0x0000000712600000| Untracked 
| 124|0x0000000712800000, 0x0000000712800000, 0x0000000712a00000|  0%| F|  |TAMS 0x0000000712800000, 0x0000000712800000| Untracked 
| 125|0x0000000712a00000, 0x0000000712a00000, 0x0000000712c00000|  0%| F|  |TAMS 0x0000000712a00000, 0x0000000712a00000| Untracked 
| 126|0x0000000712c00000, 0x0000000712c00000, 0x0000000712e00000|  0%| F|  |TAMS 0x0000000712c00000, 0x0000000712c00000| Untracked 
| 127|0x0000000712e00000, 0x0000000712e00000, 0x0000000713000000|  0%| F|  |TAMS 0x0000000712e00000, 0x0000000712e00000| Untracked 
| 128|0x0000000713000000, 0x0000000713000000, 0x0000000713200000|  0%| F|  |TAMS 0x0000000713000000, 0x0000000713000000| Untracked 
| 129|0x0000000713200000, 0x0000000713200000, 0x0000000713400000|  0%| F|  |TAMS 0x0000000713200000, 0x0000000713200000| Untracked 
| 130|0x0000000713400000, 0x0000000713400000, 0x0000000713600000|  0%| F|  |TAMS 0x0000000713400000, 0x0000000713400000| Untracked 
| 131|0x0000000713600000, 0x0000000713600000, 0x0000000713800000|  0%| F|  |TAMS 0x0000000713600000, 0x0000000713600000| Untracked 
| 132|0x0000000713800000, 0x0000000713800000, 0x0000000713a00000|  0%| F|  |TAMS 0x0000000713800000, 0x0000000713800000| Untracked 
| 133|0x0000000713a00000, 0x0000000713a00000, 0x0000000713c00000|  0%| F|  |TAMS 0x0000000713a00000, 0x0000000713a00000| Untracked 
| 134|0x0000000713c00000, 0x0000000713c00000, 0x0000000713e00000|  0%| F|  |TAMS 0x0000000713c00000, 0x0000000713c00000| Untracked 
| 135|0x0000000713e00000, 0x0000000713e00000, 0x0000000714000000|  0%| F|  |TAMS 0x0000000713e00000, 0x0000000713e00000| Untracked 
| 136|0x0000000714000000, 0x0000000714000000, 0x0000000714200000|  0%| F|  |TAMS 0x0000000714000000, 0x0000000714000000| Untracked 
| 137|0x0000000714200000, 0x0000000714200000, 0x0000000714400000|  0%| F|  |TAMS 0x0000000714200000, 0x0000000714200000| Untracked 
| 138|0x0000000714400000, 0x0000000714400000, 0x0000000714600000|  0%| F|  |TAMS 0x0000000714400000, 0x0000000714400000| Untracked 
| 139|0x0000000714600000, 0x0000000714600000, 0x0000000714800000|  0%| F|  |TAMS 0x0000000714600000, 0x0000000714600000| Untracked 
| 140|0x0000000714800000, 0x0000000714800000, 0x0000000714a00000|  0%| F|  |TAMS 0x0000000714800000, 0x0000000714800000| Untracked 
| 141|0x0000000714a00000, 0x0000000714a00000, 0x0000000714c00000|  0%| F|  |TAMS 0x0000000714a00000, 0x0000000714a00000| Untracked 
| 142|0x0000000714c00000, 0x0000000714c00000, 0x0000000714e00000|  0%| F|  |TAMS 0x0000000714c00000, 0x0000000714c00000| Untracked 
| 143|0x0000000714e00000, 0x0000000714e00000, 0x0000000715000000|  0%| F|  |TAMS 0x0000000714e00000, 0x0000000714e00000| Untracked 
| 144|0x0000000715000000, 0x0000000715000000, 0x0000000715200000|  0%| F|  |TAMS 0x0000000715000000, 0x0000000715000000| Untracked 
| 145|0x0000000715200000, 0x0000000715200000, 0x0000000715400000|  0%| F|  |TAMS 0x0000000715200000, 0x0000000715200000| Untracked 
| 146|0x0000000715400000, 0x0000000715400000, 0x0000000715600000|  0%| F|  |TAMS 0x0000000715400000, 0x0000000715400000| Untracked 
| 147|0x0000000715600000, 0x0000000715600000, 0x0000000715800000|  0%| F|  |TAMS 0x0000000715600000, 0x0000000715600000| Untracked 
| 148|0x0000000715800000, 0x0000000715800000, 0x0000000715a00000|  0%| F|  |TAMS 0x0000000715800000, 0x0000000715800000| Untracked 
| 149|0x0000000715a00000, 0x0000000715a00000, 0x0000000715c00000|  0%| F|  |TAMS 0x0000000715a00000, 0x0000000715a00000| Untracked 
| 150|0x0000000715c00000, 0x0000000715c00000, 0x0000000715e00000|  0%| F|  |TAMS 0x0000000715c00000, 0x0000000715c00000| Untracked 
| 151|0x0000000715e00000, 0x0000000715e00000, 0x0000000716000000|  0%| F|  |TAMS 0x0000000715e00000, 0x0000000715e00000| Untracked 
| 152|0x0000000716000000, 0x0000000716000000, 0x0000000716200000|  0%| F|  |TAMS 0x0000000716000000, 0x0000000716000000| Untracked 
| 153|0x0000000716200000, 0x0000000716200000, 0x0000000716400000|  0%| F|  |TAMS 0x0000000716200000, 0x0000000716200000| Untracked 
| 154|0x0000000716400000, 0x0000000716400000, 0x0000000716600000|  0%| F|  |TAMS 0x0000000716400000, 0x0000000716400000| Untracked 
| 155|0x0000000716600000, 0x0000000716600000, 0x0000000716800000|  0%| F|  |TAMS 0x0000000716600000, 0x0000000716600000| Untracked 
| 156|0x0000000716800000, 0x0000000716800000, 0x0000000716a00000|  0%| F|  |TAMS 0x0000000716800000, 0x0000000716800000| Untracked 
| 157|0x0000000716a00000, 0x0000000716a00000, 0x0000000716c00000|  0%| F|  |TAMS 0x0000000716a00000, 0x0000000716a00000| Untracked 
| 158|0x0000000716c00000, 0x0000000716c00000, 0x0000000716e00000|  0%| F|  |TAMS 0x0000000716c00000, 0x0000000716c00000| Untracked 
| 159|0x0000000716e00000, 0x0000000716e00000, 0x0000000717000000|  0%| F|  |TAMS 0x0000000716e00000, 0x0000000716e00000| Untracked 
| 160|0x0000000717000000, 0x0000000717000000, 0x0000000717200000|  0%| F|  |TAMS 0x0000000717000000, 0x0000000717000000| Untracked 
| 161|0x0000000717200000, 0x0000000717200000, 0x0000000717400000|  0%| F|  |TAMS 0x0000000717200000, 0x0000000717200000| Untracked 
| 162|0x0000000717400000, 0x0000000717400000, 0x0000000717600000|  0%| F|  |TAMS 0x0000000717400000, 0x0000000717400000| Untracked 
| 163|0x0000000717600000, 0x0000000717600000, 0x0000000717800000|  0%| F|  |TAMS 0x0000000717600000, 0x0000000717600000| Untracked 
| 164|0x0000000717800000, 0x0000000717800000, 0x0000000717a00000|  0%| F|  |TAMS 0x0000000717800000, 0x0000000717800000| Untracked 
| 165|0x0000000717a00000, 0x0000000717a00000, 0x0000000717c00000|  0%| F|  |TAMS 0x0000000717a00000, 0x0000000717a00000| Untracked 
| 166|0x0000000717c00000, 0x0000000717c00000, 0x0000000717e00000|  0%| F|  |TAMS 0x0000000717c00000, 0x0000000717c00000| Untracked 
| 167|0x0000000717e00000, 0x0000000717e00000, 0x0000000718000000|  0%| F|  |TAMS 0x0000000717e00000, 0x0000000717e00000| Untracked 
| 168|0x0000000718000000, 0x0000000718000000, 0x0000000718200000|  0%| F|  |TAMS 0x0000000718000000, 0x0000000718000000| Untracked 
| 169|0x0000000718200000, 0x0000000718200000, 0x0000000718400000|  0%| F|  |TAMS 0x0000000718200000, 0x0000000718200000| Untracked 
| 170|0x0000000718400000, 0x0000000718400000, 0x0000000718600000|  0%| F|  |TAMS 0x0000000718400000, 0x0000000718400000| Untracked 
| 171|0x0000000718600000, 0x0000000718600000, 0x0000000718800000|  0%| F|  |TAMS 0x0000000718600000, 0x0000000718600000| Untracked 
| 172|0x0000000718800000, 0x0000000718800000, 0x0000000718a00000|  0%| F|  |TAMS 0x0000000718800000, 0x0000000718800000| Untracked 
| 173|0x0000000718a00000, 0x0000000718a00000, 0x0000000718c00000|  0%| F|  |TAMS 0x0000000718a00000, 0x0000000718a00000| Untracked 
| 174|0x0000000718c00000, 0x0000000718c00000, 0x0000000718e00000|  0%| F|  |TAMS 0x0000000718c00000, 0x0000000718c00000| Untracked 
| 175|0x0000000718e00000, 0x0000000718e00000, 0x0000000719000000|  0%| F|  |TAMS 0x0000000718e00000, 0x0000000718e00000| Untracked 
| 176|0x0000000719000000, 0x0000000719000000, 0x0000000719200000|  0%| F|  |TAMS 0x0000000719000000, 0x0000000719000000| Untracked 
| 177|0x0000000719200000, 0x0000000719200000, 0x0000000719400000|  0%| F|  |TAMS 0x0000000719200000, 0x0000000719200000| Untracked 
| 178|0x0000000719400000, 0x0000000719400000, 0x0000000719600000|  0%| F|  |TAMS 0x0000000719400000, 0x0000000719400000| Untracked 
| 179|0x0000000719600000, 0x0000000719600000, 0x0000000719800000|  0%| F|  |TAMS 0x0000000719600000, 0x0000000719600000| Untracked 
| 180|0x0000000719800000, 0x0000000719800000, 0x0000000719a00000|  0%| F|  |TAMS 0x0000000719800000, 0x0000000719800000| Untracked 
| 181|0x0000000719a00000, 0x0000000719a00000, 0x0000000719c00000|  0%| F|  |TAMS 0x0000000719a00000, 0x0000000719a00000| Untracked 
| 182|0x0000000719c00000, 0x0000000719c00000, 0x0000000719e00000|  0%| F|  |TAMS 0x0000000719c00000, 0x0000000719c00000| Untracked 
| 183|0x0000000719e00000, 0x0000000719e00000, 0x000000071a000000|  0%| F|  |TAMS 0x0000000719e00000, 0x0000000719e00000| Untracked 
| 184|0x000000071a000000, 0x000000071a000000, 0x000000071a200000|  0%| F|  |TAMS 0x000000071a000000, 0x000000071a000000| Untracked 
| 185|0x000000071a200000, 0x000000071a200000, 0x000000071a400000|  0%| F|  |TAMS 0x000000071a200000, 0x000000071a200000| Untracked 
| 186|0x000000071a400000, 0x000000071a400000, 0x000000071a600000|  0%| F|  |TAMS 0x000000071a400000, 0x000000071a400000| Untracked 
| 187|0x000000071a600000, 0x000000071a600000, 0x000000071a800000|  0%| F|  |TAMS 0x000000071a600000, 0x000000071a600000| Untracked 
| 188|0x000000071a800000, 0x000000071a800000, 0x000000071aa00000|  0%| F|  |TAMS 0x000000071a800000, 0x000000071a800000| Untracked 
| 189|0x000000071aa00000, 0x000000071aa00000, 0x000000071ac00000|  0%| F|  |TAMS 0x000000071aa00000, 0x000000071aa00000| Untracked 
| 190|0x000000071ac00000, 0x000000071ac00000, 0x000000071ae00000|  0%| F|  |TAMS 0x000000071ac00000, 0x000000071ac00000| Untracked 
| 191|0x000000071ae00000, 0x000000071ae00000, 0x000000071b000000|  0%| F|  |TAMS 0x000000071ae00000, 0x000000071ae00000| Untracked 
| 192|0x000000071b000000, 0x000000071b000000, 0x000000071b200000|  0%| F|  |TAMS 0x000000071b000000, 0x000000071b000000| Untracked 
| 193|0x000000071b200000, 0x000000071b200000, 0x000000071b400000|  0%| F|  |TAMS 0x000000071b200000, 0x000000071b200000| Untracked 
| 194|0x000000071b400000, 0x000000071b400000, 0x000000071b600000|  0%| F|  |TAMS 0x000000071b400000, 0x000000071b400000| Untracked 
| 195|0x000000071b600000, 0x000000071b600000, 0x000000071b800000|  0%| F|  |TAMS 0x000000071b600000, 0x000000071b600000| Untracked 
| 196|0x000000071b800000, 0x000000071b800000, 0x000000071ba00000|  0%| F|  |TAMS 0x000000071b800000, 0x000000071b800000| Untracked 
| 197|0x000000071ba00000, 0x000000071ba00000, 0x000000071bc00000|  0%| F|  |TAMS 0x000000071ba00000, 0x000000071ba00000| Untracked 
| 198|0x000000071bc00000, 0x000000071bc00000, 0x000000071be00000|  0%| F|  |TAMS 0x000000071bc00000, 0x000000071bc00000| Untracked 
| 199|0x000000071be00000, 0x000000071be00000, 0x000000071c000000|  0%| F|  |TAMS 0x000000071be00000, 0x000000071be00000| Untracked 
| 200|0x000000071c000000, 0x000000071c000000, 0x000000071c200000|  0%| F|  |TAMS 0x000000071c000000, 0x000000071c000000| Untracked 
| 201|0x000000071c200000, 0x000000071c200000, 0x000000071c400000|  0%| F|  |TAMS 0x000000071c200000, 0x000000071c200000| Untracked 
| 202|0x000000071c400000, 0x000000071c400000, 0x000000071c600000|  0%| F|  |TAMS 0x000000071c400000, 0x000000071c400000| Untracked 
| 203|0x000000071c600000, 0x000000071c600000, 0x000000071c800000|  0%| F|  |TAMS 0x000000071c600000, 0x000000071c600000| Untracked 
| 204|0x000000071c800000, 0x000000071c800000, 0x000000071ca00000|  0%| F|  |TAMS 0x000000071c800000, 0x000000071c800000| Untracked 
| 205|0x000000071ca00000, 0x000000071ca00000, 0x000000071cc00000|  0%| F|  |TAMS 0x000000071ca00000, 0x000000071ca00000| Untracked 
| 206|0x000000071cc00000, 0x000000071cc00000, 0x000000071ce00000|  0%| F|  |TAMS 0x000000071cc00000, 0x000000071cc00000| Untracked 
| 207|0x000000071ce00000, 0x000000071ce00000, 0x000000071d000000|  0%| F|  |TAMS 0x000000071ce00000, 0x000000071ce00000| Untracked 
| 208|0x000000071d000000, 0x000000071d000000, 0x000000071d200000|  0%| F|  |TAMS 0x000000071d000000, 0x000000071d000000| Untracked 
| 209|0x000000071d200000, 0x000000071d200000, 0x000000071d400000|  0%| F|  |TAMS 0x000000071d200000, 0x000000071d200000| Untracked 
| 210|0x000000071d400000, 0x000000071d400000, 0x000000071d600000|  0%| F|  |TAMS 0x000000071d400000, 0x000000071d400000| Untracked 
| 211|0x000000071d600000, 0x000000071d600000, 0x000000071d800000|  0%| F|  |TAMS 0x000000071d600000, 0x000000071d600000| Untracked 
| 212|0x000000071d800000, 0x000000071d800000, 0x000000071da00000|  0%| F|  |TAMS 0x000000071d800000, 0x000000071d800000| Untracked 
| 213|0x000000071da00000, 0x000000071da00000, 0x000000071dc00000|  0%| F|  |TAMS 0x000000071da00000, 0x000000071da00000| Untracked 
| 214|0x000000071dc00000, 0x000000071dc00000, 0x000000071de00000|  0%| F|  |TAMS 0x000000071dc00000, 0x000000071dc00000| Untracked 
| 215|0x000000071de00000, 0x000000071de00000, 0x000000071e000000|  0%| F|  |TAMS 0x000000071de00000, 0x000000071de00000| Untracked 
| 216|0x000000071e000000, 0x000000071e000000, 0x000000071e200000|  0%| F|  |TAMS 0x000000071e000000, 0x000000071e000000| Untracked 
| 217|0x000000071e200000, 0x000000071e200000, 0x000000071e400000|  0%| F|  |TAMS 0x000000071e200000, 0x000000071e200000| Untracked 
| 218|0x000000071e400000, 0x000000071e400000, 0x000000071e600000|  0%| F|  |TAMS 0x000000071e400000, 0x000000071e400000| Untracked 
| 219|0x000000071e600000, 0x000000071e600000, 0x000000071e800000|  0%| F|  |TAMS 0x000000071e600000, 0x000000071e600000| Untracked 
| 220|0x000000071e800000, 0x000000071e800000, 0x000000071ea00000|  0%| F|  |TAMS 0x000000071e800000, 0x000000071e800000| Untracked 
| 221|0x000000071ea00000, 0x000000071ea00000, 0x000000071ec00000|  0%| F|  |TAMS 0x000000071ea00000, 0x000000071ea00000| Untracked 
| 222|0x000000071ec00000, 0x000000071ec00000, 0x000000071ee00000|  0%| F|  |TAMS 0x000000071ec00000, 0x000000071ec00000| Untracked 
| 223|0x000000071ee00000, 0x000000071ee00000, 0x000000071f000000|  0%| F|  |TAMS 0x000000071ee00000, 0x000000071ee00000| Untracked 
| 224|0x000000071f000000, 0x000000071f000000, 0x000000071f200000|  0%| F|  |TAMS 0x000000071f000000, 0x000000071f000000| Untracked 
| 225|0x000000071f200000, 0x000000071f200000, 0x000000071f400000|  0%| F|  |TAMS 0x000000071f200000, 0x000000071f200000| Untracked 
| 226|0x000000071f400000, 0x000000071f400000, 0x000000071f600000|  0%| F|  |TAMS 0x000000071f400000, 0x000000071f400000| Untracked 
| 227|0x000000071f600000, 0x000000071f600000, 0x000000071f800000|  0%| F|  |TAMS 0x000000071f600000, 0x000000071f600000| Untracked 
| 228|0x000000071f800000, 0x000000071f800000, 0x000000071fa00000|  0%| F|  |TAMS 0x000000071f800000, 0x000000071f800000| Untracked 
| 229|0x000000071fa00000, 0x000000071fa00000, 0x000000071fc00000|  0%| F|  |TAMS 0x000000071fa00000, 0x000000071fa00000| Untracked 
| 230|0x000000071fc00000, 0x000000071fc00000, 0x000000071fe00000|  0%| F|  |TAMS 0x000000071fc00000, 0x000000071fc00000| Untracked 
| 231|0x000000071fe00000, 0x000000071fe00000, 0x0000000720000000|  0%| F|  |TAMS 0x000000071fe00000, 0x000000071fe00000| Untracked 
| 232|0x0000000720000000, 0x0000000720000000, 0x0000000720200000|  0%| F|  |TAMS 0x0000000720000000, 0x0000000720000000| Untracked 
| 233|0x0000000720200000, 0x0000000720200000, 0x0000000720400000|  0%| F|  |TAMS 0x0000000720200000, 0x0000000720200000| Untracked 
| 234|0x0000000720400000, 0x0000000720400000, 0x0000000720600000|  0%| F|  |TAMS 0x0000000720400000, 0x0000000720400000| Untracked 
| 235|0x0000000720600000, 0x0000000720600000, 0x0000000720800000|  0%| F|  |TAMS 0x0000000720600000, 0x0000000720600000| Untracked 
| 236|0x0000000720800000, 0x0000000720800000, 0x0000000720a00000|  0%| F|  |TAMS 0x0000000720800000, 0x0000000720800000| Untracked 
| 237|0x0000000720a00000, 0x0000000720a00000, 0x0000000720c00000|  0%| F|  |TAMS 0x0000000720a00000, 0x0000000720a00000| Untracked 
| 238|0x0000000720c00000, 0x0000000720c00000, 0x0000000720e00000|  0%| F|  |TAMS 0x0000000720c00000, 0x0000000720c00000| Untracked 
| 239|0x0000000720e00000, 0x0000000720e00000, 0x0000000721000000|  0%| F|  |TAMS 0x0000000720e00000, 0x0000000720e00000| Untracked 
| 240|0x0000000721000000, 0x0000000721000000, 0x0000000721200000|  0%| F|  |TAMS 0x0000000721000000, 0x0000000721000000| Untracked 
| 241|0x0000000721200000, 0x0000000721200000, 0x0000000721400000|  0%| F|  |TAMS 0x0000000721200000, 0x0000000721200000| Untracked 
| 242|0x0000000721400000, 0x0000000721400000, 0x0000000721600000|  0%| F|  |TAMS 0x0000000721400000, 0x0000000721400000| Untracked 
| 243|0x0000000721600000, 0x0000000721600000, 0x0000000721800000|  0%| F|  |TAMS 0x0000000721600000, 0x0000000721600000| Untracked 
| 244|0x0000000721800000, 0x0000000721800000, 0x0000000721a00000|  0%| F|  |TAMS 0x0000000721800000, 0x0000000721800000| Untracked 
| 245|0x0000000721a00000, 0x0000000721a00000, 0x0000000721c00000|  0%| F|  |TAMS 0x0000000721a00000, 0x0000000721a00000| Untracked 
| 246|0x0000000721c00000, 0x0000000721c00000, 0x0000000721e00000|  0%| F|  |TAMS 0x0000000721c00000, 0x0000000721c00000| Untracked 
| 247|0x0000000721e00000, 0x0000000721e00000, 0x0000000722000000|  0%| F|  |TAMS 0x0000000721e00000, 0x0000000721e00000| Untracked 
| 248|0x0000000722000000, 0x0000000722000000, 0x0000000722200000|  0%| F|  |TAMS 0x0000000722000000, 0x0000000722000000| Untracked 
| 249|0x0000000722200000, 0x0000000722200000, 0x0000000722400000|  0%| F|  |TAMS 0x0000000722200000, 0x0000000722200000| Untracked 
| 250|0x0000000722400000, 0x0000000722400000, 0x0000000722600000|  0%| F|  |TAMS 0x0000000722400000, 0x0000000722400000| Untracked 
| 251|0x0000000722600000, 0x0000000722600000, 0x0000000722800000|  0%| F|  |TAMS 0x0000000722600000, 0x0000000722600000| Untracked 
| 252|0x0000000722800000, 0x0000000722800000, 0x0000000722a00000|  0%| F|  |TAMS 0x0000000722800000, 0x0000000722800000| Untracked 
| 253|0x0000000722a00000, 0x0000000722a00000, 0x0000000722c00000|  0%| F|  |TAMS 0x0000000722a00000, 0x0000000722a00000| Untracked 
| 254|0x0000000722c00000, 0x0000000722c00000, 0x0000000722e00000|  0%| F|  |TAMS 0x0000000722c00000, 0x0000000722c00000| Untracked 
| 255|0x0000000722e00000, 0x0000000722e00000, 0x0000000723000000|  0%| F|  |TAMS 0x0000000722e00000, 0x0000000722e00000| Untracked 
| 256|0x0000000723000000, 0x0000000723000000, 0x0000000723200000|  0%| F|  |TAMS 0x0000000723000000, 0x0000000723000000| Untracked 
| 257|0x0000000723200000, 0x0000000723200000, 0x0000000723400000|  0%| F|  |TAMS 0x0000000723200000, 0x0000000723200000| Untracked 
| 258|0x0000000723400000, 0x0000000723400000, 0x0000000723600000|  0%| F|  |TAMS 0x0000000723400000, 0x0000000723400000| Untracked 
| 259|0x0000000723600000, 0x0000000723600000, 0x0000000723800000|  0%| F|  |TAMS 0x0000000723600000, 0x0000000723600000| Untracked 
| 260|0x0000000723800000, 0x0000000723800000, 0x0000000723a00000|  0%| F|  |TAMS 0x0000000723800000, 0x0000000723800000| Untracked 
| 261|0x0000000723a00000, 0x0000000723a00000, 0x0000000723c00000|  0%| F|  |TAMS 0x0000000723a00000, 0x0000000723a00000| Untracked 
| 262|0x0000000723c00000, 0x0000000723c00000, 0x0000000723e00000|  0%| F|  |TAMS 0x0000000723c00000, 0x0000000723c00000| Untracked 
| 263|0x0000000723e00000, 0x0000000723e00000, 0x0000000724000000|  0%| F|  |TAMS 0x0000000723e00000, 0x0000000723e00000| Untracked 
| 264|0x0000000724000000, 0x0000000724000000, 0x0000000724200000|  0%| F|  |TAMS 0x0000000724000000, 0x0000000724000000| Untracked 
| 265|0x0000000724200000, 0x0000000724200000, 0x0000000724400000|  0%| F|  |TAMS 0x0000000724200000, 0x0000000724200000| Untracked 
| 266|0x0000000724400000, 0x0000000724400000, 0x0000000724600000|  0%| F|  |TAMS 0x0000000724400000, 0x0000000724400000| Untracked 
| 267|0x0000000724600000, 0x0000000724600000, 0x0000000724800000|  0%| F|  |TAMS 0x0000000724600000, 0x0000000724600000| Untracked 
| 268|0x0000000724800000, 0x0000000724800000, 0x0000000724a00000|  0%| F|  |TAMS 0x0000000724800000, 0x0000000724800000| Untracked 
| 269|0x0000000724a00000, 0x0000000724a00000, 0x0000000724c00000|  0%| F|  |TAMS 0x0000000724a00000, 0x0000000724a00000| Untracked 
| 270|0x0000000724c00000, 0x0000000724c00000, 0x0000000724e00000|  0%| F|  |TAMS 0x0000000724c00000, 0x0000000724c00000| Untracked 
| 271|0x0000000724e00000, 0x0000000724e00000, 0x0000000725000000|  0%| F|  |TAMS 0x0000000724e00000, 0x0000000724e00000| Untracked 
| 272|0x0000000725000000, 0x0000000725000000, 0x0000000725200000|  0%| F|  |TAMS 0x0000000725000000, 0x0000000725000000| Untracked 
| 273|0x0000000725200000, 0x0000000725200000, 0x0000000725400000|  0%| F|  |TAMS 0x0000000725200000, 0x0000000725200000| Untracked 
| 274|0x0000000725400000, 0x0000000725400000, 0x0000000725600000|  0%| F|  |TAMS 0x0000000725400000, 0x0000000725400000| Untracked 
| 275|0x0000000725600000, 0x0000000725600000, 0x0000000725800000|  0%| F|  |TAMS 0x0000000725600000, 0x0000000725600000| Untracked 
| 276|0x0000000725800000, 0x0000000725800000, 0x0000000725a00000|  0%| F|  |TAMS 0x0000000725800000, 0x0000000725800000| Untracked 
| 277|0x0000000725a00000, 0x0000000725a00000, 0x0000000725c00000|  0%| F|  |TAMS 0x0000000725a00000, 0x0000000725a00000| Untracked 
| 278|0x0000000725c00000, 0x0000000725c00000, 0x0000000725e00000|  0%| F|  |TAMS 0x0000000725c00000, 0x0000000725c00000| Untracked 
| 279|0x0000000725e00000, 0x0000000725e00000, 0x0000000726000000|  0%| F|  |TAMS 0x0000000725e00000, 0x0000000725e00000| Untracked 
| 280|0x0000000726000000, 0x0000000726000000, 0x0000000726200000|  0%| F|  |TAMS 0x0000000726000000, 0x0000000726000000| Untracked 
| 281|0x0000000726200000, 0x0000000726200000, 0x0000000726400000|  0%| F|  |TAMS 0x0000000726200000, 0x0000000726200000| Untracked 
| 282|0x0000000726400000, 0x0000000726400000, 0x0000000726600000|  0%| F|  |TAMS 0x0000000726400000, 0x0000000726400000| Untracked 
| 283|0x0000000726600000, 0x0000000726600000, 0x0000000726800000|  0%| F|  |TAMS 0x0000000726600000, 0x0000000726600000| Untracked 
| 284|0x0000000726800000, 0x0000000726800000, 0x0000000726a00000|  0%| F|  |TAMS 0x0000000726800000, 0x0000000726800000| Untracked 
| 285|0x0000000726a00000, 0x0000000726a00000, 0x0000000726c00000|  0%| F|  |TAMS 0x0000000726a00000, 0x0000000726a00000| Untracked 
| 286|0x0000000726c00000, 0x0000000726c00000, 0x0000000726e00000|  0%| F|  |TAMS 0x0000000726c00000, 0x0000000726c00000| Untracked 
| 287|0x0000000726e00000, 0x0000000726e00000, 0x0000000727000000|  0%| F|  |TAMS 0x0000000726e00000, 0x0000000726e00000| Untracked 
| 288|0x0000000727000000, 0x0000000727000000, 0x0000000727200000|  0%| F|  |TAMS 0x0000000727000000, 0x0000000727000000| Untracked 
| 289|0x0000000727200000, 0x0000000727200000, 0x0000000727400000|  0%| F|  |TAMS 0x0000000727200000, 0x0000000727200000| Untracked 
| 290|0x0000000727400000, 0x0000000727400000, 0x0000000727600000|  0%| F|  |TAMS 0x0000000727400000, 0x0000000727400000| Untracked 
| 291|0x0000000727600000, 0x0000000727600000, 0x0000000727800000|  0%| F|  |TAMS 0x0000000727600000, 0x0000000727600000| Untracked 
| 292|0x0000000727800000, 0x0000000727800000, 0x0000000727a00000|  0%| F|  |TAMS 0x0000000727800000, 0x0000000727800000| Untracked 
| 293|0x0000000727a00000, 0x0000000727a00000, 0x0000000727c00000|  0%| F|  |TAMS 0x0000000727a00000, 0x0000000727a00000| Untracked 
| 294|0x0000000727c00000, 0x0000000727c00000, 0x0000000727e00000|  0%| F|  |TAMS 0x0000000727c00000, 0x0000000727c00000| Untracked 
| 295|0x0000000727e00000, 0x0000000727e00000, 0x0000000728000000|  0%| F|  |TAMS 0x0000000727e00000, 0x0000000727e00000| Untracked 
| 296|0x0000000728000000, 0x0000000728000000, 0x0000000728200000|  0%| F|  |TAMS 0x0000000728000000, 0x0000000728000000| Untracked 
| 297|0x0000000728200000, 0x0000000728200000, 0x0000000728400000|  0%| F|  |TAMS 0x0000000728200000, 0x0000000728200000| Untracked 
| 298|0x0000000728400000, 0x0000000728400000, 0x0000000728600000|  0%| F|  |TAMS 0x0000000728400000, 0x0000000728400000| Untracked 
| 299|0x0000000728600000, 0x0000000728600000, 0x0000000728800000|  0%| F|  |TAMS 0x0000000728600000, 0x0000000728600000| Untracked 
| 300|0x0000000728800000, 0x0000000728800000, 0x0000000728a00000|  0%| F|  |TAMS 0x0000000728800000, 0x0000000728800000| Untracked 
| 301|0x0000000728a00000, 0x0000000728a00000, 0x0000000728c00000|  0%| F|  |TAMS 0x0000000728a00000, 0x0000000728a00000| Untracked 
| 302|0x0000000728c00000, 0x0000000728c00000, 0x0000000728e00000|  0%| F|  |TAMS 0x0000000728c00000, 0x0000000728c00000| Untracked 
| 303|0x0000000728e00000, 0x0000000728e00000, 0x0000000729000000|  0%| F|  |TAMS 0x0000000728e00000, 0x0000000728e00000| Untracked 
| 304|0x0000000729000000, 0x0000000729000000, 0x0000000729200000|  0%| F|  |TAMS 0x0000000729000000, 0x0000000729000000| Untracked 
| 305|0x0000000729200000, 0x0000000729200000, 0x0000000729400000|  0%| F|  |TAMS 0x0000000729200000, 0x0000000729200000| Untracked 
| 306|0x0000000729400000, 0x0000000729400000, 0x0000000729600000|  0%| F|  |TAMS 0x0000000729400000, 0x0000000729400000| Untracked 
| 307|0x0000000729600000, 0x0000000729600000, 0x0000000729800000|  0%| F|  |TAMS 0x0000000729600000, 0x0000000729600000| Untracked 
| 308|0x0000000729800000, 0x0000000729800000, 0x0000000729a00000|  0%| F|  |TAMS 0x0000000729800000, 0x0000000729800000| Untracked 
| 309|0x0000000729a00000, 0x0000000729a00000, 0x0000000729c00000|  0%| F|  |TAMS 0x0000000729a00000, 0x0000000729a00000| Untracked 
| 310|0x0000000729c00000, 0x0000000729c00000, 0x0000000729e00000|  0%| F|  |TAMS 0x0000000729c00000, 0x0000000729c00000| Untracked 
| 311|0x0000000729e00000, 0x0000000729e00000, 0x000000072a000000|  0%| F|  |TAMS 0x0000000729e00000, 0x0000000729e00000| Untracked 
| 312|0x000000072a000000, 0x000000072a000000, 0x000000072a200000|  0%| F|  |TAMS 0x000000072a000000, 0x000000072a000000| Untracked 
| 313|0x000000072a200000, 0x000000072a200000, 0x000000072a400000|  0%| F|  |TAMS 0x000000072a200000, 0x000000072a200000| Untracked 
| 314|0x000000072a400000, 0x000000072a400000, 0x000000072a600000|  0%| F|  |TAMS 0x000000072a400000, 0x000000072a400000| Untracked 
| 315|0x000000072a600000, 0x000000072a600000, 0x000000072a800000|  0%| F|  |TAMS 0x000000072a600000, 0x000000072a600000| Untracked 
| 316|0x000000072a800000, 0x000000072a800000, 0x000000072aa00000|  0%| F|  |TAMS 0x000000072a800000, 0x000000072a800000| Untracked 
| 317|0x000000072aa00000, 0x000000072aa00000, 0x000000072ac00000|  0%| F|  |TAMS 0x000000072aa00000, 0x000000072aa00000| Untracked 
| 318|0x000000072ac00000, 0x000000072ac00000, 0x000000072ae00000|  0%| F|  |TAMS 0x000000072ac00000, 0x000000072ac00000| Untracked 
| 319|0x000000072ae00000, 0x000000072ae00000, 0x000000072b000000|  0%| F|  |TAMS 0x000000072ae00000, 0x000000072ae00000| Untracked 
| 320|0x000000072b000000, 0x000000072b000000, 0x000000072b200000|  0%| F|  |TAMS 0x000000072b000000, 0x000000072b000000| Untracked 
| 321|0x000000072b200000, 0x000000072b200000, 0x000000072b400000|  0%| F|  |TAMS 0x000000072b200000, 0x000000072b200000| Untracked 
| 322|0x000000072b400000, 0x000000072b400000, 0x000000072b600000|  0%| F|  |TAMS 0x000000072b400000, 0x000000072b400000| Untracked 
| 323|0x000000072b600000, 0x000000072b600000, 0x000000072b800000|  0%| F|  |TAMS 0x000000072b600000, 0x000000072b600000| Untracked 
| 324|0x000000072b800000, 0x000000072b800000, 0x000000072ba00000|  0%| F|  |TAMS 0x000000072b800000, 0x000000072b800000| Untracked 
| 325|0x000000072ba00000, 0x000000072ba00000, 0x000000072bc00000|  0%| F|  |TAMS 0x000000072ba00000, 0x000000072ba00000| Untracked 
| 326|0x000000072bc00000, 0x000000072bc00000, 0x000000072be00000|  0%| F|  |TAMS 0x000000072bc00000, 0x000000072bc00000| Untracked 
| 327|0x000000072be00000, 0x000000072be00000, 0x000000072c000000|  0%| F|  |TAMS 0x000000072be00000, 0x000000072be00000| Untracked 
| 328|0x000000072c000000, 0x000000072c000000, 0x000000072c200000|  0%| F|  |TAMS 0x000000072c000000, 0x000000072c000000| Untracked 
| 329|0x000000072c200000, 0x000000072c200000, 0x000000072c400000|  0%| F|  |TAMS 0x000000072c200000, 0x000000072c200000| Untracked 
| 330|0x000000072c400000, 0x000000072c400000, 0x000000072c600000|  0%| F|  |TAMS 0x000000072c400000, 0x000000072c400000| Untracked 
| 331|0x000000072c600000, 0x000000072c600000, 0x000000072c800000|  0%| F|  |TAMS 0x000000072c600000, 0x000000072c600000| Untracked 
| 332|0x000000072c800000, 0x000000072c800000, 0x000000072ca00000|  0%| F|  |TAMS 0x000000072c800000, 0x000000072c800000| Untracked 
| 333|0x000000072ca00000, 0x000000072ca00000, 0x000000072cc00000|  0%| F|  |TAMS 0x000000072ca00000, 0x000000072ca00000| Untracked 
| 334|0x000000072cc00000, 0x000000072cc00000, 0x000000072ce00000|  0%| F|  |TAMS 0x000000072cc00000, 0x000000072cc00000| Untracked 
| 335|0x000000072ce00000, 0x000000072ce00000, 0x000000072d000000|  0%| F|  |TAMS 0x000000072ce00000, 0x000000072ce00000| Untracked 
| 336|0x000000072d000000, 0x000000072d000000, 0x000000072d200000|  0%| F|  |TAMS 0x000000072d000000, 0x000000072d000000| Untracked 
| 337|0x000000072d200000, 0x000000072d200000, 0x000000072d400000|  0%| F|  |TAMS 0x000000072d200000, 0x000000072d200000| Untracked 
| 338|0x000000072d400000, 0x000000072d400000, 0x000000072d600000|  0%| F|  |TAMS 0x000000072d400000, 0x000000072d400000| Untracked 
| 339|0x000000072d600000, 0x000000072d600000, 0x000000072d800000|  0%| F|  |TAMS 0x000000072d600000, 0x000000072d600000| Untracked 
| 340|0x000000072d800000, 0x000000072d800000, 0x000000072da00000|  0%| F|  |TAMS 0x000000072d800000, 0x000000072d800000| Untracked 
| 341|0x000000072da00000, 0x000000072da00000, 0x000000072dc00000|  0%| F|  |TAMS 0x000000072da00000, 0x000000072da00000| Untracked 
| 342|0x000000072dc00000, 0x000000072dc00000, 0x000000072de00000|  0%| F|  |TAMS 0x000000072dc00000, 0x000000072dc00000| Untracked 
| 343|0x000000072de00000, 0x000000072de00000, 0x000000072e000000|  0%| F|  |TAMS 0x000000072de00000, 0x000000072de00000| Untracked 
| 344|0x000000072e000000, 0x000000072e000000, 0x000000072e200000|  0%| F|  |TAMS 0x000000072e000000, 0x000000072e000000| Untracked 
| 345|0x000000072e200000, 0x000000072e200000, 0x000000072e400000|  0%| F|  |TAMS 0x000000072e200000, 0x000000072e200000| Untracked 
| 346|0x000000072e400000, 0x000000072e400000, 0x000000072e600000|  0%| F|  |TAMS 0x000000072e400000, 0x000000072e400000| Untracked 
| 347|0x000000072e600000, 0x000000072e600000, 0x000000072e800000|  0%| F|  |TAMS 0x000000072e600000, 0x000000072e600000| Untracked 
| 348|0x000000072e800000, 0x000000072e800000, 0x000000072ea00000|  0%| F|  |TAMS 0x000000072e800000, 0x000000072e800000| Untracked 
| 349|0x000000072ea00000, 0x000000072ea00000, 0x000000072ec00000|  0%| F|  |TAMS 0x000000072ea00000, 0x000000072ea00000| Untracked 
| 350|0x000000072ec00000, 0x000000072ec00000, 0x000000072ee00000|  0%| F|  |TAMS 0x000000072ec00000, 0x000000072ec00000| Untracked 
| 351|0x000000072ee00000, 0x000000072ee00000, 0x000000072f000000|  0%| F|  |TAMS 0x000000072ee00000, 0x000000072ee00000| Untracked 
| 352|0x000000072f000000, 0x000000072f000000, 0x000000072f200000|  0%| F|  |TAMS 0x000000072f000000, 0x000000072f000000| Untracked 
| 353|0x000000072f200000, 0x000000072f200000, 0x000000072f400000|  0%| F|  |TAMS 0x000000072f200000, 0x000000072f200000| Untracked 
| 354|0x000000072f400000, 0x000000072f400000, 0x000000072f600000|  0%| F|  |TAMS 0x000000072f400000, 0x000000072f400000| Untracked 
| 355|0x000000072f600000, 0x000000072f600000, 0x000000072f800000|  0%| F|  |TAMS 0x000000072f600000, 0x000000072f600000| Untracked 
| 356|0x000000072f800000, 0x000000072f800000, 0x000000072fa00000|  0%| F|  |TAMS 0x000000072f800000, 0x000000072f800000| Untracked 
| 357|0x000000072fa00000, 0x000000072fa00000, 0x000000072fc00000|  0%| F|  |TAMS 0x000000072fa00000, 0x000000072fa00000| Untracked 
| 358|0x000000072fc00000, 0x000000072fc00000, 0x000000072fe00000|  0%| F|  |TAMS 0x000000072fc00000, 0x000000072fc00000| Untracked 
| 359|0x000000072fe00000, 0x000000072fe00000, 0x0000000730000000|  0%| F|  |TAMS 0x000000072fe00000, 0x000000072fe00000| Untracked 
| 360|0x0000000730000000, 0x0000000730000000, 0x0000000730200000|  0%| F|  |TAMS 0x0000000730000000, 0x0000000730000000| Untracked 
| 361|0x0000000730200000, 0x0000000730200000, 0x0000000730400000|  0%| F|  |TAMS 0x0000000730200000, 0x0000000730200000| Untracked 
| 362|0x0000000730400000, 0x0000000730400000, 0x0000000730600000|  0%| F|  |TAMS 0x0000000730400000, 0x0000000730400000| Untracked 
| 363|0x0000000730600000, 0x0000000730600000, 0x0000000730800000|  0%| F|  |TAMS 0x0000000730600000, 0x0000000730600000| Untracked 
| 364|0x0000000730800000, 0x0000000730800000, 0x0000000730a00000|  0%| F|  |TAMS 0x0000000730800000, 0x0000000730800000| Untracked 
| 365|0x0000000730a00000, 0x0000000730a00000, 0x0000000730c00000|  0%| F|  |TAMS 0x0000000730a00000, 0x0000000730a00000| Untracked 
| 366|0x0000000730c00000, 0x0000000730c00000, 0x0000000730e00000|  0%| F|  |TAMS 0x0000000730c00000, 0x0000000730c00000| Untracked 
| 367|0x0000000730e00000, 0x0000000730e00000, 0x0000000731000000|  0%| F|  |TAMS 0x0000000730e00000, 0x0000000730e00000| Untracked 
| 368|0x0000000731000000, 0x0000000731000000, 0x0000000731200000|  0%| F|  |TAMS 0x0000000731000000, 0x0000000731000000| Untracked 
| 369|0x0000000731200000, 0x0000000731200000, 0x0000000731400000|  0%| F|  |TAMS 0x0000000731200000, 0x0000000731200000| Untracked 
| 370|0x0000000731400000, 0x0000000731400000, 0x0000000731600000|  0%| F|  |TAMS 0x0000000731400000, 0x0000000731400000| Untracked 
| 371|0x0000000731600000, 0x0000000731600000, 0x0000000731800000|  0%| F|  |TAMS 0x0000000731600000, 0x0000000731600000| Untracked 
| 372|0x0000000731800000, 0x0000000731800000, 0x0000000731a00000|  0%| F|  |TAMS 0x0000000731800000, 0x0000000731800000| Untracked 
| 373|0x0000000731a00000, 0x0000000731a00000, 0x0000000731c00000|  0%| F|  |TAMS 0x0000000731a00000, 0x0000000731a00000| Untracked 
| 374|0x0000000731c00000, 0x0000000731c00000, 0x0000000731e00000|  0%| F|  |TAMS 0x0000000731c00000, 0x0000000731c00000| Untracked 
| 375|0x0000000731e00000, 0x0000000731e00000, 0x0000000732000000|  0%| F|  |TAMS 0x0000000731e00000, 0x0000000731e00000| Untracked 
| 376|0x0000000732000000, 0x0000000732000000, 0x0000000732200000|  0%| F|  |TAMS 0x0000000732000000, 0x0000000732000000| Untracked 
| 377|0x0000000732200000, 0x0000000732400000, 0x0000000732400000|100%| E|  |TAMS 0x0000000732200000, 0x0000000732200000| Complete 
| 378|0x0000000732400000, 0x0000000732600000, 0x0000000732600000|100%| E|CS|TAMS 0x0000000732400000, 0x0000000732400000| Complete 
| 379|0x0000000732600000, 0x0000000732800000, 0x0000000732800000|100%| E|CS|TAMS 0x0000000732600000, 0x0000000732600000| Complete 
| 380|0x0000000732800000, 0x0000000732a00000, 0x0000000732a00000|100%| E|CS|TAMS 0x0000000732800000, 0x0000000732800000| Complete 

Card table byte_map: [0x000001eb701d0000,0x000001eb709c0000] _byte_map_base: 0x000001eb6c9b8000

Marking Bits (Prev, Next): (CMBitMap*) 0x000001eb57b40060, (CMBitMap*) 0x000001eb57b400a0
 Prev Bits: [0x000001eb711b0000, 0x000001eb750f0000)
 Next Bits: [0x000001eb750f0000, 0x000001eb79030000)

Polling page: 0x000001eb572a0000

Metaspace:

Usage:
  Non-class:      7.69 MB used.
      Class:    610.69 KB used.
       Both:      8.29 MB used.

Virtual space:
  Non-class space:       16.00 MB reserved,       7.75 MB ( 48%) committed,  2 nodes.
      Class space:        1.00 GB reserved,     704.00 KB ( <1%) committed,  1 nodes.
              Both:        1.02 GB reserved,       8.44 MB ( <1%) committed. 

Chunk freelists:
   Non-Class:  2.38 MB
       Class:  3.26 MB
        Both:  5.64 MB

MaxMetaspaceSize: 17179869184.00 GB
CompressedClassSpaceSize: 1.00 GB
 - commit_granule_bytes: 65536.
 - commit_granule_words: 8192.
 - virtual_space_node_default_size: 1048576.
 - enlarge_chunks_in_place: 1.
 - new_chunks_are_fully_committed: 0.
 - uncommit_free_chunks: 1.
 - use_allocation_guard: 0.
 - handle_deallocations: 1.


Internal statistics:

num_allocs_failed_limit: 0.
num_arena_births: 64.
num_arena_deaths: 0.
num_vsnodes_births: 3.
num_vsnodes_deaths: 0.
num_space_committed: 133.
num_space_uncommitted: 0.
num_chunks_returned_to_freelist: 0.
num_chunks_taken_from_freelist: 301.
num_chunk_merges: 0.
num_chunk_splits: 224.
num_chunks_enlarged: 192.
num_purges: 0.

CodeHeap 'non-profiled nmethods': size=120000Kb used=1218Kb max_used=1218Kb free=118781Kb
 bounds [0x000001eb67f60000, 0x000001eb681d0000, 0x000001eb6f490000]
CodeHeap 'profiled nmethods': size=120000Kb used=3962Kb max_used=3962Kb free=116038Kb
 bounds [0x000001eb60a30000, 0x000001eb60e10000, 0x000001eb67f60000]
CodeHeap 'non-nmethods': size=5760Kb used=1644Kb max_used=1674Kb free=4115Kb
 bounds [0x000001eb60490000, 0x000001eb60700000, 0x000001eb60a30000]
 total_blobs=3137 nmethods=2057 adapters=993
 compilation: enabled
              stopped_count=0, restarted_count=0
 full_count=0

Compilation events (20 events):
Event: 13.036 Thread 0x000001eb7bd05030 2052       3       com.badlogic.gdx.backends.lwjgl3.Lwjgl3GL20::glClearColor (9 bytes)
Event: 13.036 Thread 0x000001eb7bd05030 nmethod 2052 0x000001eb60e09890 code [0x000001eb60e09a40, 0x000001eb60e09bc8]
Event: 13.036 Thread 0x000001eb7bd05030 2053       3       com.badlogic.gdx.backends.lwjgl3.Lwjgl3GL20::glClear (5 bytes)
Event: 13.036 Thread 0x000001eb7bd05030 nmethod 2053 0x000001eb60e09d10 code [0x000001eb60e09ec0, 0x000001eb60e0a048]
Event: 13.118 Thread 0x000001eb7bd02530 2054       4       com.badlogic.gdx.math.Matrix4::idt (124 bytes)
Event: 13.119 Thread 0x000001eb7bd02530 nmethod 2054 0x000001eb68090410 code [0x000001eb680905a0, 0x000001eb680906b8]
Event: 13.518 Thread 0x000001eb7bd05030 2055       3       javazoom.jl.decoder.Header::read_header (510 bytes)
Event: 13.520 Thread 0x000001eb7bd05030 nmethod 2055 0x000001eb60e0a110 code [0x000001eb60e0a420, 0x000001eb60e0b998]
Event: 13.520 Thread 0x000001eb7bd05030 2056   !   3       javazoom.jl.decoder.OutputBuffer::reset (79 bytes)
Event: 13.520 Thread 0x000001eb7bd05030 nmethod 2056 0x000001eb60e0bf10 code [0x000001eb60e0c0c0, 0x000001eb60e0c3f8]
Event: 13.520 Thread 0x000001eb7bd05030 2059   !   3       javazoom.jl.decoder.Bitstream::readFully (80 bytes)
Event: 13.520 Thread 0x000001eb7bd05030 nmethod 2059 0x000001eb60e0c610 code [0x000001eb60e0c800, 0x000001eb60e0cd18]
Event: 13.520 Thread 0x000001eb7bd05030 2057       3       javazoom.jl.decoder.Header::calculate_framesize (283 bytes)
Event: 13.520 Thread 0x000001eb7bd05030 nmethod 2057 0x000001eb60e0d010 code [0x000001eb60e0d220, 0x000001eb60e0d918]
Event: 13.521 Thread 0x000001eb7bd05030 2058       3       javazoom.jl.decoder.Bitstream::read_frame_data (30 bytes)
Event: 13.521 Thread 0x000001eb7bd05030 nmethod 2058 0x000001eb60e0dc90 code [0x000001eb60e0de40, 0x000001eb60e0dfc8]
Event: 13.521 Thread 0x000001eb7bd05030 2060   !   3       javazoom.jl.decoder.Bitstream::isSyncCurrentPosition (133 bytes)
Event: 13.521 Thread 0x000001eb7bd05030 nmethod 2060 0x000001eb60e0e090 code [0x000001eb60e0e260, 0x000001eb60e0e608]
Event: 13.584 Thread 0x000001eb7bd02530 2061   !   4       java.nio.DirectIntBufferU::get (34 bytes)
Event: 13.585 Thread 0x000001eb7bd02530 nmethod 2061 0x000001eb68090790 code [0x000001eb68090920, 0x000001eb68090a18]

GC Heap History (14 events):
Event: 1.041 GC heap before
{Heap before GC invocations=0 (full 0):
 garbage-first heap   total 260096K, used 22528K [0x0000000703000000, 0x0000000800000000)
  region size 2048K, 11 young (22528K), 0 survivors (0K)
 Metaspace       used 7000K, committed 7168K, reserved 1064960K
  class space    used 515K, committed 640K, reserved 1048576K
}
Event: 1.046 GC heap after
{Heap after GC invocations=1 (full 0):
 garbage-first heap   total 260096K, used 2751K [0x0000000703000000, 0x0000000800000000)
  region size 2048K, 2 young (4096K), 2 survivors (4096K)
 Metaspace       used 7000K, committed 7168K, reserved 1064960K
  class space    used 515K, committed 640K, reserved 1048576K
}
Event: 6.906 GC heap before
{Heap before GC invocations=1 (full 0):
 garbage-first heap   total 260096K, used 35519K [0x0000000703000000, 0x0000000800000000)
  region size 2048K, 18 young (36864K), 2 survivors (4096K)
 Metaspace       used 7583K, committed 7808K, reserved 1064960K
  class space    used 538K, committed 640K, reserved 1048576K
}
Event: 6.910 GC heap after
{Heap after GC invocations=2 (full 0):
 garbage-first heap   total 260096K, used 3816K [0x0000000703000000, 0x0000000800000000)
  region size 2048K, 2 young (4096K), 2 survivors (4096K)
 Metaspace       used 7583K, committed 7808K, reserved 1064960K
  class space    used 538K, committed 640K, reserved 1048576K
}
Event: 9.614 GC heap before
{Heap before GC invocations=2 (full 0):
 garbage-first heap   total 260096K, used 112360K [0x0000000703000000, 0x0000000800000000)
  region size 2048K, 35 young (71680K), 2 survivors (4096K)
 Metaspace       used 7929K, committed 8064K, reserved 1064960K
  class space    used 567K, committed 640K, reserved 1048576K
}
Event: 9.671 GC heap after
{Heap after GC invocations=3 (full 0):
 garbage-first heap   total 260096K, used 75472K [0x0000000703000000, 0x0000000800000000)
  region size 2048K, 5 young (10240K), 5 survivors (10240K)
 Metaspace       used 7929K, committed 8064K, reserved 1064960K
  class space    used 567K, committed 640K, reserved 1048576K
}
Event: 9.673 GC heap before
{Heap before GC invocations=3 (full 0):
 garbage-first heap   total 260096K, used 77520K [0x0000000703000000, 0x0000000800000000)
  region size 2048K, 6 young (12288K), 5 survivors (10240K)
 Metaspace       used 7929K, committed 8064K, reserved 1064960K
  class space    used 567K, committed 640K, reserved 1048576K
}
Event: 9.690 GC heap after
{Heap after GC invocations=4 (full 0):
 garbage-first heap   total 260096K, used 79756K [0x0000000703000000, 0x0000000800000000)
  region size 2048K, 1 young (2048K), 1 survivors (2048K)
 Metaspace       used 7929K, committed 8064K, reserved 1064960K
  class space    used 567K, committed 640K, reserved 1048576K
}
Event: 9.741 GC heap before
{Heap before GC invocations=4 (full 0):
 garbage-first heap   total 260096K, used 98188K [0x0000000703000000, 0x0000000800000000)
  region size 2048K, 6 young (12288K), 1 survivors (2048K)
 Metaspace       used 7947K, committed 8128K, reserved 1064960K
  class space    used 567K, committed 640K, reserved 1048576K
}
Event: 9.755 GC heap after
{Heap after GC invocations=5 (full 0):
 garbage-first heap   total 260096K, used 96256K [0x0000000703000000, 0x0000000800000000)
  region size 2048K, 1 young (2048K), 1 survivors (2048K)
 Metaspace       used 7947K, committed 8128K, reserved 1064960K
  class space    used 567K, committed 640K, reserved 1048576K
}
Event: 9.762 GC heap before
{Heap before GC invocations=5 (full 0):
 garbage-first heap   total 260096K, used 106496K [0x0000000703000000, 0x0000000800000000)
  region size 2048K, 6 young (12288K), 1 survivors (2048K)
 Metaspace       used 7947K, committed 8128K, reserved 1064960K
  class space    used 567K, committed 640K, reserved 1048576K
}
Event: 9.769 GC heap after
{Heap after GC invocations=6 (full 0):
 garbage-first heap   total 260096K, used 108228K [0x0000000703000000, 0x0000000800000000)
  region size 2048K, 1 young (2048K), 1 survivors (2048K)
 Metaspace       used 7947K, committed 8128K, reserved 1064960K
  class space    used 567K, committed 640K, reserved 1048576K
}
Event: 11.804 GC heap before
{Heap before GC invocations=6 (full 0):
 garbage-first heap   total 260096K, used 151236K [0x0000000703000000, 0x0000000800000000)
  region size 2048K, 18 young (36864K), 1 survivors (2048K)
 Metaspace       used 8458K, committed 8640K, reserved 1064960K
  class space    used 609K, committed 704K, reserved 1048576K
}
Event: 11.825 GC heap after
{Heap after GC invocations=7 (full 0):
 garbage-first heap   total 780288K, used 128825K [0x0000000703000000, 0x0000000800000000)
  region size 2048K, 3 young (6144K), 3 survivors (6144K)
 Metaspace       used 8458K, committed 8640K, reserved 1064960K
  class space    used 609K, committed 704K, reserved 1048576K
}

Deoptimization events (20 events):
Event: 9.947 Thread 0x000001eb57af10b0 Uncommon trap: trap_request=0xffffffc6 fr.pc=0x000001eb6803322c relative=0x000000000000042c
Event: 9.947 Thread 0x000001eb57af10b0 Uncommon trap: reason=bimorphic_or_optimized_type_check action=maybe_recompile pc=0x000001eb6803322c method=com.badlogic.gdx.graphics.g2d.TextureRegion.setRegion(IIII)V @ 50 c2
Event: 9.947 Thread 0x000001eb57af10b0 DEOPT PACKING pc=0x000001eb6803322c sp=0x000000c72e7fed50
Event: 9.947 Thread 0x000001eb57af10b0 DEOPT UNPACKING pc=0x000001eb604dd72e sp=0x000000c72e7fece0 mode 2
Event: 9.951 Thread 0x000001eb57af10b0 Uncommon trap: trap_request=0xffffffc6 fr.pc=0x000001eb6803322c relative=0x000000000000042c
Event: 9.951 Thread 0x000001eb57af10b0 Uncommon trap: reason=bimorphic_or_optimized_type_check action=maybe_recompile pc=0x000001eb6803322c method=com.badlogic.gdx.graphics.g2d.TextureRegion.setRegion(IIII)V @ 50 c2
Event: 9.951 Thread 0x000001eb57af10b0 DEOPT PACKING pc=0x000001eb6803322c sp=0x000000c72e7fed20
Event: 9.951 Thread 0x000001eb57af10b0 DEOPT UNPACKING pc=0x000001eb604dd72e sp=0x000000c72e7fecb0 mode 2
Event: 9.954 Thread 0x000001eb57af10b0 Uncommon trap: trap_request=0xffffffc6 fr.pc=0x000001eb6803322c relative=0x000000000000042c
Event: 9.954 Thread 0x000001eb57af10b0 Uncommon trap: reason=bimorphic_or_optimized_type_check action=maybe_recompile pc=0x000001eb6803322c method=com.badlogic.gdx.graphics.g2d.TextureRegion.setRegion(IIII)V @ 50 c2
Event: 9.954 Thread 0x000001eb57af10b0 DEOPT PACKING pc=0x000001eb6803322c sp=0x000000c72e7fed20
Event: 9.954 Thread 0x000001eb57af10b0 DEOPT UNPACKING pc=0x000001eb604dd72e sp=0x000000c72e7fecb0 mode 2
Event: 10.875 Thread 0x000001eb57af10b0 Uncommon trap: trap_request=0xffffff45 fr.pc=0x000001eb6807b5bc relative=0x00000000000000fc
Event: 10.875 Thread 0x000001eb57af10b0 Uncommon trap: reason=unstable_if action=reinterpret pc=0x000001eb6807b5bc method=com.badlogic.gdx.physics.box2d.Box2DDebugRenderer.getColorByBody(Lcom/badlogic/gdx/physics/box2d/Body;)Lcom/badlogic/gdx/graphics/Color; @ 46 c2
Event: 10.875 Thread 0x000001eb57af10b0 DEOPT PACKING pc=0x000001eb6807b5bc sp=0x000000c72e7fed70
Event: 10.875 Thread 0x000001eb57af10b0 DEOPT UNPACKING pc=0x000001eb604dd72e sp=0x000000c72e7fed00 mode 2
Event: 12.494 Thread 0x000001eb57af10b0 DEOPT PACKING pc=0x000001eb60c4eaea sp=0x000000c72e7fed80
Event: 12.494 Thread 0x000001eb57af10b0 DEOPT UNPACKING pc=0x000001eb604ddece sp=0x000000c72e7fe1f8 mode 0
Event: 12.684 Thread 0x000001eb57af10b0 DEOPT PACKING pc=0x000001eb60c0aaa0 sp=0x000000c72e7fed20
Event: 12.684 Thread 0x000001eb57af10b0 DEOPT UNPACKING pc=0x000001eb604ddece sp=0x000000c72e7fe1d8 mode 0

Classes unloaded (0 events):
No events

Classes redefined (0 events):
No events

Internal exceptions (20 events):
Event: 0.304 Thread 0x000001eb57af10b0 Exception <a 'java/lang/NoSuchMethodError'{0x00000007126e4038}: 'int java.lang.invoke.DirectMethodHandle$Holder.invokeSpecial(java.lang.Object, java.lang.Object, java.lang.Object)'> (0x00000007126e4038) 
thrown [c:\wsjdk\correttojdksrc\installers\windows\zip\corretto-build\buildroot\src\hotspot\share\interpreter\linkResolver.cpp, line 790]
Event: 0.334 Thread 0x000001eb57af10b0 Exception <a 'sun/nio/fs/WindowsException'{0x000000071277ba38}> (0x000000071277ba38) 
thrown [c:\wsjdk\correttojdksrc\installers\windows\zip\corretto-build\buildroot\src\hotspot\share\prims\jni.cpp, line 579]
Event: 0.334 Thread 0x000001eb57af10b0 Exception <a 'sun/nio/fs/WindowsException'{0x000000071277bf88}> (0x000000071277bf88) 
thrown [c:\wsjdk\correttojdksrc\installers\windows\zip\corretto-build\buildroot\src\hotspot\share\prims\jni.cpp, line 579]
Event: 0.345 Thread 0x000001eb57af10b0 Exception <a 'java/lang/NoSuchMethodError'{0x00000007127c1098}: 'int java.lang.invoke.DirectMethodHandle$Holder.invokeStaticInit(java.lang.Object, java.lang.Object, int, long)'> (0x00000007127c1098) 
thrown [c:\wsjdk\correttojdksrc\installers\windows\zip\corretto-build\buildroot\src\hotspot\share\interpreter\linkResolver.cpp, line 790]
Event: 0.346 Thread 0x000001eb57af10b0 Exception <a 'java/lang/NoSuchMethodError'{0x00000007127c6dc0}: 'java.lang.Object java.lang.invoke.DirectMethodHandle$Holder.newInvokeSpecial(java.lang.Object, java.lang.Object, int)'> (0x00000007127c6dc0) 
thrown [c:\wsjdk\correttojdksrc\installers\windows\zip\corretto-build\buildroot\src\hotspot\share\interpreter\linkResolver.cpp, line 790]
Event: 0.349 Thread 0x000001eb57af10b0 Exception <a 'java/lang/NoSuchMethodError'{0x00000007127dc020}: 'int java.lang.invoke.DirectMethodHandle$Holder.invokeStaticInit(java.lang.Object, java.lang.Object, long, long)'> (0x00000007127dc020) 
thrown [c:\wsjdk\correttojdksrc\installers\windows\zip\corretto-build\buildroot\src\hotspot\share\interpreter\linkResolver.cpp, line 790]
Event: 0.350 Thread 0x000001eb57af10b0 Exception <a 'java/lang/NoSuchMethodError'{0x00000007127e23c8}: 'java.lang.Object java.lang.invoke.DirectMethodHandle$Holder.newInvokeSpecial(java.lang.Object, java.lang.Object, long)'> (0x00000007127e23c8) 
thrown [c:\wsjdk\correttojdksrc\installers\windows\zip\corretto-build\buildroot\src\hotspot\share\interpreter\linkResolver.cpp, line 790]
Event: 0.350 Thread 0x000001eb57af10b0 Exception <a 'java/lang/NoSuchMethodError'{0x00000007127e6520}: 'java.lang.Object java.lang.invoke.Invokers$Holder.linkToTargetMethod(java.lang.Object, long, java.lang.Object)'> (0x00000007127e6520) 
thrown [c:\wsjdk\correttojdksrc\installers\windows\zip\corretto-build\buildroot\src\hotspot\share\interpreter\linkResolver.cpp, line 790]
Event: 0.351 Thread 0x000001eb57af10b0 Exception <a 'java/lang/NoSuchMethodError'{0x00000007127edfc8}: 'int java.lang.invoke.DirectMethodHandle$Holder.invokeStaticInit(java.lang.Object, java.lang.Object, java.lang.Object, long)'> (0x00000007127edfc8) 
thrown [c:\wsjdk\correttojdksrc\installers\windows\zip\corretto-build\buildroot\src\hotspot\share\interpreter\linkResolver.cpp, line 790]
Event: 0.376 Thread 0x000001eb57af10b0 Exception <a 'sun/nio/fs/WindowsException'{0x00000007124ac5c8}> (0x00000007124ac5c8) 
thrown [c:\wsjdk\correttojdksrc\installers\windows\zip\corretto-build\buildroot\src\hotspot\share\prims\jni.cpp, line 579]
Event: 0.377 Thread 0x000001eb57af10b0 Exception <a 'sun/nio/fs/WindowsException'{0x00000007124ac958}> (0x00000007124ac958) 
thrown [c:\wsjdk\correttojdksrc\installers\windows\zip\corretto-build\buildroot\src\hotspot\share\prims\jni.cpp, line 579]
Event: 0.402 Thread 0x000001eb57af10b0 Exception <a 'sun/nio/fs/WindowsException'{0x0000000712575e68}> (0x0000000712575e68) 
thrown [c:\wsjdk\correttojdksrc\installers\windows\zip\corretto-build\buildroot\src\hotspot\share\prims\jni.cpp, line 579]
Event: 0.402 Thread 0x000001eb57af10b0 Exception <a 'sun/nio/fs/WindowsException'{0x00000007125761c8}> (0x00000007125761c8) 
thrown [c:\wsjdk\correttojdksrc\installers\windows\zip\corretto-build\buildroot\src\hotspot\share\prims\jni.cpp, line 579]
Event: 0.446 Thread 0x000001eb57af10b0 Exception <a 'sun/nio/fs/WindowsException'{0x0000000712215890}> (0x0000000712215890) 
thrown [c:\wsjdk\correttojdksrc\installers\windows\zip\corretto-build\buildroot\src\hotspot\share\prims\jni.cpp, line 579]
Event: 0.446 Thread 0x000001eb57af10b0 Exception <a 'sun/nio/fs/WindowsException'{0x0000000712215c10}> (0x0000000712215c10) 
thrown [c:\wsjdk\correttojdksrc\installers\windows\zip\corretto-build\buildroot\src\hotspot\share\prims\jni.cpp, line 579]
Event: 0.499 Thread 0x000001eb57af10b0 Exception <a 'java/lang/NoSuchMethodError'{0x0000000712266480}: 'java.lang.Object java.lang.invoke.DirectMethodHandle$Holder.newInvokeSpecial(java.lang.Object, long)'> (0x0000000712266480) 
thrown [c:\wsjdk\correttojdksrc\installers\windows\zip\corretto-build\buildroot\src\hotspot\share\interpreter\linkResolver.cpp, line 790]
Event: 0.619 Thread 0x000001eb57af10b0 Exception <a 'sun/nio/fs/WindowsException'{0x00000007123a65a8}> (0x00000007123a65a8) 
thrown [c:\wsjdk\correttojdksrc\installers\windows\zip\corretto-build\buildroot\src\hotspot\share\prims\jni.cpp, line 579]
Event: 0.620 Thread 0x000001eb57af10b0 Exception <a 'sun/nio/fs/WindowsException'{0x00000007123a6950}> (0x00000007123a6950) 
thrown [c:\wsjdk\correttojdksrc\installers\windows\zip\corretto-build\buildroot\src\hotspot\share\prims\jni.cpp, line 579]
Event: 0.624 Thread 0x000001eb57af10b0 Exception <a 'sun/nio/fs/WindowsException'{0x00000007123bc270}> (0x00000007123bc270) 
thrown [c:\wsjdk\correttojdksrc\installers\windows\zip\corretto-build\buildroot\src\hotspot\share\prims\jni.cpp, line 579]
Event: 0.624 Thread 0x000001eb57af10b0 Exception <a 'sun/nio/fs/WindowsException'{0x00000007123bc550}> (0x00000007123bc550) 
thrown [c:\wsjdk\correttojdksrc\installers\windows\zip\corretto-build\buildroot\src\hotspot\share\prims\jni.cpp, line 579]

Events (20 events):
Event: 9.957 loading class jdk/internal/reflect/Label$PatchInfo done
Event: 9.957 loading class jdk/internal/reflect/MethodAccessorGenerator$1
Event: 9.957 loading class jdk/internal/reflect/MethodAccessorGenerator$1 done
Event: 9.957 loading class jdk/internal/reflect/ClassDefiner
Event: 9.957 loading class jdk/internal/reflect/ClassDefiner done
Event: 9.957 loading class jdk/internal/reflect/ClassDefiner$1
Event: 9.957 loading class jdk/internal/reflect/ClassDefiner$1 done
Event: 9.957 loading class jdk/internal/reflect/BootstrapConstructorAccessorImpl
Event: 9.957 loading class jdk/internal/reflect/BootstrapConstructorAccessorImpl done
Event: 9.965 Thread 0x000001eb7cec7750 Thread added: 0x000001eb7cec7750
Event: 10.611 Thread 0x000001eb7cec7750 Thread exited: 0x000001eb7cec7750
Event: 10.613 Thread 0x000001eb7cec66a0 Thread exited: 0x000001eb7cec66a0
Event: 11.769 Executing  VM operation: Cleanup
Event: 11.769 Executing  VM operation: Cleanup done
Event: 11.804 Executing  VM operation: G1CollectForAllocation
Event: 11.825 Executing  VM operation: G1CollectForAllocation done
Event: 12.826 Executing  VM operation: Cleanup
Event: 12.826 Executing  VM operation: Cleanup done
Event: 13.827 Executing  VM operation: Cleanup
Event: 13.827 Executing  VM operation: Cleanup done


Dynamic libraries:
0x00007ff6bd8a0000 - 0x00007ff6bd8ad000 	C:\Users\parth\.jdks\corretto-16.0.2\bin\java.exe
0x00007fffd5950000 - 0x00007fffd5b48000 	C:\WINDOWS\SYSTEM32\ntdll.dll
0x00007fffd5430000 - 0x00007fffd54ef000 	C:\WINDOWS\System32\KERNEL32.DLL
0x00007fffd3090000 - 0x00007fffd3362000 	C:\WINDOWS\System32\KERNELBASE.dll
0x0000000057cc0000 - 0x0000000057ff0000 	C:\Program Files\Norton Security\NortonData\22.21.9.25\Definitions\IPSDefs\20221129.063\IPSEng64.dll
0x00007fffd5370000 - 0x00007fffd541e000 	C:\WINDOWS\System32\ADVAPI32.dll
0x00007fffd51f0000 - 0x00007fffd528e000 	C:\WINDOWS\System32\msvcrt.dll
0x00007fffd4250000 - 0x00007fffd42ec000 	C:\WINDOWS\System32\sechost.dll
0x00007fffd4920000 - 0x00007fffd4a45000 	C:\WINDOWS\System32\RPCRT4.dll
0x00007fffd4a90000 - 0x00007fffd4a98000 	C:\WINDOWS\System32\PSAPI.DLL
0x00007fffd35d0000 - 0x00007fffd36d0000 	C:\WINDOWS\System32\ucrtbase.dll
0x00007fffc54f0000 - 0x00007fffc5508000 	C:\Users\parth\.jdks\corretto-16.0.2\bin\jli.dll
0x00007fffa9d00000 - 0x00007fffa9d15000 	C:\Users\parth\.jdks\corretto-16.0.2\bin\VCRUNTIME140.dll
0x00007fffd5760000 - 0x00007fffd5901000 	C:\WINDOWS\System32\USER32.dll
0x00007fffd3370000 - 0x00007fffd3392000 	C:\WINDOWS\System32\win32u.dll
0x00007fffc4860000 - 0x00007fffc4afa000 	C:\WINDOWS\WinSxS\amd64_microsoft.windows.common-controls_6595b64144ccf1df_6.0.19041.1110_none_60b5254171f9507e\COMCTL32.dll
0x00007fffd40e0000 - 0x00007fffd410b000 	C:\WINDOWS\System32\GDI32.dll
0x00007fffd34c0000 - 0x00007fffd35cf000 	C:\WINDOWS\System32\gdi32full.dll
0x00007fffd36d0000 - 0x00007fffd376d000 	C:\WINDOWS\System32\msvcp_win.dll
0x00007fffd4a50000 - 0x00007fffd4a82000 	C:\WINDOWS\System32\IMM32.DLL
0x00007fff7d970000 - 0x00007fff7da0b000 	C:\Users\parth\.jdks\corretto-16.0.2\bin\msvcp140.dll
0x00007ffefaf70000 - 0x00007ffefbb79000 	C:\Users\parth\.jdks\corretto-16.0.2\bin\server\jvm.dll
0x00007fffb7bb0000 - 0x00007fffb7bd7000 	C:\WINDOWS\SYSTEM32\WINMM.dll
0x00007fffb5b60000 - 0x00007fffb5b69000 	C:\WINDOWS\SYSTEM32\WSOCK32.dll
0x00007fffc83c0000 - 0x00007fffc83ca000 	C:\WINDOWS\SYSTEM32\VERSION.dll
0x00007fffd52a0000 - 0x00007fffd530b000 	C:\WINDOWS\System32\WS2_32.dll
0x00007fffd1840000 - 0x00007fffd1852000 	C:\WINDOWS\SYSTEM32\kernel.appcore.dll
0x00007fffc7360000 - 0x00007fffc736a000 	C:\Users\parth\.jdks\corretto-16.0.2\bin\jimage.dll
0x00007fffd0cf0000 - 0x00007fffd0ed4000 	C:\WINDOWS\SYSTEM32\DBGHELP.DLL
0x00007fffc5d30000 - 0x00007fffc5d65000 	C:\WINDOWS\SYSTEM32\dbgcore.DLL
0x00007fffd3900000 - 0x00007fffd3982000 	C:\WINDOWS\System32\bcryptPrimitives.dll
0x00007fffa9cd0000 - 0x00007fffa9cf5000 	C:\Users\parth\.jdks\corretto-16.0.2\bin\java.dll
0x00007fffd4aa0000 - 0x00007fffd51e4000 	C:\WINDOWS\System32\SHELL32.dll
0x00007fffd10a0000 - 0x00007fffd1832000 	C:\WINDOWS\SYSTEM32\windows.storage.dll
0x00007fffd4410000 - 0x00007fffd4765000 	C:\WINDOWS\System32\combase.dll
0x00007fffd2aa0000 - 0x00007fffd2ad0000 	C:\WINDOWS\SYSTEM32\Wldp.dll
0x00007fffd4030000 - 0x00007fffd40dd000 	C:\WINDOWS\System32\SHCORE.dll
0x00007fffd3fb0000 - 0x00007fffd4005000 	C:\WINDOWS\System32\shlwapi.dll
0x00007fffd2f80000 - 0x00007fffd2f9f000 	C:\WINDOWS\SYSTEM32\profapi.dll
0x00007fffa9b30000 - 0x00007fffa9b49000 	C:\Users\parth\.jdks\corretto-16.0.2\bin\net.dll
0x00007fffca260000 - 0x00007fffca36c000 	C:\WINDOWS\SYSTEM32\WINHTTP.dll
0x00007fffd2800000 - 0x00007fffd286a000 	C:\WINDOWS\system32\mswsock.dll
0x00007fffa9ad0000 - 0x00007fffa9ae3000 	C:\Users\parth\.jdks\corretto-16.0.2\bin\nio.dll
0x00007fffa9ab0000 - 0x00007fffa9ac8000 	C:\Users\parth\.jdks\corretto-16.0.2\bin\zip.dll
0x0000000055c40000 - 0x0000000055c69000 	C:\Users\parth\AppData\Local\Temp\libgdxparth\e787ab0a\gdx64.dll
0x00007fff9fde0000 - 0x00007fff9fe55000 	C:\Users\parth\AppData\Local\Temp\lwjglparth\3.3.1-build-7\lwjgl.dll
0x00007fff68cc0000 - 0x00007fff68f19000 	C:\Users\parth\AppData\Local\Temp\lwjglparth\3.3.1-build-7\jemalloc.dll
0x00007fff984f0000 - 0x00007fff98551000 	C:\Users\parth\AppData\Local\Temp\lwjglparth\3.3.1-build-7\glfw.dll
0x00007fff25790000 - 0x00007fff257d5000 	C:\WINDOWS\SYSTEM32\dinput8.dll
0x00007fffc5590000 - 0x00007fffc55a1000 	C:\WINDOWS\SYSTEM32\xinput1_4.dll
0x00007fffd3040000 - 0x00007fffd308e000 	C:\WINDOWS\System32\cfgmgr32.dll
0x00007fffd2df0000 - 0x00007fffd2e1c000 	C:\WINDOWS\SYSTEM32\DEVOBJ.dll
0x00007fffd08b0000 - 0x00007fffd08df000 	C:\WINDOWS\SYSTEM32\dwmapi.dll
0x00007fffb7350000 - 0x00007fffb74a2000 	C:\WINDOWS\SYSTEM32\inputhost.dll
0x00007fffd3ee0000 - 0x00007fffd3fad000 	C:\WINDOWS\System32\OLEAUT32.dll
0x00007fffcc2e0000 - 0x00007fffcc434000 	C:\WINDOWS\SYSTEM32\wintypes.dll
0x00007fffd0600000 - 0x00007fffd06f6000 	C:\WINDOWS\SYSTEM32\PROPSYS.dll
0x00007fffccd10000 - 0x00007fffcce02000 	C:\WINDOWS\SYSTEM32\CoreMessaging.dll
0x00007fffcc9b0000 - 0x00007fffccd0e000 	C:\WINDOWS\SYSTEM32\CoreUIComponents.dll
0x00007fffd21d0000 - 0x00007fffd2203000 	C:\WINDOWS\SYSTEM32\ntmarta.dll
0x00007fffcd0b0000 - 0x00007fffcd14e000 	C:\WINDOWS\system32\uxtheme.dll
0x00007fffd42f0000 - 0x00007fffd4405000 	C:\WINDOWS\System32\MSCTF.dll
0x00007fff68b20000 - 0x00007fff68cb7000 	C:\Users\parth\AppData\Local\Temp\lwjglparth\3.3.1-build-7\OpenAL.dll
0x00007fffd5630000 - 0x00007fffd575a000 	C:\WINDOWS\System32\ole32.dll
0x00007fffd54f0000 - 0x00007fffd559f000 	C:\WINDOWS\System32\clbcatq.dll
0x00007fffc84e0000 - 0x00007fffc8565000 	C:\WINDOWS\System32\MMDevApi.dll
0x00007fffc8870000 - 0x00007fffc89f2000 	C:\WINDOWS\SYSTEM32\AUDIOSES.DLL
0x00007fffd2610000 - 0x00007fffd265b000 	C:\WINDOWS\SYSTEM32\powrprof.dll
0x00007fffd2480000 - 0x00007fffd2492000 	C:\WINDOWS\SYSTEM32\UMPDC.dll
0x00007fffd07b0000 - 0x00007fffd07c4000 	C:\WINDOWS\SYSTEM32\resourcepolicyclient.dll
0x00007fff8f010000 - 0x00007fff8f135000 	C:\WINDOWS\SYSTEM32\opengl32.dll
0x00007fff928a0000 - 0x00007fff928cc000 	C:\WINDOWS\SYSTEM32\GLU32.dll
0x00007fffc79e0000 - 0x00007fffc7ad7000 	C:\Windows\System32\AppXDeploymentClient.dll
0x00007fff2d700000 - 0x00007fff2e6c4000 	C:\WINDOWS\System32\DriverStore\FileRepository\iigd_dch.inf_amd64_f854c91489b3fbb5\ig9icd64.dll
0x00007fffd18d0000 - 0x00007fffd19c3000 	C:\WINDOWS\system32\dxgi.dll
0x00007fff68230000 - 0x00007fff6866c000 	C:\WINDOWS\System32\DriverStore\FileRepository\iigd_dch.inf_amd64_f854c91489b3fbb5\igdml64.dll
0x00007fffbef10000 - 0x00007fffbf246000 	C:\WINDOWS\System32\DriverStore\FileRepository\iigd_dch.inf_amd64_f854c91489b3fbb5\igdgmm64.dll
0x00007fffbc180000 - 0x00007fffbef0f000 	C:\WINDOWS\System32\DriverStore\FileRepository\iigd_dch.inf_amd64_f854c91489b3fbb5\igc64.dll
0x00007fff89000000 - 0x00007fff8905d000 	C:\Users\parth\AppData\Local\Temp\lwjglparth\3.3.1-build-7\lwjgl_opengl.dll
0x00007fffb9f40000 - 0x00007fffba039000 	C:\WINDOWS\SYSTEM32\textinputframework.dll
0x00007fff945d0000 - 0x00007fff94636000 	C:\WINDOWS\system32\Oleacc.dll
0x00007fff90740000 - 0x00007fff90a35000 	C:\Windows\System32\uiautomationcore.dll
0x00007fffd2a10000 - 0x00007fffd2a1c000 	C:\WINDOWS\SYSTEM32\CRYPTBASE.DLL
0x0000000055be0000 - 0x0000000055c3a000 	C:\Users\parth\AppData\Local\Temp\libgdxparth\888fe1bc\gdx-box2d64.dll

dbghelp: loaded successfully - version: 4.0.5 - missing functions: none
symbol engine: initialized successfully - sym options: 0x614 - pdb path: .;C:\Users\parth\.jdks\corretto-16.0.2\bin;C:\WINDOWS\SYSTEM32;C:\Program Files\Norton Security\NortonData\22.21.9.25\Definitions\IPSDefs\20221129.063;C:\WINDOWS\WinSxS\amd64_microsoft.windows.common-controls_6595b64144ccf1df_6.0.19041.1110_none_60b5254171f9507e;C:\Users\parth\.jdks\corretto-16.0.2\bin\server;C:\Users\parth\AppData\Local\Temp\libgdxparth\e787ab0a;C:\Users\parth\AppData\Local\Temp\lwjglparth\3.3.1-build-7;C:\WINDOWS\System32\DriverStore\FileRepository\iigd_dch.inf_amd64_f854c91489b3fbb5;C:\Users\parth\AppData\Local\Temp\libgdxparth\888fe1bc

VM Arguments:
jvm_args: -Dfile.encoding=windows-1252 -Duser.country=US -Duser.language=en -Duser.variant 
java_command: com.mygdx.game.DesktopLauncher
java_class_path (initial): C:\Users\parth\OneDrive\Desktop\AP TankStar\desktop\build\classes\java\main;C:\Users\parth\OneDrive\Desktop\AP TankStar\desktop\build\resources\main;C:\Users\parth\.gradle\caches\modules-2\files-2.1\com.badlogicgames.gdx\gdx-backend-lwjgl3\1.11.0\58a96db4cd349be4292d547856aa1e1c5f065f4e\gdx-backend-lwjgl3-1.11.0.jar;C:\Users\parth\.gradle\caches\modules-2\files-2.1\com.badlogicgames.gdx\gdx-platform\1.11.0\697fb13eada6d3c6ca648c9788692b0159add126\gdx-platform-1.11.0-natives-desktop.jar;C:\Users\parth\.gradle\caches\modules-2\files-2.1\com.badlogicgames.gdx\gdx-bullet-platform\1.11.0\2c067b913a306ba26d482075297538ad91cdb88b\gdx-bullet-platform-1.11.0-natives-desktop.jar;C:\Users\parth\.gradle\caches\modules-2\files-2.1\com.badlogicgames.gdx\gdx-freetype-platform\1.11.0\420e2c2c206843a0d51010be28a141a1eb946235\gdx-freetype-platform-1.11.0-natives-desktop.jar;C:\Users\parth\.gradle\caches\modules-2\files-2.1\com.badlogicgames.gdx-controllers\gdx-controllers-desktop\2.2.1\cb3430c32468a090eca54d494d16bb3764ceff9b\gdx-controllers-desktop-2.2.1.jar;C:\Users\parth\.gradle\caches\modules-2\files-2.1\com.badlogicgames.gdx\gdx-box2d-platform\1.11.0\62ff9baa1e57a11e0a4428a38c9660bf9f312fdc\gdx-box2d-platform-1.11.0-natives-desktop.jar;C:\Users\parth\OneDrive\Desktop\AP TankStar\core\build\libs\core-1.0.jar;C:\Users\parth\.gradle\caches\modules-2\files-2.1\com.badlogicgames.gdx-controllers\gdx-controllers-core\2.2.1\8aca0dc002a8daf6a6d28f49c44e25189dd93fd7\gdx-controllers-core-2.2.1.jar;C:\Users\parth\.gradle\caches\modules-2\files-2.1\com.badlogicgames.gdx\gdx-bullet\1.11.0\1eb83845fa655e7e8ab6bbb979d28b0502ad3302\gdx-bullet-1.11.0.jar;C:\Users\parth\.gradle\caches\modules-2\files-2.1\com.badlogicgames.gdx\gdx-freetype\1.11.0\a3634ad2e6c56d251268d6ab5c0f66eee2841f2c\gdx-freetype-1.11.0.jar;C:\Users\parth\.gradle\caches\modules-2\files-2.1\com.badlogicgames.box2dlights\box2dlights\1.5\6902dbcd250c95a27973aa24a147a95b3828d348\box2dlights-1.5.jar;C:\Us
Launcher Type: SUN_STANDARD

[Global flags]
     intx CICompilerCount                          = 4                                         {product} {ergonomic}
     uint ConcGCThreads                            = 3                                         {product} {ergonomic}
     uint G1ConcRefinementThreads                  = 10                                        {product} {ergonomic}
   size_t G1HeapRegionSize                         = 2097152                                   {product} {ergonomic}
    uintx GCDrainStackTargetSize                   = 64                                        {product} {ergonomic}
   size_t InitialHeapSize                          = 266338304                                 {product} {ergonomic}
   size_t MarkStackSize                            = 4194304                                   {product} {ergonomic}
   size_t MaxHeapSize                              = 4244635648                                {product} {ergonomic}
   size_t MaxNewSize                               = 2545942528                                {product} {ergonomic}
   size_t MinHeapDeltaBytes                        = 2097152                                   {product} {ergonomic}
   size_t MinHeapSize                              = 8388608                                   {product} {ergonomic}
    uintx NonNMethodCodeHeapSize                   = 5839372                                {pd product} {ergonomic}
    uintx NonProfiledCodeHeapSize                  = 122909434                              {pd product} {ergonomic}
    uintx ProfiledCodeHeapSize                     = 122909434                              {pd product} {ergonomic}
    uintx ReservedCodeCacheSize                    = 251658240                              {pd product} {ergonomic}
     bool SegmentedCodeCache                       = true                                      {product} {ergonomic}
   size_t SoftMaxHeapSize                          = 4244635648                             {manageable} {ergonomic}
     bool UseCompressedClassPointers               = true                           {product lp64_product} {ergonomic}
     bool UseCompressedOops                        = true                           {product lp64_product} {ergonomic}
     bool UseG1GC                                  = true                                      {product} {ergonomic}
     bool UseLargePagesIndividualAllocation        = false                                  {pd product} {ergonomic}

Logging:
Log output configuration:
 #0: stdout all=warning uptime,level,tags
 #1: stderr all=off uptime,level,tags

Environment Variables:
JAVA_HOME=C:\Users\parth\Downloads\jdk-17_windows-x64_bin.exe
PATH=C:\Program Files\Common Files\Oracle\Java\javapath;C:\Windows\system32;C:\Windows;C:\Windows\System32\Wbem;C:\Windows\System32\WindowsPowerShell\v1.0\;C:\Windows\System32\OpenSSH\;C:\Program Files (x86)\NVIDIA Corporation\PhysX\Common;C:\Program Files\NVIDIA Corporation\NVIDIA NvDLISR;C:\WINDOWS\system32;C:\WINDOWS;C:\WINDOWS\System32\Wbem;C:\WINDOWS\System32\WindowsPowerShell\v1.0\;C:\WINDOWS\System32\OpenSSH\;C:\Program Files\mingw-w64\x86_64-8.1.0-posix-seh-rt_v6-rev0\mingw64\bin;C:\Program Files\dotnet\;C:\Program Files\Git\cmd;C:\Program Files\MySQL\MySQL Shell 8.0\bin\;C:\Users\parth\AppData\Local\Microsoft\WindowsApps;C:\Program Files\JetBrains\IntelliJ IDEA Community Edition 2021.2.3\bin;;C:\Program Files\Java\jdk-17.0.1\bin;C:\Users\parth\AppData\Local\Programs\Microsoft VS Code\bin;C:\Program Files\mingw-w64\x86_64-8.1.0-posix-seh-rt_v6-rev0\mingw64\bin;
USERNAME=parth
OS=Windows_NT
PROCESSOR_IDENTIFIER=Intel64 Family 6 Model 165 Stepping 2, GenuineIntel



---------------  S Y S T E M  ---------------

OS:
 Windows 10 , 64 bit Build 19041 (10.0.19041.2364)
OS uptime: 1 days 3:35 hours
Hyper-V role detected

CPU: total 12 (initial active 12) (6 cores per cpu, 2 threads per core) family 6 model 165 stepping 2 microcode 0xea, cx8, cmov, fxsr, ht, mmx, 3dnowpref, sse, sse2, sse3, ssse3, sse4.1, sse4.2, popcnt, lzcnt, tsc, tscinvbit, avx, avx2, aes, erms, clmul, bmi1, bmi2, adx, fma, vzeroupper, clflush, clflushopt, hv

Memory: 4k page, system-wide physical 16185M (2353M free)
TotalPageFile size 55097M (AvailPageFile size 24930M)
current process WorkingSet (physical memory assigned to process): 1289M, peak: 1289M
current process commit charge ("private bytes"): 1916M, peak: 1917M

vm_info: OpenJDK 64-Bit Server VM (16.0.2+7) for windows-amd64 JRE (16.0.2+7), built on Jul 22 2021 01:11:46 by "Administrator" with MS VC++ 15.9 (VS2017)

END.
